[0.046s] Invoking command in '/home/jetson/guali_ws/build/detectabasura': CMAKE_PREFIX_PATH=${CMAKE_PREFIX_PATH}:/opt/ros/foxy /usr/local/bin/cmake --build /home/jetson/guali_ws/build/detectabasura -- -j4 -l4
[0.235s] [  3%] Built target detectabasura__cpp
[0.312s] [ 18%] Built target video_publisher
[0.313s] [ 15%] Built target detectabasura__rosidl_generator_c
[0.370s] [ 27%] Built target detectabasura__rosidl_typesupport_cpp
[0.413s] [ 36%] Built target detectabasura__rosidl_typesupport_introspection_cpp
[0.422s] [ 45%] Built target detectabasura__rosidl_typesupport_fastrtps_cpp
[0.472s] [ 54%] Built target detectabasura__rosidl_typesupport_c
[0.477s] [ 63%] Built target detectabasura__rosidl_typesupport_introspection_c
[0.528s] [ 72%] Built target detectabasura__rosidl_typesupport_fastrtps_c
[0.596s] [ 72%] Built target detectabasura
[0.669s] [ 75%] Built target detectabasura__py
[0.781s] [ 81%] Built target detectabasura__python
[0.894s] [ 93%] Built target detectabasura__rosidl_typesupport_fastrtps_c__pyext
[0.894s] [ 93%] Built target detectabasura__rosidl_typesupport_c__pyext
[0.900s] [100%] Built target detectabasura__rosidl_typesupport_introspection_c__pyext
[0.941s] Invoked command in '/home/jetson/guali_ws/build/detectabasura' returned '0': CMAKE_PREFIX_PATH=${CMAKE_PREFIX_PATH}:/opt/ros/foxy /usr/local/bin/cmake --build /home/jetson/guali_ws/build/detectabasura -- -j4 -l4
[1.119s] Invoking command in '/home/jetson/guali_ws/build/detectabasura': CMAKE_PREFIX_PATH=${CMAKE_PREFIX_PATH}:/opt/ros/foxy /usr/local/bin/cmake --install /home/jetson/guali_ws/build/detectabasura
[1.132s] -- Install configuration: "Release"
[1.133s] -- Up-to-date: /home/jetson/guali_ws/install/detectabasura/share/ament_index/resource_index/rosidl_interfaces/detectabasura
[1.133s] -- Up-to-date: /home/jetson/guali_ws/install/detectabasura/include/detectabasura
[1.134s] -- Up-to-date: /home/jetson/guali_ws/install/detectabasura/include/detectabasura/msg
[1.134s] -- Up-to-date: /home/jetson/guali_ws/install/detectabasura/include/detectabasura/msg/detail
[1.135s] -- Up-to-date: /home/jetson/guali_ws/install/detectabasura/include/detectabasura/msg/detail/six_dof_arm_control__functions.c
[1.136s] -- Up-to-date: /home/jetson/guali_ws/install/detectabasura/include/detectabasura/msg/detail/six_dof_arm_control__struct.h
[1.136s] -- Up-to-date: /home/jetson/guali_ws/install/detectabasura/include/detectabasura/msg/detail/six_dof_arm_control__type_support.h
[1.136s] -- Up-to-date: /home/jetson/guali_ws/install/detectabasura/include/detectabasura/msg/detail/six_dof_arm_control__functions.h
[1.137s] -- Up-to-date: /home/jetson/guali_ws/install/detectabasura/include/detectabasura/msg/rosidl_generator_c__visibility_control.h
[1.137s] -- Up-to-date: /home/jetson/guali_ws/install/detectabasura/include/detectabasura/msg/six_dof_arm_control.h
[1.138s] -- Up-to-date: /home/jetson/guali_ws/install/detectabasura/share/detectabasura/environment/library_path.sh
[1.138s] -- Up-to-date: /home/jetson/guali_ws/install/detectabasura/share/detectabasura/environment/library_path.dsv
[1.139s] -- Up-to-date: /home/jetson/guali_ws/install/detectabasura/lib/libdetectabasura__rosidl_generator_c.so
[1.139s] -- Up-to-date: /home/jetson/guali_ws/install/detectabasura/include/detectabasura
[1.140s] -- Up-to-date: /home/jetson/guali_ws/install/detectabasura/include/detectabasura/msg
[1.140s] -- Up-to-date: /home/jetson/guali_ws/install/detectabasura/include/detectabasura/msg/detail
[1.141s] -- Up-to-date: /home/jetson/guali_ws/install/detectabasura/include/detectabasura/msg/detail/six_dof_arm_control__rosidl_typesupport_fastrtps_c.h
[1.141s] -- Up-to-date: /home/jetson/guali_ws/install/detectabasura/include/detectabasura/msg/rosidl_typesupport_fastrtps_c__visibility_control.h
[1.141s] -- Up-to-date: /home/jetson/guali_ws/install/detectabasura/lib/libdetectabasura__rosidl_typesupport_fastrtps_c.so
[1.142s] -- Up-to-date: /home/jetson/guali_ws/install/detectabasura/include/detectabasura
[1.142s] -- Up-to-date: /home/jetson/guali_ws/install/detectabasura/include/detectabasura/msg
[1.143s] -- Up-to-date: /home/jetson/guali_ws/install/detectabasura/include/detectabasura/msg/detail
[1.143s] -- Up-to-date: /home/jetson/guali_ws/install/detectabasura/include/detectabasura/msg/detail/six_dof_arm_control__rosidl_typesupport_fastrtps_cpp.hpp
[1.144s] -- Up-to-date: /home/jetson/guali_ws/install/detectabasura/include/detectabasura/msg/detail/dds_fastrtps
[1.144s] -- Up-to-date: /home/jetson/guali_ws/install/detectabasura/include/detectabasura/msg/rosidl_typesupport_fastrtps_cpp__visibility_control.h
[1.145s] -- Up-to-date: /home/jetson/guali_ws/install/detectabasura/lib/libdetectabasura__rosidl_typesupport_fastrtps_cpp.so
[1.145s] -- Up-to-date: /home/jetson/guali_ws/install/detectabasura/include/detectabasura
[1.145s] -- Up-to-date: /home/jetson/guali_ws/install/detectabasura/include/detectabasura/msg
[1.146s] -- Up-to-date: /home/jetson/guali_ws/install/detectabasura/include/detectabasura/msg/detail
[1.146s] -- Up-to-date: /home/jetson/guali_ws/install/detectabasura/include/detectabasura/msg/detail/six_dof_arm_control__type_support.c
[1.147s] -- Up-to-date: /home/jetson/guali_ws/install/detectabasura/include/detectabasura/msg/detail/six_dof_arm_control__rosidl_typesupport_introspection_c.h
[1.147s] -- Up-to-date: /home/jetson/guali_ws/install/detectabasura/include/detectabasura/msg/rosidl_typesupport_introspection_c__visibility_control.h
[1.147s] -- Up-to-date: /home/jetson/guali_ws/install/detectabasura/lib/libdetectabasura__rosidl_typesupport_introspection_c.so
[1.148s] -- Up-to-date: /home/jetson/guali_ws/install/detectabasura/lib/libdetectabasura__rosidl_typesupport_c.so
[1.148s] -- Up-to-date: /home/jetson/guali_ws/install/detectabasura/include/detectabasura
[1.148s] -- Up-to-date: /home/jetson/guali_ws/install/detectabasura/include/detectabasura/msg
[1.149s] -- Up-to-date: /home/jetson/guali_ws/install/detectabasura/include/detectabasura/msg/detail
[1.149s] -- Up-to-date: /home/jetson/guali_ws/install/detectabasura/include/detectabasura/msg/detail/six_dof_arm_control__struct.hpp
[1.149s] -- Up-to-date: /home/jetson/guali_ws/install/detectabasura/include/detectabasura/msg/detail/six_dof_arm_control__type_support.hpp
[1.150s] -- Up-to-date: /home/jetson/guali_ws/install/detectabasura/include/detectabasura/msg/detail/six_dof_arm_control__traits.hpp
[1.150s] -- Up-to-date: /home/jetson/guali_ws/install/detectabasura/include/detectabasura/msg/detail/six_dof_arm_control__builder.hpp
[1.150s] -- Up-to-date: /home/jetson/guali_ws/install/detectabasura/include/detectabasura/msg/six_dof_arm_control.hpp
[1.151s] -- Up-to-date: /home/jetson/guali_ws/install/detectabasura/include/detectabasura/msg/rosidl_generator_cpp__visibility_control.hpp
[1.151s] -- Up-to-date: /home/jetson/guali_ws/install/detectabasura/include/detectabasura
[1.151s] -- Up-to-date: /home/jetson/guali_ws/install/detectabasura/include/detectabasura/msg
[1.152s] -- Up-to-date: /home/jetson/guali_ws/install/detectabasura/include/detectabasura/msg/detail
[1.152s] -- Up-to-date: /home/jetson/guali_ws/install/detectabasura/include/detectabasura/msg/detail/six_dof_arm_control__rosidl_typesupport_introspection_cpp.hpp
[1.152s] -- Up-to-date: /home/jetson/guali_ws/install/detectabasura/include/detectabasura/msg/detail/six_dof_arm_control__type_support.cpp
[1.153s] -- Up-to-date: /home/jetson/guali_ws/install/detectabasura/lib/libdetectabasura__rosidl_typesupport_introspection_cpp.so
[1.153s] -- Up-to-date: /home/jetson/guali_ws/install/detectabasura/lib/libdetectabasura__rosidl_typesupport_cpp.so
[1.153s] -- Up-to-date: /home/jetson/guali_ws/install/detectabasura/share/detectabasura/environment/pythonpath.sh
[1.154s] -- Up-to-date: /home/jetson/guali_ws/install/detectabasura/share/detectabasura/environment/pythonpath.dsv
[1.154s] -- Up-to-date: /home/jetson/guali_ws/install/detectabasura/lib/python3.8/site-packages/detectabasura/__init__.py
[1.290s] -- Up-to-date: /home/jetson/guali_ws/install/detectabasura/lib/python3.8/site-packages/detectabasura/msg
[1.291s] -- Up-to-date: /home/jetson/guali_ws/install/detectabasura/lib/python3.8/site-packages/detectabasura/msg/_six_dof_arm_control_s.c
[1.291s] -- Up-to-date: /home/jetson/guali_ws/install/detectabasura/lib/python3.8/site-packages/detectabasura/msg/_six_dof_arm_control.py
[1.292s] -- Up-to-date: /home/jetson/guali_ws/install/detectabasura/lib/python3.8/site-packages/detectabasura/msg/__init__.py
[1.292s] -- Up-to-date: /home/jetson/guali_ws/install/detectabasura/lib/python3.8/site-packages/detectabasura/detectabasura_s__rosidl_typesupport_fastrtps_c.cpython-38-aarch64-linux-gnu.so
[1.292s] -- Up-to-date: /home/jetson/guali_ws/install/detectabasura/lib/python3.8/site-packages/detectabasura/detectabasura_s__rosidl_typesupport_introspection_c.cpython-38-aarch64-linux-gnu.so
[1.293s] -- Up-to-date: /home/jetson/guali_ws/install/detectabasura/lib/python3.8/site-packages/detectabasura/detectabasura_s__rosidl_typesupport_c.cpython-38-aarch64-linux-gnu.so
[1.294s] -- Up-to-date: /home/jetson/guali_ws/install/detectabasura/lib/libdetectabasura__python.so
[1.295s] -- Up-to-date: /home/jetson/guali_ws/install/detectabasura/share/detectabasura/msg/SixDOFArmControl.idl
[1.295s] -- Up-to-date: /home/jetson/guali_ws/install/detectabasura/share/detectabasura/msg/SixDOFArmControl.msg
[1.296s] -- Up-to-date: /home/jetson/guali_ws/install/detectabasura/lib/detectabasura/video_publisher
[1.297s] -- Up-to-date: /home/jetson/guali_ws/install/detectabasura/share/ament_index/resource_index/package_run_dependencies/detectabasura
[1.297s] -- Up-to-date: /home/jetson/guali_ws/install/detectabasura/share/ament_index/resource_index/parent_prefix_path/detectabasura
[1.298s] -- Up-to-date: /home/jetson/guali_ws/install/detectabasura/share/detectabasura/environment/ament_prefix_path.sh
[1.299s] -- Up-to-date: /home/jetson/guali_ws/install/detectabasura/share/detectabasura/environment/ament_prefix_path.dsv
[1.299s] -- Up-to-date: /home/jetson/guali_ws/install/detectabasura/share/detectabasura/environment/path.sh
[1.300s] -- Up-to-date: /home/jetson/guali_ws/install/detectabasura/share/detectabasura/environment/path.dsv
[1.301s] -- Up-to-date: /home/jetson/guali_ws/install/detectabasura/share/detectabasura/local_setup.bash
[1.302s] -- Up-to-date: /home/jetson/guali_ws/install/detectabasura/share/detectabasura/local_setup.sh
[1.302s] -- Up-to-date: /home/jetson/guali_ws/install/detectabasura/share/detectabasura/local_setup.zsh
[1.303s] -- Up-to-date: /home/jetson/guali_ws/install/detectabasura/share/detectabasura/local_setup.dsv
[1.304s] -- Installing: /home/jetson/guali_ws/install/detectabasura/share/detectabasura/package.dsv
[1.305s] -- Up-to-date: /home/jetson/guali_ws/install/detectabasura/share/ament_index/resource_index/packages/detectabasura
[1.305s] -- Up-to-date: /home/jetson/guali_ws/install/detectabasura/share/detectabasura/cmake/detectabasura__rosidl_generator_cExport.cmake
[1.305s] -- Up-to-date: /home/jetson/guali_ws/install/detectabasura/share/detectabasura/cmake/detectabasura__rosidl_generator_cExport-release.cmake
[1.307s] -- Up-to-date: /home/jetson/guali_ws/install/detectabasura/share/detectabasura/cmake/detectabasura__rosidl_typesupport_introspection_cExport.cmake
[1.307s] -- Up-to-date: /home/jetson/guali_ws/install/detectabasura/share/detectabasura/cmake/detectabasura__rosidl_typesupport_introspection_cExport-release.cmake
[1.308s] -- Up-to-date: /home/jetson/guali_ws/install/detectabasura/share/detectabasura/cmake/detectabasura__rosidl_typesupport_cExport.cmake
[1.309s] -- Up-to-date: /home/jetson/guali_ws/install/detectabasura/share/detectabasura/cmake/detectabasura__rosidl_typesupport_cExport-release.cmake
[1.309s] -- Up-to-date: /home/jetson/guali_ws/install/detectabasura/share/detectabasura/cmake/detectabasura__rosidl_generator_cppExport.cmake
[1.310s] -- Up-to-date: /home/jetson/guali_ws/install/detectabasura/share/detectabasura/cmake/detectabasura__rosidl_typesupport_introspection_cppExport.cmake
[1.312s] -- Up-to-date: /home/jetson/guali_ws/install/detectabasura/share/detectabasura/cmake/detectabasura__rosidl_typesupport_introspection_cppExport-release.cmake
[1.313s] -- Up-to-date: /home/jetson/guali_ws/install/detectabasura/share/detectabasura/cmake/detectabasura__rosidl_typesupport_cppExport.cmake
[1.314s] -- Up-to-date: /home/jetson/guali_ws/install/detectabasura/share/detectabasura/cmake/detectabasura__rosidl_typesupport_cppExport-release.cmake
[1.314s] -- Up-to-date: /home/jetson/guali_ws/install/detectabasura/share/detectabasura/cmake/rosidl_cmake-extras.cmake
[1.315s] -- Up-to-date: /home/jetson/guali_ws/install/detectabasura/share/detectabasura/cmake/ament_cmake_export_dependencies-extras.cmake
[1.316s] -- Up-to-date: /home/jetson/guali_ws/install/detectabasura/share/detectabasura/cmake/ament_cmake_export_libraries-extras.cmake
[1.316s] -- Up-to-date: /home/jetson/guali_ws/install/detectabasura/share/detectabasura/cmake/ament_cmake_export_targets-extras.cmake
[1.332s] -- Up-to-date: /home/jetson/guali_ws/install/detectabasura/share/detectabasura/cmake/ament_cmake_export_include_directories-extras.cmake
[1.333s] -- Up-to-date: /home/jetson/guali_ws/install/detectabasura/share/detectabasura/cmake/rosidl_cmake_export_typesupport_libraries-extras.cmake
[1.335s] -- Up-to-date: /home/jetson/guali_ws/install/detectabasura/share/detectabasura/cmake/rosidl_cmake_export_typesupport_targets-extras.cmake
[1.337s] -- Up-to-date: /home/jetson/guali_ws/install/detectabasura/share/detectabasura/cmake/detectabasuraConfig.cmake
[1.337s] -- Up-to-date: /home/jetson/guali_ws/install/detectabasura/share/detectabasura/cmake/detectabasuraConfig-version.cmake
[1.338s] -- Up-to-date: /home/jetson/guali_ws/install/detectabasura/share/detectabasura/package.xml
[1.338s] Invoked command in '/home/jetson/guali_ws/build/detectabasura' returned '0': CMAKE_PREFIX_PATH=${CMAKE_PREFIX_PATH}:/opt/ros/foxy /usr/local/bin/cmake --install /home/jetson/guali_ws/build/detectabasura
