[0.092s] Invoking command in '/home/jetson/guali_ws/build/detectabasura': CMAKE_PREFIX_PATH=${CMAKE_PREFIX_PATH}:/opt/ros/foxy /usr/bin/cmake --build /home/jetson/guali_ws/build/detectabasura -- -j4 -l4
[0.626s] [  2%] Built target detectabasura__cpp
[0.671s] [ 10%] Built target detectabasura__rosidl_generator_c
[0.756s] [35m[1mScanning dependencies of target video_publisher_usb[0m
[0.792s] [ 16%] Built target serialMCU
[0.796s] [ 21%] Built target video_publisher_cli
[0.860s] [ 29%] Built target detectabasura__rosidl_typesupport_cpp
[0.965s] [ 37%] Built target detectabasura__rosidl_typesupport_introspection_c
[1.129s] [ 45%] Built target detectabasura__rosidl_typesupport_fastrtps_cpp
[1.146s] [ 54%] Built target detectabasura__rosidl_typesupport_introspection_cpp
[1.168s] [ 62%] Built target detectabasura__rosidl_typesupport_c
[1.193s] [ 64%] [32mBuilding CXX object CMakeFiles/video_publisher_usb.dir/src/video_publisher_usb.cpp.o[0m
[1.268s] [ 72%] Built target detectabasura__rosidl_typesupport_fastrtps_c
[1.354s] [ 72%] Built target detectabasura
[1.471s] [ 75%] Built target detectabasura__py
[1.605s] [ 81%] Built target detectabasura__python
[1.807s] [ 86%] Built target detectabasura__rosidl_typesupport_fastrtps_c__pyext
[1.812s] [ 91%] Built target detectabasura__rosidl_typesupport_introspection_c__pyext
[1.845s] [ 97%] Built target detectabasura__rosidl_typesupport_c__pyext
[11.478s] [01m[K/home/jetson/guali_ws/detectabasura/src/video_publisher_usb.cpp:[m[K In function ‘[01m[Kint main(int, char**)[m[K’:
[11.478s] [01m[K/home/jetson/guali_ws/detectabasura/src/video_publisher_usb.cpp:35:10:[m[K [01;31m[Kerror: [m[K‘[01m[Kcamera0_capture[m[K’ was not declared in this scope
[11.479s]      if (![01;31m[Kcamera0_capture[m[K.isOpened())
[11.479s]           [01;31m[K^~~~~~~~~~~~~~~[m[K
[11.491s] [01m[K/home/jetson/guali_ws/detectabasura/src/video_publisher_usb.cpp:35:10:[m[K [01;36m[Knote: [m[Ksuggested alternative: ‘[01m[Kcamera0_frame[m[K’
[11.492s]      if (![01;36m[Kcamera0_capture[m[K.isOpened())
[11.493s]           [01;36m[K^~~~~~~~~~~~~~~[m[K
[11.494s]           [32m[Kcamera0_frame[m[K
[11.495s] [01m[K/home/jetson/guali_ws/detectabasura/src/video_publisher_usb.cpp:40:10:[m[K [01;31m[Kerror: [m[K‘[01m[Kcamera1_capture[m[K’ was not declared in this scope
[11.495s]      if (![01;31m[Kcamera1_capture[m[K.isOpened())
[11.496s]           [01;31m[K^~~~~~~~~~~~~~~[m[K
[11.504s] [01m[K/home/jetson/guali_ws/detectabasura/src/video_publisher_usb.cpp:40:10:[m[K [01;36m[Knote: [m[Ksuggested alternative: ‘[01m[Kcamera1_frame[m[K’
[11.505s]      if (![01;36m[Kcamera1_capture[m[K.isOpened())
[11.505s]           [01;36m[K^~~~~~~~~~~~~~~[m[K
[11.506s]           [32m[Kcamera1_frame[m[K
[11.512s] [01m[K/home/jetson/guali_ws/detectabasura/src/video_publisher_usb.cpp:59:9:[m[K [01;31m[Kerror: [m[K‘[01m[Kcamera0_capture[m[K’ was not declared in this scope
[11.513s]          [01;31m[Kcamera0_capture[m[K.read(camera0_frame);
[11.514s]          [01;31m[K^~~~~~~~~~~~~~~[m[K
[11.526s] [01m[K/home/jetson/guali_ws/detectabasura/src/video_publisher_usb.cpp:59:9:[m[K [01;36m[Knote: [m[Ksuggested alternative: ‘[01m[Kcamera0_frame[m[K’
[11.527s]          [01;36m[Kcamera0_capture[m[K.read(camera0_frame);
[11.528s]          [01;36m[K^~~~~~~~~~~~~~~[m[K
[11.528s]          [32m[Kcamera0_frame[m[K
[11.529s] [01m[K/home/jetson/guali_ws/detectabasura/src/video_publisher_usb.cpp:60:9:[m[K [01;31m[Kerror: [m[K‘[01m[Kcamera1_capture[m[K’ was not declared in this scope
[11.529s]          [01;31m[Kcamera1_capture[m[K.read(camera1_frame);
[11.529s]          [01;31m[K^~~~~~~~~~~~~~~[m[K
[11.540s] [01m[K/home/jetson/guali_ws/detectabasura/src/video_publisher_usb.cpp:60:9:[m[K [01;36m[Knote: [m[Ksuggested alternative: ‘[01m[Kcamera1_frame[m[K’
[11.540s]          [01;36m[Kcamera1_capture[m[K.read(camera1_frame);
[11.541s]          [01;36m[K^~~~~~~~~~~~~~~[m[K
[11.541s]          [32m[Kcamera1_frame[m[K
[15.208s] make[2]: *** [CMakeFiles/video_publisher_usb.dir/build.make:63: CMakeFiles/video_publisher_usb.dir/src/video_publisher_usb.cpp.o] Error 1
[15.208s] make[1]: *** [CMakeFiles/Makefile2:583: CMakeFiles/video_publisher_usb.dir/all] Error 2
[15.209s] make: *** [Makefile:141: all] Error 2
[15.217s] Invoked command in '/home/jetson/guali_ws/build/detectabasura' returned '2': CMAKE_PREFIX_PATH=${CMAKE_PREFIX_PATH}:/opt/ros/foxy /usr/bin/cmake --build /home/jetson/guali_ws/build/detectabasura -- -j4 -l4
