[1.507s] DEBUG:colcon:Command line arguments: ['/usr/bin/colcon', 'build']
[1.508s] DEBUG:colcon:Parsed command line arguments: Namespace(allow_overriding=[], ament_cmake_args=None, base_paths=['.'], build_base='build', catkin_cmake_args=None, catkin_skip_building_tests=False, cmake_args=None, cmake_clean_cache=False, cmake_clean_first=False, cmake_force_configure=False, cmake_target=None, cmake_target_skip_unavailable=False, continue_on_error=False, event_handlers=None, executor='parallel', ignore_user_meta=False, install_base='install', log_base=None, log_level=None, main=<bound method BuildVerb.main of <colcon_core.verb.build.BuildVerb object at 0x7fa9b4f2e0>>, merge_install=False, metas=['./colcon.meta'], packages_above=None, packages_above_and_dependencies=None, packages_above_depth=None, packages_end=None, packages_ignore=None, packages_ignore_regex=None, packages_select=None, packages_select_build_failed=False, packages_select_by_dep=None, packages_select_regex=None, packages_select_test_failures=False, packages_skip=None, packages_skip_build_finished=False, packages_skip_by_dep=None, packages_skip_regex=None, packages_skip_test_passed=False, packages_skip_up_to=None, packages_start=None, packages_up_to=None, packages_up_to_regex=None, parallel_workers=4, paths=None, symlink_install=False, test_result_base=None, verb_extension=<colcon_core.verb.build.BuildVerb object at 0x7fa9b4f2e0>, verb_name='build', verb_parser=<colcon_defaults.argument_parser.defaults.DefaultArgumentsDecorator object at 0x7fa9abee20>)
[2.727s] Level 1:colcon.colcon_core.package_discovery:discover_packages(colcon_meta) check parameters
[2.728s] Level 1:colcon.colcon_core.package_discovery:discover_packages(recursive) check parameters
[2.728s] Level 1:colcon.colcon_core.package_discovery:discover_packages(ignore) check parameters
[2.728s] Level 1:colcon.colcon_core.package_discovery:discover_packages(path) check parameters
[2.728s] Level 1:colcon.colcon_core.package_discovery:discover_packages(colcon_meta) discover
[2.729s] Level 1:colcon.colcon_core.package_discovery:discover_packages(recursive) discover
[2.729s] INFO:colcon.colcon_core.package_discovery:Crawling recursively for packages in '/home/jetson/guali_ws/detectabasura'
[2.730s] Level 1:colcon.colcon_core.package_identification:_identify(.) by extensions ['ignore', 'ignore_ament_install']
[2.730s] Level 1:colcon.colcon_core.package_identification:_identify(.) by extension 'ignore'
[2.730s] Level 1:colcon.colcon_core.package_identification:_identify(.) by extension 'ignore_ament_install'
[2.731s] Level 1:colcon.colcon_core.package_identification:_identify(.) by extensions ['colcon_pkg']
[2.731s] Level 1:colcon.colcon_core.package_identification:_identify(.) by extension 'colcon_pkg'
[2.732s] Level 1:colcon.colcon_core.package_identification:_identify(.) by extensions ['colcon_meta']
[2.732s] Level 1:colcon.colcon_core.package_identification:_identify(.) by extension 'colcon_meta'
[2.732s] Level 1:colcon.colcon_core.package_identification:_identify(.) by extensions ['ros']
[2.732s] Level 1:colcon.colcon_core.package_identification:_identify(.) by extension 'ros'
[2.835s] DEBUG:colcon.colcon_core.package_identification:Package '.' with type 'ros.ament_cmake' and name 'detectabasura'
[2.835s] Level 1:colcon.colcon_core.package_discovery:discover_packages(recursive) using defaults
[2.835s] Level 1:colcon.colcon_core.package_discovery:discover_packages(ignore) discover
[2.835s] Level 1:colcon.colcon_core.package_discovery:discover_packages(ignore) using defaults
[2.836s] Level 1:colcon.colcon_core.package_discovery:discover_packages(path) discover
[2.836s] Level 1:colcon.colcon_core.package_discovery:discover_packages(path) using defaults
[2.922s] Level 1:colcon.colcon_core.package_discovery:discover_packages(prefix_path) check parameters
[2.923s] Level 1:colcon.colcon_core.package_discovery:discover_packages(prefix_path) discover
[2.932s] DEBUG:colcon.colcon_installed_package_information.package_discovery:Found 1 installed packages in /home/jetson/guali_ws/install
[2.939s] DEBUG:colcon.colcon_installed_package_information.package_discovery:Found 256 installed packages in /opt/ros/foxy
[2.949s] Level 1:colcon.colcon_core.package_discovery:discover_packages(prefix_path) using defaults
[3.329s] Level 5:colcon.colcon_core.verb:set package 'detectabasura' build argument 'cmake_args' from command line to 'None'
[3.336s] Level 5:colcon.colcon_core.verb:set package 'detectabasura' build argument 'cmake_target' from command line to 'None'
[3.337s] Level 5:colcon.colcon_core.verb:set package 'detectabasura' build argument 'cmake_target_skip_unavailable' from command line to 'False'
[3.337s] Level 5:colcon.colcon_core.verb:set package 'detectabasura' build argument 'cmake_clean_cache' from command line to 'False'
[3.337s] Level 5:colcon.colcon_core.verb:set package 'detectabasura' build argument 'cmake_clean_first' from command line to 'False'
[3.337s] Level 5:colcon.colcon_core.verb:set package 'detectabasura' build argument 'cmake_force_configure' from command line to 'False'
[3.337s] Level 5:colcon.colcon_core.verb:set package 'detectabasura' build argument 'ament_cmake_args' from command line to 'None'
[3.337s] Level 5:colcon.colcon_core.verb:set package 'detectabasura' build argument 'catkin_cmake_args' from command line to 'None'
[3.338s] Level 5:colcon.colcon_core.verb:set package 'detectabasura' build argument 'catkin_skip_building_tests' from command line to 'False'
[3.339s] DEBUG:colcon.colcon_core.verb:Building package 'detectabasura' with the following arguments: {'ament_cmake_args': None, 'build_base': '/home/jetson/guali_ws/detectabasura/build/detectabasura', 'catkin_cmake_args': None, 'catkin_skip_building_tests': False, 'cmake_args': None, 'cmake_clean_cache': False, 'cmake_clean_first': False, 'cmake_force_configure': False, 'cmake_target': None, 'cmake_target_skip_unavailable': False, 'install_base': '/home/jetson/guali_ws/detectabasura/install/detectabasura', 'merge_install': False, 'path': '/home/jetson/guali_ws/detectabasura', 'symlink_install': False, 'test_result_base': None}
[3.341s] INFO:colcon.colcon_core.executor:Executing jobs using 'parallel' executor
[3.345s] DEBUG:colcon.colcon_parallel_executor.executor.parallel:run_until_complete
[3.347s] INFO:colcon.colcon_ros.task.ament_cmake.build:Building ROS package in '/home/jetson/guali_ws/detectabasura' with build type 'ament_cmake'
[3.349s] INFO:colcon.colcon_cmake.task.cmake.build:Building CMake package in '/home/jetson/guali_ws/detectabasura'
[3.359s] INFO:colcon.colcon_core.plugin_system:Skipping extension 'colcon_core.shell.bat': Not used on non-Windows systems
[3.360s] INFO:colcon.colcon_core.shell:Skip shell extension 'powershell' for command environment: Not usable outside of PowerShell
[3.360s] DEBUG:colcon.colcon_core.shell:Skip shell extension 'dsv' for command environment
[3.415s] DEBUG:colcon.colcon_core.event_handler.log_command:Invoking command in '/home/jetson/guali_ws/detectabasura/build/detectabasura': CMAKE_PREFIX_PATH=${CMAKE_PREFIX_PATH}:/opt/ros/foxy /usr/bin/cmake --build /home/jetson/guali_ws/detectabasura/build/detectabasura -- -j4 -l4
[20.299s] DEBUG:colcon.colcon_core.event_handler.log_command:Invoked command in '/home/jetson/guali_ws/detectabasura/build/detectabasura' returned '2': CMAKE_PREFIX_PATH=${CMAKE_PREFIX_PATH}:/opt/ros/foxy /usr/bin/cmake --build /home/jetson/guali_ws/detectabasura/build/detectabasura -- -j4 -l4
[20.519s] Level 1:colcon.colcon_core.environment:create_environment_scripts_only(detectabasura)
[20.533s] Level 1:colcon.colcon_core.environment:checking '/home/jetson/guali_ws/detectabasura/install/detectabasura' for CMake module files
[20.549s] Level 1:colcon.colcon_core.environment:checking '/home/jetson/guali_ws/detectabasura/install/detectabasura' for CMake config files
[20.555s] Level 1:colcon.colcon_core.shell:create_environment_hook('detectabasura', 'cmake_prefix_path')
[20.558s] INFO:colcon.colcon_core.shell:Creating environment hook '/home/jetson/guali_ws/detectabasura/install/detectabasura/share/detectabasura/hook/cmake_prefix_path.ps1'
[20.565s] INFO:colcon.colcon_core.shell:Creating environment descriptor '/home/jetson/guali_ws/detectabasura/install/detectabasura/share/detectabasura/hook/cmake_prefix_path.dsv'
[20.570s] INFO:colcon.colcon_core.shell:Creating environment hook '/home/jetson/guali_ws/detectabasura/install/detectabasura/share/detectabasura/hook/cmake_prefix_path.sh'
[20.602s] Level 1:colcon.colcon_core.environment:checking '/home/jetson/guali_ws/detectabasura/install/detectabasura/lib'
[20.604s] Level 1:colcon.colcon_core.environment:checking '/home/jetson/guali_ws/detectabasura/install/detectabasura/bin'
[20.605s] Level 1:colcon.colcon_core.environment:checking '/home/jetson/guali_ws/detectabasura/install/detectabasura/lib/pkgconfig/detectabasura.pc'
[20.606s] Level 1:colcon.colcon_core.environment:checking '/home/jetson/guali_ws/detectabasura/install/detectabasura/lib/python3.8/site-packages'
[20.607s] Level 1:colcon.colcon_core.environment:checking '/home/jetson/guali_ws/detectabasura/install/detectabasura/bin'
[20.609s] INFO:colcon.colcon_core.shell:Creating package script '/home/jetson/guali_ws/detectabasura/install/detectabasura/share/detectabasura/package.ps1'
[20.613s] INFO:colcon.colcon_core.shell:Creating package descriptor '/home/jetson/guali_ws/detectabasura/install/detectabasura/share/detectabasura/package.dsv'
[20.617s] INFO:colcon.colcon_core.shell:Creating package script '/home/jetson/guali_ws/detectabasura/install/detectabasura/share/detectabasura/package.sh'
[20.624s] INFO:colcon.colcon_core.shell:Creating package script '/home/jetson/guali_ws/detectabasura/install/detectabasura/share/detectabasura/package.bash'
[20.630s] INFO:colcon.colcon_core.shell:Creating package script '/home/jetson/guali_ws/detectabasura/install/detectabasura/share/detectabasura/package.zsh'
[20.637s] Level 1:colcon.colcon_core.environment:create_file_with_runtime_dependencies(/home/jetson/guali_ws/detectabasura/install/detectabasura/share/colcon-core/packages/detectabasura)
[20.648s] DEBUG:colcon.colcon_parallel_executor.executor.parallel:closing loop
[20.652s] DEBUG:colcon.colcon_parallel_executor.executor.parallel:loop closed
[20.653s] DEBUG:colcon.colcon_parallel_executor.executor.parallel:run_until_complete finished with '2'
[20.654s] DEBUG:colcon.colcon_core.event_reactor:joining thread
[20.687s] INFO:colcon.colcon_core.plugin_system:Skipping extension 'colcon_notification.desktop_notification.terminal_notifier': Not used on non-Darwin systems
[20.692s] INFO:colcon.colcon_core.plugin_system:Skipping extension 'colcon_notification.desktop_notification.win32': Not used on non-Windows systems
[20.693s] INFO:colcon.colcon_notification.desktop_notification:Sending desktop notification using 'notify2'
[20.782s] DEBUG:colcon.colcon_core.event_reactor:joined thread
[20.784s] INFO:colcon.colcon_core.shell:Creating prefix script '/home/jetson/guali_ws/detectabasura/install/local_setup.ps1'
[20.794s] INFO:colcon.colcon_core.shell:Creating prefix util module '/home/jetson/guali_ws/detectabasura/install/_local_setup_util_ps1.py'
[20.802s] INFO:colcon.colcon_core.shell:Creating prefix chain script '/home/jetson/guali_ws/detectabasura/install/setup.ps1'
[20.809s] INFO:colcon.colcon_core.shell:Creating prefix script '/home/jetson/guali_ws/detectabasura/install/local_setup.sh'
[20.814s] INFO:colcon.colcon_core.shell:Creating prefix util module '/home/jetson/guali_ws/detectabasura/install/_local_setup_util_sh.py'
[20.818s] INFO:colcon.colcon_core.shell:Creating prefix chain script '/home/jetson/guali_ws/detectabasura/install/setup.sh'
[20.829s] INFO:colcon.colcon_core.shell:Creating prefix script '/home/jetson/guali_ws/detectabasura/install/local_setup.bash'
[20.831s] INFO:colcon.colcon_core.shell:Creating prefix chain script '/home/jetson/guali_ws/detectabasura/install/setup.bash'
[20.836s] INFO:colcon.colcon_core.shell:Creating prefix script '/home/jetson/guali_ws/detectabasura/install/local_setup.zsh'
[20.842s] INFO:colcon.colcon_core.shell:Creating prefix chain script '/home/jetson/guali_ws/detectabasura/install/setup.zsh'
