[0.115s] Invoking command in '/home/wheeltec/guali_ws/build/detectabasura': CMAKE_PREFIX_PATH=${CMAKE_PREFIX_PATH}:/home/wheeltec/wheeltec_ros2/install/simple_follower_ros2:/home/wheeltec/wheeltec_ros2/install/wheeltec_robot_keyboard:/home/wheeltec/wheeltec_ros2/install/tf2_tools:/home/wheeltec/wheeltec_ros2/install/nav2_simple_commander:/home/wheeltec/wheeltec_ros2/install/nav2_gazebo_spawner:/home/wheeltec/wheeltec_ros2/install/camera_calibration:/opt/ros/galactic /usr/bin/cmake --build /home/wheeltec/guali_ws/build/detectabasura -- -j4 -l4
[0.646s] [  9%] Built target detectabasura__rosidl_generator_c
[0.649s] [ 12%] Built target detectabasura__cpp
[0.773s] [ 18%] Built target video_publisher
[0.862s] [ 27%] Built target detectabasura__rosidl_typesupport_introspection_c
[0.885s] [ 36%] Built target detectabasura__rosidl_typesupport_cpp
[0.936s] [ 45%] Built target detectabasura__rosidl_typesupport_fastrtps_cpp
[0.979s] [ 54%] Built target detectabasura__rosidl_typesupport_introspection_cpp
[1.067s] [ 63%] Built target detectabasura__rosidl_typesupport_c
[1.127s] [ 72%] Built target detectabasura__rosidl_typesupport_fastrtps_c
[1.266s] [ 72%] Built target detectabasura
[1.408s] [ 75%] Built target detectabasura__py
[1.589s] [ 81%] Built target detectabasura__python
[1.793s] [ 87%] Built target detectabasura__rosidl_typesupport_fastrtps_c__pyext
[1.799s] [ 93%] Built target detectabasura__rosidl_typesupport_introspection_c__pyext
[1.806s] [100%] Built target detectabasura__rosidl_typesupport_c__pyext
[1.872s] Invoked command in '/home/wheeltec/guali_ws/build/detectabasura' returned '0': CMAKE_PREFIX_PATH=${CMAKE_PREFIX_PATH}:/home/wheeltec/wheeltec_ros2/install/simple_follower_ros2:/home/wheeltec/wheeltec_ros2/install/wheeltec_robot_keyboard:/home/wheeltec/wheeltec_ros2/install/tf2_tools:/home/wheeltec/wheeltec_ros2/install/nav2_simple_commander:/home/wheeltec/wheeltec_ros2/install/nav2_gazebo_spawner:/home/wheeltec/wheeltec_ros2/install/camera_calibration:/opt/ros/galactic /usr/bin/cmake --build /home/wheeltec/guali_ws/build/detectabasura -- -j4 -l4
[2.406s] Invoking command in '/home/wheeltec/guali_ws/build/detectabasura': CMAKE_PREFIX_PATH=${CMAKE_PREFIX_PATH}:/home/wheeltec/wheeltec_ros2/install/simple_follower_ros2:/home/wheeltec/wheeltec_ros2/install/wheeltec_robot_keyboard:/home/wheeltec/wheeltec_ros2/install/tf2_tools:/home/wheeltec/wheeltec_ros2/install/nav2_simple_commander:/home/wheeltec/wheeltec_ros2/install/nav2_gazebo_spawner:/home/wheeltec/wheeltec_ros2/install/camera_calibration:/opt/ros/galactic /usr/bin/cmake --install /home/wheeltec/guali_ws/build/detectabasura
[2.464s] -- Install configuration: "Release"
[2.466s] -- Up-to-date: /home/wheeltec/guali_ws/install/detectabasura/share/ament_index/resource_index/rosidl_interfaces/detectabasura
[2.467s] -- Up-to-date: /home/wheeltec/guali_ws/install/detectabasura/include/detectabasura
[2.467s] -- Up-to-date: /home/wheeltec/guali_ws/install/detectabasura/include/detectabasura/msg
[2.468s] -- Up-to-date: /home/wheeltec/guali_ws/install/detectabasura/include/detectabasura/msg/detail
[2.468s] -- Up-to-date: /home/wheeltec/guali_ws/install/detectabasura/include/detectabasura/msg/detail/six_dof_arm_control__functions.h
[2.469s] -- Up-to-date: /home/wheeltec/guali_ws/install/detectabasura/include/detectabasura/msg/detail/six_dof_arm_control__type_support.h
[2.469s] -- Up-to-date: /home/wheeltec/guali_ws/install/detectabasura/include/detectabasura/msg/detail/six_dof_arm_control__functions.c
[2.470s] -- Up-to-date: /home/wheeltec/guali_ws/install/detectabasura/include/detectabasura/msg/detail/six_dof_arm_control__struct.h
[2.470s] -- Up-to-date: /home/wheeltec/guali_ws/install/detectabasura/include/detectabasura/msg/six_dof_arm_control.h
[2.471s] -- Up-to-date: /home/wheeltec/guali_ws/install/detectabasura/include/detectabasura/msg/rosidl_generator_c__visibility_control.h
[2.474s] -- Up-to-date: /home/wheeltec/guali_ws/install/detectabasura/share/detectabasura/environment/library_path.sh
[2.475s] -- Up-to-date: /home/wheeltec/guali_ws/install/detectabasura/share/detectabasura/environment/library_path.dsv
[2.475s] -- Up-to-date: /home/wheeltec/guali_ws/install/detectabasura/lib/libdetectabasura__rosidl_generator_c.so
[2.476s] -- Up-to-date: /home/wheeltec/guali_ws/install/detectabasura/include/detectabasura
[2.477s] -- Up-to-date: /home/wheeltec/guali_ws/install/detectabasura/include/detectabasura/msg
[2.477s] -- Up-to-date: /home/wheeltec/guali_ws/install/detectabasura/include/detectabasura/msg/detail
[2.478s] -- Up-to-date: /home/wheeltec/guali_ws/install/detectabasura/include/detectabasura/msg/detail/six_dof_arm_control__rosidl_typesupport_fastrtps_c.h
[2.479s] -- Up-to-date: /home/wheeltec/guali_ws/install/detectabasura/include/detectabasura/msg/rosidl_typesupport_fastrtps_c__visibility_control.h
[2.479s] -- Up-to-date: /home/wheeltec/guali_ws/install/detectabasura/lib/libdetectabasura__rosidl_typesupport_fastrtps_c.so
[2.480s] -- Up-to-date: /home/wheeltec/guali_ws/install/detectabasura/include/detectabasura
[2.481s] -- Up-to-date: /home/wheeltec/guali_ws/install/detectabasura/include/detectabasura/msg
[2.481s] -- Up-to-date: /home/wheeltec/guali_ws/install/detectabasura/include/detectabasura/msg/detail
[2.482s] -- Up-to-date: /home/wheeltec/guali_ws/install/detectabasura/include/detectabasura/msg/detail/dds_fastrtps
[2.482s] -- Up-to-date: /home/wheeltec/guali_ws/install/detectabasura/include/detectabasura/msg/detail/six_dof_arm_control__rosidl_typesupport_fastrtps_cpp.hpp
[2.482s] -- Up-to-date: /home/wheeltec/guali_ws/install/detectabasura/include/detectabasura/msg/rosidl_typesupport_fastrtps_cpp__visibility_control.h
[2.483s] -- Up-to-date: /home/wheeltec/guali_ws/install/detectabasura/lib/libdetectabasura__rosidl_typesupport_fastrtps_cpp.so
[2.483s] -- Up-to-date: /home/wheeltec/guali_ws/install/detectabasura/include/detectabasura
[2.484s] -- Up-to-date: /home/wheeltec/guali_ws/install/detectabasura/include/detectabasura/msg
[2.485s] -- Up-to-date: /home/wheeltec/guali_ws/install/detectabasura/include/detectabasura/msg/detail
[2.485s] -- Up-to-date: /home/wheeltec/guali_ws/install/detectabasura/include/detectabasura/msg/detail/six_dof_arm_control__rosidl_typesupport_introspection_c.h
[2.486s] -- Up-to-date: /home/wheeltec/guali_ws/install/detectabasura/include/detectabasura/msg/detail/six_dof_arm_control__type_support.c
[2.486s] -- Up-to-date: /home/wheeltec/guali_ws/install/detectabasura/include/detectabasura/msg/rosidl_typesupport_introspection_c__visibility_control.h
[2.487s] -- Up-to-date: /home/wheeltec/guali_ws/install/detectabasura/lib/libdetectabasura__rosidl_typesupport_introspection_c.so
[2.487s] -- Up-to-date: /home/wheeltec/guali_ws/install/detectabasura/lib/libdetectabasura__rosidl_typesupport_c.so
[2.488s] -- Up-to-date: /home/wheeltec/guali_ws/install/detectabasura/include/detectabasura
[2.488s] -- Up-to-date: /home/wheeltec/guali_ws/install/detectabasura/include/detectabasura/msg
[2.489s] -- Up-to-date: /home/wheeltec/guali_ws/install/detectabasura/include/detectabasura/msg/detail
[2.489s] -- Up-to-date: /home/wheeltec/guali_ws/install/detectabasura/include/detectabasura/msg/detail/six_dof_arm_control__struct.hpp
[2.490s] -- Up-to-date: /home/wheeltec/guali_ws/install/detectabasura/include/detectabasura/msg/detail/six_dof_arm_control__builder.hpp
[2.490s] -- Up-to-date: /home/wheeltec/guali_ws/install/detectabasura/include/detectabasura/msg/detail/six_dof_arm_control__traits.hpp
[2.490s] -- Up-to-date: /home/wheeltec/guali_ws/install/detectabasura/include/detectabasura/msg/six_dof_arm_control.hpp
[2.491s] -- Up-to-date: /home/wheeltec/guali_ws/install/detectabasura/include/detectabasura
[2.491s] -- Up-to-date: /home/wheeltec/guali_ws/install/detectabasura/include/detectabasura/msg
[2.492s] -- Up-to-date: /home/wheeltec/guali_ws/install/detectabasura/include/detectabasura/msg/detail
[2.492s] -- Up-to-date: /home/wheeltec/guali_ws/install/detectabasura/include/detectabasura/msg/detail/six_dof_arm_control__rosidl_typesupport_introspection_cpp.hpp
[2.493s] -- Up-to-date: /home/wheeltec/guali_ws/install/detectabasura/include/detectabasura/msg/detail/six_dof_arm_control__type_support.cpp
[2.493s] -- Up-to-date: /home/wheeltec/guali_ws/install/detectabasura/lib/libdetectabasura__rosidl_typesupport_introspection_cpp.so
[2.493s] -- Up-to-date: /home/wheeltec/guali_ws/install/detectabasura/lib/libdetectabasura__rosidl_typesupport_cpp.so
[2.494s] -- Up-to-date: /home/wheeltec/guali_ws/install/detectabasura/share/detectabasura/environment/pythonpath.sh
[2.494s] -- Up-to-date: /home/wheeltec/guali_ws/install/detectabasura/share/detectabasura/environment/pythonpath.dsv
[2.495s] -- Up-to-date: /home/wheeltec/guali_ws/install/detectabasura/lib/python3.8/site-packages/detectabasura/__init__.py
[2.708s] -- Up-to-date: /home/wheeltec/guali_ws/install/detectabasura/lib/python3.8/site-packages/detectabasura/msg
[2.709s] -- Up-to-date: /home/wheeltec/guali_ws/install/detectabasura/lib/python3.8/site-packages/detectabasura/msg/__init__.py
[2.710s] -- Up-to-date: /home/wheeltec/guali_ws/install/detectabasura/lib/python3.8/site-packages/detectabasura/msg/_six_dof_arm_control_s.c
[2.711s] -- Up-to-date: /home/wheeltec/guali_ws/install/detectabasura/lib/python3.8/site-packages/detectabasura/msg/_six_dof_arm_control.py
[2.712s] -- Up-to-date: /home/wheeltec/guali_ws/install/detectabasura/lib/python3.8/site-packages/detectabasura/detectabasura_s__rosidl_typesupport_fastrtps_c.cpython-38-aarch64-linux-gnu.so
[2.715s] -- Up-to-date: /home/wheeltec/guali_ws/install/detectabasura/lib/python3.8/site-packages/detectabasura/detectabasura_s__rosidl_typesupport_introspection_c.cpython-38-aarch64-linux-gnu.so
[2.717s] -- Up-to-date: /home/wheeltec/guali_ws/install/detectabasura/lib/python3.8/site-packages/detectabasura/detectabasura_s__rosidl_typesupport_c.cpython-38-aarch64-linux-gnu.so
[2.719s] -- Up-to-date: /home/wheeltec/guali_ws/install/detectabasura/lib/libdetectabasura__python.so
[2.721s] -- Up-to-date: /home/wheeltec/guali_ws/install/detectabasura/share/detectabasura/msg/SixDOFArmControl.idl
[2.722s] -- Up-to-date: /home/wheeltec/guali_ws/install/detectabasura/share/detectabasura/msg/SixDOFArmControl.msg
[2.726s] -- Up-to-date: /home/wheeltec/guali_ws/install/detectabasura/lib/detectabasura/video_publisher
[2.727s] -- Up-to-date: /home/wheeltec/guali_ws/install/detectabasura/share/ament_index/resource_index/package_run_dependencies/detectabasura
[2.736s] -- Up-to-date: /home/wheeltec/guali_ws/install/detectabasura/share/ament_index/resource_index/parent_prefix_path/detectabasura
[2.736s] -- Up-to-date: /home/wheeltec/guali_ws/install/detectabasura/share/detectabasura/environment/ament_prefix_path.sh
[2.737s] -- Up-to-date: /home/wheeltec/guali_ws/install/detectabasura/share/detectabasura/environment/ament_prefix_path.dsv
[2.737s] -- Up-to-date: /home/wheeltec/guali_ws/install/detectabasura/share/detectabasura/environment/path.sh
[2.738s] -- Up-to-date: /home/wheeltec/guali_ws/install/detectabasura/share/detectabasura/environment/path.dsv
[2.738s] -- Up-to-date: /home/wheeltec/guali_ws/install/detectabasura/share/detectabasura/local_setup.bash
[2.739s] -- Up-to-date: /home/wheeltec/guali_ws/install/detectabasura/share/detectabasura/local_setup.sh
[2.740s] -- Up-to-date: /home/wheeltec/guali_ws/install/detectabasura/share/detectabasura/local_setup.zsh
[2.740s] -- Up-to-date: /home/wheeltec/guali_ws/install/detectabasura/share/detectabasura/local_setup.dsv
[2.741s] -- Installing: /home/wheeltec/guali_ws/install/detectabasura/share/detectabasura/package.dsv
[2.742s] -- Up-to-date: /home/wheeltec/guali_ws/install/detectabasura/share/ament_index/resource_index/packages/detectabasura
[2.742s] -- Up-to-date: /home/wheeltec/guali_ws/install/detectabasura/share/detectabasura/cmake/detectabasura__rosidl_generator_cExport.cmake
[2.742s] -- Up-to-date: /home/wheeltec/guali_ws/install/detectabasura/share/detectabasura/cmake/detectabasura__rosidl_generator_cExport-release.cmake
[2.743s] -- Up-to-date: /home/wheeltec/guali_ws/install/detectabasura/share/detectabasura/cmake/detectabasura__rosidl_typesupport_introspection_cExport.cmake
[2.743s] -- Up-to-date: /home/wheeltec/guali_ws/install/detectabasura/share/detectabasura/cmake/detectabasura__rosidl_typesupport_introspection_cExport-release.cmake
[2.744s] -- Up-to-date: /home/wheeltec/guali_ws/install/detectabasura/share/detectabasura/cmake/detectabasura__rosidl_typesupport_cExport.cmake
[2.745s] -- Up-to-date: /home/wheeltec/guali_ws/install/detectabasura/share/detectabasura/cmake/detectabasura__rosidl_typesupport_cExport-release.cmake
[2.746s] -- Up-to-date: /home/wheeltec/guali_ws/install/detectabasura/share/detectabasura/cmake/detectabasura__rosidl_generator_cppExport.cmake
[2.750s] -- Up-to-date: /home/wheeltec/guali_ws/install/detectabasura/share/detectabasura/cmake/detectabasura__rosidl_typesupport_introspection_cppExport.cmake
[2.750s] -- Up-to-date: /home/wheeltec/guali_ws/install/detectabasura/share/detectabasura/cmake/detectabasura__rosidl_typesupport_introspection_cppExport-release.cmake
[2.751s] -- Up-to-date: /home/wheeltec/guali_ws/install/detectabasura/share/detectabasura/cmake/detectabasura__rosidl_typesupport_cppExport.cmake
[2.752s] -- Up-to-date: /home/wheeltec/guali_ws/install/detectabasura/share/detectabasura/cmake/detectabasura__rosidl_typesupport_cppExport-release.cmake
[2.752s] -- Up-to-date: /home/wheeltec/guali_ws/install/detectabasura/share/detectabasura/cmake/rosidl_cmake-extras.cmake
[2.753s] -- Up-to-date: /home/wheeltec/guali_ws/install/detectabasura/share/detectabasura/cmake/ament_cmake_export_dependencies-extras.cmake
[2.754s] -- Up-to-date: /home/wheeltec/guali_ws/install/detectabasura/share/detectabasura/cmake/ament_cmake_export_libraries-extras.cmake
[2.754s] -- Up-to-date: /home/wheeltec/guali_ws/install/detectabasura/share/detectabasura/cmake/ament_cmake_export_targets-extras.cmake
[2.757s] -- Up-to-date: /home/wheeltec/guali_ws/install/detectabasura/share/detectabasura/cmake/ament_cmake_export_include_directories-extras.cmake
[2.758s] -- Up-to-date: /home/wheeltec/guali_ws/install/detectabasura/share/detectabasura/cmake/rosidl_cmake_export_typesupport_libraries-extras.cmake
[2.758s] -- Up-to-date: /home/wheeltec/guali_ws/install/detectabasura/share/detectabasura/cmake/rosidl_cmake_export_typesupport_targets-extras.cmake
[2.759s] -- Up-to-date: /home/wheeltec/guali_ws/install/detectabasura/share/detectabasura/cmake/detectabasuraConfig.cmake
[2.759s] -- Up-to-date: /home/wheeltec/guali_ws/install/detectabasura/share/detectabasura/cmake/detectabasuraConfig-version.cmake
[2.760s] -- Up-to-date: /home/wheeltec/guali_ws/install/detectabasura/share/detectabasura/package.xml
[2.761s] Invoked command in '/home/wheeltec/guali_ws/build/detectabasura' returned '0': CMAKE_PREFIX_PATH=${CMAKE_PREFIX_PATH}:/home/wheeltec/wheeltec_ros2/install/simple_follower_ros2:/home/wheeltec/wheeltec_ros2/install/wheeltec_robot_keyboard:/home/wheeltec/wheeltec_ros2/install/tf2_tools:/home/wheeltec/wheeltec_ros2/install/nav2_simple_commander:/home/wheeltec/wheeltec_ros2/install/nav2_gazebo_spawner:/home/wheeltec/wheeltec_ros2/install/camera_calibration:/opt/ros/galactic /usr/bin/cmake --install /home/wheeltec/guali_ws/build/detectabasura
