-- Found ament_cmake: 0.9.12 (/opt/ros/foxy/share/ament_cmake/cmake)
-- Using PYTHON_EXECUTABLE: /usr/bin/python3
-- Found rclcpp: 2.4.3 (/opt/ros/foxy/share/rclcpp/cmake)
-- Using all available rosidl_typesupport_c: rosidl_typesupport_fastrtps_c;rosidl_typesupport_introspection_c
-- Found rosidl_adapter: 1.3.1 (/opt/ros/foxy/share/rosidl_adapter/cmake)
-- Using all available rosidl_typesupport_cpp: rosidl_typesupport_fastrtps_cpp;rosidl_typesupport_introspection_cpp
-- Found rmw_implementation_cmake: 1.0.4 (/opt/ros/foxy/share/rmw_implementation_cmake/cmake)
-- Using RMW implementation 'rmw_fastrtps_cpp' as default
-- Found sensor_msgs: 2.0.5 (/opt/ros/foxy/share/sensor_msgs/cmake)
-- Found cv_bridge: 3.0.7 (/opt/ros/foxy/share/cv_bridge/cmake)
-- Found OpenCV: /usr (found version "4.6.0") 
-- Found OpenCV: /usr (found version "4.6.0") found components: cudaarithm cudafilters 
-- Configuring done
-- Generating done
-- Build files have been written to: /home/jetson/guali_ws/detectabasura/build/detectabasura
[100%] Built target video_publisher
-- Install configuration: ""
-- Up-to-date: /home/jetson/guali_ws/detectabasura/install/detectabasura/lib/detectabasura/video_publisher
-- Up-to-date: /home/jetson/guali_ws/detectabasura/install/detectabasura/share/ament_index/resource_index/package_run_dependencies/detectabasura
-- Up-to-date: /home/jetson/guali_ws/detectabasura/install/detectabasura/share/ament_index/resource_index/parent_prefix_path/detectabasura
-- Up-to-date: /home/jetson/guali_ws/detectabasura/install/detectabasura/share/detectabasura/environment/ament_prefix_path.sh
-- Installing: /home/jetson/guali_ws/detectabasura/install/detectabasura/share/detectabasura/environment/ament_prefix_path.dsv
-- Up-to-date: /home/jetson/guali_ws/detectabasura/install/detectabasura/share/detectabasura/environment/path.sh
-- Installing: /home/jetson/guali_ws/detectabasura/install/detectabasura/share/detectabasura/environment/path.dsv
-- Up-to-date: /home/jetson/guali_ws/detectabasura/install/detectabasura/share/detectabasura/local_setup.bash
-- Up-to-date: /home/jetson/guali_ws/detectabasura/install/detectabasura/share/detectabasura/local_setup.sh
-- Up-to-date: /home/jetson/guali_ws/detectabasura/install/detectabasura/share/detectabasura/local_setup.zsh
-- Installing: /home/jetson/guali_ws/detectabasura/install/detectabasura/share/detectabasura/local_setup.dsv
-- Installing: /home/jetson/guali_ws/detectabasura/install/detectabasura/share/detectabasura/package.dsv
-- Up-to-date: /home/jetson/guali_ws/detectabasura/install/detectabasura/share/ament_index/resource_index/packages/detectabasura
-- Up-to-date: /home/jetson/guali_ws/detectabasura/install/detectabasura/share/detectabasura/cmake/detectabasuraConfig.cmake
-- Up-to-date: /home/jetson/guali_ws/detectabasura/install/detectabasura/share/detectabasura/cmake/detectabasuraConfig-version.cmake
-- Installing: /home/jetson/guali_ws/detectabasura/install/detectabasura/share/detectabasura/package.xml
