[0.086s] Invoking command in '/home/jetson/guali_ws/build/detectabasura': CMAKE_PREFIX_PATH=${CMAKE_PREFIX_PATH}:/opt/ros/foxy /usr/bin/cmake --build /home/jetson/guali_ws/build/detectabasura -- -j4 -l4
[0.497s] [ 24%] Built target detectabasura__cpp
[0.565s] [ 40%] Built target detectabasura__rosidl_generator_c
[0.675s] [ 54%] Built target video_publisher_cli
[0.704s] [ 59%] Built target serialMCU
[0.712s] [ 62%] Built target video_publisher_usb
[0.715s] [ 67%] Built target detectabasura__rosidl_typesupport_cpp
[0.817s] [ 67%] Built target detectabasura__rosidl_typesupport_introspection_cpp
[0.820s] [ 75%] Built target detectabasura__rosidl_typesupport_introspection_c
[0.841s] [ 75%] Built target detectabasura__rosidl_typesupport_c
[0.869s] [ 78%] Built target detectabasura__rosidl_typesupport_fastrtps_cpp
[1.006s] [ 83%] Built target detectabasura__rosidl_typesupport_fastrtps_c
[1.114s] [ 89%] Built target detectabasura
[1.228s] Built target detectabasura__py
[1.337s] Built target detectabasura__python
[1.452s] Built target detectabasura__rosidl_typesupport_introspection_c__pyext
[1.454s] Built target detectabasura__rosidl_typesupport_fastrtps_c__pyext
[1.464s] Built target detectabasura__rosidl_typesupport_c__pyext
[1.502s] Invoked command in '/home/jetson/guali_ws/build/detectabasura' returned '0': CMAKE_PREFIX_PATH=${CMAKE_PREFIX_PATH}:/opt/ros/foxy /usr/bin/cmake --build /home/jetson/guali_ws/build/detectabasura -- -j4 -l4
[1.877s] Invoking command in '/home/jetson/guali_ws/build/detectabasura': CMAKE_PREFIX_PATH=${CMAKE_PREFIX_PATH}:/opt/ros/foxy /usr/bin/cmake --install /home/jetson/guali_ws/build/detectabasura
[1.915s] -- Install configuration: "Release"
[1.915s] -- Up-to-date: /home/jetson/guali_ws/install/detectabasura/share/ament_index/resource_index/rosidl_interfaces/detectabasura
[1.916s] -- Up-to-date: /home/jetson/guali_ws/install/detectabasura/include/detectabasura
[1.918s] -- Up-to-date: /home/jetson/guali_ws/install/detectabasura/include/detectabasura/msg
[1.918s] -- Up-to-date: /home/jetson/guali_ws/install/detectabasura/include/detectabasura/msg/detail
[1.919s] -- Up-to-date: /home/jetson/guali_ws/install/detectabasura/include/detectabasura/msg/detail/six_dof_arm_control__functions.c
[1.919s] -- Up-to-date: /home/jetson/guali_ws/install/detectabasura/include/detectabasura/msg/detail/six_dof_arm_control__struct.h
[1.919s] -- Up-to-date: /home/jetson/guali_ws/install/detectabasura/include/detectabasura/msg/detail/six_dof_arm_control__type_support.h
[1.920s] -- Up-to-date: /home/jetson/guali_ws/install/detectabasura/include/detectabasura/msg/detail/six_dof_arm_control__functions.h
[1.920s] -- Up-to-date: /home/jetson/guali_ws/install/detectabasura/include/detectabasura/msg/rosidl_generator_c__visibility_control.h
[1.921s] -- Up-to-date: /home/jetson/guali_ws/install/detectabasura/include/detectabasura/msg/six_dof_arm_control.h
[1.921s] -- Up-to-date: /home/jetson/guali_ws/install/detectabasura/share/detectabasura/environment/library_path.sh
[1.922s] -- Up-to-date: /home/jetson/guali_ws/install/detectabasura/share/detectabasura/environment/library_path.dsv
[1.924s] -- Up-to-date: /home/jetson/guali_ws/install/detectabasura/lib/libdetectabasura__rosidl_generator_c.so
[1.924s] -- Up-to-date: /home/jetson/guali_ws/install/detectabasura/include/detectabasura
[1.925s] -- Up-to-date: /home/jetson/guali_ws/install/detectabasura/include/detectabasura/msg
[1.927s] -- Up-to-date: /home/jetson/guali_ws/install/detectabasura/include/detectabasura/msg/detail
[1.927s] -- Up-to-date: /home/jetson/guali_ws/install/detectabasura/include/detectabasura/msg/detail/six_dof_arm_control__rosidl_typesupport_fastrtps_c.h
[1.928s] -- Up-to-date: /home/jetson/guali_ws/install/detectabasura/include/detectabasura/msg/rosidl_typesupport_fastrtps_c__visibility_control.h
[1.928s] -- Up-to-date: /home/jetson/guali_ws/install/detectabasura/lib/libdetectabasura__rosidl_typesupport_fastrtps_c.so
[1.929s] -- Up-to-date: /home/jetson/guali_ws/install/detectabasura/include/detectabasura
[1.930s] -- Up-to-date: /home/jetson/guali_ws/install/detectabasura/include/detectabasura/msg
[1.931s] -- Up-to-date: /home/jetson/guali_ws/install/detectabasura/include/detectabasura/msg/detail
[1.932s] -- Up-to-date: /home/jetson/guali_ws/install/detectabasura/include/detectabasura/msg/detail/six_dof_arm_control__rosidl_typesupport_fastrtps_cpp.hpp
[1.932s] -- Up-to-date: /home/jetson/guali_ws/install/detectabasura/include/detectabasura/msg/detail/dds_fastrtps
[1.933s] -- Up-to-date: /home/jetson/guali_ws/install/detectabasura/include/detectabasura/msg/rosidl_typesupport_fastrtps_cpp__visibility_control.h
[1.933s] -- Up-to-date: /home/jetson/guali_ws/install/detectabasura/lib/libdetectabasura__rosidl_typesupport_fastrtps_cpp.so
[1.934s] -- Up-to-date: /home/jetson/guali_ws/install/detectabasura/include/detectabasura
[1.934s] -- Up-to-date: /home/jetson/guali_ws/install/detectabasura/include/detectabasura/msg
[1.934s] -- Up-to-date: /home/jetson/guali_ws/install/detectabasura/include/detectabasura/msg/detail
[1.935s] -- Up-to-date: /home/jetson/guali_ws/install/detectabasura/include/detectabasura/msg/detail/six_dof_arm_control__type_support.c
[1.935s] -- Up-to-date: /home/jetson/guali_ws/install/detectabasura/include/detectabasura/msg/detail/six_dof_arm_control__rosidl_typesupport_introspection_c.h
[1.936s] -- Up-to-date: /home/jetson/guali_ws/install/detectabasura/include/detectabasura/msg/rosidl_typesupport_introspection_c__visibility_control.h
[1.936s] -- Up-to-date: /home/jetson/guali_ws/install/detectabasura/lib/libdetectabasura__rosidl_typesupport_introspection_c.so
[1.936s] -- Up-to-date: /home/jetson/guali_ws/install/detectabasura/lib/libdetectabasura__rosidl_typesupport_c.so
[1.937s] -- Up-to-date: /home/jetson/guali_ws/install/detectabasura/include/detectabasura
[1.937s] -- Up-to-date: /home/jetson/guali_ws/install/detectabasura/include/detectabasura/msg
[1.938s] -- Up-to-date: /home/jetson/guali_ws/install/detectabasura/include/detectabasura/msg/detail
[1.938s] -- Up-to-date: /home/jetson/guali_ws/install/detectabasura/include/detectabasura/msg/detail/six_dof_arm_control__struct.hpp
[1.938s] -- Up-to-date: /home/jetson/guali_ws/install/detectabasura/include/detectabasura/msg/detail/six_dof_arm_control__type_support.hpp
[1.939s] -- Up-to-date: /home/jetson/guali_ws/install/detectabasura/include/detectabasura/msg/detail/six_dof_arm_control__traits.hpp
[1.939s] -- Up-to-date: /home/jetson/guali_ws/install/detectabasura/include/detectabasura/msg/detail/six_dof_arm_control__builder.hpp
[1.940s] -- Up-to-date: /home/jetson/guali_ws/install/detectabasura/include/detectabasura/msg/six_dof_arm_control.hpp
[1.940s] -- Up-to-date: /home/jetson/guali_ws/install/detectabasura/include/detectabasura/msg/rosidl_generator_cpp__visibility_control.hpp
[1.941s] -- Up-to-date: /home/jetson/guali_ws/install/detectabasura/include/detectabasura
[1.942s] -- Up-to-date: /home/jetson/guali_ws/install/detectabasura/include/detectabasura/msg
[1.942s] -- Up-to-date: /home/jetson/guali_ws/install/detectabasura/include/detectabasura/msg/detail
[1.943s] -- Up-to-date: /home/jetson/guali_ws/install/detectabasura/include/detectabasura/msg/detail/six_dof_arm_control__rosidl_typesupport_introspection_cpp.hpp
[1.943s] -- Up-to-date: /home/jetson/guali_ws/install/detectabasura/include/detectabasura/msg/detail/six_dof_arm_control__type_support.cpp
[1.943s] -- Up-to-date: /home/jetson/guali_ws/install/detectabasura/lib/libdetectabasura__rosidl_typesupport_introspection_cpp.so
[1.944s] -- Up-to-date: /home/jetson/guali_ws/install/detectabasura/lib/libdetectabasura__rosidl_typesupport_cpp.so
[1.944s] -- Up-to-date: /home/jetson/guali_ws/install/detectabasura/share/detectabasura/environment/pythonpath.sh
[1.945s] -- Up-to-date: /home/jetson/guali_ws/install/detectabasura/share/detectabasura/environment/pythonpath.dsv
[1.945s] -- Up-to-date: /home/jetson/guali_ws/install/detectabasura/lib/python3.8/site-packages/detectabasura/__init__.py
[2.103s] -- Up-to-date: /home/jetson/guali_ws/install/detectabasura/lib/python3.8/site-packages/detectabasura/msg
[2.104s] -- Up-to-date: /home/jetson/guali_ws/install/detectabasura/lib/python3.8/site-packages/detectabasura/msg/_six_dof_arm_control_s.c
[2.104s] -- Up-to-date: /home/jetson/guali_ws/install/detectabasura/lib/python3.8/site-packages/detectabasura/msg/_six_dof_arm_control.py
[2.105s] -- Up-to-date: /home/jetson/guali_ws/install/detectabasura/lib/python3.8/site-packages/detectabasura/msg/__init__.py
[2.106s] -- Up-to-date: /home/jetson/guali_ws/install/detectabasura/lib/python3.8/site-packages/detectabasura/detectabasura_s__rosidl_typesupport_fastrtps_c.cpython-38-aarch64-linux-gnu.so
[2.108s] -- Up-to-date: /home/jetson/guali_ws/install/detectabasura/lib/python3.8/site-packages/detectabasura/detectabasura_s__rosidl_typesupport_introspection_c.cpython-38-aarch64-linux-gnu.so
[2.112s] -- Up-to-date: /home/jetson/guali_ws/install/detectabasura/lib/python3.8/site-packages/detectabasura/detectabasura_s__rosidl_typesupport_c.cpython-38-aarch64-linux-gnu.so
[2.115s] -- Up-to-date: /home/jetson/guali_ws/install/detectabasura/lib/libdetectabasura__python.so
[2.117s] -- Up-to-date: /home/jetson/guali_ws/install/detectabasura/share/detectabasura/msg/SixDOFArmControl.idl
[2.118s] -- Up-to-date: /home/jetson/guali_ws/install/detectabasura/share/detectabasura/msg/SixDOFArmControl.msg
[2.120s] -- Up-to-date: /home/jetson/guali_ws/install/detectabasura/lib/detectabasura/video_publisher_cli
[2.123s] -- Up-to-date: /home/jetson/guali_ws/install/detectabasura/lib/detectabasura/video_publisher_usb
[2.126s] -- Up-to-date: /home/jetson/guali_ws/install/detectabasura/lib/detectabasura/serialMCU
[2.127s] -- Up-to-date: /home/jetson/guali_ws/install/detectabasura/share/ament_index/resource_index/package_run_dependencies/detectabasura
[2.129s] -- Up-to-date: /home/jetson/guali_ws/install/detectabasura/share/ament_index/resource_index/parent_prefix_path/detectabasura
[2.131s] -- Up-to-date: /home/jetson/guali_ws/install/detectabasura/share/detectabasura/environment/ament_prefix_path.sh
[2.132s] -- Up-to-date: /home/jetson/guali_ws/install/detectabasura/share/detectabasura/environment/ament_prefix_path.dsv
[2.133s] -- Up-to-date: /home/jetson/guali_ws/install/detectabasura/share/detectabasura/environment/path.sh
[2.134s] -- Up-to-date: /home/jetson/guali_ws/install/detectabasura/share/detectabasura/environment/path.dsv
[2.135s] -- Up-to-date: /home/jetson/guali_ws/install/detectabasura/share/detectabasura/local_setup.bash
[2.135s] -- Up-to-date: /home/jetson/guali_ws/install/detectabasura/share/detectabasura/local_setup.sh
[2.137s] -- Up-to-date: /home/jetson/guali_ws/install/detectabasura/share/detectabasura/local_setup.zsh
[2.138s] -- Up-to-date: /home/jetson/guali_ws/install/detectabasura/share/detectabasura/local_setup.dsv
[2.139s] -- Installing: /home/jetson/guali_ws/install/detectabasura/share/detectabasura/package.dsv
[2.141s] -- Up-to-date: /home/jetson/guali_ws/install/detectabasura/share/ament_index/resource_index/packages/detectabasura
[2.143s] -- Up-to-date: /home/jetson/guali_ws/install/detectabasura/share/detectabasura/cmake/detectabasura__rosidl_generator_cExport.cmake
[2.143s] -- Up-to-date: /home/jetson/guali_ws/install/detectabasura/share/detectabasura/cmake/detectabasura__rosidl_generator_cExport-release.cmake
[2.144s] -- Up-to-date: /home/jetson/guali_ws/install/detectabasura/share/detectabasura/cmake/detectabasura__rosidl_typesupport_introspection_cExport.cmake
[2.144s] -- Up-to-date: /home/jetson/guali_ws/install/detectabasura/share/detectabasura/cmake/detectabasura__rosidl_typesupport_introspection_cExport-release.cmake
[2.147s] -- Up-to-date: /home/jetson/guali_ws/install/detectabasura/share/detectabasura/cmake/detectabasura__rosidl_typesupport_cExport.cmake
[2.147s] -- Up-to-date: /home/jetson/guali_ws/install/detectabasura/share/detectabasura/cmake/detectabasura__rosidl_typesupport_cExport-release.cmake
[2.148s] -- Up-to-date: /home/jetson/guali_ws/install/detectabasura/share/detectabasura/cmake/detectabasura__rosidl_generator_cppExport.cmake
[2.148s] -- Up-to-date: /home/jetson/guali_ws/install/detectabasura/share/detectabasura/cmake/detectabasura__rosidl_typesupport_introspection_cppExport.cmake
[2.149s] -- Up-to-date: /home/jetson/guali_ws/install/detectabasura/share/detectabasura/cmake/detectabasura__rosidl_typesupport_introspection_cppExport-release.cmake
[2.150s] -- Up-to-date: /home/jetson/guali_ws/install/detectabasura/share/detectabasura/cmake/detectabasura__rosidl_typesupport_cppExport.cmake
[2.151s] -- Up-to-date: /home/jetson/guali_ws/install/detectabasura/share/detectabasura/cmake/detectabasura__rosidl_typesupport_cppExport-release.cmake
[2.151s] -- Up-to-date: /home/jetson/guali_ws/install/detectabasura/share/detectabasura/cmake/rosidl_cmake-extras.cmake
[2.152s] -- Up-to-date: /home/jetson/guali_ws/install/detectabasura/share/detectabasura/cmake/ament_cmake_export_dependencies-extras.cmake
[2.153s] -- Up-to-date: /home/jetson/guali_ws/install/detectabasura/share/detectabasura/cmake/ament_cmake_export_libraries-extras.cmake
[2.154s] -- Up-to-date: /home/jetson/guali_ws/install/detectabasura/share/detectabasura/cmake/ament_cmake_export_targets-extras.cmake
[2.154s] -- Up-to-date: /home/jetson/guali_ws/install/detectabasura/share/detectabasura/cmake/ament_cmake_export_include_directories-extras.cmake
[2.154s] -- Up-to-date: /home/jetson/guali_ws/install/detectabasura/share/detectabasura/cmake/rosidl_cmake_export_typesupport_libraries-extras.cmake
[2.155s] -- Up-to-date: /home/jetson/guali_ws/install/detectabasura/share/detectabasura/cmake/rosidl_cmake_export_typesupport_targets-extras.cmake
[2.155s] -- Up-to-date: /home/jetson/guali_ws/install/detectabasura/share/detectabasura/cmake/detectabasuraConfig.cmake
[2.155s] -- Up-to-date: /home/jetson/guali_ws/install/detectabasura/share/detectabasura/cmake/detectabasuraConfig-version.cmake
[2.156s] -- Up-to-date: /home/jetson/guali_ws/install/detectabasura/share/detectabasura/package.xml
[2.168s] Invoked command in '/home/jetson/guali_ws/build/detectabasura' returned '0': CMAKE_PREFIX_PATH=${CMAKE_PREFIX_PATH}:/opt/ros/foxy /usr/bin/cmake --install /home/jetson/guali_ws/build/detectabasura
