-- Found ament_cmake: 0.9.12 (/opt/ros/foxy/share/ament_cmake/cmake)
-- Found PythonInterp: /usr/bin/python3 (found suitable version "3.8.10", minimum required is "3") 
-- Using PYTHON_EXECUTABLE: /usr/bin/python3
-- Found rclcpp: 2.4.3 (/opt/ros/foxy/share/rclcpp/cmake)
-- Using all available rosidl_typesupport_c: rosidl_typesupport_fastrtps_c;rosidl_typesupport_introspection_c
-- Found rosidl_adapter: 1.3.1 (/opt/ros/foxy/share/rosidl_adapter/cmake)
-- Using all available rosidl_typesupport_cpp: rosidl_typesupport_fastrtps_cpp;rosidl_typesupport_introspection_cpp
-- Found rmw_implementation_cmake: 1.0.4 (/opt/ros/foxy/share/rmw_implementation_cmake/cmake)
-- Using RMW implementation 'rmw_fastrtps_cpp' as default
-- Found sensor_msgs: 2.0.5 (/opt/ros/foxy/share/sensor_msgs/cmake)
-- Found cv_bridge: 3.0.7 (/opt/ros/foxy/share/cv_bridge/cmake)
-- Found rosidl_default_generators: 1.0.1 (/opt/ros/foxy/share/rosidl_default_generators/cmake)
-- Found PythonInterp: /usr/bin/python3 (found version "3.8.10") 
-- Found ament_cmake_ros: 0.9.2 (/opt/ros/foxy/share/ament_cmake_ros/cmake)
-- Using all available rosidl_typesupport_c: rosidl_typesupport_fastrtps_c;rosidl_typesupport_introspection_c
-- Using all available rosidl_typesupport_cpp: rosidl_typesupport_fastrtps_cpp;rosidl_typesupport_introspection_cpp
-- Found PythonInterp: /usr/bin/python3 (found suitable version "3.8.10", minimum required is "3.5") 
-- Found python_cmake_module: 0.8.1 (/opt/ros/foxy/share/python_cmake_module/cmake)
-- Using PYTHON_EXECUTABLE: /usr/bin/python3
-- Using PYTHON_INCLUDE_DIRS: /usr/include/python3.8
-- Using PYTHON_LIBRARIES: /usr/lib/aarch64-linux-gnu/libpython3.8.so
-- Configuring done
-- Generating done
-- Build files have been written to: /home/jetson/guali_ws/build/detectabasura
[  2%] Built target detectabasura__cpp
[35m[1mScanning dependencies of target video_publisher_usb[0m
[  5%] [32mBuilding CXX object CMakeFiles/video_publisher_usb.dir/src/video_publisher_usb.cpp.o[0m
[  8%] [32m[1mLinking CXX executable detectabasura/video_publisher_usb[0m
[  8%] Built target video_publisher_usb
[35m[1mScanning dependencies of target detectabasura__rosidl_typesupport_cpp[0m
[ 11%] [32mBuilding CXX object CMakeFiles/detectabasura__rosidl_typesupport_cpp.dir/rosidl_typesupport_cpp/detectabasura/msg/six_dof_arm_control__type_support.cpp.o[0m
[ 14%] [32m[1mLinking CXX shared library libdetectabasura__rosidl_typesupport_cpp.so[0m
[ 17%] Built target detectabasura__rosidl_typesupport_cpp
[35m[1mScanning dependencies of target detectabasura__rosidl_typesupport_fastrtps_cpp[0m
[ 20%] [32mBuilding CXX object CMakeFiles/detectabasura__rosidl_typesupport_fastrtps_cpp.dir/rosidl_typesupport_fastrtps_cpp/detectabasura/msg/detail/dds_fastrtps/six_dof_arm_control__type_support.cpp.o[0m
[ 22%] [32m[1mLinking CXX shared library libdetectabasura__rosidl_typesupport_fastrtps_cpp.so[0m
[ 25%] Built target detectabasura__rosidl_typesupport_fastrtps_cpp
[35m[1mScanning dependencies of target detectabasura__rosidl_typesupport_introspection_cpp[0m
[ 28%] [32mBuilding CXX object CMakeFiles/detectabasura__rosidl_typesupport_introspection_cpp.dir/rosidl_typesupport_introspection_cpp/detectabasura/msg/detail/six_dof_arm_control__type_support.cpp.o[0m
[ 31%] [32m[1mLinking CXX shared library libdetectabasura__rosidl_typesupport_introspection_cpp.so[0m
[ 34%] Built target detectabasura__rosidl_typesupport_introspection_cpp
[35m[1mScanning dependencies of target video_publisher_cli[0m
[ 37%] [32mBuilding CXX object CMakeFiles/video_publisher_cli.dir/src/video_publisher_cli.cpp.o[0m
[ 40%] [32m[1mLinking CXX executable detectabasura/video_publisher_cli[0m
[ 40%] Built target video_publisher_cli
[35m[1mScanning dependencies of target detectabasura__rosidl_generator_c[0m
[ 42%] [32mBuilding C object CMakeFiles/detectabasura__rosidl_generator_c.dir/rosidl_generator_c/detectabasura/msg/detail/six_dof_arm_control__functions.c.o[0m
[ 45%] [32m[1mLinking C shared library libdetectabasura__rosidl_generator_c.so[0m
[ 48%] Built target detectabasura__rosidl_generator_c
[35m[1mScanning dependencies of target detectabasura__rosidl_typesupport_fastrtps_c[0m
[ 51%] [32mBuilding CXX object CMakeFiles/detectabasura__rosidl_typesupport_fastrtps_c.dir/rosidl_typesupport_fastrtps_c/detectabasura/msg/detail/six_dof_arm_control__type_support_c.cpp.o[0m
[ 54%] [32m[1mLinking CXX shared library libdetectabasura__rosidl_typesupport_fastrtps_c.so[0m
[ 57%] Built target detectabasura__rosidl_typesupport_fastrtps_c
[35m[1mScanning dependencies of target detectabasura__rosidl_typesupport_c[0m
[ 60%] [32mBuilding CXX object CMakeFiles/detectabasura__rosidl_typesupport_c.dir/rosidl_typesupport_c/detectabasura/msg/six_dof_arm_control__type_support.cpp.o[0m
[ 62%] [32m[1mLinking CXX shared library libdetectabasura__rosidl_typesupport_c.so[0m
[ 65%] Built target detectabasura__rosidl_typesupport_c
[35m[1mScanning dependencies of target detectabasura__rosidl_typesupport_introspection_c[0m
[ 68%] [32mBuilding C object CMakeFiles/detectabasura__rosidl_typesupport_introspection_c.dir/rosidl_typesupport_introspection_c/detectabasura/msg/detail/six_dof_arm_control__type_support.c.o[0m
[ 71%] [32m[1mLinking C shared library libdetectabasura__rosidl_typesupport_introspection_c.so[0m
[ 74%] Built target detectabasura__rosidl_typesupport_introspection_c
[ 74%] Built target detectabasura
[ 77%] Built target detectabasura__py
[35m[1mScanning dependencies of target detectabasura__python[0m
[ 80%] [32mBuilding C object CMakeFiles/detectabasura__python.dir/rosidl_generator_py/detectabasura/msg/_six_dof_arm_control_s.c.o[0m
[ 82%] [32m[1mLinking C shared library rosidl_generator_py/detectabasura/libdetectabasura__python.so[0m
[ 82%] Built target detectabasura__python
[35m[1mScanning dependencies of target detectabasura__rosidl_typesupport_introspection_c__pyext[0m
[ 85%] [32mBuilding C object CMakeFiles/detectabasura__rosidl_typesupport_introspection_c__pyext.dir/rosidl_generator_py/detectabasura/_detectabasura_s.ep.rosidl_typesupport_introspection_c.c.o[0m
[ 88%] [32m[1mLinking C shared library rosidl_generator_py/detectabasura/detectabasura_s__rosidl_typesupport_introspection_c.cpython-38-aarch64-linux-gnu.so[0m
[ 88%] Built target detectabasura__rosidl_typesupport_introspection_c__pyext
[35m[1mScanning dependencies of target detectabasura__rosidl_typesupport_c__pyext[0m
[ 91%] [32mBuilding C object CMakeFiles/detectabasura__rosidl_typesupport_c__pyext.dir/rosidl_generator_py/detectabasura/_detectabasura_s.ep.rosidl_typesupport_c.c.o[0m
[ 94%] [32m[1mLinking C shared library rosidl_generator_py/detectabasura/detectabasura_s__rosidl_typesupport_c.cpython-38-aarch64-linux-gnu.so[0m
[ 94%] Built target detectabasura__rosidl_typesupport_c__pyext
[35m[1mScanning dependencies of target detectabasura__rosidl_typesupport_fastrtps_c__pyext[0m
[ 97%] [32mBuilding C object CMakeFiles/detectabasura__rosidl_typesupport_fastrtps_c__pyext.dir/rosidl_generator_py/detectabasura/_detectabasura_s.ep.rosidl_typesupport_fastrtps_c.c.o[0m
[100%] [32m[1mLinking CXX shared library rosidl_generator_py/detectabasura/detectabasura_s__rosidl_typesupport_fastrtps_c.cpython-38-aarch64-linux-gnu.so[0m
[100%] Built target detectabasura__rosidl_typesupport_fastrtps_c__pyext
-- Install configuration: "Release"
-- Up-to-date: /home/jetson/guali_ws/install/detectabasura/share/ament_index/resource_index/rosidl_interfaces/detectabasura
-- Up-to-date: /home/jetson/guali_ws/install/detectabasura/include/detectabasura
-- Up-to-date: /home/jetson/guali_ws/install/detectabasura/include/detectabasura/msg
-- Up-to-date: /home/jetson/guali_ws/install/detectabasura/include/detectabasura/msg/detail
-- Installing: /home/jetson/guali_ws/install/detectabasura/include/detectabasura/msg/detail/six_dof_arm_control__functions.c
-- Installing: /home/jetson/guali_ws/install/detectabasura/include/detectabasura/msg/detail/six_dof_arm_control__struct.h
-- Installing: /home/jetson/guali_ws/install/detectabasura/include/detectabasura/msg/detail/six_dof_arm_control__type_support.h
-- Installing: /home/jetson/guali_ws/install/detectabasura/include/detectabasura/msg/detail/six_dof_arm_control__functions.h
-- Up-to-date: /home/jetson/guali_ws/install/detectabasura/include/detectabasura/msg/rosidl_generator_c__visibility_control.h
-- Up-to-date: /home/jetson/guali_ws/install/detectabasura/include/detectabasura/msg/six_dof_arm_control.h
-- Installing: /home/jetson/guali_ws/install/detectabasura/share/detectabasura/environment/library_path.sh
-- Installing: /home/jetson/guali_ws/install/detectabasura/share/detectabasura/environment/library_path.dsv
-- Installing: /home/jetson/guali_ws/install/detectabasura/lib/libdetectabasura__rosidl_generator_c.so
-- Set runtime path of "/home/jetson/guali_ws/install/detectabasura/lib/libdetectabasura__rosidl_generator_c.so" to ""
-- Up-to-date: /home/jetson/guali_ws/install/detectabasura/include/detectabasura
-- Up-to-date: /home/jetson/guali_ws/install/detectabasura/include/detectabasura/msg
-- Up-to-date: /home/jetson/guali_ws/install/detectabasura/include/detectabasura/msg/detail
-- Up-to-date: /home/jetson/guali_ws/install/detectabasura/include/detectabasura/msg/detail/six_dof_arm_control__rosidl_typesupport_fastrtps_c.h
-- Up-to-date: /home/jetson/guali_ws/install/detectabasura/include/detectabasura/msg/rosidl_typesupport_fastrtps_c__visibility_control.h
-- Installing: /home/jetson/guali_ws/install/detectabasura/lib/libdetectabasura__rosidl_typesupport_fastrtps_c.so
-- Set runtime path of "/home/jetson/guali_ws/install/detectabasura/lib/libdetectabasura__rosidl_typesupport_fastrtps_c.so" to ""
-- Up-to-date: /home/jetson/guali_ws/install/detectabasura/include/detectabasura
-- Up-to-date: /home/jetson/guali_ws/install/detectabasura/include/detectabasura/msg
-- Up-to-date: /home/jetson/guali_ws/install/detectabasura/include/detectabasura/msg/detail
-- Up-to-date: /home/jetson/guali_ws/install/detectabasura/include/detectabasura/msg/detail/six_dof_arm_control__rosidl_typesupport_fastrtps_cpp.hpp
-- Installing: /home/jetson/guali_ws/install/detectabasura/include/detectabasura/msg/detail/dds_fastrtps
-- Up-to-date: /home/jetson/guali_ws/install/detectabasura/include/detectabasura/msg/rosidl_typesupport_fastrtps_cpp__visibility_control.h
-- Installing: /home/jetson/guali_ws/install/detectabasura/lib/libdetectabasura__rosidl_typesupport_fastrtps_cpp.so
-- Set runtime path of "/home/jetson/guali_ws/install/detectabasura/lib/libdetectabasura__rosidl_typesupport_fastrtps_cpp.so" to ""
-- Up-to-date: /home/jetson/guali_ws/install/detectabasura/include/detectabasura
-- Up-to-date: /home/jetson/guali_ws/install/detectabasura/include/detectabasura/msg
-- Up-to-date: /home/jetson/guali_ws/install/detectabasura/include/detectabasura/msg/detail
-- Up-to-date: /home/jetson/guali_ws/install/detectabasura/include/detectabasura/msg/detail/six_dof_arm_control__type_support.c
-- Up-to-date: /home/jetson/guali_ws/install/detectabasura/include/detectabasura/msg/detail/six_dof_arm_control__rosidl_typesupport_introspection_c.h
-- Up-to-date: /home/jetson/guali_ws/install/detectabasura/include/detectabasura/msg/rosidl_typesupport_introspection_c__visibility_control.h
-- Installing: /home/jetson/guali_ws/install/detectabasura/lib/libdetectabasura__rosidl_typesupport_introspection_c.so
-- Set runtime path of "/home/jetson/guali_ws/install/detectabasura/lib/libdetectabasura__rosidl_typesupport_introspection_c.so" to ""
-- Installing: /home/jetson/guali_ws/install/detectabasura/lib/libdetectabasura__rosidl_typesupport_c.so
-- Set runtime path of "/home/jetson/guali_ws/install/detectabasura/lib/libdetectabasura__rosidl_typesupport_c.so" to ""
-- Up-to-date: /home/jetson/guali_ws/install/detectabasura/include/detectabasura
-- Up-to-date: /home/jetson/guali_ws/install/detectabasura/include/detectabasura/msg
-- Up-to-date: /home/jetson/guali_ws/install/detectabasura/include/detectabasura/msg/detail
-- Up-to-date: /home/jetson/guali_ws/install/detectabasura/include/detectabasura/msg/detail/six_dof_arm_control__struct.hpp
-- Up-to-date: /home/jetson/guali_ws/install/detectabasura/include/detectabasura/msg/detail/six_dof_arm_control__type_support.hpp
-- Up-to-date: /home/jetson/guali_ws/install/detectabasura/include/detectabasura/msg/detail/six_dof_arm_control__traits.hpp
-- Up-to-date: /home/jetson/guali_ws/install/detectabasura/include/detectabasura/msg/detail/six_dof_arm_control__builder.hpp
-- Up-to-date: /home/jetson/guali_ws/install/detectabasura/include/detectabasura/msg/six_dof_arm_control.hpp
-- Up-to-date: /home/jetson/guali_ws/install/detectabasura/include/detectabasura/msg/rosidl_generator_cpp__visibility_control.hpp
-- Up-to-date: /home/jetson/guali_ws/install/detectabasura/include/detectabasura
-- Up-to-date: /home/jetson/guali_ws/install/detectabasura/include/detectabasura/msg
-- Up-to-date: /home/jetson/guali_ws/install/detectabasura/include/detectabasura/msg/detail
-- Up-to-date: /home/jetson/guali_ws/install/detectabasura/include/detectabasura/msg/detail/six_dof_arm_control__rosidl_typesupport_introspection_cpp.hpp
-- Up-to-date: /home/jetson/guali_ws/install/detectabasura/include/detectabasura/msg/detail/six_dof_arm_control__type_support.cpp
-- Installing: /home/jetson/guali_ws/install/detectabasura/lib/libdetectabasura__rosidl_typesupport_introspection_cpp.so
-- Set runtime path of "/home/jetson/guali_ws/install/detectabasura/lib/libdetectabasura__rosidl_typesupport_introspection_cpp.so" to ""
-- Installing: /home/jetson/guali_ws/install/detectabasura/lib/libdetectabasura__rosidl_typesupport_cpp.so
-- Set runtime path of "/home/jetson/guali_ws/install/detectabasura/lib/libdetectabasura__rosidl_typesupport_cpp.so" to ""
-- Up-to-date: /home/jetson/guali_ws/install/detectabasura/share/detectabasura/environment/pythonpath.sh
-- Installing: /home/jetson/guali_ws/install/detectabasura/share/detectabasura/environment/pythonpath.dsv
-- Installing: /home/jetson/guali_ws/install/detectabasura/lib/python3.8/site-packages/detectabasura/__init__.py
Compiling '/home/jetson/guali_ws/install/detectabasura/lib/python3.8/site-packages/detectabasura/__init__.py'...
-- Up-to-date: /home/jetson/guali_ws/install/detectabasura/lib/python3.8/site-packages/detectabasura/msg
-- Up-to-date: /home/jetson/guali_ws/install/detectabasura/lib/python3.8/site-packages/detectabasura/msg/_six_dof_arm_control_s.c
-- Up-to-date: /home/jetson/guali_ws/install/detectabasura/lib/python3.8/site-packages/detectabasura/msg/_six_dof_arm_control.py
-- Up-to-date: /home/jetson/guali_ws/install/detectabasura/lib/python3.8/site-packages/detectabasura/msg/__init__.py
-- Installing: /home/jetson/guali_ws/install/detectabasura/lib/python3.8/site-packages/detectabasura/detectabasura_s__rosidl_typesupport_fastrtps_c.cpython-38-aarch64-linux-gnu.so
-- Set runtime path of "/home/jetson/guali_ws/install/detectabasura/lib/python3.8/site-packages/detectabasura/detectabasura_s__rosidl_typesupport_fastrtps_c.cpython-38-aarch64-linux-gnu.so" to ""
-- Installing: /home/jetson/guali_ws/install/detectabasura/lib/python3.8/site-packages/detectabasura/detectabasura_s__rosidl_typesupport_introspection_c.cpython-38-aarch64-linux-gnu.so
-- Set runtime path of "/home/jetson/guali_ws/install/detectabasura/lib/python3.8/site-packages/detectabasura/detectabasura_s__rosidl_typesupport_introspection_c.cpython-38-aarch64-linux-gnu.so" to ""
-- Installing: /home/jetson/guali_ws/install/detectabasura/lib/python3.8/site-packages/detectabasura/detectabasura_s__rosidl_typesupport_c.cpython-38-aarch64-linux-gnu.so
-- Set runtime path of "/home/jetson/guali_ws/install/detectabasura/lib/python3.8/site-packages/detectabasura/detectabasura_s__rosidl_typesupport_c.cpython-38-aarch64-linux-gnu.so" to ""
-- Installing: /home/jetson/guali_ws/install/detectabasura/lib/libdetectabasura__python.so
-- Set runtime path of "/home/jetson/guali_ws/install/detectabasura/lib/libdetectabasura__python.so" to ""
-- Up-to-date: /home/jetson/guali_ws/install/detectabasura/share/detectabasura/msg/SixDOFArmControl.idl
-- Up-to-date: /home/jetson/guali_ws/install/detectabasura/share/detectabasura/msg/SixDOFArmControl.msg
-- Installing: /home/jetson/guali_ws/install/detectabasura/lib/detectabasura/video_publisher_cli
-- Set runtime path of "/home/jetson/guali_ws/install/detectabasura/lib/detectabasura/video_publisher_cli" to ""
-- Installing: /home/jetson/guali_ws/install/detectabasura/lib/detectabasura/video_publisher_usb
-- Set runtime path of "/home/jetson/guali_ws/install/detectabasura/lib/detectabasura/video_publisher_usb" to ""
-- Up-to-date: /home/jetson/guali_ws/install/detectabasura/share/ament_index/resource_index/package_run_dependencies/detectabasura
-- Up-to-date: /home/jetson/guali_ws/install/detectabasura/share/ament_index/resource_index/parent_prefix_path/detectabasura
-- Installing: /home/jetson/guali_ws/install/detectabasura/share/detectabasura/environment/ament_prefix_path.sh
-- Installing: /home/jetson/guali_ws/install/detectabasura/share/detectabasura/environment/ament_prefix_path.dsv
-- Installing: /home/jetson/guali_ws/install/detectabasura/share/detectabasura/environment/path.sh
-- Installing: /home/jetson/guali_ws/install/detectabasura/share/detectabasura/environment/path.dsv
-- Up-to-date: /home/jetson/guali_ws/install/detectabasura/share/detectabasura/local_setup.bash
-- Up-to-date: /home/jetson/guali_ws/install/detectabasura/share/detectabasura/local_setup.sh
-- Up-to-date: /home/jetson/guali_ws/install/detectabasura/share/detectabasura/local_setup.zsh
-- Installing: /home/jetson/guali_ws/install/detectabasura/share/detectabasura/local_setup.dsv
-- Installing: /home/jetson/guali_ws/install/detectabasura/share/detectabasura/package.dsv
-- Up-to-date: /home/jetson/guali_ws/install/detectabasura/share/ament_index/resource_index/packages/detectabasura
-- Up-to-date: /home/jetson/guali_ws/install/detectabasura/share/detectabasura/cmake/detectabasura__rosidl_generator_cExport.cmake
-- Installing: /home/jetson/guali_ws/install/detectabasura/share/detectabasura/cmake/detectabasura__rosidl_generator_cExport-release.cmake
-- Up-to-date: /home/jetson/guali_ws/install/detectabasura/share/detectabasura/cmake/detectabasura__rosidl_typesupport_introspection_cExport.cmake
-- Installing: /home/jetson/guali_ws/install/detectabasura/share/detectabasura/cmake/detectabasura__rosidl_typesupport_introspection_cExport-release.cmake
-- Up-to-date: /home/jetson/guali_ws/install/detectabasura/share/detectabasura/cmake/detectabasura__rosidl_typesupport_cExport.cmake
-- Installing: /home/jetson/guali_ws/install/detectabasura/share/detectabasura/cmake/detectabasura__rosidl_typesupport_cExport-release.cmake
-- Up-to-date: /home/jetson/guali_ws/install/detectabasura/share/detectabasura/cmake/detectabasura__rosidl_generator_cppExport.cmake
-- Up-to-date: /home/jetson/guali_ws/install/detectabasura/share/detectabasura/cmake/detectabasura__rosidl_typesupport_introspection_cppExport.cmake
-- Installing: /home/jetson/guali_ws/install/detectabasura/share/detectabasura/cmake/detectabasura__rosidl_typesupport_introspection_cppExport-release.cmake
-- Up-to-date: /home/jetson/guali_ws/install/detectabasura/share/detectabasura/cmake/detectabasura__rosidl_typesupport_cppExport.cmake
-- Installing: /home/jetson/guali_ws/install/detectabasura/share/detectabasura/cmake/detectabasura__rosidl_typesupport_cppExport-release.cmake
-- Up-to-date: /home/jetson/guali_ws/install/detectabasura/share/detectabasura/cmake/rosidl_cmake-extras.cmake
-- Up-to-date: /home/jetson/guali_ws/install/detectabasura/share/detectabasura/cmake/ament_cmake_export_dependencies-extras.cmake
-- Up-to-date: /home/jetson/guali_ws/install/detectabasura/share/detectabasura/cmake/ament_cmake_export_libraries-extras.cmake
-- Up-to-date: /home/jetson/guali_ws/install/detectabasura/share/detectabasura/cmake/ament_cmake_export_targets-extras.cmake
-- Up-to-date: /home/jetson/guali_ws/install/detectabasura/share/detectabasura/cmake/ament_cmake_export_include_directories-extras.cmake
-- Up-to-date: /home/jetson/guali_ws/install/detectabasura/share/detectabasura/cmake/rosidl_cmake_export_typesupport_libraries-extras.cmake
-- Up-to-date: /home/jetson/guali_ws/install/detectabasura/share/detectabasura/cmake/rosidl_cmake_export_typesupport_targets-extras.cmake
-- Up-to-date: /home/jetson/guali_ws/install/detectabasura/share/detectabasura/cmake/detectabasuraConfig.cmake
-- Up-to-date: /home/jetson/guali_ws/install/detectabasura/share/detectabasura/cmake/detectabasuraConfig-version.cmake
-- Up-to-date: /home/jetson/guali_ws/install/detectabasura/share/detectabasura/package.xml
