[0.182s] Invoking command in '/home/jetson/guali_ws/build/detectabasura': CMAKE_PREFIX_PATH=${CMAKE_PREFIX_PATH}:/opt/ros/foxy /usr/bin/cmake --build /home/jetson/guali_ws/build/detectabasura -- -j4 -l4
[0.700s] -- Found ament_cmake: 0.9.12 (/opt/ros/foxy/share/ament_cmake/cmake)
[0.878s] -- Found PythonInterp: /usr/bin/python3 (found suitable version "3.8.10", minimum required is "3") 
[0.885s] -- Using PYTHON_EXECUTABLE: /usr/bin/python3
[4.940s] -- Found rclcpp: 2.4.3 (/opt/ros/foxy/share/rclcpp/cmake)
[5.435s] -- Using all available rosidl_typesupport_c: rosidl_typesupport_fastrtps_c;rosidl_typesupport_introspection_c
[5.568s] -- Found rosidl_adapter: 1.3.1 (/opt/ros/foxy/share/rosidl_adapter/cmake)
[6.514s] -- Using all available rosidl_typesupport_cpp: rosidl_typesupport_fastrtps_cpp;rosidl_typesupport_introspection_cpp
[7.061s] -- Found rmw_implementation_cmake: 1.0.4 (/opt/ros/foxy/share/rmw_implementation_cmake/cmake)
[7.069s] -- Using RMW implementation 'rmw_fastrtps_cpp' as default
[8.535s] -- Found sensor_msgs: 2.0.5 (/opt/ros/foxy/share/sensor_msgs/cmake)
[9.630s] -- Found cv_bridge: 3.0.7 (/opt/ros/foxy/share/cv_bridge/cmake)
[9.909s] -- Found rosidl_default_generators: 1.0.1 (/opt/ros/foxy/share/rosidl_default_generators/cmake)
[10.100s] -- Found PythonInterp: /usr/bin/python3 (found version "3.8.10") 
[10.675s] -- Found ament_cmake_ros: 0.9.2 (/opt/ros/foxy/share/ament_cmake_ros/cmake)
[11.290s] -- Using all available rosidl_typesupport_c: rosidl_typesupport_fastrtps_c;rosidl_typesupport_introspection_c
[11.348s] -- Using all available rosidl_typesupport_cpp: rosidl_typesupport_fastrtps_cpp;rosidl_typesupport_introspection_cpp
[11.455s] -- Found PythonInterp: /usr/bin/python3 (found suitable version "3.8.10", minimum required is "3.5") 
[11.458s] -- Found python_cmake_module: 0.8.1 (/opt/ros/foxy/share/python_cmake_module/cmake)
[11.569s] -- Using PYTHON_EXECUTABLE: /usr/bin/python3
[11.569s] -- Using PYTHON_INCLUDE_DIRS: /usr/include/python3.8
[11.569s] -- Using PYTHON_LIBRARIES: /usr/lib/aarch64-linux-gnu/libpython3.8.so
[11.916s] -- Configuring done
[12.402s] -- Generating done
[12.435s] -- Build files have been written to: /home/jetson/guali_ws/build/detectabasura
[12.638s] [  2%] Built target detectabasura__cpp
[12.717s] [35m[1mScanning dependencies of target video_publisher_usb[0m
[12.929s] [  5%] [32mBuilding CXX object CMakeFiles/video_publisher_usb.dir/src/video_publisher_usb.cpp.o[0m
[40.846s] [  8%] [32m[1mLinking CXX executable detectabasura/video_publisher_usb[0m
[46.011s] /usr/bin/ld: warning: libopencv_core.so.4.2, needed by /opt/ros/foxy/lib/libcv_bridge.so, may conflict with libopencv_core.so.406
[46.102s] [  8%] Built target video_publisher_usb
[46.176s] [35m[1mScanning dependencies of target detectabasura__rosidl_typesupport_cpp[0m
[46.232s] [ 11%] [32mBuilding CXX object CMakeFiles/detectabasura__rosidl_typesupport_cpp.dir/rosidl_typesupport_cpp/detectabasura/msg/six_dof_arm_control__type_support.cpp.o[0m
[47.398s] [ 14%] [32m[1mLinking CXX shared library libdetectabasura__rosidl_typesupport_cpp.so[0m
[47.547s] [ 17%] Built target detectabasura__rosidl_typesupport_cpp
[47.604s] [35m[1mScanning dependencies of target detectabasura__rosidl_typesupport_fastrtps_cpp[0m
[47.689s] [ 20%] [32mBuilding CXX object CMakeFiles/detectabasura__rosidl_typesupport_fastrtps_cpp.dir/rosidl_typesupport_fastrtps_cpp/detectabasura/msg/detail/dds_fastrtps/six_dof_arm_control__type_support.cpp.o[0m
[49.373s] [ 22%] [32m[1mLinking CXX shared library libdetectabasura__rosidl_typesupport_fastrtps_cpp.so[0m
[49.799s] [ 25%] Built target detectabasura__rosidl_typesupport_fastrtps_cpp
[49.848s] [35m[1mScanning dependencies of target detectabasura__rosidl_typesupport_introspection_cpp[0m
[49.902s] [ 28%] [32mBuilding CXX object CMakeFiles/detectabasura__rosidl_typesupport_introspection_cpp.dir/rosidl_typesupport_introspection_cpp/detectabasura/msg/detail/six_dof_arm_control__type_support.cpp.o[0m
[50.967s] [ 31%] [32m[1mLinking CXX shared library libdetectabasura__rosidl_typesupport_introspection_cpp.so[0m
[51.138s] [ 34%] Built target detectabasura__rosidl_typesupport_introspection_cpp
[51.192s] [35m[1mScanning dependencies of target video_publisher_cli[0m
[51.423s] [ 37%] [32mBuilding CXX object CMakeFiles/video_publisher_cli.dir/src/video_publisher_cli.cpp.o[0m
[73.846s] [ 40%] [32m[1mLinking CXX executable detectabasura/video_publisher_cli[0m
[75.866s] /usr/bin/ld: warning: libopencv_core.so.4.2, needed by /opt/ros/foxy/lib/libcv_bridge.so, may conflict with libopencv_core.so.406
[75.904s] [ 40%] Built target video_publisher_cli
[76.083s] [35m[1mScanning dependencies of target detectabasura__rosidl_generator_c[0m
[76.135s] [ 42%] [32mBuilding C object CMakeFiles/detectabasura__rosidl_generator_c.dir/rosidl_generator_c/detectabasura/msg/detail/six_dof_arm_control__functions.c.o[0m
[76.703s] [ 45%] [32m[1mLinking C shared library libdetectabasura__rosidl_generator_c.so[0m
[76.828s] [ 48%] Built target detectabasura__rosidl_generator_c
[76.876s] [35m[1mScanning dependencies of target detectabasura__rosidl_typesupport_fastrtps_c[0m
[76.930s] [ 51%] [32mBuilding CXX object CMakeFiles/detectabasura__rosidl_typesupport_fastrtps_c.dir/rosidl_typesupport_fastrtps_c/detectabasura/msg/detail/six_dof_arm_control__type_support_c.cpp.o[0m
[78.240s] [ 54%] [32m[1mLinking CXX shared library libdetectabasura__rosidl_typesupport_fastrtps_c.so[0m
[78.671s] [ 57%] Built target detectabasura__rosidl_typesupport_fastrtps_c
[78.722s] [35m[1mScanning dependencies of target detectabasura__rosidl_typesupport_c[0m
[78.770s] [ 60%] [32mBuilding CXX object CMakeFiles/detectabasura__rosidl_typesupport_c.dir/rosidl_typesupport_c/detectabasura/msg/six_dof_arm_control__type_support.cpp.o[0m
[78.886s] [ 62%] [32m[1mLinking CXX shared library libdetectabasura__rosidl_typesupport_c.so[0m
[79.018s] [ 65%] Built target detectabasura__rosidl_typesupport_c
[79.066s] [35m[1mScanning dependencies of target detectabasura__rosidl_typesupport_introspection_c[0m
[79.113s] [ 68%] [32mBuilding C object CMakeFiles/detectabasura__rosidl_typesupport_introspection_c.dir/rosidl_typesupport_introspection_c/detectabasura/msg/detail/six_dof_arm_control__type_support.c.o[0m
[79.251s] [ 71%] [32m[1mLinking C shared library libdetectabasura__rosidl_typesupport_introspection_c.so[0m
[79.356s] [ 74%] Built target detectabasura__rosidl_typesupport_introspection_c
[79.433s] [ 74%] Built target detectabasura
[79.522s] [ 77%] Built target detectabasura__py
[79.573s] [35m[1mScanning dependencies of target detectabasura__python[0m
[79.634s] [ 80%] [32mBuilding C object CMakeFiles/detectabasura__python.dir/rosidl_generator_py/detectabasura/msg/_six_dof_arm_control_s.c.o[0m
[80.149s] [ 82%] [32m[1mLinking C shared library rosidl_generator_py/detectabasura/libdetectabasura__python.so[0m
[80.297s] [ 82%] Built target detectabasura__python
[80.344s] [35m[1mScanning dependencies of target detectabasura__rosidl_typesupport_introspection_c__pyext[0m
[80.406s] [ 85%] [32mBuilding C object CMakeFiles/detectabasura__rosidl_typesupport_introspection_c__pyext.dir/rosidl_generator_py/detectabasura/_detectabasura_s.ep.rosidl_typesupport_introspection_c.c.o[0m
[80.793s] [ 88%] [32m[1mLinking C shared library rosidl_generator_py/detectabasura/detectabasura_s__rosidl_typesupport_introspection_c.cpython-38-aarch64-linux-gnu.so[0m
[80.922s] [ 88%] Built target detectabasura__rosidl_typesupport_introspection_c__pyext
[80.967s] [35m[1mScanning dependencies of target detectabasura__rosidl_typesupport_c__pyext[0m
[81.054s] [ 91%] [32mBuilding C object CMakeFiles/detectabasura__rosidl_typesupport_c__pyext.dir/rosidl_generator_py/detectabasura/_detectabasura_s.ep.rosidl_typesupport_c.c.o[0m
[81.438s] [ 94%] [32m[1mLinking C shared library rosidl_generator_py/detectabasura/detectabasura_s__rosidl_typesupport_c.cpython-38-aarch64-linux-gnu.so[0m
[81.563s] [ 94%] Built target detectabasura__rosidl_typesupport_c__pyext
[81.608s] [35m[1mScanning dependencies of target detectabasura__rosidl_typesupport_fastrtps_c__pyext[0m
[81.670s] [ 97%] [32mBuilding C object CMakeFiles/detectabasura__rosidl_typesupport_fastrtps_c__pyext.dir/rosidl_generator_py/detectabasura/_detectabasura_s.ep.rosidl_typesupport_fastrtps_c.c.o[0m
[82.062s] [100%] [32m[1mLinking CXX shared library rosidl_generator_py/detectabasura/detectabasura_s__rosidl_typesupport_fastrtps_c.cpython-38-aarch64-linux-gnu.so[0m
[82.294s] [100%] Built target detectabasura__rosidl_typesupport_fastrtps_c__pyext
[82.351s] Invoked command in '/home/jetson/guali_ws/build/detectabasura' returned '0': CMAKE_PREFIX_PATH=${CMAKE_PREFIX_PATH}:/opt/ros/foxy /usr/bin/cmake --build /home/jetson/guali_ws/build/detectabasura -- -j4 -l4
[82.611s] Invoking command in '/home/jetson/guali_ws/build/detectabasura': CMAKE_PREFIX_PATH=${CMAKE_PREFIX_PATH}:/opt/ros/foxy /usr/bin/cmake --install /home/jetson/guali_ws/build/detectabasura
[82.648s] -- Install configuration: "Release"
[82.651s] -- Up-to-date: /home/jetson/guali_ws/install/detectabasura/share/ament_index/resource_index/rosidl_interfaces/detectabasura
[82.652s] -- Up-to-date: /home/jetson/guali_ws/install/detectabasura/include/detectabasura
[82.653s] -- Up-to-date: /home/jetson/guali_ws/install/detectabasura/include/detectabasura/msg
[82.653s] -- Up-to-date: /home/jetson/guali_ws/install/detectabasura/include/detectabasura/msg/detail
[82.654s] -- Installing: /home/jetson/guali_ws/install/detectabasura/include/detectabasura/msg/detail/six_dof_arm_control__functions.c
[82.660s] -- Installing: /home/jetson/guali_ws/install/detectabasura/include/detectabasura/msg/detail/six_dof_arm_control__struct.h
[82.661s] -- Installing: /home/jetson/guali_ws/install/detectabasura/include/detectabasura/msg/detail/six_dof_arm_control__type_support.h
[82.661s] -- Installing: /home/jetson/guali_ws/install/detectabasura/include/detectabasura/msg/detail/six_dof_arm_control__functions.h
[82.662s] -- Up-to-date: /home/jetson/guali_ws/install/detectabasura/include/detectabasura/msg/rosidl_generator_c__visibility_control.h
[82.662s] -- Up-to-date: /home/jetson/guali_ws/install/detectabasura/include/detectabasura/msg/six_dof_arm_control.h
[82.663s] -- Installing: /home/jetson/guali_ws/install/detectabasura/share/detectabasura/environment/library_path.sh
[82.663s] -- Installing: /home/jetson/guali_ws/install/detectabasura/share/detectabasura/environment/library_path.dsv
[82.664s] -- Installing: /home/jetson/guali_ws/install/detectabasura/lib/libdetectabasura__rosidl_generator_c.so
[82.665s] -- Set runtime path of "/home/jetson/guali_ws/install/detectabasura/lib/libdetectabasura__rosidl_generator_c.so" to ""
[82.665s] -- Up-to-date: /home/jetson/guali_ws/install/detectabasura/include/detectabasura
[82.665s] -- Up-to-date: /home/jetson/guali_ws/install/detectabasura/include/detectabasura/msg
[82.666s] -- Up-to-date: /home/jetson/guali_ws/install/detectabasura/include/detectabasura/msg/detail
[82.666s] -- Up-to-date: /home/jetson/guali_ws/install/detectabasura/include/detectabasura/msg/detail/six_dof_arm_control__rosidl_typesupport_fastrtps_c.h
[82.667s] -- Up-to-date: /home/jetson/guali_ws/install/detectabasura/include/detectabasura/msg/rosidl_typesupport_fastrtps_c__visibility_control.h
[82.667s] -- Installing: /home/jetson/guali_ws/install/detectabasura/lib/libdetectabasura__rosidl_typesupport_fastrtps_c.so
[82.668s] -- Set runtime path of "/home/jetson/guali_ws/install/detectabasura/lib/libdetectabasura__rosidl_typesupport_fastrtps_c.so" to ""
[82.669s] -- Up-to-date: /home/jetson/guali_ws/install/detectabasura/include/detectabasura
[82.669s] -- Up-to-date: /home/jetson/guali_ws/install/detectabasura/include/detectabasura/msg
[82.670s] -- Up-to-date: /home/jetson/guali_ws/install/detectabasura/include/detectabasura/msg/detail
[82.670s] -- Up-to-date: /home/jetson/guali_ws/install/detectabasura/include/detectabasura/msg/detail/six_dof_arm_control__rosidl_typesupport_fastrtps_cpp.hpp
[82.671s] -- Installing: /home/jetson/guali_ws/install/detectabasura/include/detectabasura/msg/detail/dds_fastrtps
[82.671s] -- Up-to-date: /home/jetson/guali_ws/install/detectabasura/include/detectabasura/msg/rosidl_typesupport_fastrtps_cpp__visibility_control.h
[82.672s] -- Installing: /home/jetson/guali_ws/install/detectabasura/lib/libdetectabasura__rosidl_typesupport_fastrtps_cpp.so
[82.673s] -- Set runtime path of "/home/jetson/guali_ws/install/detectabasura/lib/libdetectabasura__rosidl_typesupport_fastrtps_cpp.so" to ""
[82.673s] -- Up-to-date: /home/jetson/guali_ws/install/detectabasura/include/detectabasura
[82.674s] -- Up-to-date: /home/jetson/guali_ws/install/detectabasura/include/detectabasura/msg
[82.674s] -- Up-to-date: /home/jetson/guali_ws/install/detectabasura/include/detectabasura/msg/detail
[82.675s] -- Up-to-date: /home/jetson/guali_ws/install/detectabasura/include/detectabasura/msg/detail/six_dof_arm_control__type_support.c
[82.675s] -- Up-to-date: /home/jetson/guali_ws/install/detectabasura/include/detectabasura/msg/detail/six_dof_arm_control__rosidl_typesupport_introspection_c.h
[82.676s] -- Up-to-date: /home/jetson/guali_ws/install/detectabasura/include/detectabasura/msg/rosidl_typesupport_introspection_c__visibility_control.h
[82.676s] -- Installing: /home/jetson/guali_ws/install/detectabasura/lib/libdetectabasura__rosidl_typesupport_introspection_c.so
[82.677s] -- Set runtime path of "/home/jetson/guali_ws/install/detectabasura/lib/libdetectabasura__rosidl_typesupport_introspection_c.so" to ""
[82.678s] -- Installing: /home/jetson/guali_ws/install/detectabasura/lib/libdetectabasura__rosidl_typesupport_c.so
[82.680s] -- Set runtime path of "/home/jetson/guali_ws/install/detectabasura/lib/libdetectabasura__rosidl_typesupport_c.so" to ""
[82.680s] -- Up-to-date: /home/jetson/guali_ws/install/detectabasura/include/detectabasura
[82.681s] -- Up-to-date: /home/jetson/guali_ws/install/detectabasura/include/detectabasura/msg
[82.682s] -- Up-to-date: /home/jetson/guali_ws/install/detectabasura/include/detectabasura/msg/detail
[82.682s] -- Up-to-date: /home/jetson/guali_ws/install/detectabasura/include/detectabasura/msg/detail/six_dof_arm_control__struct.hpp
[82.683s] -- Up-to-date: /home/jetson/guali_ws/install/detectabasura/include/detectabasura/msg/detail/six_dof_arm_control__type_support.hpp
[82.683s] -- Up-to-date: /home/jetson/guali_ws/install/detectabasura/include/detectabasura/msg/detail/six_dof_arm_control__traits.hpp
[82.684s] -- Up-to-date: /home/jetson/guali_ws/install/detectabasura/include/detectabasura/msg/detail/six_dof_arm_control__builder.hpp
[82.684s] -- Up-to-date: /home/jetson/guali_ws/install/detectabasura/include/detectabasura/msg/six_dof_arm_control.hpp
[82.684s] -- Up-to-date: /home/jetson/guali_ws/install/detectabasura/include/detectabasura/msg/rosidl_generator_cpp__visibility_control.hpp
[82.685s] -- Up-to-date: /home/jetson/guali_ws/install/detectabasura/include/detectabasura
[82.685s] -- Up-to-date: /home/jetson/guali_ws/install/detectabasura/include/detectabasura/msg
[82.686s] -- Up-to-date: /home/jetson/guali_ws/install/detectabasura/include/detectabasura/msg/detail
[82.686s] -- Up-to-date: /home/jetson/guali_ws/install/detectabasura/include/detectabasura/msg/detail/six_dof_arm_control__rosidl_typesupport_introspection_cpp.hpp
[82.687s] -- Up-to-date: /home/jetson/guali_ws/install/detectabasura/include/detectabasura/msg/detail/six_dof_arm_control__type_support.cpp
[82.687s] -- Installing: /home/jetson/guali_ws/install/detectabasura/lib/libdetectabasura__rosidl_typesupport_introspection_cpp.so
[82.688s] -- Set runtime path of "/home/jetson/guali_ws/install/detectabasura/lib/libdetectabasura__rosidl_typesupport_introspection_cpp.so" to ""
[82.688s] -- Installing: /home/jetson/guali_ws/install/detectabasura/lib/libdetectabasura__rosidl_typesupport_cpp.so
[82.689s] -- Set runtime path of "/home/jetson/guali_ws/install/detectabasura/lib/libdetectabasura__rosidl_typesupport_cpp.so" to ""
[82.689s] -- Up-to-date: /home/jetson/guali_ws/install/detectabasura/share/detectabasura/environment/pythonpath.sh
[82.689s] -- Installing: /home/jetson/guali_ws/install/detectabasura/share/detectabasura/environment/pythonpath.dsv
[82.690s] -- Installing: /home/jetson/guali_ws/install/detectabasura/lib/python3.8/site-packages/detectabasura/__init__.py
[82.860s] Compiling '/home/jetson/guali_ws/install/detectabasura/lib/python3.8/site-packages/detectabasura/__init__.py'...
[82.884s] -- Up-to-date: /home/jetson/guali_ws/install/detectabasura/lib/python3.8/site-packages/detectabasura/msg
[82.885s] -- Up-to-date: /home/jetson/guali_ws/install/detectabasura/lib/python3.8/site-packages/detectabasura/msg/_six_dof_arm_control_s.c
[82.885s] -- Up-to-date: /home/jetson/guali_ws/install/detectabasura/lib/python3.8/site-packages/detectabasura/msg/_six_dof_arm_control.py
[82.886s] -- Up-to-date: /home/jetson/guali_ws/install/detectabasura/lib/python3.8/site-packages/detectabasura/msg/__init__.py
[82.887s] -- Installing: /home/jetson/guali_ws/install/detectabasura/lib/python3.8/site-packages/detectabasura/detectabasura_s__rosidl_typesupport_fastrtps_c.cpython-38-aarch64-linux-gnu.so
[82.889s] -- Set runtime path of "/home/jetson/guali_ws/install/detectabasura/lib/python3.8/site-packages/detectabasura/detectabasura_s__rosidl_typesupport_fastrtps_c.cpython-38-aarch64-linux-gnu.so" to ""
[82.891s] -- Installing: /home/jetson/guali_ws/install/detectabasura/lib/python3.8/site-packages/detectabasura/detectabasura_s__rosidl_typesupport_introspection_c.cpython-38-aarch64-linux-gnu.so
[82.893s] -- Set runtime path of "/home/jetson/guali_ws/install/detectabasura/lib/python3.8/site-packages/detectabasura/detectabasura_s__rosidl_typesupport_introspection_c.cpython-38-aarch64-linux-gnu.so" to ""
[82.895s] -- Installing: /home/jetson/guali_ws/install/detectabasura/lib/python3.8/site-packages/detectabasura/detectabasura_s__rosidl_typesupport_c.cpython-38-aarch64-linux-gnu.so
[82.897s] -- Set runtime path of "/home/jetson/guali_ws/install/detectabasura/lib/python3.8/site-packages/detectabasura/detectabasura_s__rosidl_typesupport_c.cpython-38-aarch64-linux-gnu.so" to ""
[82.898s] -- Installing: /home/jetson/guali_ws/install/detectabasura/lib/libdetectabasura__python.so
[82.899s] -- Set runtime path of "/home/jetson/guali_ws/install/detectabasura/lib/libdetectabasura__python.so" to ""
[82.900s] -- Up-to-date: /home/jetson/guali_ws/install/detectabasura/share/detectabasura/msg/SixDOFArmControl.idl
[82.901s] -- Up-to-date: /home/jetson/guali_ws/install/detectabasura/share/detectabasura/msg/SixDOFArmControl.msg
[82.904s] -- Installing: /home/jetson/guali_ws/install/detectabasura/lib/detectabasura/video_publisher_cli
[82.906s] -- Set runtime path of "/home/jetson/guali_ws/install/detectabasura/lib/detectabasura/video_publisher_cli" to ""
[82.908s] -- Installing: /home/jetson/guali_ws/install/detectabasura/lib/detectabasura/video_publisher_usb
[82.911s] -- Set runtime path of "/home/jetson/guali_ws/install/detectabasura/lib/detectabasura/video_publisher_usb" to ""
[82.912s] -- Up-to-date: /home/jetson/guali_ws/install/detectabasura/share/ament_index/resource_index/package_run_dependencies/detectabasura
[82.913s] -- Up-to-date: /home/jetson/guali_ws/install/detectabasura/share/ament_index/resource_index/parent_prefix_path/detectabasura
[82.915s] -- Installing: /home/jetson/guali_ws/install/detectabasura/share/detectabasura/environment/ament_prefix_path.sh
[82.916s] -- Installing: /home/jetson/guali_ws/install/detectabasura/share/detectabasura/environment/ament_prefix_path.dsv
[82.919s] -- Installing: /home/jetson/guali_ws/install/detectabasura/share/detectabasura/environment/path.sh
[82.920s] -- Installing: /home/jetson/guali_ws/install/detectabasura/share/detectabasura/environment/path.dsv
[82.922s] -- Up-to-date: /home/jetson/guali_ws/install/detectabasura/share/detectabasura/local_setup.bash
[82.923s] -- Up-to-date: /home/jetson/guali_ws/install/detectabasura/share/detectabasura/local_setup.sh
[82.923s] -- Up-to-date: /home/jetson/guali_ws/install/detectabasura/share/detectabasura/local_setup.zsh
[82.924s] -- Installing: /home/jetson/guali_ws/install/detectabasura/share/detectabasura/local_setup.dsv
[82.924s] -- Installing: /home/jetson/guali_ws/install/detectabasura/share/detectabasura/package.dsv
[82.925s] -- Up-to-date: /home/jetson/guali_ws/install/detectabasura/share/ament_index/resource_index/packages/detectabasura
[82.929s] -- Up-to-date: /home/jetson/guali_ws/install/detectabasura/share/detectabasura/cmake/detectabasura__rosidl_generator_cExport.cmake
[82.929s] -- Installing: /home/jetson/guali_ws/install/detectabasura/share/detectabasura/cmake/detectabasura__rosidl_generator_cExport-release.cmake
[82.932s] -- Up-to-date: /home/jetson/guali_ws/install/detectabasura/share/detectabasura/cmake/detectabasura__rosidl_typesupport_introspection_cExport.cmake
[82.932s] -- Installing: /home/jetson/guali_ws/install/detectabasura/share/detectabasura/cmake/detectabasura__rosidl_typesupport_introspection_cExport-release.cmake
[82.935s] -- Up-to-date: /home/jetson/guali_ws/install/detectabasura/share/detectabasura/cmake/detectabasura__rosidl_typesupport_cExport.cmake
[82.935s] -- Installing: /home/jetson/guali_ws/install/detectabasura/share/detectabasura/cmake/detectabasura__rosidl_typesupport_cExport-release.cmake
[82.938s] -- Up-to-date: /home/jetson/guali_ws/install/detectabasura/share/detectabasura/cmake/detectabasura__rosidl_generator_cppExport.cmake
[82.939s] -- Up-to-date: /home/jetson/guali_ws/install/detectabasura/share/detectabasura/cmake/detectabasura__rosidl_typesupport_introspection_cppExport.cmake
[82.940s] -- Installing: /home/jetson/guali_ws/install/detectabasura/share/detectabasura/cmake/detectabasura__rosidl_typesupport_introspection_cppExport-release.cmake
[82.943s] -- Up-to-date: /home/jetson/guali_ws/install/detectabasura/share/detectabasura/cmake/detectabasura__rosidl_typesupport_cppExport.cmake
[82.943s] -- Installing: /home/jetson/guali_ws/install/detectabasura/share/detectabasura/cmake/detectabasura__rosidl_typesupport_cppExport-release.cmake
[82.945s] -- Up-to-date: /home/jetson/guali_ws/install/detectabasura/share/detectabasura/cmake/rosidl_cmake-extras.cmake
[82.947s] -- Up-to-date: /home/jetson/guali_ws/install/detectabasura/share/detectabasura/cmake/ament_cmake_export_dependencies-extras.cmake
[82.947s] -- Up-to-date: /home/jetson/guali_ws/install/detectabasura/share/detectabasura/cmake/ament_cmake_export_libraries-extras.cmake
[82.948s] -- Up-to-date: /home/jetson/guali_ws/install/detectabasura/share/detectabasura/cmake/ament_cmake_export_targets-extras.cmake
[82.949s] -- Up-to-date: /home/jetson/guali_ws/install/detectabasura/share/detectabasura/cmake/ament_cmake_export_include_directories-extras.cmake
[82.950s] -- Up-to-date: /home/jetson/guali_ws/install/detectabasura/share/detectabasura/cmake/rosidl_cmake_export_typesupport_libraries-extras.cmake
[82.951s] -- Up-to-date: /home/jetson/guali_ws/install/detectabasura/share/detectabasura/cmake/rosidl_cmake_export_typesupport_targets-extras.cmake
[82.951s] -- Up-to-date: /home/jetson/guali_ws/install/detectabasura/share/detectabasura/cmake/detectabasuraConfig.cmake
[82.952s] -- Up-to-date: /home/jetson/guali_ws/install/detectabasura/share/detectabasura/cmake/detectabasuraConfig-version.cmake
[82.952s] -- Up-to-date: /home/jetson/guali_ws/install/detectabasura/share/detectabasura/package.xml
[82.960s] Invoked command in '/home/jetson/guali_ws/build/detectabasura' returned '0': CMAKE_PREFIX_PATH=${CMAKE_PREFIX_PATH}:/opt/ros/foxy /usr/bin/cmake --install /home/jetson/guali_ws/build/detectabasura
