[  2%] Built target detectabasura__cpp
[  8%] Built target serialMCU
[ 16%] Built target detectabasura__rosidl_generator_c
[ 21%] Built target video_publisher_cli
[ 27%] Built target video_publisher_usb
[ 35%] Built target detectabasura__rosidl_typesupport_cpp
[ 43%] Built target detectabasura__rosidl_typesupport_fastrtps_cpp
[ 51%] Built target detectabasura__rosidl_typesupport_introspection_c
[ 67%] Built target detectabasura__rosidl_typesupport_c
[ 67%] Built target detectabasura__rosidl_typesupport_introspection_cpp
[ 75%] Built target detectabasura__rosidl_typesupport_fastrtps_c
[ 75%] Built target detectabasura
[ 78%] Built target detectabasura__py
[ 83%] Built target detectabasura__python
[100%] Built target detectabasura__rosidl_typesupport_fastrtps_c__pyext
[100%] Built target detectabasura__rosidl_typesupport_introspection_c__pyext
[100%] Built target detectabasura__rosidl_typesupport_c__pyext
-- Install configuration: "Release"
-- Up-to-date: /home/jetson/guali_ws/install/detectabasura/share/ament_index/resource_index/rosidl_interfaces/detectabasura
-- Up-to-date: /home/jetson/guali_ws/install/detectabasura/include/detectabasura
-- Up-to-date: /home/jetson/guali_ws/install/detectabasura/include/detectabasura/msg
-- Up-to-date: /home/jetson/guali_ws/install/detectabasura/include/detectabasura/msg/detail
-- Up-to-date: /home/jetson/guali_ws/install/detectabasura/include/detectabasura/msg/detail/six_dof_arm_control__functions.c
-- Up-to-date: /home/jetson/guali_ws/install/detectabasura/include/detectabasura/msg/detail/six_dof_arm_control__struct.h
-- Up-to-date: /home/jetson/guali_ws/install/detectabasura/include/detectabasura/msg/detail/six_dof_arm_control__type_support.h
-- Up-to-date: /home/jetson/guali_ws/install/detectabasura/include/detectabasura/msg/detail/six_dof_arm_control__functions.h
-- Up-to-date: /home/jetson/guali_ws/install/detectabasura/include/detectabasura/msg/rosidl_generator_c__visibility_control.h
-- Up-to-date: /home/jetson/guali_ws/install/detectabasura/include/detectabasura/msg/six_dof_arm_control.h
-- Up-to-date: /home/jetson/guali_ws/install/detectabasura/share/detectabasura/environment/library_path.sh
-- Up-to-date: /home/jetson/guali_ws/install/detectabasura/share/detectabasura/environment/library_path.dsv
-- Up-to-date: /home/jetson/guali_ws/install/detectabasura/lib/libdetectabasura__rosidl_generator_c.so
-- Up-to-date: /home/jetson/guali_ws/install/detectabasura/include/detectabasura
-- Up-to-date: /home/jetson/guali_ws/install/detectabasura/include/detectabasura/msg
-- Up-to-date: /home/jetson/guali_ws/install/detectabasura/include/detectabasura/msg/detail
-- Up-to-date: /home/jetson/guali_ws/install/detectabasura/include/detectabasura/msg/detail/six_dof_arm_control__rosidl_typesupport_fastrtps_c.h
-- Up-to-date: /home/jetson/guali_ws/install/detectabasura/include/detectabasura/msg/rosidl_typesupport_fastrtps_c__visibility_control.h
-- Up-to-date: /home/jetson/guali_ws/install/detectabasura/lib/libdetectabasura__rosidl_typesupport_fastrtps_c.so
-- Up-to-date: /home/jetson/guali_ws/install/detectabasura/include/detectabasura
-- Up-to-date: /home/jetson/guali_ws/install/detectabasura/include/detectabasura/msg
-- Up-to-date: /home/jetson/guali_ws/install/detectabasura/include/detectabasura/msg/detail
-- Up-to-date: /home/jetson/guali_ws/install/detectabasura/include/detectabasura/msg/detail/six_dof_arm_control__rosidl_typesupport_fastrtps_cpp.hpp
-- Up-to-date: /home/jetson/guali_ws/install/detectabasura/include/detectabasura/msg/detail/dds_fastrtps
-- Up-to-date: /home/jetson/guali_ws/install/detectabasura/include/detectabasura/msg/rosidl_typesupport_fastrtps_cpp__visibility_control.h
-- Up-to-date: /home/jetson/guali_ws/install/detectabasura/lib/libdetectabasura__rosidl_typesupport_fastrtps_cpp.so
-- Up-to-date: /home/jetson/guali_ws/install/detectabasura/include/detectabasura
-- Up-to-date: /home/jetson/guali_ws/install/detectabasura/include/detectabasura/msg
-- Up-to-date: /home/jetson/guali_ws/install/detectabasura/include/detectabasura/msg/detail
-- Up-to-date: /home/jetson/guali_ws/install/detectabasura/include/detectabasura/msg/detail/six_dof_arm_control__type_support.c
-- Up-to-date: /home/jetson/guali_ws/install/detectabasura/include/detectabasura/msg/detail/six_dof_arm_control__rosidl_typesupport_introspection_c.h
-- Up-to-date: /home/jetson/guali_ws/install/detectabasura/include/detectabasura/msg/rosidl_typesupport_introspection_c__visibility_control.h
-- Up-to-date: /home/jetson/guali_ws/install/detectabasura/lib/libdetectabasura__rosidl_typesupport_introspection_c.so
-- Up-to-date: /home/jetson/guali_ws/install/detectabasura/lib/libdetectabasura__rosidl_typesupport_c.so
-- Up-to-date: /home/jetson/guali_ws/install/detectabasura/include/detectabasura
-- Up-to-date: /home/jetson/guali_ws/install/detectabasura/include/detectabasura/msg
-- Up-to-date: /home/jetson/guali_ws/install/detectabasura/include/detectabasura/msg/detail
-- Up-to-date: /home/jetson/guali_ws/install/detectabasura/include/detectabasura/msg/detail/six_dof_arm_control__struct.hpp
-- Up-to-date: /home/jetson/guali_ws/install/detectabasura/include/detectabasura/msg/detail/six_dof_arm_control__type_support.hpp
-- Up-to-date: /home/jetson/guali_ws/install/detectabasura/include/detectabasura/msg/detail/six_dof_arm_control__traits.hpp
-- Up-to-date: /home/jetson/guali_ws/install/detectabasura/include/detectabasura/msg/detail/six_dof_arm_control__builder.hpp
-- Up-to-date: /home/jetson/guali_ws/install/detectabasura/include/detectabasura/msg/six_dof_arm_control.hpp
-- Up-to-date: /home/jetson/guali_ws/install/detectabasura/include/detectabasura/msg/rosidl_generator_cpp__visibility_control.hpp
-- Up-to-date: /home/jetson/guali_ws/install/detectabasura/include/detectabasura
-- Up-to-date: /home/jetson/guali_ws/install/detectabasura/include/detectabasura/msg
-- Up-to-date: /home/jetson/guali_ws/install/detectabasura/include/detectabasura/msg/detail
-- Up-to-date: /home/jetson/guali_ws/install/detectabasura/include/detectabasura/msg/detail/six_dof_arm_control__rosidl_typesupport_introspection_cpp.hpp
-- Up-to-date: /home/jetson/guali_ws/install/detectabasura/include/detectabasura/msg/detail/six_dof_arm_control__type_support.cpp
-- Up-to-date: /home/jetson/guali_ws/install/detectabasura/lib/libdetectabasura__rosidl_typesupport_introspection_cpp.so
-- Up-to-date: /home/jetson/guali_ws/install/detectabasura/lib/libdetectabasura__rosidl_typesupport_cpp.so
-- Up-to-date: /home/jetson/guali_ws/install/detectabasura/share/detectabasura/environment/pythonpath.sh
-- Up-to-date: /home/jetson/guali_ws/install/detectabasura/share/detectabasura/environment/pythonpath.dsv
-- Up-to-date: /home/jetson/guali_ws/install/detectabasura/lib/python3.8/site-packages/detectabasura/__init__.py
-- Up-to-date: /home/jetson/guali_ws/install/detectabasura/lib/python3.8/site-packages/detectabasura/msg
-- Up-to-date: /home/jetson/guali_ws/install/detectabasura/lib/python3.8/site-packages/detectabasura/msg/_six_dof_arm_control_s.c
-- Up-to-date: /home/jetson/guali_ws/install/detectabasura/lib/python3.8/site-packages/detectabasura/msg/_six_dof_arm_control.py
-- Up-to-date: /home/jetson/guali_ws/install/detectabasura/lib/python3.8/site-packages/detectabasura/msg/__init__.py
-- Up-to-date: /home/jetson/guali_ws/install/detectabasura/lib/python3.8/site-packages/detectabasura/detectabasura_s__rosidl_typesupport_fastrtps_c.cpython-38-aarch64-linux-gnu.so
-- Up-to-date: /home/jetson/guali_ws/install/detectabasura/lib/python3.8/site-packages/detectabasura/detectabasura_s__rosidl_typesupport_introspection_c.cpython-38-aarch64-linux-gnu.so
-- Up-to-date: /home/jetson/guali_ws/install/detectabasura/lib/python3.8/site-packages/detectabasura/detectabasura_s__rosidl_typesupport_c.cpython-38-aarch64-linux-gnu.so
-- Up-to-date: /home/jetson/guali_ws/install/detectabasura/lib/libdetectabasura__python.so
-- Up-to-date: /home/jetson/guali_ws/install/detectabasura/share/detectabasura/msg/SixDOFArmControl.idl
-- Up-to-date: /home/jetson/guali_ws/install/detectabasura/share/detectabasura/msg/SixDOFArmControl.msg
-- Up-to-date: /home/jetson/guali_ws/install/detectabasura/lib/detectabasura/video_publisher_cli
-- Up-to-date: /home/jetson/guali_ws/install/detectabasura/lib/detectabasura/video_publisher_usb
-- Up-to-date: /home/jetson/guali_ws/install/detectabasura/lib/detectabasura/serialMCU
-- Up-to-date: /home/jetson/guali_ws/install/detectabasura/share/ament_index/resource_index/package_run_dependencies/detectabasura
-- Up-to-date: /home/jetson/guali_ws/install/detectabasura/share/ament_index/resource_index/parent_prefix_path/detectabasura
-- Up-to-date: /home/jetson/guali_ws/install/detectabasura/share/detectabasura/environment/ament_prefix_path.sh
-- Up-to-date: /home/jetson/guali_ws/install/detectabasura/share/detectabasura/environment/ament_prefix_path.dsv
-- Up-to-date: /home/jetson/guali_ws/install/detectabasura/share/detectabasura/environment/path.sh
-- Up-to-date: /home/jetson/guali_ws/install/detectabasura/share/detectabasura/environment/path.dsv
-- Up-to-date: /home/jetson/guali_ws/install/detectabasura/share/detectabasura/local_setup.bash
-- Up-to-date: /home/jetson/guali_ws/install/detectabasura/share/detectabasura/local_setup.sh
-- Up-to-date: /home/jetson/guali_ws/install/detectabasura/share/detectabasura/local_setup.zsh
-- Up-to-date: /home/jetson/guali_ws/install/detectabasura/share/detectabasura/local_setup.dsv
-- Up-to-date: /home/jetson/guali_ws/install/detectabasura/share/detectabasura/package.dsv
-- Up-to-date: /home/jetson/guali_ws/install/detectabasura/share/ament_index/resource_index/packages/detectabasura
-- Up-to-date: /home/jetson/guali_ws/install/detectabasura/share/detectabasura/cmake/detectabasura__rosidl_generator_cExport.cmake
-- Up-to-date: /home/jetson/guali_ws/install/detectabasura/share/detectabasura/cmake/detectabasura__rosidl_generator_cExport-release.cmake
-- Up-to-date: /home/jetson/guali_ws/install/detectabasura/share/detectabasura/cmake/detectabasura__rosidl_typesupport_introspection_cExport.cmake
-- Up-to-date: /home/jetson/guali_ws/install/detectabasura/share/detectabasura/cmake/detectabasura__rosidl_typesupport_introspection_cExport-release.cmake
-- Up-to-date: /home/jetson/guali_ws/install/detectabasura/share/detectabasura/cmake/detectabasura__rosidl_typesupport_cExport.cmake
-- Up-to-date: /home/jetson/guali_ws/install/detectabasura/share/detectabasura/cmake/detectabasura__rosidl_typesupport_cExport-release.cmake
-- Up-to-date: /home/jetson/guali_ws/install/detectabasura/share/detectabasura/cmake/detectabasura__rosidl_generator_cppExport.cmake
-- Up-to-date: /home/jetson/guali_ws/install/detectabasura/share/detectabasura/cmake/detectabasura__rosidl_typesupport_introspection_cppExport.cmake
-- Up-to-date: /home/jetson/guali_ws/install/detectabasura/share/detectabasura/cmake/detectabasura__rosidl_typesupport_introspection_cppExport-release.cmake
-- Up-to-date: /home/jetson/guali_ws/install/detectabasura/share/detectabasura/cmake/detectabasura__rosidl_typesupport_cppExport.cmake
-- Up-to-date: /home/jetson/guali_ws/install/detectabasura/share/detectabasura/cmake/detectabasura__rosidl_typesupport_cppExport-release.cmake
-- Up-to-date: /home/jetson/guali_ws/install/detectabasura/share/detectabasura/cmake/rosidl_cmake-extras.cmake
-- Up-to-date: /home/jetson/guali_ws/install/detectabasura/share/detectabasura/cmake/ament_cmake_export_dependencies-extras.cmake
-- Up-to-date: /home/jetson/guali_ws/install/detectabasura/share/detectabasura/cmake/ament_cmake_export_libraries-extras.cmake
-- Up-to-date: /home/jetson/guali_ws/install/detectabasura/share/detectabasura/cmake/ament_cmake_export_targets-extras.cmake
-- Up-to-date: /home/jetson/guali_ws/install/detectabasura/share/detectabasura/cmake/ament_cmake_export_include_directories-extras.cmake
-- Up-to-date: /home/jetson/guali_ws/install/detectabasura/share/detectabasura/cmake/rosidl_cmake_export_typesupport_libraries-extras.cmake
-- Up-to-date: /home/jetson/guali_ws/install/detectabasura/share/detectabasura/cmake/rosidl_cmake_export_typesupport_targets-extras.cmake
-- Up-to-date: /home/jetson/guali_ws/install/detectabasura/share/detectabasura/cmake/detectabasuraConfig.cmake
-- Up-to-date: /home/jetson/guali_ws/install/detectabasura/share/detectabasura/cmake/detectabasuraConfig-version.cmake
-- Up-to-date: /home/jetson/guali_ws/install/detectabasura/share/detectabasura/package.xml
