[0.067s] Invoking command in '/home/jetson/guali_ws/build/detectabasura': CMAKE_PREFIX_PATH=/home/jetson/guali_ws/install/deteccionresiduos:/opt/ros/foxy /usr/bin/cmake --build /home/jetson/guali_ws/build/detectabasura -- -j4 -l4
[0.182s] -- Found ament_cmake: 0.9.12 (/opt/ros/foxy/share/ament_cmake/cmake)
[0.276s] -- Using PYTHON_EXECUTABLE: /usr/bin/python3
[1.206s] -- Found rclcpp: 2.4.3 (/opt/ros/foxy/share/rclcpp/cmake)
[1.360s] -- Using all available rosidl_typesupport_c: rosidl_typesupport_fastrtps_c;rosidl_typesupport_introspection_c
[1.374s] -- Found rosidl_adapter: 1.3.1 (/opt/ros/foxy/share/rosidl_adapter/cmake)
[1.900s] -- Using all available rosidl_typesupport_cpp: rosidl_typesupport_fastrtps_cpp;rosidl_typesupport_introspection_cpp
[2.116s] -- Found rmw_implementation_cmake: 1.0.4 (/opt/ros/foxy/share/rmw_implementation_cmake/cmake)
[2.122s] -- Using RMW implementation 'rmw_fastrtps_cpp' as default
[2.770s] -- Found sensor_msgs: 2.0.5 (/opt/ros/foxy/share/sensor_msgs/cmake)
[3.271s] -- Found cv_bridge: 3.0.7 (/opt/ros/foxy/share/cv_bridge/cmake)
[3.506s] -- Found rosidl_default_generators: 1.0.1 (/opt/ros/foxy/share/rosidl_default_generators/cmake)
[3.674s] -- Found PythonInterp: /usr/bin/python3 (found version "3.8.10") 
[4.168s] -- Found ament_cmake_ros: 0.9.2 (/opt/ros/foxy/share/ament_cmake_ros/cmake)
[4.607s] -- Using all available rosidl_typesupport_c: rosidl_typesupport_fastrtps_c;rosidl_typesupport_introspection_c
[4.640s] -- Using all available rosidl_typesupport_cpp: rosidl_typesupport_fastrtps_cpp;rosidl_typesupport_introspection_cpp
[4.732s] -- Found PythonInterp: /usr/bin/python3 (found suitable version "3.8.10", minimum required is "3.5") 
[4.735s] -- Found python_cmake_module: 0.8.1 (/opt/ros/foxy/share/python_cmake_module/cmake)
[4.828s] -- Using PYTHON_EXECUTABLE: /usr/bin/python3
[4.829s] -- Using PYTHON_INCLUDE_DIRS: /usr/include/python3.8
[4.829s] -- Using PYTHON_LIBRARIES: /usr/lib/aarch64-linux-gnu/libpython3.8.so
[5.029s] -- Configuring done
[5.298s] -- Generating done
[5.313s] -- Build files have been written to: /home/jetson/guali_ws/build/detectabasura
[5.419s] [35m[1mScanning dependencies of target detectabasura__rosidl_generator_c[0m
[5.439s] [35m[1mScanning dependencies of target video_publisher[0m
[5.464s] [  3%] Built target detectabasura__cpp
[5.491s] [  6%] [32mBuilding C object CMakeFiles/detectabasura__rosidl_generator_c.dir/rosidl_generator_c/detectabasura/msg/detail/six_dof_arm_control__functions.c.o[0m
[5.531s] [35m[1mScanning dependencies of target detectabasura__rosidl_typesupport_cpp[0m
[5.563s] [35m[1mScanning dependencies of target detectabasura__rosidl_typesupport_fastrtps_cpp[0m
[5.660s] [  9%] [32mBuilding CXX object CMakeFiles/video_publisher.dir/src/video_publisher.cpp.o[0m
[5.687s] [ 12%] [32mBuilding CXX object CMakeFiles/detectabasura__rosidl_typesupport_cpp.dir/rosidl_typesupport_cpp/detectabasura/msg/six_dof_arm_control__type_support.cpp.o[0m
[5.694s] [ 15%] [32mBuilding CXX object CMakeFiles/detectabasura__rosidl_typesupport_fastrtps_cpp.dir/rosidl_typesupport_fastrtps_cpp/detectabasura/msg/detail/dds_fastrtps/six_dof_arm_control__type_support.cpp.o[0m
[6.880s] [ 18%] [32m[1mLinking C shared library libdetectabasura__rosidl_generator_c.so[0m
[7.068s] [ 21%] Built target detectabasura__rosidl_generator_c
[7.136s] [35m[1mScanning dependencies of target detectabasura__rosidl_typesupport_introspection_cpp[0m
[7.180s] [ 24%] [32mBuilding CXX object CMakeFiles/detectabasura__rosidl_typesupport_introspection_cpp.dir/rosidl_typesupport_introspection_cpp/detectabasura/msg/detail/six_dof_arm_control__type_support.cpp.o[0m
[7.955s] [ 27%] [32m[1mLinking CXX shared library libdetectabasura__rosidl_typesupport_cpp.so[0m
[8.151s] [ 30%] Built target detectabasura__rosidl_typesupport_cpp
[8.221s] [35m[1mScanning dependencies of target detectabasura__rosidl_typesupport_c[0m
[8.283s] [ 33%] [32mBuilding CXX object CMakeFiles/detectabasura__rosidl_typesupport_c.dir/rosidl_typesupport_c/detectabasura/msg/six_dof_arm_control__type_support.cpp.o[0m
[8.388s] [ 36%] [32m[1mLinking CXX shared library libdetectabasura__rosidl_typesupport_introspection_cpp.so[0m
[8.488s] [ 39%] [32m[1mLinking CXX shared library libdetectabasura__rosidl_typesupport_c.so[0m
[8.655s] [ 42%] Built target detectabasura__rosidl_typesupport_introspection_cpp
[8.714s] [ 45%] Built target detectabasura__rosidl_typesupport_c
[8.735s] [35m[1mScanning dependencies of target detectabasura__rosidl_typesupport_introspection_c[0m
[8.763s] [ 48%] [32m[1mLinking CXX shared library libdetectabasura__rosidl_typesupport_fastrtps_cpp.so[0m
[8.785s] [ 51%] [32mBuilding C object CMakeFiles/detectabasura__rosidl_typesupport_introspection_c.dir/rosidl_typesupport_introspection_c/detectabasura/msg/detail/six_dof_arm_control__type_support.c.o[0m
[8.929s] [ 54%] [32m[1mLinking C shared library libdetectabasura__rosidl_typesupport_introspection_c.so[0m
[9.069s] [ 57%] Built target detectabasura__rosidl_typesupport_introspection_c
[9.125s] [ 60%] Built target detectabasura__rosidl_typesupport_fastrtps_cpp
[9.166s] [35m[1mScanning dependencies of target detectabasura__rosidl_typesupport_fastrtps_c[0m
[9.215s] [ 63%] [32mBuilding CXX object CMakeFiles/detectabasura__rosidl_typesupport_fastrtps_c.dir/rosidl_typesupport_fastrtps_c/detectabasura/msg/detail/six_dof_arm_control__type_support_c.cpp.o[0m
[10.495s] [ 66%] [32m[1mLinking CXX shared library libdetectabasura__rosidl_typesupport_fastrtps_c.so[0m
[10.841s] [ 69%] Built target detectabasura__rosidl_typesupport_fastrtps_c
[10.913s] [ 69%] Built target detectabasura
[10.990s] [ 72%] Built target detectabasura__py
[11.032s] [35m[1mScanning dependencies of target detectabasura__python[0m
[11.112s] [ 75%] [32mBuilding C object CMakeFiles/detectabasura__python.dir/rosidl_generator_py/detectabasura/msg/_six_dof_arm_control_s.c.o[0m
[11.653s] [ 78%] [32m[1mLinking C shared library rosidl_generator_py/detectabasura/libdetectabasura__python.so[0m
[11.813s] [ 78%] Built target detectabasura__python
[11.869s] [35m[1mScanning dependencies of target detectabasura__rosidl_typesupport_fastrtps_c__pyext[0m
[11.881s] [35m[1mScanning dependencies of target detectabasura__rosidl_typesupport_introspection_c__pyext[0m
[11.948s] [35m[1mScanning dependencies of target detectabasura__rosidl_typesupport_c__pyext[0m
[11.957s] [ 81%] [32mBuilding C object CMakeFiles/detectabasura__rosidl_typesupport_introspection_c__pyext.dir/rosidl_generator_py/detectabasura/_detectabasura_s.ep.rosidl_typesupport_introspection_c.c.o[0m
[11.963s] [ 84%] [32mBuilding C object CMakeFiles/detectabasura__rosidl_typesupport_fastrtps_c__pyext.dir/rosidl_generator_py/detectabasura/_detectabasura_s.ep.rosidl_typesupport_fastrtps_c.c.o[0m
[12.083s] [ 87%] [32mBuilding C object CMakeFiles/detectabasura__rosidl_typesupport_c__pyext.dir/rosidl_generator_py/detectabasura/_detectabasura_s.ep.rosidl_typesupport_c.c.o[0m
[13.264s] [ 90%] [32m[1mLinking C shared library rosidl_generator_py/detectabasura/detectabasura_s__rosidl_typesupport_c.cpython-38-aarch64-linux-gnu.so[0m
[13.275s] [ 93%] [32m[1mLinking CXX shared library rosidl_generator_py/detectabasura/detectabasura_s__rosidl_typesupport_fastrtps_c.cpython-38-aarch64-linux-gnu.so[0m
[13.281s] [ 96%] [32m[1mLinking C shared library rosidl_generator_py/detectabasura/detectabasura_s__rosidl_typesupport_introspection_c.cpython-38-aarch64-linux-gnu.so[0m
[13.436s] [ 96%] Built target detectabasura__rosidl_typesupport_introspection_c__pyext
[13.462s] [ 96%] Built target detectabasura__rosidl_typesupport_c__pyext
[13.555s] [ 96%] Built target detectabasura__rosidl_typesupport_fastrtps_c__pyext
[30.874s] [100%] [32m[1mLinking CXX executable detectabasura/video_publisher[0m
[34.116s] /usr/bin/ld: warning: libopencv_core.so.4.2, needed by /opt/ros/foxy/lib/libcv_bridge.so, may conflict with libopencv_core.so.406
[34.155s] [100%] Built target video_publisher
[34.205s] Invoked command in '/home/jetson/guali_ws/build/detectabasura' returned '0': CMAKE_PREFIX_PATH=/home/jetson/guali_ws/install/deteccionresiduos:/opt/ros/foxy /usr/bin/cmake --build /home/jetson/guali_ws/build/detectabasura -- -j4 -l4
[34.472s] Invoking command in '/home/jetson/guali_ws/build/detectabasura': CMAKE_PREFIX_PATH=/home/jetson/guali_ws/install/deteccionresiduos:/opt/ros/foxy /usr/bin/cmake --install /home/jetson/guali_ws/build/detectabasura
[34.516s] -- Install configuration: "Release"
[34.517s] -- Up-to-date: /home/jetson/guali_ws/install/detectabasura/share/ament_index/resource_index/rosidl_interfaces/detectabasura
[34.517s] -- Up-to-date: /home/jetson/guali_ws/install/detectabasura/include/detectabasura
[34.518s] -- Up-to-date: /home/jetson/guali_ws/install/detectabasura/include/detectabasura/msg
[34.518s] -- Up-to-date: /home/jetson/guali_ws/install/detectabasura/include/detectabasura/msg/detail
[34.518s] -- Up-to-date: /home/jetson/guali_ws/install/detectabasura/include/detectabasura/msg/detail/six_dof_arm_control__functions.c
[34.519s] -- Up-to-date: /home/jetson/guali_ws/install/detectabasura/include/detectabasura/msg/detail/six_dof_arm_control__struct.h
[34.519s] -- Up-to-date: /home/jetson/guali_ws/install/detectabasura/include/detectabasura/msg/detail/six_dof_arm_control__type_support.h
[34.520s] -- Up-to-date: /home/jetson/guali_ws/install/detectabasura/include/detectabasura/msg/detail/six_dof_arm_control__functions.h
[34.520s] -- Up-to-date: /home/jetson/guali_ws/install/detectabasura/include/detectabasura/msg/rosidl_generator_c__visibility_control.h
[34.521s] -- Up-to-date: /home/jetson/guali_ws/install/detectabasura/include/detectabasura/msg/six_dof_arm_control.h
[34.521s] -- Up-to-date: /home/jetson/guali_ws/install/detectabasura/share/detectabasura/environment/library_path.sh
[34.522s] -- Installing: /home/jetson/guali_ws/install/detectabasura/share/detectabasura/environment/library_path.dsv
[34.522s] -- Installing: /home/jetson/guali_ws/install/detectabasura/lib/libdetectabasura__rosidl_generator_c.so
[34.529s] -- Set runtime path of "/home/jetson/guali_ws/install/detectabasura/lib/libdetectabasura__rosidl_generator_c.so" to ""
[34.530s] -- Up-to-date: /home/jetson/guali_ws/install/detectabasura/include/detectabasura
[34.530s] -- Up-to-date: /home/jetson/guali_ws/install/detectabasura/include/detectabasura/msg
[34.532s] -- Up-to-date: /home/jetson/guali_ws/install/detectabasura/include/detectabasura/msg/detail
[34.532s] -- Up-to-date: /home/jetson/guali_ws/install/detectabasura/include/detectabasura/msg/detail/six_dof_arm_control__rosidl_typesupport_fastrtps_c.h
[34.535s] -- Up-to-date: /home/jetson/guali_ws/install/detectabasura/include/detectabasura/msg/rosidl_typesupport_fastrtps_c__visibility_control.h
[34.535s] -- Installing: /home/jetson/guali_ws/install/detectabasura/lib/libdetectabasura__rosidl_typesupport_fastrtps_c.so
[34.536s] -- Set runtime path of "/home/jetson/guali_ws/install/detectabasura/lib/libdetectabasura__rosidl_typesupport_fastrtps_c.so" to ""
[34.536s] -- Up-to-date: /home/jetson/guali_ws/install/detectabasura/include/detectabasura
[34.537s] -- Up-to-date: /home/jetson/guali_ws/install/detectabasura/include/detectabasura/msg
[34.537s] -- Up-to-date: /home/jetson/guali_ws/install/detectabasura/include/detectabasura/msg/detail
[34.538s] -- Up-to-date: /home/jetson/guali_ws/install/detectabasura/include/detectabasura/msg/detail/six_dof_arm_control__rosidl_typesupport_fastrtps_cpp.hpp
[34.539s] -- Up-to-date: /home/jetson/guali_ws/install/detectabasura/include/detectabasura/msg/detail/dds_fastrtps
[34.539s] -- Up-to-date: /home/jetson/guali_ws/install/detectabasura/include/detectabasura/msg/rosidl_typesupport_fastrtps_cpp__visibility_control.h
[34.540s] -- Installing: /home/jetson/guali_ws/install/detectabasura/lib/libdetectabasura__rosidl_typesupport_fastrtps_cpp.so
[34.540s] -- Set runtime path of "/home/jetson/guali_ws/install/detectabasura/lib/libdetectabasura__rosidl_typesupport_fastrtps_cpp.so" to ""
[34.541s] -- Up-to-date: /home/jetson/guali_ws/install/detectabasura/include/detectabasura
[34.541s] -- Up-to-date: /home/jetson/guali_ws/install/detectabasura/include/detectabasura/msg
[34.541s] -- Up-to-date: /home/jetson/guali_ws/install/detectabasura/include/detectabasura/msg/detail
[34.542s] -- Up-to-date: /home/jetson/guali_ws/install/detectabasura/include/detectabasura/msg/detail/six_dof_arm_control__type_support.c
[34.542s] -- Up-to-date: /home/jetson/guali_ws/install/detectabasura/include/detectabasura/msg/detail/six_dof_arm_control__rosidl_typesupport_introspection_c.h
[34.542s] -- Up-to-date: /home/jetson/guali_ws/install/detectabasura/include/detectabasura/msg/rosidl_typesupport_introspection_c__visibility_control.h
[34.548s] -- Installing: /home/jetson/guali_ws/install/detectabasura/lib/libdetectabasura__rosidl_typesupport_introspection_c.so
[34.550s] -- Set runtime path of "/home/jetson/guali_ws/install/detectabasura/lib/libdetectabasura__rosidl_typesupport_introspection_c.so" to ""
[34.551s] -- Installing: /home/jetson/guali_ws/install/detectabasura/lib/libdetectabasura__rosidl_typesupport_c.so
[34.553s] -- Set runtime path of "/home/jetson/guali_ws/install/detectabasura/lib/libdetectabasura__rosidl_typesupport_c.so" to ""
[34.553s] -- Up-to-date: /home/jetson/guali_ws/install/detectabasura/include/detectabasura
[34.554s] -- Up-to-date: /home/jetson/guali_ws/install/detectabasura/include/detectabasura/msg
[34.555s] -- Up-to-date: /home/jetson/guali_ws/install/detectabasura/include/detectabasura/msg/detail
[34.555s] -- Up-to-date: /home/jetson/guali_ws/install/detectabasura/include/detectabasura/msg/detail/six_dof_arm_control__struct.hpp
[34.556s] -- Up-to-date: /home/jetson/guali_ws/install/detectabasura/include/detectabasura/msg/detail/six_dof_arm_control__type_support.hpp
[34.556s] -- Up-to-date: /home/jetson/guali_ws/install/detectabasura/include/detectabasura/msg/detail/six_dof_arm_control__traits.hpp
[34.557s] -- Up-to-date: /home/jetson/guali_ws/install/detectabasura/include/detectabasura/msg/detail/six_dof_arm_control__builder.hpp
[34.557s] -- Up-to-date: /home/jetson/guali_ws/install/detectabasura/include/detectabasura/msg/six_dof_arm_control.hpp
[34.557s] -- Up-to-date: /home/jetson/guali_ws/install/detectabasura/include/detectabasura/msg/rosidl_generator_cpp__visibility_control.hpp
[34.558s] -- Up-to-date: /home/jetson/guali_ws/install/detectabasura/include/detectabasura
[34.558s] -- Up-to-date: /home/jetson/guali_ws/install/detectabasura/include/detectabasura/msg
[34.559s] -- Up-to-date: /home/jetson/guali_ws/install/detectabasura/include/detectabasura/msg/detail
[34.559s] -- Up-to-date: /home/jetson/guali_ws/install/detectabasura/include/detectabasura/msg/detail/six_dof_arm_control__rosidl_typesupport_introspection_cpp.hpp
[34.560s] -- Up-to-date: /home/jetson/guali_ws/install/detectabasura/include/detectabasura/msg/detail/six_dof_arm_control__type_support.cpp
[34.560s] -- Installing: /home/jetson/guali_ws/install/detectabasura/lib/libdetectabasura__rosidl_typesupport_introspection_cpp.so
[34.562s] -- Set runtime path of "/home/jetson/guali_ws/install/detectabasura/lib/libdetectabasura__rosidl_typesupport_introspection_cpp.so" to ""
[34.563s] -- Installing: /home/jetson/guali_ws/install/detectabasura/lib/libdetectabasura__rosidl_typesupport_cpp.so
[34.565s] -- Set runtime path of "/home/jetson/guali_ws/install/detectabasura/lib/libdetectabasura__rosidl_typesupport_cpp.so" to ""
[34.566s] -- Up-to-date: /home/jetson/guali_ws/install/detectabasura/share/detectabasura/environment/pythonpath.sh
[34.566s] -- Installing: /home/jetson/guali_ws/install/detectabasura/share/detectabasura/environment/pythonpath.dsv
[34.567s] -- Installing: /home/jetson/guali_ws/install/detectabasura/lib/python3.8/site-packages/detectabasura/__init__.py
[34.715s] Compiling '/home/jetson/guali_ws/install/detectabasura/lib/python3.8/site-packages/detectabasura/__init__.py'...
[34.741s] -- Up-to-date: /home/jetson/guali_ws/install/detectabasura/lib/python3.8/site-packages/detectabasura/msg
[34.741s] -- Up-to-date: /home/jetson/guali_ws/install/detectabasura/lib/python3.8/site-packages/detectabasura/msg/_six_dof_arm_control_s.c
[34.742s] -- Up-to-date: /home/jetson/guali_ws/install/detectabasura/lib/python3.8/site-packages/detectabasura/msg/_six_dof_arm_control.py
[34.743s] -- Up-to-date: /home/jetson/guali_ws/install/detectabasura/lib/python3.8/site-packages/detectabasura/msg/__init__.py
[34.747s] -- Installing: /home/jetson/guali_ws/install/detectabasura/lib/python3.8/site-packages/detectabasura/detectabasura_s__rosidl_typesupport_fastrtps_c.cpython-38-aarch64-linux-gnu.so
[34.748s] -- Set runtime path of "/home/jetson/guali_ws/install/detectabasura/lib/python3.8/site-packages/detectabasura/detectabasura_s__rosidl_typesupport_fastrtps_c.cpython-38-aarch64-linux-gnu.so" to ""
[34.754s] -- Installing: /home/jetson/guali_ws/install/detectabasura/lib/python3.8/site-packages/detectabasura/detectabasura_s__rosidl_typesupport_introspection_c.cpython-38-aarch64-linux-gnu.so
[34.755s] -- Set runtime path of "/home/jetson/guali_ws/install/detectabasura/lib/python3.8/site-packages/detectabasura/detectabasura_s__rosidl_typesupport_introspection_c.cpython-38-aarch64-linux-gnu.so" to ""
[34.756s] -- Installing: /home/jetson/guali_ws/install/detectabasura/lib/python3.8/site-packages/detectabasura/detectabasura_s__rosidl_typesupport_c.cpython-38-aarch64-linux-gnu.so
[34.761s] -- Set runtime path of "/home/jetson/guali_ws/install/detectabasura/lib/python3.8/site-packages/detectabasura/detectabasura_s__rosidl_typesupport_c.cpython-38-aarch64-linux-gnu.so" to ""
[34.764s] -- Installing: /home/jetson/guali_ws/install/detectabasura/lib/libdetectabasura__python.so
[34.765s] -- Set runtime path of "/home/jetson/guali_ws/install/detectabasura/lib/libdetectabasura__python.so" to ""
[34.766s] -- Up-to-date: /home/jetson/guali_ws/install/detectabasura/share/detectabasura/msg/SixDOFArmControl.idl
[34.767s] -- Up-to-date: /home/jetson/guali_ws/install/detectabasura/share/detectabasura/msg/SixDOFArmControl.msg
[34.773s] -- Installing: /home/jetson/guali_ws/install/detectabasura/lib/detectabasura/video_publisher
[34.775s] -- Set runtime path of "/home/jetson/guali_ws/install/detectabasura/lib/detectabasura/video_publisher" to ""
[34.776s] -- Up-to-date: /home/jetson/guali_ws/install/detectabasura/share/ament_index/resource_index/package_run_dependencies/detectabasura
[34.777s] -- Up-to-date: /home/jetson/guali_ws/install/detectabasura/share/ament_index/resource_index/parent_prefix_path/detectabasura
[34.777s] -- Up-to-date: /home/jetson/guali_ws/install/detectabasura/share/detectabasura/environment/ament_prefix_path.sh
[34.778s] -- Installing: /home/jetson/guali_ws/install/detectabasura/share/detectabasura/environment/ament_prefix_path.dsv
[34.779s] -- Up-to-date: /home/jetson/guali_ws/install/detectabasura/share/detectabasura/environment/path.sh
[34.779s] -- Installing: /home/jetson/guali_ws/install/detectabasura/share/detectabasura/environment/path.dsv
[34.780s] -- Up-to-date: /home/jetson/guali_ws/install/detectabasura/share/detectabasura/local_setup.bash
[34.780s] -- Up-to-date: /home/jetson/guali_ws/install/detectabasura/share/detectabasura/local_setup.sh
[34.783s] -- Up-to-date: /home/jetson/guali_ws/install/detectabasura/share/detectabasura/local_setup.zsh
[34.784s] -- Installing: /home/jetson/guali_ws/install/detectabasura/share/detectabasura/local_setup.dsv
[34.784s] -- Installing: /home/jetson/guali_ws/install/detectabasura/share/detectabasura/package.dsv
[34.784s] -- Up-to-date: /home/jetson/guali_ws/install/detectabasura/share/ament_index/resource_index/packages/detectabasura
[34.786s] -- Up-to-date: /home/jetson/guali_ws/install/detectabasura/share/detectabasura/cmake/detectabasura__rosidl_generator_cExport.cmake
[34.787s] -- Installing: /home/jetson/guali_ws/install/detectabasura/share/detectabasura/cmake/detectabasura__rosidl_generator_cExport-release.cmake
[34.789s] -- Up-to-date: /home/jetson/guali_ws/install/detectabasura/share/detectabasura/cmake/detectabasura__rosidl_typesupport_introspection_cExport.cmake
[34.790s] -- Installing: /home/jetson/guali_ws/install/detectabasura/share/detectabasura/cmake/detectabasura__rosidl_typesupport_introspection_cExport-release.cmake
[34.792s] -- Up-to-date: /home/jetson/guali_ws/install/detectabasura/share/detectabasura/cmake/detectabasura__rosidl_typesupport_cExport.cmake
[34.793s] -- Installing: /home/jetson/guali_ws/install/detectabasura/share/detectabasura/cmake/detectabasura__rosidl_typesupport_cExport-release.cmake
[34.796s] -- Up-to-date: /home/jetson/guali_ws/install/detectabasura/share/detectabasura/cmake/detectabasura__rosidl_generator_cppExport.cmake
[34.796s] -- Up-to-date: /home/jetson/guali_ws/install/detectabasura/share/detectabasura/cmake/detectabasura__rosidl_typesupport_introspection_cppExport.cmake
[34.797s] -- Installing: /home/jetson/guali_ws/install/detectabasura/share/detectabasura/cmake/detectabasura__rosidl_typesupport_introspection_cppExport-release.cmake
[34.800s] -- Up-to-date: /home/jetson/guali_ws/install/detectabasura/share/detectabasura/cmake/detectabasura__rosidl_typesupport_cppExport.cmake
[34.801s] -- Installing: /home/jetson/guali_ws/install/detectabasura/share/detectabasura/cmake/detectabasura__rosidl_typesupport_cppExport-release.cmake
[34.802s] -- Up-to-date: /home/jetson/guali_ws/install/detectabasura/share/detectabasura/cmake/rosidl_cmake-extras.cmake
[34.802s] -- Up-to-date: /home/jetson/guali_ws/install/detectabasura/share/detectabasura/cmake/ament_cmake_export_dependencies-extras.cmake
[34.803s] -- Up-to-date: /home/jetson/guali_ws/install/detectabasura/share/detectabasura/cmake/ament_cmake_export_libraries-extras.cmake
[34.803s] -- Up-to-date: /home/jetson/guali_ws/install/detectabasura/share/detectabasura/cmake/ament_cmake_export_targets-extras.cmake
[34.803s] -- Up-to-date: /home/jetson/guali_ws/install/detectabasura/share/detectabasura/cmake/ament_cmake_export_include_directories-extras.cmake
[34.804s] -- Up-to-date: /home/jetson/guali_ws/install/detectabasura/share/detectabasura/cmake/rosidl_cmake_export_typesupport_libraries-extras.cmake
[34.804s] -- Up-to-date: /home/jetson/guali_ws/install/detectabasura/share/detectabasura/cmake/rosidl_cmake_export_typesupport_targets-extras.cmake
[34.805s] -- Up-to-date: /home/jetson/guali_ws/install/detectabasura/share/detectabasura/cmake/detectabasuraConfig.cmake
[34.805s] -- Up-to-date: /home/jetson/guali_ws/install/detectabasura/share/detectabasura/cmake/detectabasuraConfig-version.cmake
[34.806s] -- Up-to-date: /home/jetson/guali_ws/install/detectabasura/share/detectabasura/package.xml
[34.819s] Invoked command in '/home/jetson/guali_ws/build/detectabasura' returned '0': CMAKE_PREFIX_PATH=/home/jetson/guali_ws/install/deteccionresiduos:/opt/ros/foxy /usr/bin/cmake --install /home/jetson/guali_ws/build/detectabasura
