[0.070s] Invoking command in '/home/jetson/guali_ws/build/detectabasura': CMAKE_PREFIX_PATH=${CMAKE_PREFIX_PATH}:/opt/ros/foxy /usr/bin/cmake --build /home/jetson/guali_ws/build/detectabasura -- -j4 -l4
[0.428s] [  5%] Built target serialMCU
[0.462s] [  8%] Built target detectabasura__cpp
[0.505s] [ 16%] Built target detectabasura__rosidl_generator_c
[0.661s] [ 21%] Built target video_publisher_cli
[0.715s] [ 29%] Built target detectabasura__rosidl_typesupport_cpp
[0.796s] [ 37%] Built target detectabasura__rosidl_typesupport_fastrtps_cpp
[0.924s] [ 54%] Built target detectabasura__rosidl_typesupport_introspection_c
[0.962s] [ 59%] Built target video_publisher_usb
[0.994s] [ 67%] Built target detectabasura__rosidl_typesupport_introspection_cpp
[1.070s] [ 67%] Built target detectabasura__rosidl_typesupport_c
[1.154s] [ 75%] Built target detectabasura__rosidl_typesupport_fastrtps_c
[1.230s] [ 75%] Built target detectabasura
[1.332s] [ 78%] Built target detectabasura__py
[1.480s] [ 83%] Built target detectabasura__python
[1.721s] [ 94%] Built target detectabasura__rosidl_typesupport_c__pyext
[1.723s] [ 94%] Built target detectabasura__rosidl_typesupport_introspection_c__pyext
[1.741s] [100%] Built target detectabasura__rosidl_typesupport_fastrtps_c__pyext
[1.797s] Invoked command in '/home/jetson/guali_ws/build/detectabasura' returned '0': CMAKE_PREFIX_PATH=${CMAKE_PREFIX_PATH}:/opt/ros/foxy /usr/bin/cmake --build /home/jetson/guali_ws/build/detectabasura -- -j4 -l4
[2.091s] Invoking command in '/home/jetson/guali_ws/build/detectabasura': CMAKE_PREFIX_PATH=${CMAKE_PREFIX_PATH}:/opt/ros/foxy /usr/bin/cmake --install /home/jetson/guali_ws/build/detectabasura
[2.134s] -- Install configuration: "Release"
[2.135s] -- Up-to-date: /home/jetson/guali_ws/install/detectabasura/share/ament_index/resource_index/rosidl_interfaces/detectabasura
[2.135s] -- Up-to-date: /home/jetson/guali_ws/install/detectabasura/include/detectabasura
[2.136s] -- Up-to-date: /home/jetson/guali_ws/install/detectabasura/include/detectabasura/msg
[2.136s] -- Up-to-date: /home/jetson/guali_ws/install/detectabasura/include/detectabasura/msg/detail
[2.136s] -- Up-to-date: /home/jetson/guali_ws/install/detectabasura/include/detectabasura/msg/detail/six_dof_arm_control__functions.c
[2.137s] -- Up-to-date: /home/jetson/guali_ws/install/detectabasura/include/detectabasura/msg/detail/six_dof_arm_control__struct.h
[2.137s] -- Up-to-date: /home/jetson/guali_ws/install/detectabasura/include/detectabasura/msg/detail/six_dof_arm_control__type_support.h
[2.138s] -- Up-to-date: /home/jetson/guali_ws/install/detectabasura/include/detectabasura/msg/detail/six_dof_arm_control__functions.h
[2.138s] -- Up-to-date: /home/jetson/guali_ws/install/detectabasura/include/detectabasura/msg/rosidl_generator_c__visibility_control.h
[2.141s] -- Up-to-date: /home/jetson/guali_ws/install/detectabasura/include/detectabasura/msg/six_dof_arm_control.h
[2.145s] -- Up-to-date: /home/jetson/guali_ws/install/detectabasura/share/detectabasura/environment/library_path.sh
[2.145s] -- Up-to-date: /home/jetson/guali_ws/install/detectabasura/share/detectabasura/environment/library_path.dsv
[2.146s] -- Up-to-date: /home/jetson/guali_ws/install/detectabasura/lib/libdetectabasura__rosidl_generator_c.so
[2.146s] -- Up-to-date: /home/jetson/guali_ws/install/detectabasura/include/detectabasura
[2.147s] -- Up-to-date: /home/jetson/guali_ws/install/detectabasura/include/detectabasura/msg
[2.147s] -- Up-to-date: /home/jetson/guali_ws/install/detectabasura/include/detectabasura/msg/detail
[2.148s] -- Up-to-date: /home/jetson/guali_ws/install/detectabasura/include/detectabasura/msg/detail/six_dof_arm_control__rosidl_typesupport_fastrtps_c.h
[2.148s] -- Up-to-date: /home/jetson/guali_ws/install/detectabasura/include/detectabasura/msg/rosidl_typesupport_fastrtps_c__visibility_control.h
[2.149s] -- Up-to-date: /home/jetson/guali_ws/install/detectabasura/lib/libdetectabasura__rosidl_typesupport_fastrtps_c.so
[2.150s] -- Up-to-date: /home/jetson/guali_ws/install/detectabasura/include/detectabasura
[2.150s] -- Up-to-date: /home/jetson/guali_ws/install/detectabasura/include/detectabasura/msg
[2.151s] -- Up-to-date: /home/jetson/guali_ws/install/detectabasura/include/detectabasura/msg/detail
[2.151s] -- Up-to-date: /home/jetson/guali_ws/install/detectabasura/include/detectabasura/msg/detail/six_dof_arm_control__rosidl_typesupport_fastrtps_cpp.hpp
[2.152s] -- Up-to-date: /home/jetson/guali_ws/install/detectabasura/include/detectabasura/msg/detail/dds_fastrtps
[2.152s] -- Up-to-date: /home/jetson/guali_ws/install/detectabasura/include/detectabasura/msg/rosidl_typesupport_fastrtps_cpp__visibility_control.h
[2.153s] -- Up-to-date: /home/jetson/guali_ws/install/detectabasura/lib/libdetectabasura__rosidl_typesupport_fastrtps_cpp.so
[2.153s] -- Up-to-date: /home/jetson/guali_ws/install/detectabasura/include/detectabasura
[2.153s] -- Up-to-date: /home/jetson/guali_ws/install/detectabasura/include/detectabasura/msg
[2.154s] -- Up-to-date: /home/jetson/guali_ws/install/detectabasura/include/detectabasura/msg/detail
[2.154s] -- Up-to-date: /home/jetson/guali_ws/install/detectabasura/include/detectabasura/msg/detail/six_dof_arm_control__type_support.c
[2.155s] -- Up-to-date: /home/jetson/guali_ws/install/detectabasura/include/detectabasura/msg/detail/six_dof_arm_control__rosidl_typesupport_introspection_c.h
[2.166s] -- Up-to-date: /home/jetson/guali_ws/install/detectabasura/include/detectabasura/msg/rosidl_typesupport_introspection_c__visibility_control.h
[2.167s] -- Up-to-date: /home/jetson/guali_ws/install/detectabasura/lib/libdetectabasura__rosidl_typesupport_introspection_c.so
[2.168s] -- Up-to-date: /home/jetson/guali_ws/install/detectabasura/lib/libdetectabasura__rosidl_typesupport_c.so
[2.168s] -- Up-to-date: /home/jetson/guali_ws/install/detectabasura/include/detectabasura
[2.169s] -- Up-to-date: /home/jetson/guali_ws/install/detectabasura/include/detectabasura/msg
[2.169s] -- Up-to-date: /home/jetson/guali_ws/install/detectabasura/include/detectabasura/msg/detail
[2.170s] -- Up-to-date: /home/jetson/guali_ws/install/detectabasura/include/detectabasura/msg/detail/six_dof_arm_control__struct.hpp
[2.170s] -- Up-to-date: /home/jetson/guali_ws/install/detectabasura/include/detectabasura/msg/detail/six_dof_arm_control__type_support.hpp
[2.170s] -- Up-to-date: /home/jetson/guali_ws/install/detectabasura/include/detectabasura/msg/detail/six_dof_arm_control__traits.hpp
[2.171s] -- Up-to-date: /home/jetson/guali_ws/install/detectabasura/include/detectabasura/msg/detail/six_dof_arm_control__builder.hpp
[2.171s] -- Up-to-date: /home/jetson/guali_ws/install/detectabasura/include/detectabasura/msg/six_dof_arm_control.hpp
[2.172s] -- Up-to-date: /home/jetson/guali_ws/install/detectabasura/include/detectabasura/msg/rosidl_generator_cpp__visibility_control.hpp
[2.173s] -- Up-to-date: /home/jetson/guali_ws/install/detectabasura/include/detectabasura
[2.173s] -- Up-to-date: /home/jetson/guali_ws/install/detectabasura/include/detectabasura/msg
[2.174s] -- Up-to-date: /home/jetson/guali_ws/install/detectabasura/include/detectabasura/msg/detail
[2.174s] -- Up-to-date: /home/jetson/guali_ws/install/detectabasura/include/detectabasura/msg/detail/six_dof_arm_control__rosidl_typesupport_introspection_cpp.hpp
[2.175s] -- Up-to-date: /home/jetson/guali_ws/install/detectabasura/include/detectabasura/msg/detail/six_dof_arm_control__type_support.cpp
[2.175s] -- Up-to-date: /home/jetson/guali_ws/install/detectabasura/lib/libdetectabasura__rosidl_typesupport_introspection_cpp.so
[2.177s] -- Up-to-date: /home/jetson/guali_ws/install/detectabasura/lib/libdetectabasura__rosidl_typesupport_cpp.so
[2.178s] -- Up-to-date: /home/jetson/guali_ws/install/detectabasura/share/detectabasura/environment/pythonpath.sh
[2.178s] -- Up-to-date: /home/jetson/guali_ws/install/detectabasura/share/detectabasura/environment/pythonpath.dsv
[2.179s] -- Up-to-date: /home/jetson/guali_ws/install/detectabasura/lib/python3.8/site-packages/detectabasura/__init__.py
[2.361s] -- Up-to-date: /home/jetson/guali_ws/install/detectabasura/lib/python3.8/site-packages/detectabasura/msg
[2.365s] -- Up-to-date: /home/jetson/guali_ws/install/detectabasura/lib/python3.8/site-packages/detectabasura/msg/_six_dof_arm_control_s.c
[2.366s] -- Up-to-date: /home/jetson/guali_ws/install/detectabasura/lib/python3.8/site-packages/detectabasura/msg/_six_dof_arm_control.py
[2.367s] -- Up-to-date: /home/jetson/guali_ws/install/detectabasura/lib/python3.8/site-packages/detectabasura/msg/__init__.py
[2.368s] -- Up-to-date: /home/jetson/guali_ws/install/detectabasura/lib/python3.8/site-packages/detectabasura/detectabasura_s__rosidl_typesupport_fastrtps_c.cpython-38-aarch64-linux-gnu.so
[2.368s] -- Up-to-date: /home/jetson/guali_ws/install/detectabasura/lib/python3.8/site-packages/detectabasura/detectabasura_s__rosidl_typesupport_introspection_c.cpython-38-aarch64-linux-gnu.so
[2.372s] -- Up-to-date: /home/jetson/guali_ws/install/detectabasura/lib/python3.8/site-packages/detectabasura/detectabasura_s__rosidl_typesupport_c.cpython-38-aarch64-linux-gnu.so
[2.375s] -- Up-to-date: /home/jetson/guali_ws/install/detectabasura/lib/libdetectabasura__python.so
[2.378s] -- Up-to-date: /home/jetson/guali_ws/install/detectabasura/share/detectabasura/msg/SixDOFArmControl.idl
[2.380s] -- Up-to-date: /home/jetson/guali_ws/install/detectabasura/share/detectabasura/msg/SixDOFArmControl.msg
[2.382s] -- Up-to-date: /home/jetson/guali_ws/install/detectabasura/lib/detectabasura/video_publisher_cli
[2.386s] -- Up-to-date: /home/jetson/guali_ws/install/detectabasura/lib/detectabasura/video_publisher_usb
[2.388s] -- Up-to-date: /home/jetson/guali_ws/install/detectabasura/lib/detectabasura/serialMCU
[2.391s] -- Up-to-date: /home/jetson/guali_ws/install/detectabasura/share/ament_index/resource_index/package_run_dependencies/detectabasura
[2.395s] -- Up-to-date: /home/jetson/guali_ws/install/detectabasura/share/ament_index/resource_index/parent_prefix_path/detectabasura
[2.395s] -- Up-to-date: /home/jetson/guali_ws/install/detectabasura/share/detectabasura/environment/ament_prefix_path.sh
[2.396s] -- Up-to-date: /home/jetson/guali_ws/install/detectabasura/share/detectabasura/environment/ament_prefix_path.dsv
[2.397s] -- Up-to-date: /home/jetson/guali_ws/install/detectabasura/share/detectabasura/environment/path.sh
[2.398s] -- Up-to-date: /home/jetson/guali_ws/install/detectabasura/share/detectabasura/environment/path.dsv
[2.398s] -- Up-to-date: /home/jetson/guali_ws/install/detectabasura/share/detectabasura/local_setup.bash
[2.399s] -- Up-to-date: /home/jetson/guali_ws/install/detectabasura/share/detectabasura/local_setup.sh
[2.399s] -- Up-to-date: /home/jetson/guali_ws/install/detectabasura/share/detectabasura/local_setup.zsh
[2.400s] -- Up-to-date: /home/jetson/guali_ws/install/detectabasura/share/detectabasura/local_setup.dsv
[2.400s] -- Installing: /home/jetson/guali_ws/install/detectabasura/share/detectabasura/package.dsv
[2.402s] -- Up-to-date: /home/jetson/guali_ws/install/detectabasura/share/ament_index/resource_index/packages/detectabasura
[2.409s] -- Up-to-date: /home/jetson/guali_ws/install/detectabasura/share/detectabasura/cmake/detectabasura__rosidl_generator_cExport.cmake
[2.410s] -- Up-to-date: /home/jetson/guali_ws/install/detectabasura/share/detectabasura/cmake/detectabasura__rosidl_generator_cExport-release.cmake
[2.410s] -- Up-to-date: /home/jetson/guali_ws/install/detectabasura/share/detectabasura/cmake/detectabasura__rosidl_typesupport_introspection_cExport.cmake
[2.412s] -- Up-to-date: /home/jetson/guali_ws/install/detectabasura/share/detectabasura/cmake/detectabasura__rosidl_typesupport_introspection_cExport-release.cmake
[2.413s] -- Up-to-date: /home/jetson/guali_ws/install/detectabasura/share/detectabasura/cmake/detectabasura__rosidl_typesupport_cExport.cmake
[2.413s] -- Up-to-date: /home/jetson/guali_ws/install/detectabasura/share/detectabasura/cmake/detectabasura__rosidl_typesupport_cExport-release.cmake
[2.415s] -- Up-to-date: /home/jetson/guali_ws/install/detectabasura/share/detectabasura/cmake/detectabasura__rosidl_generator_cppExport.cmake
[2.427s] -- Up-to-date: /home/jetson/guali_ws/install/detectabasura/share/detectabasura/cmake/detectabasura__rosidl_typesupport_introspection_cppExport.cmake
[2.428s] -- Up-to-date: /home/jetson/guali_ws/install/detectabasura/share/detectabasura/cmake/detectabasura__rosidl_typesupport_introspection_cppExport-release.cmake
[2.428s] -- Up-to-date: /home/jetson/guali_ws/install/detectabasura/share/detectabasura/cmake/detectabasura__rosidl_typesupport_cppExport.cmake
[2.429s] -- Up-to-date: /home/jetson/guali_ws/install/detectabasura/share/detectabasura/cmake/detectabasura__rosidl_typesupport_cppExport-release.cmake
[2.429s] -- Up-to-date: /home/jetson/guali_ws/install/detectabasura/share/detectabasura/cmake/rosidl_cmake-extras.cmake
[2.430s] -- Up-to-date: /home/jetson/guali_ws/install/detectabasura/share/detectabasura/cmake/ament_cmake_export_dependencies-extras.cmake
[2.430s] -- Up-to-date: /home/jetson/guali_ws/install/detectabasura/share/detectabasura/cmake/ament_cmake_export_libraries-extras.cmake
[2.431s] -- Up-to-date: /home/jetson/guali_ws/install/detectabasura/share/detectabasura/cmake/ament_cmake_export_targets-extras.cmake
[2.432s] -- Up-to-date: /home/jetson/guali_ws/install/detectabasura/share/detectabasura/cmake/ament_cmake_export_include_directories-extras.cmake
[2.432s] -- Up-to-date: /home/jetson/guali_ws/install/detectabasura/share/detectabasura/cmake/rosidl_cmake_export_typesupport_libraries-extras.cmake
[2.433s] -- Up-to-date: /home/jetson/guali_ws/install/detectabasura/share/detectabasura/cmake/rosidl_cmake_export_typesupport_targets-extras.cmake
[2.450s] -- Up-to-date: /home/jetson/guali_ws/install/detectabasura/share/detectabasura/cmake/detectabasuraConfig.cmake
[2.452s] -- Up-to-date: /home/jetson/guali_ws/install/detectabasura/share/detectabasura/cmake/detectabasuraConfig-version.cmake
[2.453s] -- Up-to-date: /home/jetson/guali_ws/install/detectabasura/share/detectabasura/package.xml
[2.455s] Invoked command in '/home/jetson/guali_ws/build/detectabasura' returned '0': CMAKE_PREFIX_PATH=${CMAKE_PREFIX_PATH}:/opt/ros/foxy /usr/bin/cmake --install /home/jetson/guali_ws/build/detectabasura
