[1.715s] DEBUG:colcon:Command line arguments: ['/usr/bin/colcon', 'build']
[1.716s] DEBUG:colcon:Parsed command line arguments: Namespace(allow_overriding=[], ament_cmake_args=None, base_paths=['.'], build_base='build', catkin_cmake_args=None, catkin_skip_building_tests=False, cmake_args=None, cmake_clean_cache=False, cmake_clean_first=False, cmake_force_configure=False, cmake_target=None, cmake_target_skip_unavailable=False, continue_on_error=False, event_handlers=None, executor='parallel', ignore_user_meta=False, install_base='install', log_base=None, log_level=None, main=<bound method BuildVerb.main of <colcon_core.verb.build.BuildVerb object at 0x7f8abfa280>>, merge_install=False, metas=['./colcon.meta'], packages_above=None, packages_above_and_dependencies=None, packages_above_depth=None, packages_end=None, packages_ignore=None, packages_ignore_regex=None, packages_select=None, packages_select_build_failed=False, packages_select_by_dep=None, packages_select_regex=None, packages_select_test_failures=False, packages_skip=None, packages_skip_build_finished=False, packages_skip_by_dep=None, packages_skip_regex=None, packages_skip_test_passed=False, packages_skip_up_to=None, packages_start=None, packages_up_to=None, packages_up_to_regex=None, parallel_workers=4, paths=None, symlink_install=False, test_result_base=None, verb_extension=<colcon_core.verb.build.BuildVerb object at 0x7f8abfa280>, verb_name='build', verb_parser=<colcon_defaults.argument_parser.defaults.DefaultArgumentsDecorator object at 0x7f8abfa7c0>)
[1.863s] Level 1:colcon.colcon_core.package_discovery:discover_packages(colcon_meta) check parameters
[1.863s] Level 1:colcon.colcon_core.package_discovery:discover_packages(recursive) check parameters
[1.864s] Level 1:colcon.colcon_core.package_discovery:discover_packages(ignore) check parameters
[1.864s] Level 1:colcon.colcon_core.package_discovery:discover_packages(path) check parameters
[1.864s] Level 1:colcon.colcon_core.package_discovery:discover_packages(colcon_meta) discover
[1.864s] Level 1:colcon.colcon_core.package_discovery:discover_packages(recursive) discover
[1.864s] INFO:colcon.colcon_core.package_discovery:Crawling recursively for packages in '/home/jetson/guali_ws/detectabasura'
[1.865s] Level 1:colcon.colcon_core.package_identification:_identify(.) by extensions ['ignore', 'ignore_ament_install']
[1.865s] Level 1:colcon.colcon_core.package_identification:_identify(.) by extension 'ignore'
[1.866s] Level 1:colcon.colcon_core.package_identification:_identify(.) by extension 'ignore_ament_install'
[1.866s] Level 1:colcon.colcon_core.package_identification:_identify(.) by extensions ['colcon_pkg']
[1.866s] Level 1:colcon.colcon_core.package_identification:_identify(.) by extension 'colcon_pkg'
[1.866s] Level 1:colcon.colcon_core.package_identification:_identify(.) by extensions ['colcon_meta']
[1.867s] Level 1:colcon.colcon_core.package_identification:_identify(.) by extension 'colcon_meta'
[1.867s] Level 1:colcon.colcon_core.package_identification:_identify(.) by extensions ['ros']
[1.867s] Level 1:colcon.colcon_core.package_identification:_identify(.) by extension 'ros'
[1.929s] DEBUG:colcon.colcon_core.package_identification:Package '.' with type 'ros.ament_cmake' and name 'detectabasura'
[1.929s] Level 1:colcon.colcon_core.package_discovery:discover_packages(recursive) using defaults
[1.929s] Level 1:colcon.colcon_core.package_discovery:discover_packages(ignore) discover
[1.929s] Level 1:colcon.colcon_core.package_discovery:discover_packages(ignore) using defaults
[1.930s] Level 1:colcon.colcon_core.package_discovery:discover_packages(path) discover
[1.930s] Level 1:colcon.colcon_core.package_discovery:discover_packages(path) using defaults
[2.038s] Level 1:colcon.colcon_core.package_discovery:discover_packages(prefix_path) check parameters
[2.038s] Level 1:colcon.colcon_core.package_discovery:discover_packages(prefix_path) discover
[2.055s] DEBUG:colcon.colcon_installed_package_information.package_discovery:Found 256 installed packages in /opt/ros/foxy
[2.064s] Level 1:colcon.colcon_core.package_discovery:discover_packages(prefix_path) using defaults
[2.395s] Level 5:colcon.colcon_core.verb:set package 'detectabasura' build argument 'cmake_args' from command line to 'None'
[2.395s] Level 5:colcon.colcon_core.verb:set package 'detectabasura' build argument 'cmake_target' from command line to 'None'
[2.395s] Level 5:colcon.colcon_core.verb:set package 'detectabasura' build argument 'cmake_target_skip_unavailable' from command line to 'False'
[2.395s] Level 5:colcon.colcon_core.verb:set package 'detectabasura' build argument 'cmake_clean_cache' from command line to 'False'
[2.395s] Level 5:colcon.colcon_core.verb:set package 'detectabasura' build argument 'cmake_clean_first' from command line to 'False'
[2.396s] Level 5:colcon.colcon_core.verb:set package 'detectabasura' build argument 'cmake_force_configure' from command line to 'False'
[2.396s] Level 5:colcon.colcon_core.verb:set package 'detectabasura' build argument 'ament_cmake_args' from command line to 'None'
[2.396s] Level 5:colcon.colcon_core.verb:set package 'detectabasura' build argument 'catkin_cmake_args' from command line to 'None'
[2.396s] Level 5:colcon.colcon_core.verb:set package 'detectabasura' build argument 'catkin_skip_building_tests' from command line to 'False'
[2.396s] DEBUG:colcon.colcon_core.verb:Building package 'detectabasura' with the following arguments: {'ament_cmake_args': None, 'build_base': '/home/jetson/guali_ws/detectabasura/build/detectabasura', 'catkin_cmake_args': None, 'catkin_skip_building_tests': False, 'cmake_args': None, 'cmake_clean_cache': False, 'cmake_clean_first': False, 'cmake_force_configure': False, 'cmake_target': None, 'cmake_target_skip_unavailable': False, 'install_base': '/home/jetson/guali_ws/detectabasura/install/detectabasura', 'merge_install': False, 'path': '/home/jetson/guali_ws/detectabasura', 'symlink_install': False, 'test_result_base': None}
[2.401s] INFO:colcon.colcon_core.executor:Executing jobs using 'parallel' executor
[2.426s] DEBUG:colcon.colcon_parallel_executor.executor.parallel:run_until_complete
[2.427s] INFO:colcon.colcon_ros.task.ament_cmake.build:Building ROS package in '/home/jetson/guali_ws/detectabasura' with build type 'ament_cmake'
[2.428s] INFO:colcon.colcon_cmake.task.cmake.build:Building CMake package in '/home/jetson/guali_ws/detectabasura'
[2.453s] INFO:colcon.colcon_core.plugin_system:Skipping extension 'colcon_core.shell.bat': Not used on non-Windows systems
[2.454s] INFO:colcon.colcon_core.shell:Skip shell extension 'powershell' for command environment: Not usable outside of PowerShell
[2.454s] DEBUG:colcon.colcon_core.shell:Skip shell extension 'dsv' for command environment
[2.503s] DEBUG:colcon.colcon_core.event_handler.log_command:Invoking command in '/home/jetson/guali_ws/detectabasura/build/detectabasura': CMAKE_PREFIX_PATH=/opt/ros/foxy /usr/bin/cmake --build /home/jetson/guali_ws/detectabasura/build/detectabasura -- -j4 -l4
[13.985s] DEBUG:colcon.colcon_core.event_handler.log_command:Invoked command in '/home/jetson/guali_ws/detectabasura/build/detectabasura' returned '0': CMAKE_PREFIX_PATH=/opt/ros/foxy /usr/bin/cmake --build /home/jetson/guali_ws/detectabasura/build/detectabasura -- -j4 -l4
[14.152s] DEBUG:colcon.colcon_core.event_handler.log_command:Invoking command in '/home/jetson/guali_ws/detectabasura/build/detectabasura': CMAKE_PREFIX_PATH=/opt/ros/foxy /usr/bin/cmake --install /home/jetson/guali_ws/detectabasura/build/detectabasura
[14.210s] DEBUG:colcon.colcon_core.event_handler.log_command:Invoked command in '/home/jetson/guali_ws/detectabasura/build/detectabasura' returned '1': CMAKE_PREFIX_PATH=/opt/ros/foxy /usr/bin/cmake --install /home/jetson/guali_ws/detectabasura/build/detectabasura
[14.372s] Level 1:colcon.colcon_core.environment:create_environment_scripts_only(detectabasura)
[14.399s] Level 1:colcon.colcon_core.environment:checking '/home/jetson/guali_ws/detectabasura/install/detectabasura' for CMake module files
[14.401s] Level 1:colcon.colcon_core.environment:checking '/home/jetson/guali_ws/detectabasura/install/detectabasura' for CMake config files
[14.403s] Level 1:colcon.colcon_core.environment:checking '/home/jetson/guali_ws/detectabasura/install/detectabasura/bin'
[14.404s] Level 1:colcon.colcon_core.environment:checking '/home/jetson/guali_ws/detectabasura/install/detectabasura/lib/pkgconfig/detectabasura.pc'
[14.405s] Level 1:colcon.colcon_core.environment:checking '/home/jetson/guali_ws/detectabasura/install/detectabasura/lib/python3.8/site-packages'
[14.406s] Level 1:colcon.colcon_core.environment:checking '/home/jetson/guali_ws/detectabasura/install/detectabasura/bin'
[14.415s] INFO:colcon.colcon_core.shell:Creating package script '/home/jetson/guali_ws/detectabasura/install/detectabasura/share/detectabasura/package.ps1'
[14.423s] INFO:colcon.colcon_core.shell:Creating package descriptor '/home/jetson/guali_ws/detectabasura/install/detectabasura/share/detectabasura/package.dsv'
[14.428s] INFO:colcon.colcon_core.shell:Creating package script '/home/jetson/guali_ws/detectabasura/install/detectabasura/share/detectabasura/package.sh'
[14.432s] INFO:colcon.colcon_core.shell:Creating package script '/home/jetson/guali_ws/detectabasura/install/detectabasura/share/detectabasura/package.bash'
[14.437s] INFO:colcon.colcon_core.shell:Creating package script '/home/jetson/guali_ws/detectabasura/install/detectabasura/share/detectabasura/package.zsh'
[14.441s] Level 1:colcon.colcon_core.environment:create_file_with_runtime_dependencies(/home/jetson/guali_ws/detectabasura/install/detectabasura/share/colcon-core/packages/detectabasura)
[14.455s] DEBUG:colcon.colcon_parallel_executor.executor.parallel:closing loop
[14.456s] DEBUG:colcon.colcon_parallel_executor.executor.parallel:loop closed
[14.456s] DEBUG:colcon.colcon_parallel_executor.executor.parallel:run_until_complete finished with '1'
[14.457s] DEBUG:colcon.colcon_core.event_reactor:joining thread
[14.486s] INFO:colcon.colcon_core.plugin_system:Skipping extension 'colcon_notification.desktop_notification.terminal_notifier': Not used on non-Darwin systems
[14.487s] INFO:colcon.colcon_core.plugin_system:Skipping extension 'colcon_notification.desktop_notification.win32': Not used on non-Windows systems
[14.487s] INFO:colcon.colcon_notification.desktop_notification:Sending desktop notification using 'notify2'
[14.543s] DEBUG:colcon.colcon_core.event_reactor:joined thread
[14.561s] INFO:colcon.colcon_core.shell:Creating prefix script '/home/jetson/guali_ws/detectabasura/install/local_setup.ps1'
[14.573s] INFO:colcon.colcon_core.shell:Creating prefix util module '/home/jetson/guali_ws/detectabasura/install/_local_setup_util_ps1.py'
[14.585s] INFO:colcon.colcon_core.shell:Creating prefix chain script '/home/jetson/guali_ws/detectabasura/install/setup.ps1'
[14.632s] INFO:colcon.colcon_core.shell:Creating prefix script '/home/jetson/guali_ws/detectabasura/install/local_setup.sh'
[14.635s] INFO:colcon.colcon_core.shell:Creating prefix util module '/home/jetson/guali_ws/detectabasura/install/_local_setup_util_sh.py'
[14.637s] INFO:colcon.colcon_core.shell:Creating prefix chain script '/home/jetson/guali_ws/detectabasura/install/setup.sh'
[14.645s] INFO:colcon.colcon_core.shell:Creating prefix script '/home/jetson/guali_ws/detectabasura/install/local_setup.bash'
[14.648s] INFO:colcon.colcon_core.shell:Creating prefix chain script '/home/jetson/guali_ws/detectabasura/install/setup.bash'
[14.654s] INFO:colcon.colcon_core.shell:Creating prefix script '/home/jetson/guali_ws/detectabasura/install/local_setup.zsh'
[14.657s] INFO:colcon.colcon_core.shell:Creating prefix chain script '/home/jetson/guali_ws/detectabasura/install/setup.zsh'
