-- Found ament_cmake: 0.9.12 (/opt/ros/foxy/share/ament_cmake/cmake)
-- Found PythonInterp: /usr/bin/python3 (found suitable version "3.8.10", minimum required is "3") 
-- Using PYTHON_EXECUTABLE: /usr/bin/python3
-- Found rclcpp: 2.4.3 (/opt/ros/foxy/share/rclcpp/cmake)
-- Using all available rosidl_typesupport_c: rosidl_typesupport_fastrtps_c;rosidl_typesupport_introspection_c
-- Found rosidl_adapter: 1.3.1 (/opt/ros/foxy/share/rosidl_adapter/cmake)
-- Using all available rosidl_typesupport_cpp: rosidl_typesupport_fastrtps_cpp;rosidl_typesupport_introspection_cpp
-- Found rmw_implementation_cmake: 1.0.4 (/opt/ros/foxy/share/rmw_implementation_cmake/cmake)
-- Using RMW implementation 'rmw_fastrtps_cpp' as default
-- Found sensor_msgs: 2.0.5 (/opt/ros/foxy/share/sensor_msgs/cmake)
-- Found cv_bridge: 3.0.7 (/opt/ros/foxy/share/cv_bridge/cmake)
-- Found rosidl_default_generators: 1.0.1 (/opt/ros/foxy/share/rosidl_default_generators/cmake)
-- Found PythonInterp: /usr/bin/python3 (found version "3.8.10") 
-- Found ament_cmake_ros: 0.9.2 (/opt/ros/foxy/share/ament_cmake_ros/cmake)
-- Using all available rosidl_typesupport_c: rosidl_typesupport_fastrtps_c;rosidl_typesupport_introspection_c
-- Using all available rosidl_typesupport_cpp: rosidl_typesupport_fastrtps_cpp;rosidl_typesupport_introspection_cpp
-- Found PythonInterp: /usr/bin/python3 (found suitable version "3.8.10", minimum required is "3.5") 
-- Found python_cmake_module: 0.8.1 (/opt/ros/foxy/share/python_cmake_module/cmake)
-- Using PYTHON_EXECUTABLE: /usr/bin/python3
-- Using PYTHON_INCLUDE_DIRS: /usr/include/python3.8
-- Using PYTHON_LIBRARIES: /usr/lib/aarch64-linux-gnu/libpython3.8.so
-- Configuring done
-- Generating done
-- Build files have been written to: /home/jetson/guali_ws/build/detectabasura
[35m[1mScanning dependencies of target video_publisher_cli[0m
[35m[1mScanning dependencies of target video_publisher_usb[0m
[  2%] Built target detectabasura__cpp
[ 11%] Built target detectabasura__rosidl_generator_c
[ 20%] Built target detectabasura__rosidl_typesupport_cpp
[ 28%] Built target detectabasura__rosidl_typesupport_fastrtps_cpp
[ 31%] [32mBuilding CXX object CMakeFiles/video_publisher_usb.dir/src/video_publisher_usb.cpp.o[0m
[ 34%] [32mBuilding CXX object CMakeFiles/video_publisher_cli.dir/src/video_publisher_cli.cpp.o[0m
[ 42%] Built target detectabasura__rosidl_typesupport_introspection_c
[ 51%] Built target detectabasura__rosidl_typesupport_introspection_cpp
[ 60%] Built target detectabasura__rosidl_typesupport_c
[ 68%] Built target detectabasura__rosidl_typesupport_fastrtps_c
[ 68%] Built target detectabasura
[ 71%] Built target detectabasura__py
[ 77%] Built target detectabasura__python
[ 85%] Built target detectabasura__rosidl_typesupport_introspection_c__pyext
[ 88%] Built target detectabasura__rosidl_typesupport_fastrtps_c__pyext
[ 94%] Built target detectabasura__rosidl_typesupport_c__pyext
[01m[K/home/jetson/guali_ws/detectabasura/src/video_publisher_cli.cpp:[m[K In function ‘[01m[Kint main(int, char**)[m[K’:
[01m[K/home/jetson/guali_ws/detectabasura/src/video_publisher_cli.cpp:80:9:[m[K [01;31m[Kerror: [m[K‘[01m[Kcalibration_publisher[m[K’ was not declared in this scope
         [01;31m[Kcalibration_publisher[m[K->publish(*calibration_msg);
         [01;31m[K^~~~~~~~~~~~~~~~~~~~~[m[K
[01m[K/home/jetson/guali_ws/detectabasura/src/video_publisher_cli.cpp:80:9:[m[K [01;36m[Knote: [m[Ksuggested alternative: ‘[01m[Krmw_destroy_publisher[m[K’
         [01;36m[Kcalibration_publisher[m[K->publish(*calibration_msg);
         [01;36m[K^~~~~~~~~~~~~~~~~~~~~[m[K
         [32m[Krmw_destroy_publisher[m[K
[01m[K/home/jetson/guali_ws/detectabasura/src/video_publisher_cli.cpp:80:41:[m[K [01;31m[Kerror: [m[K‘[01m[Kcalibration_msg[m[K’ was not declared in this scope
         calibration_publisher->publish(*[01;31m[Kcalibration_msg[m[K);
                                         [01;31m[K^~~~~~~~~~~~~~~[m[K
make[2]: *** [CMakeFiles/video_publisher_cli.dir/build.make:63: CMakeFiles/video_publisher_cli.dir/src/video_publisher_cli.cpp.o] Error 1
make[1]: *** [CMakeFiles/Makefile2:190: CMakeFiles/video_publisher_cli.dir/all] Error 2
make[1]: *** Waiting for unfinished jobs....
[ 97%] [32m[1mLinking CXX executable detectabasura/video_publisher_usb[0m
/usr/bin/ld: warning: libopencv_core.so.4.2, needed by /opt/ros/foxy/lib/libcv_bridge.so, may conflict with libopencv_core.so.406
[ 97%] Built target video_publisher_usb
make: *** [Makefile:141: all] Error 2
