[0.063s] Invoking command in '/home/jetson/guali_ws/build/detectabasura': CMAKE_PREFIX_PATH=${CMAKE_PREFIX_PATH}:/opt/ros/foxy /usr/bin/cmake --build /home/jetson/guali_ws/build/detectabasura -- -j4 -l4
[0.186s] -- Found ament_cmake: 0.9.12 (/opt/ros/foxy/share/ament_cmake/cmake)
[0.298s] -- Found PythonInterp: /usr/bin/python3 (found suitable version "3.8.10", minimum required is "3") 
[0.299s] -- Using PYTHON_EXECUTABLE: /usr/bin/python3
[1.313s] -- Found rclcpp: 2.4.3 (/opt/ros/foxy/share/rclcpp/cmake)
[1.481s] -- Using all available rosidl_typesupport_c: rosidl_typesupport_fastrtps_c;rosidl_typesupport_introspection_c
[1.499s] -- Found rosidl_adapter: 1.3.1 (/opt/ros/foxy/share/rosidl_adapter/cmake)
[2.068s] -- Using all available rosidl_typesupport_cpp: rosidl_typesupport_fastrtps_cpp;rosidl_typesupport_introspection_cpp
[2.301s] -- Found rmw_implementation_cmake: 1.0.4 (/opt/ros/foxy/share/rmw_implementation_cmake/cmake)
[2.309s] -- Using RMW implementation 'rmw_fastrtps_cpp' as default
[2.995s] -- Found sensor_msgs: 2.0.5 (/opt/ros/foxy/share/sensor_msgs/cmake)
[3.513s] -- Found cv_bridge: 3.0.7 (/opt/ros/foxy/share/cv_bridge/cmake)
[3.782s] -- Found rosidl_default_generators: 1.0.1 (/opt/ros/foxy/share/rosidl_default_generators/cmake)
[3.953s] -- Found PythonInterp: /usr/bin/python3 (found version "3.8.10") 
[4.458s] -- Found ament_cmake_ros: 0.9.2 (/opt/ros/foxy/share/ament_cmake_ros/cmake)
[4.894s] -- Using all available rosidl_typesupport_c: rosidl_typesupport_fastrtps_c;rosidl_typesupport_introspection_c
[4.925s] -- Using all available rosidl_typesupport_cpp: rosidl_typesupport_fastrtps_cpp;rosidl_typesupport_introspection_cpp
[5.018s] -- Found PythonInterp: /usr/bin/python3 (found suitable version "3.8.10", minimum required is "3.5") 
[5.021s] -- Found python_cmake_module: 0.8.1 (/opt/ros/foxy/share/python_cmake_module/cmake)
[5.118s] -- Using PYTHON_EXECUTABLE: /usr/bin/python3
[5.118s] -- Using PYTHON_INCLUDE_DIRS: /usr/include/python3.8
[5.118s] -- Using PYTHON_LIBRARIES: /usr/lib/aarch64-linux-gnu/libpython3.8.so
[5.485s] -- Configuring done
[5.789s] -- Generating done
[5.804s] -- Build files have been written to: /home/jetson/guali_ws/build/detectabasura
[5.909s] [35m[1mScanning dependencies of target video_publisher_cli[0m
[5.922s] [35m[1mScanning dependencies of target video_publisher_usb[0m
[5.959s] [  2%] Built target detectabasura__cpp
[5.976s] [ 11%] Built target detectabasura__rosidl_generator_c
[6.118s] [ 20%] Built target detectabasura__rosidl_typesupport_cpp
[6.179s] [ 28%] Built target detectabasura__rosidl_typesupport_fastrtps_cpp
[6.186s] [ 31%] [32mBuilding CXX object CMakeFiles/video_publisher_usb.dir/src/video_publisher_usb.cpp.o[0m
[6.188s] [ 34%] [32mBuilding CXX object CMakeFiles/video_publisher_cli.dir/src/video_publisher_cli.cpp.o[0m
[6.307s] [ 42%] Built target detectabasura__rosidl_typesupport_introspection_c
[6.312s] [ 51%] Built target detectabasura__rosidl_typesupport_introspection_cpp
[6.472s] [ 60%] Built target detectabasura__rosidl_typesupport_c
[6.502s] [ 68%] Built target detectabasura__rosidl_typesupport_fastrtps_c
[6.574s] [ 68%] Built target detectabasura
[6.677s] [ 71%] Built target detectabasura__py
[6.819s] [ 77%] Built target detectabasura__python
[6.942s] [ 85%] Built target detectabasura__rosidl_typesupport_introspection_c__pyext
[6.945s] [ 88%] Built target detectabasura__rosidl_typesupport_fastrtps_c__pyext
[7.058s] [ 94%] Built target detectabasura__rosidl_typesupport_c__pyext
[15.281s] [01m[K/home/jetson/guali_ws/detectabasura/src/video_publisher_cli.cpp:[m[K In function ‘[01m[Kint main(int, char**)[m[K’:
[15.281s] [01m[K/home/jetson/guali_ws/detectabasura/src/video_publisher_cli.cpp:80:9:[m[K [01;31m[Kerror: [m[K‘[01m[Kcalibration_publisher[m[K’ was not declared in this scope
[15.282s]          [01;31m[Kcalibration_publisher[m[K->publish(*calibration_msg);
[15.282s]          [01;31m[K^~~~~~~~~~~~~~~~~~~~~[m[K
[15.298s] [01m[K/home/jetson/guali_ws/detectabasura/src/video_publisher_cli.cpp:80:9:[m[K [01;36m[Knote: [m[Ksuggested alternative: ‘[01m[Krmw_destroy_publisher[m[K’
[15.298s]          [01;36m[Kcalibration_publisher[m[K->publish(*calibration_msg);
[15.299s]          [01;36m[K^~~~~~~~~~~~~~~~~~~~~[m[K
[15.299s]          [32m[Krmw_destroy_publisher[m[K
[15.300s] [01m[K/home/jetson/guali_ws/detectabasura/src/video_publisher_cli.cpp:80:41:[m[K [01;31m[Kerror: [m[K‘[01m[Kcalibration_msg[m[K’ was not declared in this scope
[15.300s]          calibration_publisher->publish(*[01;31m[Kcalibration_msg[m[K);
[15.301s]                                          [01;31m[K^~~~~~~~~~~~~~~[m[K
[18.984s] make[2]: *** [CMakeFiles/video_publisher_cli.dir/build.make:63: CMakeFiles/video_publisher_cli.dir/src/video_publisher_cli.cpp.o] Error 1
[18.985s] make[1]: *** [CMakeFiles/Makefile2:190: CMakeFiles/video_publisher_cli.dir/all] Error 2
[18.985s] make[1]: *** Waiting for unfinished jobs....
[26.397s] [ 97%] [32m[1mLinking CXX executable detectabasura/video_publisher_usb[0m
[28.318s] /usr/bin/ld: warning: libopencv_core.so.4.2, needed by /opt/ros/foxy/lib/libcv_bridge.so, may conflict with libopencv_core.so.406
[28.351s] [ 97%] Built target video_publisher_usb
[28.355s] make: *** [Makefile:141: all] Error 2
[28.362s] Invoked command in '/home/jetson/guali_ws/build/detectabasura' returned '2': CMAKE_PREFIX_PATH=${CMAKE_PREFIX_PATH}:/opt/ros/foxy /usr/bin/cmake --build /home/jetson/guali_ws/build/detectabasura -- -j4 -l4
