[1.835s] DEBUG:colcon:Command line arguments: ['/usr/bin/colcon', 'build']
[1.835s] DEBUG:colcon:Parsed command line arguments: Namespace(allow_overriding=[], ament_cmake_args=None, base_paths=['.'], build_base='build', catkin_cmake_args=None, catkin_skip_building_tests=False, cmake_args=None, cmake_clean_cache=False, cmake_clean_first=False, cmake_force_configure=False, cmake_target=None, cmake_target_skip_unavailable=False, continue_on_error=False, event_handlers=None, executor='parallel', ignore_user_meta=False, install_base='install', log_base=None, log_level=None, main=<bound method BuildVerb.main of <colcon_core.verb.build.BuildVerb object at 0x7f8acb63d0>>, merge_install=False, metas=['./colcon.meta'], packages_above=None, packages_above_and_dependencies=None, packages_above_depth=None, packages_end=None, packages_ignore=None, packages_ignore_regex=None, packages_select=None, packages_select_build_failed=False, packages_select_by_dep=None, packages_select_regex=None, packages_select_test_failures=False, packages_skip=None, packages_skip_build_finished=False, packages_skip_by_dep=None, packages_skip_regex=None, packages_skip_test_passed=False, packages_skip_up_to=None, packages_start=None, packages_up_to=None, packages_up_to_regex=None, parallel_workers=4, paths=None, symlink_install=False, test_result_base=None, verb_extension=<colcon_core.verb.build.BuildVerb object at 0x7f8acb63d0>, verb_name='build', verb_parser=<colcon_defaults.argument_parser.defaults.DefaultArgumentsDecorator object at 0x7f8acb6910>)
[1.861s] DEBUG:colcon:Command line arguments: ['/usr/bin/colcon', 'build']
[1.861s] DEBUG:colcon:Parsed command line arguments: Namespace(allow_overriding=[], ament_cmake_args=None, base_paths=['.'], build_base='build', catkin_cmake_args=None, catkin_skip_building_tests=False, cmake_args=None, cmake_clean_cache=False, cmake_clean_first=False, cmake_force_configure=False, cmake_target=None, cmake_target_skip_unavailable=False, continue_on_error=False, event_handlers=None, executor='parallel', ignore_user_meta=False, install_base='install', log_base=None, log_level=None, main=<bound method BuildVerb.main of <colcon_core.verb.build.BuildVerb object at 0x7f92a9f0a0>>, merge_install=False, metas=['./colcon.meta'], packages_above=None, packages_above_and_dependencies=None, packages_above_depth=None, packages_end=None, packages_ignore=None, packages_ignore_regex=None, packages_select=None, packages_select_build_failed=False, packages_select_by_dep=None, packages_select_regex=None, packages_select_test_failures=False, packages_skip=None, packages_skip_build_finished=False, packages_skip_by_dep=None, packages_skip_regex=None, packages_skip_test_passed=False, packages_skip_up_to=None, packages_start=None, packages_up_to=None, packages_up_to_regex=None, parallel_workers=4, paths=None, symlink_install=False, test_result_base=None, verb_extension=<colcon_core.verb.build.BuildVerb object at 0x7f92a9f0a0>, verb_name='build', verb_parser=<colcon_defaults.argument_parser.defaults.DefaultArgumentsDecorator object at 0x7f92a9f5e0>)
[1.993s] Level 1:colcon.colcon_core.package_discovery:discover_packages(colcon_meta) check parameters
[1.994s] Level 1:colcon.colcon_core.package_discovery:discover_packages(recursive) check parameters
[1.994s] Level 1:colcon.colcon_core.package_discovery:discover_packages(ignore) check parameters
[1.994s] Level 1:colcon.colcon_core.package_discovery:discover_packages(path) check parameters
[1.994s] Level 1:colcon.colcon_core.package_discovery:discover_packages(colcon_meta) discover
[1.995s] Level 1:colcon.colcon_core.package_discovery:discover_packages(recursive) discover
[1.995s] INFO:colcon.colcon_core.package_discovery:Crawling recursively for packages in '/home/jetson/guali_ws'
[1.995s] Level 1:colcon.colcon_core.package_identification:_identify(.) by extensions ['ignore', 'ignore_ament_install']
[1.996s] Level 1:colcon.colcon_core.package_identification:_identify(.) by extension 'ignore'
[1.996s] Level 1:colcon.colcon_core.package_identification:_identify(.) by extension 'ignore_ament_install'
[1.997s] Level 1:colcon.colcon_core.package_identification:_identify(.) by extensions ['colcon_pkg']
[1.997s] Level 1:colcon.colcon_core.package_identification:_identify(.) by extension 'colcon_pkg'
[1.997s] Level 1:colcon.colcon_core.package_identification:_identify(.) by extensions ['colcon_meta']
[1.997s] Level 1:colcon.colcon_core.package_identification:_identify(.) by extension 'colcon_meta'
[1.998s] Level 1:colcon.colcon_core.package_identification:_identify(.) by extensions ['ros']
[1.998s] Level 1:colcon.colcon_core.package_identification:_identify(.) by extension 'ros'
[2.053s] Level 1:colcon.colcon_core.package_identification:_identify(.) by extensions ['cmake', 'python']
[2.054s] Level 1:colcon.colcon_core.package_identification:_identify(.) by extension 'cmake'
[2.054s] Level 1:colcon.colcon_core.package_identification:_identify(.) by extension 'python'
[2.054s] Level 1:colcon.colcon_core.package_identification:_identify(.) by extensions ['python_setup_py']
[2.055s] Level 1:colcon.colcon_core.package_identification:_identify(.) by extension 'python_setup_py'
[2.055s] Level 1:colcon.colcon_core.package_identification:_identify(build) by extensions ['ignore', 'ignore_ament_install']
[2.056s] Level 1:colcon.colcon_core.package_identification:_identify(build) by extension 'ignore'
[2.056s] Level 1:colcon.colcon_core.package_identification:_identify(build) ignored
[2.057s] Level 1:colcon.colcon_core.package_identification:_identify(camera_parameters_cli) by extensions ['ignore', 'ignore_ament_install']
[2.058s] Level 1:colcon.colcon_core.package_identification:_identify(camera_parameters_cli) by extension 'ignore'
[2.058s] Level 1:colcon.colcon_core.package_identification:_identify(camera_parameters_cli) by extension 'ignore_ament_install'
[2.058s] Level 1:colcon.colcon_core.package_identification:_identify(camera_parameters_cli) by extensions ['colcon_pkg']
[2.058s] Level 1:colcon.colcon_core.package_identification:_identify(camera_parameters_cli) by extension 'colcon_pkg'
[2.059s] Level 1:colcon.colcon_core.package_identification:_identify(camera_parameters_cli) by extensions ['colcon_meta']
[2.059s] Level 1:colcon.colcon_core.package_identification:_identify(camera_parameters_cli) by extension 'colcon_meta'
[2.059s] Level 1:colcon.colcon_core.package_identification:_identify(camera_parameters_cli) by extensions ['ros']
[2.059s] Level 1:colcon.colcon_core.package_identification:_identify(camera_parameters_cli) by extension 'ros'
[2.060s] Level 1:colcon.colcon_core.package_identification:_identify(camera_parameters_cli) by extensions ['cmake', 'python']
[2.060s] Level 1:colcon.colcon_core.package_identification:_identify(camera_parameters_cli) by extension 'cmake'
[2.060s] Level 1:colcon.colcon_core.package_identification:_identify(camera_parameters_cli) by extension 'python'
[2.060s] Level 1:colcon.colcon_core.package_identification:_identify(camera_parameters_cli) by extensions ['python_setup_py']
[2.061s] Level 1:colcon.colcon_core.package_identification:_identify(camera_parameters_cli) by extension 'python_setup_py'
[2.061s] Level 1:colcon.colcon_core.package_identification:_identify(camera_parameters_usb) by extensions ['ignore', 'ignore_ament_install']
[2.062s] Level 1:colcon.colcon_core.package_identification:_identify(camera_parameters_usb) by extension 'ignore'
[2.062s] Level 1:colcon.colcon_core.package_identification:_identify(camera_parameters_usb) by extension 'ignore_ament_install'
[2.063s] Level 1:colcon.colcon_core.package_identification:_identify(camera_parameters_usb) by extensions ['colcon_pkg']
[2.063s] Level 1:colcon.colcon_core.package_identification:_identify(camera_parameters_usb) by extension 'colcon_pkg'
[2.063s] Level 1:colcon.colcon_core.package_identification:_identify(camera_parameters_usb) by extensions ['colcon_meta']
[2.063s] Level 1:colcon.colcon_core.package_identification:_identify(camera_parameters_usb) by extension 'colcon_meta'
[2.064s] Level 1:colcon.colcon_core.package_identification:_identify(camera_parameters_usb) by extensions ['ros']
[2.064s] Level 1:colcon.colcon_core.package_identification:_identify(camera_parameters_usb) by extension 'ros'
[2.064s] Level 1:colcon.colcon_core.package_identification:_identify(camera_parameters_usb) by extensions ['cmake', 'python']
[2.065s] Level 1:colcon.colcon_core.package_identification:_identify(camera_parameters_usb) by extension 'cmake'
[2.065s] Level 1:colcon.colcon_core.package_identification:_identify(camera_parameters_usb) by extension 'python'
[2.065s] Level 1:colcon.colcon_core.package_identification:_identify(camera_parameters_usb) by extensions ['python_setup_py']
[2.066s] Level 1:colcon.colcon_core.package_identification:_identify(camera_parameters_usb) by extension 'python_setup_py'
[2.066s] Level 1:colcon.colcon_core.package_identification:_identify(detectabasura) by extensions ['ignore', 'ignore_ament_install']
[2.067s] Level 1:colcon.colcon_core.package_identification:_identify(detectabasura) by extension 'ignore'
[2.067s] Level 1:colcon.colcon_core.package_identification:_identify(detectabasura) by extension 'ignore_ament_install'
[2.067s] Level 1:colcon.colcon_core.package_identification:_identify(detectabasura) by extensions ['colcon_pkg']
[2.068s] Level 1:colcon.colcon_core.package_identification:_identify(detectabasura) by extension 'colcon_pkg'
[2.068s] Level 1:colcon.colcon_core.package_identification:_identify(detectabasura) by extensions ['colcon_meta']
[2.068s] Level 1:colcon.colcon_core.package_identification:_identify(detectabasura) by extension 'colcon_meta'
[2.069s] Level 1:colcon.colcon_core.package_identification:_identify(detectabasura) by extensions ['ros']
[2.069s] Level 1:colcon.colcon_core.package_identification:_identify(detectabasura) by extension 'ros'
[2.080s] DEBUG:colcon.colcon_core.package_identification:Package 'detectabasura' with type 'ros.ament_cmake' and name 'detectabasura'
[2.081s] Level 1:colcon.colcon_core.package_identification:_identify(install) by extensions ['ignore', 'ignore_ament_install']
[2.082s] Level 1:colcon.colcon_core.package_identification:_identify(install) by extension 'ignore'
[2.082s] Level 1:colcon.colcon_core.package_identification:_identify(install) ignored
[2.083s] Level 1:colcon.colcon_core.package_identification:_identify(log) by extensions ['ignore', 'ignore_ament_install']
[2.083s] Level 1:colcon.colcon_core.package_identification:_identify(log) by extension 'ignore'
[2.084s] Level 1:colcon.colcon_core.package_identification:_identify(log) ignored
[2.084s] Level 1:colcon.colcon_core.package_identification:_identify(nodeMCU) by extensions ['ignore', 'ignore_ament_install']
[2.084s] Level 1:colcon.colcon_core.package_identification:_identify(nodeMCU) by extension 'ignore'
[2.085s] Level 1:colcon.colcon_core.package_identification:_identify(nodeMCU) by extension 'ignore_ament_install'
[2.085s] Level 1:colcon.colcon_core.package_identification:_identify(nodeMCU) by extensions ['colcon_pkg']
[2.085s] Level 1:colcon.colcon_core.package_identification:_identify(nodeMCU) by extension 'colcon_pkg'
[2.085s] Level 1:colcon.colcon_core.package_identification:_identify(nodeMCU) by extensions ['colcon_meta']
[2.086s] Level 1:colcon.colcon_core.package_identification:_identify(nodeMCU) by extension 'colcon_meta'
[2.086s] Level 1:colcon.colcon_core.package_identification:_identify(nodeMCU) by extensions ['ros']
[2.086s] Level 1:colcon.colcon_core.package_identification:_identify(nodeMCU) by extension 'ros'
[2.086s] Level 1:colcon.colcon_core.package_identification:_identify(nodeMCU) by extensions ['cmake', 'python']
[2.087s] Level 1:colcon.colcon_core.package_identification:_identify(nodeMCU) by extension 'cmake'
[2.087s] Level 1:colcon.colcon_core.package_identification:_identify(nodeMCU) by extension 'python'
[2.087s] Level 1:colcon.colcon_core.package_identification:_identify(nodeMCU) by extensions ['python_setup_py']
[2.087s] Level 1:colcon.colcon_core.package_identification:_identify(nodeMCU) by extension 'python_setup_py'
[2.088s] Level 1:colcon.colcon_core.package_identification:_identify(nodeMCU/global1) by extensions ['ignore', 'ignore_ament_install']
[2.088s] Level 1:colcon.colcon_core.package_identification:_identify(nodeMCU/global1) by extension 'ignore'
[2.088s] Level 1:colcon.colcon_core.package_identification:_identify(nodeMCU/global1) by extension 'ignore_ament_install'
[2.089s] Level 1:colcon.colcon_core.package_identification:_identify(nodeMCU/global1) by extensions ['colcon_pkg']
[2.089s] Level 1:colcon.colcon_core.package_identification:_identify(nodeMCU/global1) by extension 'colcon_pkg'
[2.089s] Level 1:colcon.colcon_core.package_identification:_identify(nodeMCU/global1) by extensions ['colcon_meta']
[2.089s] Level 1:colcon.colcon_core.package_identification:_identify(nodeMCU/global1) by extension 'colcon_meta'
[2.090s] Level 1:colcon.colcon_core.package_identification:_identify(nodeMCU/global1) by extensions ['ros']
[2.090s] Level 1:colcon.colcon_core.package_identification:_identify(nodeMCU/global1) by extension 'ros'
[2.090s] Level 1:colcon.colcon_core.package_identification:_identify(nodeMCU/global1) by extensions ['cmake', 'python']
[2.090s] Level 1:colcon.colcon_core.package_identification:_identify(nodeMCU/global1) by extension 'cmake'
[2.090s] Level 1:colcon.colcon_core.package_identification:_identify(nodeMCU/global1) by extension 'python'
[2.091s] Level 1:colcon.colcon_core.package_identification:_identify(nodeMCU/global1) by extensions ['python_setup_py']
[2.091s] Level 1:colcon.colcon_core.package_identification:_identify(nodeMCU/global1) by extension 'python_setup_py'
[2.091s] Level 1:colcon.colcon_core.package_identification:_identify(nodeMCU/global2) by extensions ['ignore', 'ignore_ament_install']
[2.092s] Level 1:colcon.colcon_core.package_identification:_identify(nodeMCU/global2) by extension 'ignore'
[2.092s] Level 1:colcon.colcon_core.package_identification:_identify(nodeMCU/global2) by extension 'ignore_ament_install'
[2.092s] Level 1:colcon.colcon_core.package_identification:_identify(nodeMCU/global2) by extensions ['colcon_pkg']
[2.092s] Level 1:colcon.colcon_core.package_identification:_identify(nodeMCU/global2) by extension 'colcon_pkg'
[2.093s] Level 1:colcon.colcon_core.package_identification:_identify(nodeMCU/global2) by extensions ['colcon_meta']
[2.093s] Level 1:colcon.colcon_core.package_identification:_identify(nodeMCU/global2) by extension 'colcon_meta'
[2.093s] Level 1:colcon.colcon_core.package_identification:_identify(nodeMCU/global2) by extensions ['ros']
[2.093s] Level 1:colcon.colcon_core.package_identification:_identify(nodeMCU/global2) by extension 'ros'
[2.093s] Level 1:colcon.colcon_core.package_identification:_identify(nodeMCU/global2) by extensions ['cmake', 'python']
[2.094s] Level 1:colcon.colcon_core.package_identification:_identify(nodeMCU/global2) by extension 'cmake'
[2.094s] Level 1:colcon.colcon_core.package_identification:_identify(nodeMCU/global2) by extension 'python'
[2.094s] Level 1:colcon.colcon_core.package_identification:_identify(nodeMCU/global2) by extensions ['python_setup_py']
[2.094s] Level 1:colcon.colcon_core.package_identification:_identify(nodeMCU/global2) by extension 'python_setup_py'
[2.095s] Level 1:colcon.colcon_core.package_identification:_identify(nodeMCU/serialReciveArduino) by extensions ['ignore', 'ignore_ament_install']
[2.095s] Level 1:colcon.colcon_core.package_identification:_identify(nodeMCU/serialReciveArduino) by extension 'ignore'
[2.095s] Level 1:colcon.colcon_core.package_identification:_identify(nodeMCU/serialReciveArduino) by extension 'ignore_ament_install'
[2.096s] Level 1:colcon.colcon_core.package_identification:_identify(nodeMCU/serialReciveArduino) by extensions ['colcon_pkg']
[2.096s] Level 1:colcon.colcon_core.package_identification:_identify(nodeMCU/serialReciveArduino) by extension 'colcon_pkg'
[2.096s] Level 1:colcon.colcon_core.package_identification:_identify(nodeMCU/serialReciveArduino) by extensions ['colcon_meta']
[2.096s] Level 1:colcon.colcon_core.package_identification:_identify(nodeMCU/serialReciveArduino) by extension 'colcon_meta'
[2.096s] Level 1:colcon.colcon_core.package_identification:_identify(nodeMCU/serialReciveArduino) by extensions ['ros']
[2.097s] Level 1:colcon.colcon_core.package_identification:_identify(nodeMCU/serialReciveArduino) by extension 'ros'
[2.097s] Level 1:colcon.colcon_core.package_identification:_identify(nodeMCU/serialReciveArduino) by extensions ['cmake', 'python']
[2.020s] Level 1:colcon.colcon_core.package_discovery:discover_packages(colcon_meta) check parameters
[2.097s] Level 1:colcon.colcon_core.package_identification:_identify(nodeMCU/serialReciveArduino) by extension 'cmake'
[2.097s] Level 1:colcon.colcon_core.package_identification:_identify(nodeMCU/serialReciveArduino) by extension 'python'
[2.021s] Level 1:colcon.colcon_core.package_discovery:discover_packages(recursive) check parameters
[2.021s] Level 1:colcon.colcon_core.package_discovery:discover_packages(ignore) check parameters
[2.098s] Level 1:colcon.colcon_core.package_identification:_identify(nodeMCU/serialReciveArduino) by extensions ['python_setup_py']
[2.021s] Level 1:colcon.colcon_core.package_discovery:discover_packages(path) check parameters
[2.098s] Level 1:colcon.colcon_core.package_identification:_identify(nodeMCU/serialReciveArduino) by extension 'python_setup_py'
[2.021s] Level 1:colcon.colcon_core.package_discovery:discover_packages(colcon_meta) discover
[2.021s] Level 1:colcon.colcon_core.package_discovery:discover_packages(recursive) discover
[2.098s] Level 1:colcon.colcon_core.package_identification:_identify(nodeMCU/servotest) by extensions ['ignore', 'ignore_ament_install']
[2.022s] INFO:colcon.colcon_core.package_discovery:Crawling recursively for packages in '/home/jetson/guali_ws'
[2.099s] Level 1:colcon.colcon_core.package_identification:_identify(nodeMCU/servotest) by extension 'ignore'
[2.099s] Level 1:colcon.colcon_core.package_identification:_identify(nodeMCU/servotest) by extension 'ignore_ament_install'
[2.022s] Level 1:colcon.colcon_core.package_identification:_identify(.) by extensions ['ignore', 'ignore_ament_install']
[2.099s] Level 1:colcon.colcon_core.package_identification:_identify(nodeMCU/servotest) by extensions ['colcon_pkg']
[2.022s] Level 1:colcon.colcon_core.package_identification:_identify(.) by extension 'ignore'
[2.099s] Level 1:colcon.colcon_core.package_identification:_identify(nodeMCU/servotest) by extension 'colcon_pkg'
[2.023s] Level 1:colcon.colcon_core.package_identification:_identify(.) by extension 'ignore_ament_install'
[2.100s] Level 1:colcon.colcon_core.package_identification:_identify(nodeMCU/servotest) by extensions ['colcon_meta']
[2.100s] Level 1:colcon.colcon_core.package_identification:_identify(nodeMCU/servotest) by extension 'colcon_meta'
[2.023s] Level 1:colcon.colcon_core.package_identification:_identify(.) by extensions ['colcon_pkg']
[2.100s] Level 1:colcon.colcon_core.package_identification:_identify(nodeMCU/servotest) by extensions ['ros']
[2.023s] Level 1:colcon.colcon_core.package_identification:_identify(.) by extension 'colcon_pkg'
[2.100s] Level 1:colcon.colcon_core.package_identification:_identify(nodeMCU/servotest) by extension 'ros'
[2.023s] Level 1:colcon.colcon_core.package_identification:_identify(.) by extensions ['colcon_meta']
[2.023s] Level 1:colcon.colcon_core.package_identification:_identify(.) by extension 'colcon_meta'
[2.100s] Level 1:colcon.colcon_core.package_identification:_identify(nodeMCU/servotest) by extensions ['cmake', 'python']
[2.024s] Level 1:colcon.colcon_core.package_identification:_identify(.) by extensions ['ros']
[2.101s] Level 1:colcon.colcon_core.package_identification:_identify(nodeMCU/servotest) by extension 'cmake'
[2.024s] Level 1:colcon.colcon_core.package_identification:_identify(.) by extension 'ros'
[2.101s] Level 1:colcon.colcon_core.package_identification:_identify(nodeMCU/servotest) by extension 'python'
[2.101s] Level 1:colcon.colcon_core.package_identification:_identify(nodeMCU/servotest) by extensions ['python_setup_py']
[2.101s] Level 1:colcon.colcon_core.package_identification:_identify(nodeMCU/servotest) by extension 'python_setup_py'
[2.102s] Level 1:colcon.colcon_core.package_identification:_identify(nodeMCU/trhead_test1) by extensions ['ignore', 'ignore_ament_install']
[2.102s] Level 1:colcon.colcon_core.package_identification:_identify(nodeMCU/trhead_test1) by extension 'ignore'
[2.102s] Level 1:colcon.colcon_core.package_identification:_identify(nodeMCU/trhead_test1) by extension 'ignore_ament_install'
[2.103s] Level 1:colcon.colcon_core.package_identification:_identify(nodeMCU/trhead_test1) by extensions ['colcon_pkg']
[2.103s] Level 1:colcon.colcon_core.package_identification:_identify(nodeMCU/trhead_test1) by extension 'colcon_pkg'
[2.103s] Level 1:colcon.colcon_core.package_identification:_identify(nodeMCU/trhead_test1) by extensions ['colcon_meta']
[2.103s] Level 1:colcon.colcon_core.package_identification:_identify(nodeMCU/trhead_test1) by extension 'colcon_meta'
[2.103s] Level 1:colcon.colcon_core.package_identification:_identify(nodeMCU/trhead_test1) by extensions ['ros']
[2.104s] Level 1:colcon.colcon_core.package_identification:_identify(nodeMCU/trhead_test1) by extension 'ros'
[2.104s] Level 1:colcon.colcon_core.package_identification:_identify(nodeMCU/trhead_test1) by extensions ['cmake', 'python']
[2.104s] Level 1:colcon.colcon_core.package_identification:_identify(nodeMCU/trhead_test1) by extension 'cmake'
[2.104s] Level 1:colcon.colcon_core.package_identification:_identify(nodeMCU/trhead_test1) by extension 'python'
[2.105s] Level 1:colcon.colcon_core.package_identification:_identify(nodeMCU/trhead_test1) by extensions ['python_setup_py']
[2.105s] Level 1:colcon.colcon_core.package_identification:_identify(nodeMCU/trhead_test1) by extension 'python_setup_py'
[2.105s] Level 1:colcon.colcon_core.package_discovery:discover_packages(recursive) using defaults
[2.105s] Level 1:colcon.colcon_core.package_discovery:discover_packages(ignore) discover
[2.106s] Level 1:colcon.colcon_core.package_discovery:discover_packages(ignore) using defaults
[2.106s] Level 1:colcon.colcon_core.package_discovery:discover_packages(path) discover
[2.106s] Level 1:colcon.colcon_core.package_discovery:discover_packages(path) using defaults
[2.075s] Level 1:colcon.colcon_core.package_identification:_identify(.) by extensions ['cmake', 'python']
[2.076s] Level 1:colcon.colcon_core.package_identification:_identify(.) by extension 'cmake'
[2.076s] Level 1:colcon.colcon_core.package_identification:_identify(.) by extension 'python'
[2.076s] Level 1:colcon.colcon_core.package_identification:_identify(.) by extensions ['python_setup_py']
[2.076s] Level 1:colcon.colcon_core.package_identification:_identify(.) by extension 'python_setup_py'
[2.077s] Level 1:colcon.colcon_core.package_identification:_identify(build) by extensions ['ignore', 'ignore_ament_install']
[2.078s] Level 1:colcon.colcon_core.package_identification:_identify(build) by extension 'ignore'
[2.078s] Level 1:colcon.colcon_core.package_identification:_identify(build) ignored
[2.079s] Level 1:colcon.colcon_core.package_identification:_identify(camera_parameters_cli) by extensions ['ignore', 'ignore_ament_install']
[2.080s] Level 1:colcon.colcon_core.package_identification:_identify(camera_parameters_cli) by extension 'ignore'
[2.080s] Level 1:colcon.colcon_core.package_identification:_identify(camera_parameters_cli) by extension 'ignore_ament_install'
[2.080s] Level 1:colcon.colcon_core.package_identification:_identify(camera_parameters_cli) by extensions ['colcon_pkg']
[2.081s] Level 1:colcon.colcon_core.package_identification:_identify(camera_parameters_cli) by extension 'colcon_pkg'
[2.081s] Level 1:colcon.colcon_core.package_identification:_identify(camera_parameters_cli) by extensions ['colcon_meta']
[2.081s] Level 1:colcon.colcon_core.package_identification:_identify(camera_parameters_cli) by extension 'colcon_meta'
[2.081s] Level 1:colcon.colcon_core.package_identification:_identify(camera_parameters_cli) by extensions ['ros']
[2.081s] Level 1:colcon.colcon_core.package_identification:_identify(camera_parameters_cli) by extension 'ros'
[2.082s] Level 1:colcon.colcon_core.package_identification:_identify(camera_parameters_cli) by extensions ['cmake', 'python']
[2.082s] Level 1:colcon.colcon_core.package_identification:_identify(camera_parameters_cli) by extension 'cmake'
[2.082s] Level 1:colcon.colcon_core.package_identification:_identify(camera_parameters_cli) by extension 'python'
[2.083s] Level 1:colcon.colcon_core.package_identification:_identify(camera_parameters_cli) by extensions ['python_setup_py']
[2.083s] Level 1:colcon.colcon_core.package_identification:_identify(camera_parameters_cli) by extension 'python_setup_py'
[2.083s] Level 1:colcon.colcon_core.package_identification:_identify(camera_parameters_usb) by extensions ['ignore', 'ignore_ament_install']
[2.084s] Level 1:colcon.colcon_core.package_identification:_identify(camera_parameters_usb) by extension 'ignore'
[2.084s] Level 1:colcon.colcon_core.package_identification:_identify(camera_parameters_usb) by extension 'ignore_ament_install'
[2.084s] Level 1:colcon.colcon_core.package_identification:_identify(camera_parameters_usb) by extensions ['colcon_pkg']
[2.085s] Level 1:colcon.colcon_core.package_identification:_identify(camera_parameters_usb) by extension 'colcon_pkg'
[2.085s] Level 1:colcon.colcon_core.package_identification:_identify(camera_parameters_usb) by extensions ['colcon_meta']
[2.085s] Level 1:colcon.colcon_core.package_identification:_identify(camera_parameters_usb) by extension 'colcon_meta'
[2.085s] Level 1:colcon.colcon_core.package_identification:_identify(camera_parameters_usb) by extensions ['ros']
[2.086s] Level 1:colcon.colcon_core.package_identification:_identify(camera_parameters_usb) by extension 'ros'
[2.086s] Level 1:colcon.colcon_core.package_identification:_identify(camera_parameters_usb) by extensions ['cmake', 'python']
[2.086s] Level 1:colcon.colcon_core.package_identification:_identify(camera_parameters_usb) by extension 'cmake'
[2.086s] Level 1:colcon.colcon_core.package_identification:_identify(camera_parameters_usb) by extension 'python'
[2.087s] Level 1:colcon.colcon_core.package_identification:_identify(camera_parameters_usb) by extensions ['python_setup_py']
[2.087s] Level 1:colcon.colcon_core.package_identification:_identify(camera_parameters_usb) by extension 'python_setup_py'
[2.087s] Level 1:colcon.colcon_core.package_identification:_identify(detectabasura) by extensions ['ignore', 'ignore_ament_install']
[2.088s] Level 1:colcon.colcon_core.package_identification:_identify(detectabasura) by extension 'ignore'
[2.088s] Level 1:colcon.colcon_core.package_identification:_identify(detectabasura) by extension 'ignore_ament_install'
[2.088s] Level 1:colcon.colcon_core.package_identification:_identify(detectabasura) by extensions ['colcon_pkg']
[2.088s] Level 1:colcon.colcon_core.package_identification:_identify(detectabasura) by extension 'colcon_pkg'
[2.089s] Level 1:colcon.colcon_core.package_identification:_identify(detectabasura) by extensions ['colcon_meta']
[2.089s] Level 1:colcon.colcon_core.package_identification:_identify(detectabasura) by extension 'colcon_meta'
[2.089s] Level 1:colcon.colcon_core.package_identification:_identify(detectabasura) by extensions ['ros']
[2.089s] Level 1:colcon.colcon_core.package_identification:_identify(detectabasura) by extension 'ros'
[2.099s] DEBUG:colcon.colcon_core.package_identification:Package 'detectabasura' with type 'ros.ament_cmake' and name 'detectabasura'
[2.100s] Level 1:colcon.colcon_core.package_identification:_identify(install) by extensions ['ignore', 'ignore_ament_install']
[2.100s] Level 1:colcon.colcon_core.package_identification:_identify(install) by extension 'ignore'
[2.101s] Level 1:colcon.colcon_core.package_identification:_identify(install) ignored
[2.102s] Level 1:colcon.colcon_core.package_identification:_identify(log) by extensions ['ignore', 'ignore_ament_install']
[2.102s] Level 1:colcon.colcon_core.package_identification:_identify(log) by extension 'ignore'
[2.102s] Level 1:colcon.colcon_core.package_identification:_identify(log) ignored
[2.103s] Level 1:colcon.colcon_core.package_identification:_identify(nodeMCU) by extensions ['ignore', 'ignore_ament_install']
[2.103s] Level 1:colcon.colcon_core.package_identification:_identify(nodeMCU) by extension 'ignore'
[2.103s] Level 1:colcon.colcon_core.package_identification:_identify(nodeMCU) by extension 'ignore_ament_install'
[2.104s] Level 1:colcon.colcon_core.package_identification:_identify(nodeMCU) by extensions ['colcon_pkg']
[2.104s] Level 1:colcon.colcon_core.package_identification:_identify(nodeMCU) by extension 'colcon_pkg'
[2.104s] Level 1:colcon.colcon_core.package_identification:_identify(nodeMCU) by extensions ['colcon_meta']
[2.104s] Level 1:colcon.colcon_core.package_identification:_identify(nodeMCU) by extension 'colcon_meta'
[2.105s] Level 1:colcon.colcon_core.package_identification:_identify(nodeMCU) by extensions ['ros']
[2.105s] Level 1:colcon.colcon_core.package_identification:_identify(nodeMCU) by extension 'ros'
[2.105s] Level 1:colcon.colcon_core.package_identification:_identify(nodeMCU) by extensions ['cmake', 'python']
[2.105s] Level 1:colcon.colcon_core.package_identification:_identify(nodeMCU) by extension 'cmake'
[2.105s] Level 1:colcon.colcon_core.package_identification:_identify(nodeMCU) by extension 'python'
[2.106s] Level 1:colcon.colcon_core.package_identification:_identify(nodeMCU) by extensions ['python_setup_py']
[2.106s] Level 1:colcon.colcon_core.package_identification:_identify(nodeMCU) by extension 'python_setup_py'
[2.106s] Level 1:colcon.colcon_core.package_identification:_identify(nodeMCU/global1) by extensions ['ignore', 'ignore_ament_install']
[2.107s] Level 1:colcon.colcon_core.package_identification:_identify(nodeMCU/global1) by extension 'ignore'
[2.107s] Level 1:colcon.colcon_core.package_identification:_identify(nodeMCU/global1) by extension 'ignore_ament_install'
[2.107s] Level 1:colcon.colcon_core.package_identification:_identify(nodeMCU/global1) by extensions ['colcon_pkg']
[2.107s] Level 1:colcon.colcon_core.package_identification:_identify(nodeMCU/global1) by extension 'colcon_pkg'
[2.108s] Level 1:colcon.colcon_core.package_identification:_identify(nodeMCU/global1) by extensions ['colcon_meta']
[2.108s] Level 1:colcon.colcon_core.package_identification:_identify(nodeMCU/global1) by extension 'colcon_meta'
[2.108s] Level 1:colcon.colcon_core.package_identification:_identify(nodeMCU/global1) by extensions ['ros']
[2.108s] Level 1:colcon.colcon_core.package_identification:_identify(nodeMCU/global1) by extension 'ros'
[2.109s] Level 1:colcon.colcon_core.package_identification:_identify(nodeMCU/global1) by extensions ['cmake', 'python']
[2.109s] Level 1:colcon.colcon_core.package_identification:_identify(nodeMCU/global1) by extension 'cmake'
[2.109s] Level 1:colcon.colcon_core.package_identification:_identify(nodeMCU/global1) by extension 'python'
[2.109s] Level 1:colcon.colcon_core.package_identification:_identify(nodeMCU/global1) by extensions ['python_setup_py']
[2.109s] Level 1:colcon.colcon_core.package_identification:_identify(nodeMCU/global1) by extension 'python_setup_py'
[2.110s] Level 1:colcon.colcon_core.package_identification:_identify(nodeMCU/global2) by extensions ['ignore', 'ignore_ament_install']
[2.110s] Level 1:colcon.colcon_core.package_identification:_identify(nodeMCU/global2) by extension 'ignore'
[2.111s] Level 1:colcon.colcon_core.package_identification:_identify(nodeMCU/global2) by extension 'ignore_ament_install'
[2.111s] Level 1:colcon.colcon_core.package_identification:_identify(nodeMCU/global2) by extensions ['colcon_pkg']
[2.111s] Level 1:colcon.colcon_core.package_identification:_identify(nodeMCU/global2) by extension 'colcon_pkg'
[2.111s] Level 1:colcon.colcon_core.package_identification:_identify(nodeMCU/global2) by extensions ['colcon_meta']
[2.111s] Level 1:colcon.colcon_core.package_identification:_identify(nodeMCU/global2) by extension 'colcon_meta'
[2.111s] Level 1:colcon.colcon_core.package_identification:_identify(nodeMCU/global2) by extensions ['ros']
[2.112s] Level 1:colcon.colcon_core.package_identification:_identify(nodeMCU/global2) by extension 'ros'
[2.112s] Level 1:colcon.colcon_core.package_identification:_identify(nodeMCU/global2) by extensions ['cmake', 'python']
[2.112s] Level 1:colcon.colcon_core.package_identification:_identify(nodeMCU/global2) by extension 'cmake'
[2.112s] Level 1:colcon.colcon_core.package_identification:_identify(nodeMCU/global2) by extension 'python'
[2.113s] Level 1:colcon.colcon_core.package_identification:_identify(nodeMCU/global2) by extensions ['python_setup_py']
[2.113s] Level 1:colcon.colcon_core.package_identification:_identify(nodeMCU/global2) by extension 'python_setup_py'
[2.113s] Level 1:colcon.colcon_core.package_identification:_identify(nodeMCU/serialReciveArduino) by extensions ['ignore', 'ignore_ament_install']
[2.114s] Level 1:colcon.colcon_core.package_identification:_identify(nodeMCU/serialReciveArduino) by extension 'ignore'
[2.114s] Level 1:colcon.colcon_core.package_identification:_identify(nodeMCU/serialReciveArduino) by extension 'ignore_ament_install'
[2.114s] Level 1:colcon.colcon_core.package_identification:_identify(nodeMCU/serialReciveArduino) by extensions ['colcon_pkg']
[2.114s] Level 1:colcon.colcon_core.package_identification:_identify(nodeMCU/serialReciveArduino) by extension 'colcon_pkg'
[2.114s] Level 1:colcon.colcon_core.package_identification:_identify(nodeMCU/serialReciveArduino) by extensions ['colcon_meta']
[2.115s] Level 1:colcon.colcon_core.package_identification:_identify(nodeMCU/serialReciveArduino) by extension 'colcon_meta'
[2.115s] Level 1:colcon.colcon_core.package_identification:_identify(nodeMCU/serialReciveArduino) by extensions ['ros']
[2.115s] Level 1:colcon.colcon_core.package_identification:_identify(nodeMCU/serialReciveArduino) by extension 'ros'
[2.115s] Level 1:colcon.colcon_core.package_identification:_identify(nodeMCU/serialReciveArduino) by extensions ['cmake', 'python']
[2.115s] Level 1:colcon.colcon_core.package_identification:_identify(nodeMCU/serialReciveArduino) by extension 'cmake'
[2.116s] Level 1:colcon.colcon_core.package_identification:_identify(nodeMCU/serialReciveArduino) by extension 'python'
[2.116s] Level 1:colcon.colcon_core.package_identification:_identify(nodeMCU/serialReciveArduino) by extensions ['python_setup_py']
[2.116s] Level 1:colcon.colcon_core.package_identification:_identify(nodeMCU/serialReciveArduino) by extension 'python_setup_py'
[2.116s] Level 1:colcon.colcon_core.package_identification:_identify(nodeMCU/servotest) by extensions ['ignore', 'ignore_ament_install']
[2.117s] Level 1:colcon.colcon_core.package_identification:_identify(nodeMCU/servotest) by extension 'ignore'
[2.117s] Level 1:colcon.colcon_core.package_identification:_identify(nodeMCU/servotest) by extension 'ignore_ament_install'
[2.117s] Level 1:colcon.colcon_core.package_identification:_identify(nodeMCU/servotest) by extensions ['colcon_pkg']
[2.117s] Level 1:colcon.colcon_core.package_identification:_identify(nodeMCU/servotest) by extension 'colcon_pkg'
[2.118s] Level 1:colcon.colcon_core.package_identification:_identify(nodeMCU/servotest) by extensions ['colcon_meta']
[2.118s] Level 1:colcon.colcon_core.package_identification:_identify(nodeMCU/servotest) by extension 'colcon_meta'
[2.118s] Level 1:colcon.colcon_core.package_identification:_identify(nodeMCU/servotest) by extensions ['ros']
[2.118s] Level 1:colcon.colcon_core.package_identification:_identify(nodeMCU/servotest) by extension 'ros'
[2.119s] Level 1:colcon.colcon_core.package_identification:_identify(nodeMCU/servotest) by extensions ['cmake', 'python']
[2.119s] Level 1:colcon.colcon_core.package_identification:_identify(nodeMCU/servotest) by extension 'cmake'
[2.119s] Level 1:colcon.colcon_core.package_identification:_identify(nodeMCU/servotest) by extension 'python'
[2.119s] Level 1:colcon.colcon_core.package_identification:_identify(nodeMCU/servotest) by extensions ['python_setup_py']
[2.119s] Level 1:colcon.colcon_core.package_identification:_identify(nodeMCU/servotest) by extension 'python_setup_py'
[2.120s] Level 1:colcon.colcon_core.package_identification:_identify(nodeMCU/trhead_test1) by extensions ['ignore', 'ignore_ament_install']
[2.120s] Level 1:colcon.colcon_core.package_identification:_identify(nodeMCU/trhead_test1) by extension 'ignore'
[2.121s] Level 1:colcon.colcon_core.package_identification:_identify(nodeMCU/trhead_test1) by extension 'ignore_ament_install'
[2.121s] Level 1:colcon.colcon_core.package_identification:_identify(nodeMCU/trhead_test1) by extensions ['colcon_pkg']
[2.121s] Level 1:colcon.colcon_core.package_identification:_identify(nodeMCU/trhead_test1) by extension 'colcon_pkg'
[2.121s] Level 1:colcon.colcon_core.package_identification:_identify(nodeMCU/trhead_test1) by extensions ['colcon_meta']
[2.121s] Level 1:colcon.colcon_core.package_identification:_identify(nodeMCU/trhead_test1) by extension 'colcon_meta'
[2.122s] Level 1:colcon.colcon_core.package_identification:_identify(nodeMCU/trhead_test1) by extensions ['ros']
[2.122s] Level 1:colcon.colcon_core.package_identification:_identify(nodeMCU/trhead_test1) by extension 'ros'
[2.122s] Level 1:colcon.colcon_core.package_identification:_identify(nodeMCU/trhead_test1) by extensions ['cmake', 'python']
[2.122s] Level 1:colcon.colcon_core.package_identification:_identify(nodeMCU/trhead_test1) by extension 'cmake'
[2.122s] Level 1:colcon.colcon_core.package_identification:_identify(nodeMCU/trhead_test1) by extension 'python'
[2.123s] Level 1:colcon.colcon_core.package_identification:_identify(nodeMCU/trhead_test1) by extensions ['python_setup_py']
[2.123s] Level 1:colcon.colcon_core.package_identification:_identify(nodeMCU/trhead_test1) by extension 'python_setup_py'
[2.123s] Level 1:colcon.colcon_core.package_discovery:discover_packages(recursive) using defaults
[2.123s] Level 1:colcon.colcon_core.package_discovery:discover_packages(ignore) discover
[2.123s] Level 1:colcon.colcon_core.package_discovery:discover_packages(ignore) using defaults
[2.124s] Level 1:colcon.colcon_core.package_discovery:discover_packages(path) discover
[2.124s] Level 1:colcon.colcon_core.package_discovery:discover_packages(path) using defaults
[2.216s] Level 1:colcon.colcon_core.package_discovery:discover_packages(prefix_path) check parameters
[2.216s] Level 1:colcon.colcon_core.package_discovery:discover_packages(prefix_path) discover
[2.230s] DEBUG:colcon.colcon_installed_package_information.package_discovery:Found 1 installed packages in /home/jetson/guali_ws/install
[2.241s] DEBUG:colcon.colcon_installed_package_information.package_discovery:Found 257 installed packages in /opt/ros/foxy
[2.250s] Level 1:colcon.colcon_core.package_discovery:discover_packages(prefix_path) using defaults
[2.236s] Level 1:colcon.colcon_core.package_discovery:discover_packages(prefix_path) check parameters
[2.236s] Level 1:colcon.colcon_core.package_discovery:discover_packages(prefix_path) discover
[2.250s] DEBUG:colcon.colcon_installed_package_information.package_discovery:Found 1 installed packages in /home/jetson/guali_ws/install
[2.261s] DEBUG:colcon.colcon_installed_package_information.package_discovery:Found 257 installed packages in /opt/ros/foxy
[2.269s] Level 1:colcon.colcon_core.package_discovery:discover_packages(prefix_path) using defaults
[2.609s] Level 5:colcon.colcon_core.verb:set package 'detectabasura' build argument 'cmake_args' from command line to 'None'
[2.610s] Level 5:colcon.colcon_core.verb:set package 'detectabasura' build argument 'cmake_target' from command line to 'None'
[2.610s] Level 5:colcon.colcon_core.verb:set package 'detectabasura' build argument 'cmake_target_skip_unavailable' from command line to 'False'
[2.610s] Level 5:colcon.colcon_core.verb:set package 'detectabasura' build argument 'cmake_clean_cache' from command line to 'False'
[2.610s] Level 5:colcon.colcon_core.verb:set package 'detectabasura' build argument 'cmake_clean_first' from command line to 'False'
[2.610s] Level 5:colcon.colcon_core.verb:set package 'detectabasura' build argument 'cmake_force_configure' from command line to 'False'
[2.610s] Level 5:colcon.colcon_core.verb:set package 'detectabasura' build argument 'ament_cmake_args' from command line to 'None'
[2.611s] Level 5:colcon.colcon_core.verb:set package 'detectabasura' build argument 'catkin_cmake_args' from command line to 'None'
[2.611s] Level 5:colcon.colcon_core.verb:set package 'detectabasura' build argument 'catkin_skip_building_tests' from command line to 'False'
[2.611s] DEBUG:colcon.colcon_core.verb:Building package 'detectabasura' with the following arguments: {'ament_cmake_args': None, 'build_base': '/home/jetson/guali_ws/build/detectabasura', 'catkin_cmake_args': None, 'catkin_skip_building_tests': False, 'cmake_args': None, 'cmake_clean_cache': False, 'cmake_clean_first': False, 'cmake_force_configure': False, 'cmake_target': None, 'cmake_target_skip_unavailable': False, 'install_base': '/home/jetson/guali_ws/install/detectabasura', 'merge_install': False, 'path': '/home/jetson/guali_ws/detectabasura', 'symlink_install': False, 'test_result_base': None}
[2.618s] INFO:colcon.colcon_core.executor:Executing jobs using 'parallel' executor
[2.638s] DEBUG:colcon.colcon_parallel_executor.executor.parallel:run_until_complete
[2.639s] INFO:colcon.colcon_ros.task.ament_cmake.build:Building ROS package in '/home/jetson/guali_ws/detectabasura' with build type 'ament_cmake'
[2.640s] INFO:colcon.colcon_cmake.task.cmake.build:Building CMake package in '/home/jetson/guali_ws/detectabasura'
[2.661s] INFO:colcon.colcon_core.plugin_system:Skipping extension 'colcon_core.shell.bat': Not used on non-Windows systems
[2.662s] INFO:colcon.colcon_core.shell:Skip shell extension 'powershell' for command environment: Not usable outside of PowerShell
[2.662s] DEBUG:colcon.colcon_core.shell:Skip shell extension 'dsv' for command environment
[2.624s] Level 5:colcon.colcon_core.verb:set package 'detectabasura' build argument 'cmake_args' from command line to 'None'
[2.624s] Level 5:colcon.colcon_core.verb:set package 'detectabasura' build argument 'cmake_target' from command line to 'None'
[2.624s] Level 5:colcon.colcon_core.verb:set package 'detectabasura' build argument 'cmake_target_skip_unavailable' from command line to 'False'
[2.625s] Level 5:colcon.colcon_core.verb:set package 'detectabasura' build argument 'cmake_clean_cache' from command line to 'False'
[2.625s] Level 5:colcon.colcon_core.verb:set package 'detectabasura' build argument 'cmake_clean_first' from command line to 'False'
[2.625s] Level 5:colcon.colcon_core.verb:set package 'detectabasura' build argument 'cmake_force_configure' from command line to 'False'
[2.625s] Level 5:colcon.colcon_core.verb:set package 'detectabasura' build argument 'ament_cmake_args' from command line to 'None'
[2.625s] Level 5:colcon.colcon_core.verb:set package 'detectabasura' build argument 'catkin_cmake_args' from command line to 'None'
[2.625s] Level 5:colcon.colcon_core.verb:set package 'detectabasura' build argument 'catkin_skip_building_tests' from command line to 'False'
[2.625s] DEBUG:colcon.colcon_core.verb:Building package 'detectabasura' with the following arguments: {'ament_cmake_args': None, 'build_base': '/home/jetson/guali_ws/build/detectabasura', 'catkin_cmake_args': None, 'catkin_skip_building_tests': False, 'cmake_args': None, 'cmake_clean_cache': False, 'cmake_clean_first': False, 'cmake_force_configure': False, 'cmake_target': None, 'cmake_target_skip_unavailable': False, 'install_base': '/home/jetson/guali_ws/install/detectabasura', 'merge_install': False, 'path': '/home/jetson/guali_ws/detectabasura', 'symlink_install': False, 'test_result_base': None}
[2.630s] INFO:colcon.colcon_core.executor:Executing jobs using 'parallel' executor
[2.711s] DEBUG:colcon.colcon_core.event_handler.log_command:Invoking command in '/home/jetson/guali_ws/build/detectabasura': CMAKE_PREFIX_PATH=${CMAKE_PREFIX_PATH}:/opt/ros/foxy /usr/bin/cmake --build /home/jetson/guali_ws/build/detectabasura -- -j4 -l4
[2.653s] DEBUG:colcon.colcon_parallel_executor.executor.parallel:run_until_complete
[2.654s] INFO:colcon.colcon_ros.task.ament_cmake.build:Building ROS package in '/home/jetson/guali_ws/detectabasura' with build type 'ament_cmake'
[2.655s] INFO:colcon.colcon_cmake.task.cmake.build:Building CMake package in '/home/jetson/guali_ws/detectabasura'
[2.678s] INFO:colcon.colcon_core.plugin_system:Skipping extension 'colcon_core.shell.bat': Not used on non-Windows systems
[2.679s] INFO:colcon.colcon_core.shell:Skip shell extension 'powershell' for command environment: Not usable outside of PowerShell
[2.679s] DEBUG:colcon.colcon_core.shell:Skip shell extension 'dsv' for command environment
[2.732s] DEBUG:colcon.colcon_core.event_handler.log_command:Invoking command in '/home/jetson/guali_ws/build/detectabasura': CMAKE_PREFIX_PATH=${CMAKE_PREFIX_PATH}:/opt/ros/foxy /usr/bin/cmake --build /home/jetson/guali_ws/build/detectabasura -- -j4 -l4
[4.096s] DEBUG:colcon.colcon_core.event_handler.log_command:Invoked command in '/home/jetson/guali_ws/build/detectabasura' returned '0': CMAKE_PREFIX_PATH=${CMAKE_PREFIX_PATH}:/opt/ros/foxy /usr/bin/cmake --build /home/jetson/guali_ws/build/detectabasura -- -j4 -l4
[4.216s] DEBUG:colcon.colcon_core.event_handler.log_command:Invoked command in '/home/jetson/guali_ws/build/detectabasura' returned '0': CMAKE_PREFIX_PATH=${CMAKE_PREFIX_PATH}:/opt/ros/foxy /usr/bin/cmake --build /home/jetson/guali_ws/build/detectabasura -- -j4 -l4
[4.411s] DEBUG:colcon.colcon_core.event_handler.log_command:Invoking command in '/home/jetson/guali_ws/build/detectabasura': CMAKE_PREFIX_PATH=${CMAKE_PREFIX_PATH}:/opt/ros/foxy /usr/bin/cmake --install /home/jetson/guali_ws/build/detectabasura
[4.494s] DEBUG:colcon.colcon_core.event_handler.log_command:Invoking command in '/home/jetson/guali_ws/build/detectabasura': CMAKE_PREFIX_PATH=${CMAKE_PREFIX_PATH}:/opt/ros/foxy /usr/bin/cmake --install /home/jetson/guali_ws/build/detectabasura
[4.690s] Level 1:colcon.colcon_core.environment:create_environment_scripts_only(detectabasura)
[4.706s] DEBUG:colcon.colcon_core.event_handler.log_command:Invoked command in '/home/jetson/guali_ws/build/detectabasura' returned '0': CMAKE_PREFIX_PATH=${CMAKE_PREFIX_PATH}:/opt/ros/foxy /usr/bin/cmake --install /home/jetson/guali_ws/build/detectabasura
[4.720s] Level 1:colcon.colcon_core.environment:checking '/home/jetson/guali_ws/install/detectabasura' for CMake module files
[4.724s] Level 1:colcon.colcon_core.environment:checking '/home/jetson/guali_ws/install/detectabasura' for CMake config files
[4.726s] Level 1:colcon.colcon_core.shell:create_environment_hook('detectabasura', 'cmake_prefix_path')
[4.754s] INFO:colcon.colcon_core.shell:Creating environment hook '/home/jetson/guali_ws/install/detectabasura/share/detectabasura/hook/cmake_prefix_path.ps1'
[4.759s] INFO:colcon.colcon_core.shell:Creating environment descriptor '/home/jetson/guali_ws/install/detectabasura/share/detectabasura/hook/cmake_prefix_path.dsv'
[4.762s] INFO:colcon.colcon_core.shell:Creating environment hook '/home/jetson/guali_ws/install/detectabasura/share/detectabasura/hook/cmake_prefix_path.sh'
[4.767s] Level 1:colcon.colcon_core.environment:checking '/home/jetson/guali_ws/install/detectabasura/lib'
[4.768s] Level 1:colcon.colcon_core.shell:create_environment_hook('detectabasura', 'ld_library_path_lib')
[4.778s] INFO:colcon.colcon_core.shell:Creating environment hook '/home/jetson/guali_ws/install/detectabasura/share/detectabasura/hook/ld_library_path_lib.ps1'
[4.780s] INFO:colcon.colcon_core.shell:Creating environment descriptor '/home/jetson/guali_ws/install/detectabasura/share/detectabasura/hook/ld_library_path_lib.dsv'
[4.781s] INFO:colcon.colcon_core.shell:Creating environment hook '/home/jetson/guali_ws/install/detectabasura/share/detectabasura/hook/ld_library_path_lib.sh'
[4.783s] Level 1:colcon.colcon_core.environment:checking '/home/jetson/guali_ws/install/detectabasura/bin'
[4.783s] Level 1:colcon.colcon_core.environment:checking '/home/jetson/guali_ws/install/detectabasura/lib/pkgconfig/detectabasura.pc'
[4.784s] Level 1:colcon.colcon_core.environment:checking '/home/jetson/guali_ws/install/detectabasura/lib/python3.8/site-packages'
[4.785s] Level 1:colcon.colcon_core.shell:create_environment_hook('detectabasura', 'pythonpath')
[4.794s] INFO:colcon.colcon_core.shell:Creating environment hook '/home/jetson/guali_ws/install/detectabasura/share/detectabasura/hook/pythonpath.ps1'
[4.797s] INFO:colcon.colcon_core.shell:Creating environment descriptor '/home/jetson/guali_ws/install/detectabasura/share/detectabasura/hook/pythonpath.dsv'
[4.798s] INFO:colcon.colcon_core.shell:Creating environment hook '/home/jetson/guali_ws/install/detectabasura/share/detectabasura/hook/pythonpath.sh'
[4.801s] Level 1:colcon.colcon_core.environment:checking '/home/jetson/guali_ws/install/detectabasura/bin'
[4.810s] INFO:colcon.colcon_core.shell:Creating package script '/home/jetson/guali_ws/install/detectabasura/share/detectabasura/package.ps1'
[4.815s] INFO:colcon.colcon_core.shell:Creating package descriptor '/home/jetson/guali_ws/install/detectabasura/share/detectabasura/package.dsv'
[4.818s] INFO:colcon.colcon_core.shell:Creating package script '/home/jetson/guali_ws/install/detectabasura/share/detectabasura/package.sh'
[4.823s] INFO:colcon.colcon_core.shell:Creating package script '/home/jetson/guali_ws/install/detectabasura/share/detectabasura/package.bash'
[4.747s] Level 1:colcon.colcon_core.environment:create_environment_scripts_only(detectabasura)
[4.826s] INFO:colcon.colcon_core.shell:Creating package script '/home/jetson/guali_ws/install/detectabasura/share/detectabasura/package.zsh'
[4.750s] DEBUG:colcon.colcon_core.event_handler.log_command:Invoked command in '/home/jetson/guali_ws/build/detectabasura' returned '0': CMAKE_PREFIX_PATH=${CMAKE_PREFIX_PATH}:/opt/ros/foxy /usr/bin/cmake --install /home/jetson/guali_ws/build/detectabasura
[4.830s] Level 1:colcon.colcon_core.environment:create_file_with_runtime_dependencies(/home/jetson/guali_ws/install/detectabasura/share/colcon-core/packages/detectabasura)
[4.779s] Level 1:colcon.colcon_core.environment:checking '/home/jetson/guali_ws/install/detectabasura' for CMake module files
[4.783s] Level 1:colcon.colcon_core.environment:checking '/home/jetson/guali_ws/install/detectabasura' for CMake config files
[4.785s] Level 1:colcon.colcon_core.shell:create_environment_hook('detectabasura', 'cmake_prefix_path')
[4.794s] INFO:colcon.colcon_core.shell:Creating environment hook '/home/jetson/guali_ws/install/detectabasura/share/detectabasura/hook/cmake_prefix_path.ps1'
[4.797s] INFO:colcon.colcon_core.shell:Creating environment descriptor '/home/jetson/guali_ws/install/detectabasura/share/detectabasura/hook/cmake_prefix_path.dsv'
[4.799s] INFO:colcon.colcon_core.shell:Creating environment hook '/home/jetson/guali_ws/install/detectabasura/share/detectabasura/hook/cmake_prefix_path.sh'
[4.804s] Level 1:colcon.colcon_core.environment:checking '/home/jetson/guali_ws/install/detectabasura/lib'
[4.805s] Level 1:colcon.colcon_core.shell:create_environment_hook('detectabasura', 'ld_library_path_lib')
[4.814s] INFO:colcon.colcon_core.shell:Creating environment hook '/home/jetson/guali_ws/install/detectabasura/share/detectabasura/hook/ld_library_path_lib.ps1'
[4.816s] INFO:colcon.colcon_core.shell:Creating environment descriptor '/home/jetson/guali_ws/install/detectabasura/share/detectabasura/hook/ld_library_path_lib.dsv'
[4.817s] INFO:colcon.colcon_core.shell:Creating environment hook '/home/jetson/guali_ws/install/detectabasura/share/detectabasura/hook/ld_library_path_lib.sh'
[4.821s] Level 1:colcon.colcon_core.environment:checking '/home/jetson/guali_ws/install/detectabasura/bin'
[4.822s] Level 1:colcon.colcon_core.environment:checking '/home/jetson/guali_ws/install/detectabasura/lib/pkgconfig/detectabasura.pc'
[4.823s] Level 1:colcon.colcon_core.environment:checking '/home/jetson/guali_ws/install/detectabasura/lib/python3.8/site-packages'
[4.823s] Level 1:colcon.colcon_core.shell:create_environment_hook('detectabasura', 'pythonpath')
[4.835s] INFO:colcon.colcon_core.shell:Creating environment hook '/home/jetson/guali_ws/install/detectabasura/share/detectabasura/hook/pythonpath.ps1'
[4.837s] INFO:colcon.colcon_core.shell:Creating environment descriptor '/home/jetson/guali_ws/install/detectabasura/share/detectabasura/hook/pythonpath.dsv'
[4.839s] INFO:colcon.colcon_core.shell:Creating environment hook '/home/jetson/guali_ws/install/detectabasura/share/detectabasura/hook/pythonpath.sh'
[4.841s] Level 1:colcon.colcon_core.environment:checking '/home/jetson/guali_ws/install/detectabasura/bin'
[4.850s] INFO:colcon.colcon_core.shell:Creating package script '/home/jetson/guali_ws/install/detectabasura/share/detectabasura/package.ps1'
[4.855s] INFO:colcon.colcon_core.shell:Creating package descriptor '/home/jetson/guali_ws/install/detectabasura/share/detectabasura/package.dsv'
[4.858s] INFO:colcon.colcon_core.shell:Creating package script '/home/jetson/guali_ws/install/detectabasura/share/detectabasura/package.sh'
[4.863s] INFO:colcon.colcon_core.shell:Creating package script '/home/jetson/guali_ws/install/detectabasura/share/detectabasura/package.bash'
[4.866s] INFO:colcon.colcon_core.shell:Creating package script '/home/jetson/guali_ws/install/detectabasura/share/detectabasura/package.zsh'
[4.870s] Level 1:colcon.colcon_core.environment:create_file_with_runtime_dependencies(/home/jetson/guali_ws/install/detectabasura/share/colcon-core/packages/detectabasura)
[5.050s] Level 1:colcon.colcon_core.environment:create_environment_scripts_only(detectabasura)
[5.065s] Level 1:colcon.colcon_core.environment:checking '/home/jetson/guali_ws/install/detectabasura' for CMake module files
[5.069s] Level 1:colcon.colcon_core.environment:checking '/home/jetson/guali_ws/install/detectabasura' for CMake config files
[5.071s] Level 1:colcon.colcon_core.shell:create_environment_hook('detectabasura', 'cmake_prefix_path')
[5.081s] INFO:colcon.colcon_core.shell:Creating environment hook '/home/jetson/guali_ws/install/detectabasura/share/detectabasura/hook/cmake_prefix_path.ps1'
[5.086s] INFO:colcon.colcon_core.shell:Creating environment descriptor '/home/jetson/guali_ws/install/detectabasura/share/detectabasura/hook/cmake_prefix_path.dsv'
[5.088s] INFO:colcon.colcon_core.shell:Creating environment hook '/home/jetson/guali_ws/install/detectabasura/share/detectabasura/hook/cmake_prefix_path.sh'
[5.091s] Level 1:colcon.colcon_core.environment:checking '/home/jetson/guali_ws/install/detectabasura/lib'
[5.091s] Level 1:colcon.colcon_core.shell:create_environment_hook('detectabasura', 'ld_library_path_lib')
[5.101s] INFO:colcon.colcon_core.shell:Creating environment hook '/home/jetson/guali_ws/install/detectabasura/share/detectabasura/hook/ld_library_path_lib.ps1'
[5.103s] INFO:colcon.colcon_core.shell:Creating environment descriptor '/home/jetson/guali_ws/install/detectabasura/share/detectabasura/hook/ld_library_path_lib.dsv'
[5.105s] INFO:colcon.colcon_core.shell:Creating environment hook '/home/jetson/guali_ws/install/detectabasura/share/detectabasura/hook/ld_library_path_lib.sh'
[5.106s] Level 1:colcon.colcon_core.environment:checking '/home/jetson/guali_ws/install/detectabasura/bin'
[5.107s] Level 1:colcon.colcon_core.environment:checking '/home/jetson/guali_ws/install/detectabasura/lib/pkgconfig/detectabasura.pc'
[5.108s] Level 1:colcon.colcon_core.environment:checking '/home/jetson/guali_ws/install/detectabasura/lib/python3.8/site-packages'
[5.108s] Level 1:colcon.colcon_core.shell:create_environment_hook('detectabasura', 'pythonpath')
[5.118s] INFO:colcon.colcon_core.shell:Creating environment hook '/home/jetson/guali_ws/install/detectabasura/share/detectabasura/hook/pythonpath.ps1'
[5.121s] INFO:colcon.colcon_core.shell:Creating environment descriptor '/home/jetson/guali_ws/install/detectabasura/share/detectabasura/hook/pythonpath.dsv'
[5.122s] INFO:colcon.colcon_core.shell:Creating environment hook '/home/jetson/guali_ws/install/detectabasura/share/detectabasura/hook/pythonpath.sh'
[5.125s] Level 1:colcon.colcon_core.environment:checking '/home/jetson/guali_ws/install/detectabasura/bin'
[5.135s] INFO:colcon.colcon_core.shell:Creating package script '/home/jetson/guali_ws/install/detectabasura/share/detectabasura/package.ps1'
[5.138s] INFO:colcon.colcon_core.shell:Creating package descriptor '/home/jetson/guali_ws/install/detectabasura/share/detectabasura/package.dsv'
[5.141s] INFO:colcon.colcon_core.shell:Creating package script '/home/jetson/guali_ws/install/detectabasura/share/detectabasura/package.sh'
[5.144s] INFO:colcon.colcon_core.shell:Creating package script '/home/jetson/guali_ws/install/detectabasura/share/detectabasura/package.bash'
[5.146s] INFO:colcon.colcon_core.shell:Creating package script '/home/jetson/guali_ws/install/detectabasura/share/detectabasura/package.zsh'
[5.147s] Level 1:colcon.colcon_core.environment:create_file_with_runtime_dependencies(/home/jetson/guali_ws/install/detectabasura/share/colcon-core/packages/detectabasura)
[5.149s] DEBUG:colcon.colcon_parallel_executor.executor.parallel:closing loop
[5.149s] DEBUG:colcon.colcon_parallel_executor.executor.parallel:loop closed
[5.149s] DEBUG:colcon.colcon_parallel_executor.executor.parallel:run_until_complete finished with '0'
[5.150s] DEBUG:colcon.colcon_core.event_reactor:joining thread
[5.077s] Level 1:colcon.colcon_core.environment:create_environment_scripts_only(detectabasura)
[5.093s] Level 1:colcon.colcon_core.environment:checking '/home/jetson/guali_ws/install/detectabasura' for CMake module files
[5.098s] Level 1:colcon.colcon_core.environment:checking '/home/jetson/guali_ws/install/detectabasura' for CMake config files
[5.177s] INFO:colcon.colcon_core.plugin_system:Skipping extension 'colcon_notification.desktop_notification.terminal_notifier': Not used on non-Darwin systems
[5.100s] Level 1:colcon.colcon_core.shell:create_environment_hook('detectabasura', 'cmake_prefix_path')
[5.178s] INFO:colcon.colcon_core.plugin_system:Skipping extension 'colcon_notification.desktop_notification.win32': Not used on non-Windows systems
[5.178s] INFO:colcon.colcon_notification.desktop_notification:Sending desktop notification using 'notify2'
[5.112s] INFO:colcon.colcon_core.shell:Creating environment hook '/home/jetson/guali_ws/install/detectabasura/share/detectabasura/hook/cmake_prefix_path.ps1'
[5.114s] INFO:colcon.colcon_core.shell:Creating environment descriptor '/home/jetson/guali_ws/install/detectabasura/share/detectabasura/hook/cmake_prefix_path.dsv'
[5.116s] INFO:colcon.colcon_core.shell:Creating environment hook '/home/jetson/guali_ws/install/detectabasura/share/detectabasura/hook/cmake_prefix_path.sh'
[5.119s] Level 1:colcon.colcon_core.environment:checking '/home/jetson/guali_ws/install/detectabasura/lib'
[5.119s] Level 1:colcon.colcon_core.shell:create_environment_hook('detectabasura', 'ld_library_path_lib')
[5.133s] INFO:colcon.colcon_core.shell:Creating environment hook '/home/jetson/guali_ws/install/detectabasura/share/detectabasura/hook/ld_library_path_lib.ps1'
[5.138s] INFO:colcon.colcon_core.shell:Creating environment descriptor '/home/jetson/guali_ws/install/detectabasura/share/detectabasura/hook/ld_library_path_lib.dsv'
[5.140s] INFO:colcon.colcon_core.shell:Creating environment hook '/home/jetson/guali_ws/install/detectabasura/share/detectabasura/hook/ld_library_path_lib.sh'
[5.144s] Level 1:colcon.colcon_core.environment:checking '/home/jetson/guali_ws/install/detectabasura/bin'
[5.147s] Level 1:colcon.colcon_core.environment:checking '/home/jetson/guali_ws/install/detectabasura/lib/pkgconfig/detectabasura.pc'
[5.148s] Level 1:colcon.colcon_core.environment:checking '/home/jetson/guali_ws/install/detectabasura/lib/python3.8/site-packages'
[5.148s] Level 1:colcon.colcon_core.shell:create_environment_hook('detectabasura', 'pythonpath')
[5.158s] INFO:colcon.colcon_core.shell:Creating environment hook '/home/jetson/guali_ws/install/detectabasura/share/detectabasura/hook/pythonpath.ps1'
[5.236s] DEBUG:colcon.colcon_core.event_reactor:joined thread
[5.162s] INFO:colcon.colcon_core.shell:Creating environment descriptor '/home/jetson/guali_ws/install/detectabasura/share/detectabasura/hook/pythonpath.dsv'
[5.165s] INFO:colcon.colcon_core.shell:Creating environment hook '/home/jetson/guali_ws/install/detectabasura/share/detectabasura/hook/pythonpath.sh'
[5.168s] Level 1:colcon.colcon_core.environment:checking '/home/jetson/guali_ws/install/detectabasura/bin'
[5.246s] INFO:colcon.colcon_core.shell:Creating prefix script '/home/jetson/guali_ws/install/local_setup.ps1'
[5.250s] INFO:colcon.colcon_core.shell:Creating prefix util module '/home/jetson/guali_ws/install/_local_setup_util_ps1.py'
[5.180s] INFO:colcon.colcon_core.shell:Creating package script '/home/jetson/guali_ws/install/detectabasura/share/detectabasura/package.ps1'
[5.183s] INFO:colcon.colcon_core.shell:Creating package descriptor '/home/jetson/guali_ws/install/detectabasura/share/detectabasura/package.dsv'
[5.187s] INFO:colcon.colcon_core.shell:Creating package script '/home/jetson/guali_ws/install/detectabasura/share/detectabasura/package.sh'
[5.190s] INFO:colcon.colcon_core.shell:Creating package script '/home/jetson/guali_ws/install/detectabasura/share/detectabasura/package.bash'
[5.193s] INFO:colcon.colcon_core.shell:Creating package script '/home/jetson/guali_ws/install/detectabasura/share/detectabasura/package.zsh'
[5.196s] Level 1:colcon.colcon_core.environment:create_file_with_runtime_dependencies(/home/jetson/guali_ws/install/detectabasura/share/colcon-core/packages/detectabasura)
[5.201s] DEBUG:colcon.colcon_parallel_executor.executor.parallel:closing loop
[5.202s] DEBUG:colcon.colcon_parallel_executor.executor.parallel:loop closed
[5.202s] DEBUG:colcon.colcon_parallel_executor.executor.parallel:run_until_complete finished with '0'
[5.203s] DEBUG:colcon.colcon_core.event_reactor:joining thread
[5.296s] INFO:colcon.colcon_core.shell:Creating prefix chain script '/home/jetson/guali_ws/install/setup.ps1'
[5.227s] INFO:colcon.colcon_core.plugin_system:Skipping extension 'colcon_notification.desktop_notification.terminal_notifier': Not used on non-Darwin systems
[5.227s] INFO:colcon.colcon_core.plugin_system:Skipping extension 'colcon_notification.desktop_notification.win32': Not used on non-Windows systems
[5.228s] INFO:colcon.colcon_notification.desktop_notification:Sending desktop notification using 'notify2'
[5.329s] INFO:colcon.colcon_core.shell:Creating prefix script '/home/jetson/guali_ws/install/local_setup.sh'
[5.332s] INFO:colcon.colcon_core.shell:Creating prefix util module '/home/jetson/guali_ws/install/_local_setup_util_sh.py'
[5.345s] INFO:colcon.colcon_core.shell:Creating prefix chain script '/home/jetson/guali_ws/install/setup.sh'
[5.353s] INFO:colcon.colcon_core.shell:Creating prefix script '/home/jetson/guali_ws/install/local_setup.bash'
[5.285s] DEBUG:colcon.colcon_core.event_reactor:joined thread
[5.363s] INFO:colcon.colcon_core.shell:Creating prefix chain script '/home/jetson/guali_ws/install/setup.bash'
[5.296s] INFO:colcon.colcon_core.shell:Creating prefix script '/home/jetson/guali_ws/install/local_setup.ps1'
[5.377s] INFO:colcon.colcon_core.shell:Creating prefix script '/home/jetson/guali_ws/install/local_setup.zsh'
[5.380s] INFO:colcon.colcon_core.shell:Creating prefix chain script '/home/jetson/guali_ws/install/setup.zsh'
[5.304s] INFO:colcon.colcon_core.shell:Creating prefix util module '/home/jetson/guali_ws/install/_local_setup_util_ps1.py'
[5.323s] INFO:colcon.colcon_core.shell:Creating prefix chain script '/home/jetson/guali_ws/install/setup.ps1'
[5.341s] INFO:colcon.colcon_core.shell:Creating prefix script '/home/jetson/guali_ws/install/local_setup.sh'
[5.345s] INFO:colcon.colcon_core.shell:Creating prefix util module '/home/jetson/guali_ws/install/_local_setup_util_sh.py'
[5.348s] INFO:colcon.colcon_core.shell:Creating prefix chain script '/home/jetson/guali_ws/install/setup.sh'
[5.373s] INFO:colcon.colcon_core.shell:Creating prefix script '/home/jetson/guali_ws/install/local_setup.bash'
[5.376s] INFO:colcon.colcon_core.shell:Creating prefix chain script '/home/jetson/guali_ws/install/setup.bash'
[5.388s] INFO:colcon.colcon_core.shell:Creating prefix script '/home/jetson/guali_ws/install/local_setup.zsh'
[5.392s] INFO:colcon.colcon_core.shell:Creating prefix chain script '/home/jetson/guali_ws/install/setup.zsh'
