[1.447s] DEBUG:colcon:Command line arguments: ['/usr/bin/colcon', 'build']
[1.448s] DEBUG:colcon:Parsed command line arguments: Namespace(allow_overriding=[], ament_cmake_args=None, base_paths=['.'], build_base='build', catkin_cmake_args=None, catkin_skip_building_tests=False, cmake_args=None, cmake_clean_cache=False, cmake_clean_first=False, cmake_force_configure=False, cmake_target=None, cmake_target_skip_unavailable=False, continue_on_error=False, event_handlers=None, executor='parallel', ignore_user_meta=False, install_base='install', log_base=None, log_level=None, main=<bound method BuildVerb.main of <colcon_core.verb.build.BuildVerb object at 0x7f889f4970>>, merge_install=False, metas=['./colcon.meta'], packages_above=None, packages_above_and_dependencies=None, packages_above_depth=None, packages_end=None, packages_ignore=None, packages_ignore_regex=None, packages_select=None, packages_select_build_failed=False, packages_select_by_dep=None, packages_select_regex=None, packages_select_test_failures=False, packages_skip=None, packages_skip_build_finished=False, packages_skip_by_dep=None, packages_skip_regex=None, packages_skip_test_passed=False, packages_skip_up_to=None, packages_start=None, packages_up_to=None, packages_up_to_regex=None, parallel_workers=4, paths=None, symlink_install=False, test_result_base=None, verb_extension=<colcon_core.verb.build.BuildVerb object at 0x7f889f4970>, verb_name='build', verb_parser=<colcon_defaults.argument_parser.defaults.DefaultArgumentsDecorator object at 0x7f881e7d60>)
[1.766s] Level 1:colcon.colcon_core.package_discovery:discover_packages(colcon_meta) check parameters
[1.766s] Level 1:colcon.colcon_core.package_discovery:discover_packages(recursive) check parameters
[1.767s] Level 1:colcon.colcon_core.package_discovery:discover_packages(ignore) check parameters
[1.767s] Level 1:colcon.colcon_core.package_discovery:discover_packages(path) check parameters
[1.767s] Level 1:colcon.colcon_core.package_discovery:discover_packages(colcon_meta) discover
[1.767s] Level 1:colcon.colcon_core.package_discovery:discover_packages(recursive) discover
[1.767s] INFO:colcon.colcon_core.package_discovery:Crawling recursively for packages in '/home/wheeltec/guali_ws'
[1.768s] Level 1:colcon.colcon_core.package_identification:_identify(.) by extensions ['ignore', 'ignore_ament_install']
[1.769s] Level 1:colcon.colcon_core.package_identification:_identify(.) by extension 'ignore'
[1.769s] Level 1:colcon.colcon_core.package_identification:_identify(.) by extension 'ignore_ament_install'
[1.769s] Level 1:colcon.colcon_core.package_identification:_identify(.) by extensions ['colcon_pkg']
[1.769s] Level 1:colcon.colcon_core.package_identification:_identify(.) by extension 'colcon_pkg'
[1.769s] Level 1:colcon.colcon_core.package_identification:_identify(.) by extensions ['colcon_meta']
[1.770s] Level 1:colcon.colcon_core.package_identification:_identify(.) by extension 'colcon_meta'
[1.770s] Level 1:colcon.colcon_core.package_identification:_identify(.) by extensions ['ros']
[1.770s] Level 1:colcon.colcon_core.package_identification:_identify(.) by extension 'ros'
[1.826s] Level 1:colcon.colcon_core.package_identification:_identify(.) by extensions ['cmake', 'python']
[1.827s] Level 1:colcon.colcon_core.package_identification:_identify(.) by extension 'cmake'
[1.827s] Level 1:colcon.colcon_core.package_identification:_identify(.) by extension 'python'
[1.827s] Level 1:colcon.colcon_core.package_identification:_identify(.) by extensions ['python_setup_py']
[1.827s] Level 1:colcon.colcon_core.package_identification:_identify(.) by extension 'python_setup_py'
[1.828s] Level 1:colcon.colcon_core.package_identification:_identify(build) by extensions ['ignore', 'ignore_ament_install']
[1.828s] Level 1:colcon.colcon_core.package_identification:_identify(build) by extension 'ignore'
[1.828s] Level 1:colcon.colcon_core.package_identification:_identify(build) ignored
[1.829s] Level 1:colcon.colcon_core.package_identification:_identify(calibrationdata) by extensions ['ignore', 'ignore_ament_install']
[1.830s] Level 1:colcon.colcon_core.package_identification:_identify(calibrationdata) by extension 'ignore'
[1.830s] Level 1:colcon.colcon_core.package_identification:_identify(calibrationdata) by extension 'ignore_ament_install'
[1.830s] Level 1:colcon.colcon_core.package_identification:_identify(calibrationdata) by extensions ['colcon_pkg']
[1.830s] Level 1:colcon.colcon_core.package_identification:_identify(calibrationdata) by extension 'colcon_pkg'
[1.831s] Level 1:colcon.colcon_core.package_identification:_identify(calibrationdata) by extensions ['colcon_meta']
[1.831s] Level 1:colcon.colcon_core.package_identification:_identify(calibrationdata) by extension 'colcon_meta'
[1.831s] Level 1:colcon.colcon_core.package_identification:_identify(calibrationdata) by extensions ['ros']
[1.831s] Level 1:colcon.colcon_core.package_identification:_identify(calibrationdata) by extension 'ros'
[1.831s] Level 1:colcon.colcon_core.package_identification:_identify(calibrationdata) by extensions ['cmake', 'python']
[1.831s] Level 1:colcon.colcon_core.package_identification:_identify(calibrationdata) by extension 'cmake'
[1.832s] Level 1:colcon.colcon_core.package_identification:_identify(calibrationdata) by extension 'python'
[1.832s] Level 1:colcon.colcon_core.package_identification:_identify(calibrationdata) by extensions ['python_setup_py']
[1.832s] Level 1:colcon.colcon_core.package_identification:_identify(calibrationdata) by extension 'python_setup_py'
[1.832s] Level 1:colcon.colcon_core.package_identification:_identify(detectabasura) by extensions ['ignore', 'ignore_ament_install']
[1.833s] Level 1:colcon.colcon_core.package_identification:_identify(detectabasura) by extension 'ignore'
[1.833s] Level 1:colcon.colcon_core.package_identification:_identify(detectabasura) by extension 'ignore_ament_install'
[1.833s] Level 1:colcon.colcon_core.package_identification:_identify(detectabasura) by extensions ['colcon_pkg']
[1.833s] Level 1:colcon.colcon_core.package_identification:_identify(detectabasura) by extension 'colcon_pkg'
[1.833s] Level 1:colcon.colcon_core.package_identification:_identify(detectabasura) by extensions ['colcon_meta']
[1.834s] Level 1:colcon.colcon_core.package_identification:_identify(detectabasura) by extension 'colcon_meta'
[1.834s] Level 1:colcon.colcon_core.package_identification:_identify(detectabasura) by extensions ['ros']
[1.834s] Level 1:colcon.colcon_core.package_identification:_identify(detectabasura) by extension 'ros'
[1.844s] DEBUG:colcon.colcon_core.package_identification:Package 'detectabasura' with type 'ros.ament_cmake' and name 'detectabasura'
[1.844s] Level 1:colcon.colcon_core.package_identification:_identify(install) by extensions ['ignore', 'ignore_ament_install']
[1.844s] Level 1:colcon.colcon_core.package_identification:_identify(install) by extension 'ignore'
[1.845s] Level 1:colcon.colcon_core.package_identification:_identify(install) ignored
[1.845s] Level 1:colcon.colcon_core.package_identification:_identify(log) by extensions ['ignore', 'ignore_ament_install']
[1.846s] Level 1:colcon.colcon_core.package_identification:_identify(log) by extension 'ignore'
[1.846s] Level 1:colcon.colcon_core.package_identification:_identify(log) ignored
[1.846s] Level 1:colcon.colcon_core.package_discovery:discover_packages(recursive) using defaults
[1.846s] Level 1:colcon.colcon_core.package_discovery:discover_packages(ignore) discover
[1.846s] Level 1:colcon.colcon_core.package_discovery:discover_packages(ignore) using defaults
[1.847s] Level 1:colcon.colcon_core.package_discovery:discover_packages(path) discover
[1.847s] Level 1:colcon.colcon_core.package_discovery:discover_packages(path) using defaults
[1.946s] Level 1:colcon.colcon_core.package_discovery:discover_packages(prefix_path) check parameters
[1.946s] Level 1:colcon.colcon_core.package_discovery:discover_packages(prefix_path) discover
[1.972s] DEBUG:colcon.colcon_installed_package_information.package_discovery:Found 1 installed packages in /home/wheeltec/guali_ws/install
[1.986s] DEBUG:colcon.colcon_installed_package_information.package_discovery:Found 75 installed packages in /home/wheeltec/wheeltec_ros2/install
[2.000s] DEBUG:colcon.colcon_installed_package_information.package_discovery:Found 370 installed packages in /opt/ros/galactic
[2.019s] Level 1:colcon.colcon_core.package_discovery:discover_packages(prefix_path) using defaults
[2.445s] Level 5:colcon.colcon_core.verb:set package 'detectabasura' build argument 'cmake_args' from command line to 'None'
[2.445s] Level 5:colcon.colcon_core.verb:set package 'detectabasura' build argument 'cmake_target' from command line to 'None'
[2.445s] Level 5:colcon.colcon_core.verb:set package 'detectabasura' build argument 'cmake_target_skip_unavailable' from command line to 'False'
[2.445s] Level 5:colcon.colcon_core.verb:set package 'detectabasura' build argument 'cmake_clean_cache' from command line to 'False'
[2.445s] Level 5:colcon.colcon_core.verb:set package 'detectabasura' build argument 'cmake_clean_first' from command line to 'False'
[2.445s] Level 5:colcon.colcon_core.verb:set package 'detectabasura' build argument 'cmake_force_configure' from command line to 'False'
[2.446s] Level 5:colcon.colcon_core.verb:set package 'detectabasura' build argument 'ament_cmake_args' from command line to 'None'
[2.446s] Level 5:colcon.colcon_core.verb:set package 'detectabasura' build argument 'catkin_cmake_args' from command line to 'None'
[2.446s] Level 5:colcon.colcon_core.verb:set package 'detectabasura' build argument 'catkin_skip_building_tests' from command line to 'False'
[2.446s] DEBUG:colcon.colcon_core.verb:Building package 'detectabasura' with the following arguments: {'ament_cmake_args': None, 'build_base': '/home/wheeltec/guali_ws/build/detectabasura', 'catkin_cmake_args': None, 'catkin_skip_building_tests': False, 'cmake_args': None, 'cmake_clean_cache': False, 'cmake_clean_first': False, 'cmake_force_configure': False, 'cmake_target': None, 'cmake_target_skip_unavailable': False, 'install_base': '/home/wheeltec/guali_ws/install/detectabasura', 'merge_install': False, 'path': '/home/wheeltec/guali_ws/detectabasura', 'symlink_install': False, 'test_result_base': None}
[2.448s] INFO:colcon.colcon_core.executor:Executing jobs using 'parallel' executor
[2.457s] DEBUG:colcon.colcon_parallel_executor.executor.parallel:run_until_complete
[2.458s] INFO:colcon.colcon_ros.task.ament_cmake.build:Building ROS package in '/home/wheeltec/guali_ws/detectabasura' with build type 'ament_cmake'
[2.459s] INFO:colcon.colcon_cmake.task.cmake.build:Building CMake package in '/home/wheeltec/guali_ws/detectabasura'
[2.475s] INFO:colcon.colcon_core.plugin_system:Skipping extension 'colcon_core.shell.bat': Not used on non-Windows systems
[2.476s] INFO:colcon.colcon_core.shell:Skip shell extension 'powershell' for command environment: Not usable outside of PowerShell
[2.476s] DEBUG:colcon.colcon_core.shell:Skip shell extension 'dsv' for command environment
[2.553s] DEBUG:colcon.colcon_core.event_handler.log_command:Invoking command in '/home/wheeltec/guali_ws/build/detectabasura': CMAKE_PREFIX_PATH=${CMAKE_PREFIX_PATH}:/home/wheeltec/wheeltec_ros2/install/simple_follower_ros2:/home/wheeltec/wheeltec_ros2/install/wheeltec_robot_keyboard:/home/wheeltec/wheeltec_ros2/install/tf2_tools:/home/wheeltec/wheeltec_ros2/install/nav2_simple_commander:/home/wheeltec/wheeltec_ros2/install/nav2_gazebo_spawner:/home/wheeltec/wheeltec_ros2/install/camera_calibration:/opt/ros/galactic /usr/bin/cmake --build /home/wheeltec/guali_ws/build/detectabasura -- -j4 -l4
[3.927s] DEBUG:colcon.colcon_core.event_handler.log_command:Invoked command in '/home/wheeltec/guali_ws/build/detectabasura' returned '0': CMAKE_PREFIX_PATH=${CMAKE_PREFIX_PATH}:/home/wheeltec/wheeltec_ros2/install/simple_follower_ros2:/home/wheeltec/wheeltec_ros2/install/wheeltec_robot_keyboard:/home/wheeltec/wheeltec_ros2/install/tf2_tools:/home/wheeltec/wheeltec_ros2/install/nav2_simple_commander:/home/wheeltec/wheeltec_ros2/install/nav2_gazebo_spawner:/home/wheeltec/wheeltec_ros2/install/camera_calibration:/opt/ros/galactic /usr/bin/cmake --build /home/wheeltec/guali_ws/build/detectabasura -- -j4 -l4
[4.430s] DEBUG:colcon.colcon_core.event_handler.log_command:Invoking command in '/home/wheeltec/guali_ws/build/detectabasura': CMAKE_PREFIX_PATH=${CMAKE_PREFIX_PATH}:/home/wheeltec/wheeltec_ros2/install/simple_follower_ros2:/home/wheeltec/wheeltec_ros2/install/wheeltec_robot_keyboard:/home/wheeltec/wheeltec_ros2/install/tf2_tools:/home/wheeltec/wheeltec_ros2/install/nav2_simple_commander:/home/wheeltec/wheeltec_ros2/install/nav2_gazebo_spawner:/home/wheeltec/wheeltec_ros2/install/camera_calibration:/opt/ros/galactic /usr/bin/cmake --install /home/wheeltec/guali_ws/build/detectabasura
[4.723s] Level 1:colcon.colcon_core.environment:create_environment_scripts_only(detectabasura)
[4.726s] DEBUG:colcon.colcon_core.event_handler.log_command:Invoked command in '/home/wheeltec/guali_ws/build/detectabasura' returned '0': CMAKE_PREFIX_PATH=${CMAKE_PREFIX_PATH}:/home/wheeltec/wheeltec_ros2/install/simple_follower_ros2:/home/wheeltec/wheeltec_ros2/install/wheeltec_robot_keyboard:/home/wheeltec/wheeltec_ros2/install/tf2_tools:/home/wheeltec/wheeltec_ros2/install/nav2_simple_commander:/home/wheeltec/wheeltec_ros2/install/nav2_gazebo_spawner:/home/wheeltec/wheeltec_ros2/install/camera_calibration:/opt/ros/galactic /usr/bin/cmake --install /home/wheeltec/guali_ws/build/detectabasura
[4.743s] Level 1:colcon.colcon_core.environment:checking '/home/wheeltec/guali_ws/install/detectabasura' for CMake module files
[4.746s] Level 1:colcon.colcon_core.environment:checking '/home/wheeltec/guali_ws/install/detectabasura' for CMake config files
[4.748s] Level 1:colcon.colcon_core.shell:create_environment_hook('detectabasura', 'cmake_prefix_path')
[4.751s] INFO:colcon.colcon_core.shell:Creating environment hook '/home/wheeltec/guali_ws/install/detectabasura/share/detectabasura/hook/cmake_prefix_path.ps1'
[4.754s] INFO:colcon.colcon_core.shell:Creating environment descriptor '/home/wheeltec/guali_ws/install/detectabasura/share/detectabasura/hook/cmake_prefix_path.dsv'
[4.756s] INFO:colcon.colcon_core.shell:Creating environment hook '/home/wheeltec/guali_ws/install/detectabasura/share/detectabasura/hook/cmake_prefix_path.sh'
[4.759s] Level 1:colcon.colcon_core.environment:checking '/home/wheeltec/guali_ws/install/detectabasura/lib'
[4.760s] Level 1:colcon.colcon_core.shell:create_environment_hook('detectabasura', 'ld_library_path_lib')
[4.763s] INFO:colcon.colcon_core.shell:Creating environment hook '/home/wheeltec/guali_ws/install/detectabasura/share/detectabasura/hook/ld_library_path_lib.ps1'
[4.765s] INFO:colcon.colcon_core.shell:Creating environment descriptor '/home/wheeltec/guali_ws/install/detectabasura/share/detectabasura/hook/ld_library_path_lib.dsv'
[4.766s] INFO:colcon.colcon_core.shell:Creating environment hook '/home/wheeltec/guali_ws/install/detectabasura/share/detectabasura/hook/ld_library_path_lib.sh'
[4.767s] Level 1:colcon.colcon_core.environment:checking '/home/wheeltec/guali_ws/install/detectabasura/bin'
[4.768s] Level 1:colcon.colcon_core.environment:checking '/home/wheeltec/guali_ws/install/detectabasura/lib/pkgconfig/detectabasura.pc'
[4.768s] Level 1:colcon.colcon_core.environment:checking '/home/wheeltec/guali_ws/install/detectabasura/lib/python3.8/site-packages'
[4.769s] Level 1:colcon.colcon_core.shell:create_environment_hook('detectabasura', 'pythonpath')
[4.772s] INFO:colcon.colcon_core.shell:Creating environment hook '/home/wheeltec/guali_ws/install/detectabasura/share/detectabasura/hook/pythonpath.ps1'
[4.774s] INFO:colcon.colcon_core.shell:Creating environment descriptor '/home/wheeltec/guali_ws/install/detectabasura/share/detectabasura/hook/pythonpath.dsv'
[4.775s] INFO:colcon.colcon_core.shell:Creating environment hook '/home/wheeltec/guali_ws/install/detectabasura/share/detectabasura/hook/pythonpath.sh'
[4.777s] Level 1:colcon.colcon_core.environment:checking '/home/wheeltec/guali_ws/install/detectabasura/bin'
[4.781s] INFO:colcon.colcon_core.shell:Creating package script '/home/wheeltec/guali_ws/install/detectabasura/share/detectabasura/package.ps1'
[4.785s] INFO:colcon.colcon_core.shell:Creating package descriptor '/home/wheeltec/guali_ws/install/detectabasura/share/detectabasura/package.dsv'
[4.787s] INFO:colcon.colcon_core.shell:Creating package script '/home/wheeltec/guali_ws/install/detectabasura/share/detectabasura/package.sh'
[4.791s] INFO:colcon.colcon_core.shell:Creating package script '/home/wheeltec/guali_ws/install/detectabasura/share/detectabasura/package.bash'
[4.794s] INFO:colcon.colcon_core.shell:Creating package script '/home/wheeltec/guali_ws/install/detectabasura/share/detectabasura/package.zsh'
[4.796s] Level 1:colcon.colcon_core.environment:create_file_with_runtime_dependencies(/home/wheeltec/guali_ws/install/detectabasura/share/colcon-core/packages/detectabasura)
[5.241s] Level 1:colcon.colcon_core.environment:create_environment_scripts_only(detectabasura)
[5.246s] Level 1:colcon.colcon_core.environment:checking '/home/wheeltec/guali_ws/install/detectabasura' for CMake module files
[5.249s] Level 1:colcon.colcon_core.environment:checking '/home/wheeltec/guali_ws/install/detectabasura' for CMake config files
[5.251s] Level 1:colcon.colcon_core.shell:create_environment_hook('detectabasura', 'cmake_prefix_path')
[5.254s] INFO:colcon.colcon_core.shell:Creating environment hook '/home/wheeltec/guali_ws/install/detectabasura/share/detectabasura/hook/cmake_prefix_path.ps1'
[5.256s] INFO:colcon.colcon_core.shell:Creating environment descriptor '/home/wheeltec/guali_ws/install/detectabasura/share/detectabasura/hook/cmake_prefix_path.dsv'
[5.257s] INFO:colcon.colcon_core.shell:Creating environment hook '/home/wheeltec/guali_ws/install/detectabasura/share/detectabasura/hook/cmake_prefix_path.sh'
[5.259s] Level 1:colcon.colcon_core.environment:checking '/home/wheeltec/guali_ws/install/detectabasura/lib'
[5.259s] Level 1:colcon.colcon_core.shell:create_environment_hook('detectabasura', 'ld_library_path_lib')
[5.262s] INFO:colcon.colcon_core.shell:Creating environment hook '/home/wheeltec/guali_ws/install/detectabasura/share/detectabasura/hook/ld_library_path_lib.ps1'
[5.263s] INFO:colcon.colcon_core.shell:Creating environment descriptor '/home/wheeltec/guali_ws/install/detectabasura/share/detectabasura/hook/ld_library_path_lib.dsv'
[5.265s] INFO:colcon.colcon_core.shell:Creating environment hook '/home/wheeltec/guali_ws/install/detectabasura/share/detectabasura/hook/ld_library_path_lib.sh'
[5.266s] Level 1:colcon.colcon_core.environment:checking '/home/wheeltec/guali_ws/install/detectabasura/bin'
[5.266s] Level 1:colcon.colcon_core.environment:checking '/home/wheeltec/guali_ws/install/detectabasura/lib/pkgconfig/detectabasura.pc'
[5.267s] Level 1:colcon.colcon_core.environment:checking '/home/wheeltec/guali_ws/install/detectabasura/lib/python3.8/site-packages'
[5.268s] Level 1:colcon.colcon_core.shell:create_environment_hook('detectabasura', 'pythonpath')
[5.270s] INFO:colcon.colcon_core.shell:Creating environment hook '/home/wheeltec/guali_ws/install/detectabasura/share/detectabasura/hook/pythonpath.ps1'
[5.272s] INFO:colcon.colcon_core.shell:Creating environment descriptor '/home/wheeltec/guali_ws/install/detectabasura/share/detectabasura/hook/pythonpath.dsv'
[5.273s] INFO:colcon.colcon_core.shell:Creating environment hook '/home/wheeltec/guali_ws/install/detectabasura/share/detectabasura/hook/pythonpath.sh'
[5.274s] Level 1:colcon.colcon_core.environment:checking '/home/wheeltec/guali_ws/install/detectabasura/bin'
[5.278s] INFO:colcon.colcon_core.shell:Creating package script '/home/wheeltec/guali_ws/install/detectabasura/share/detectabasura/package.ps1'
[5.281s] INFO:colcon.colcon_core.shell:Creating package descriptor '/home/wheeltec/guali_ws/install/detectabasura/share/detectabasura/package.dsv'
[5.283s] INFO:colcon.colcon_core.shell:Creating package script '/home/wheeltec/guali_ws/install/detectabasura/share/detectabasura/package.sh'
[5.285s] INFO:colcon.colcon_core.shell:Creating package script '/home/wheeltec/guali_ws/install/detectabasura/share/detectabasura/package.bash'
[5.287s] INFO:colcon.colcon_core.shell:Creating package script '/home/wheeltec/guali_ws/install/detectabasura/share/detectabasura/package.zsh'
[5.289s] Level 1:colcon.colcon_core.environment:create_file_with_runtime_dependencies(/home/wheeltec/guali_ws/install/detectabasura/share/colcon-core/packages/detectabasura)
[5.290s] DEBUG:colcon.colcon_parallel_executor.executor.parallel:closing loop
[5.291s] DEBUG:colcon.colcon_parallel_executor.executor.parallel:loop closed
[5.292s] DEBUG:colcon.colcon_parallel_executor.executor.parallel:run_until_complete finished with '0'
[5.292s] DEBUG:colcon.colcon_core.event_reactor:joining thread
[5.322s] INFO:colcon.colcon_core.plugin_system:Skipping extension 'colcon_notification.desktop_notification.terminal_notifier': Not used on non-Darwin systems
[5.323s] INFO:colcon.colcon_core.plugin_system:Skipping extension 'colcon_notification.desktop_notification.win32': Not used on non-Windows systems
[5.323s] INFO:colcon.colcon_notification.desktop_notification:Sending desktop notification using 'notify2'
[5.361s] DEBUG:colcon.colcon_core.event_reactor:joined thread
[5.365s] INFO:colcon.colcon_core.shell:Creating prefix script '/home/wheeltec/guali_ws/install/local_setup.ps1'
[5.370s] INFO:colcon.colcon_core.shell:Creating prefix util module '/home/wheeltec/guali_ws/install/_local_setup_util_ps1.py'
[5.375s] INFO:colcon.colcon_core.shell:Creating prefix chain script '/home/wheeltec/guali_ws/install/setup.ps1'
[5.394s] INFO:colcon.colcon_core.shell:Creating prefix script '/home/wheeltec/guali_ws/install/local_setup.sh'
[5.397s] INFO:colcon.colcon_core.shell:Creating prefix util module '/home/wheeltec/guali_ws/install/_local_setup_util_sh.py'
[5.399s] INFO:colcon.colcon_core.shell:Creating prefix chain script '/home/wheeltec/guali_ws/install/setup.sh'
[5.418s] INFO:colcon.colcon_core.shell:Creating prefix script '/home/wheeltec/guali_ws/install/local_setup.bash'
[5.420s] INFO:colcon.colcon_core.shell:Creating prefix chain script '/home/wheeltec/guali_ws/install/setup.bash'
[5.439s] INFO:colcon.colcon_core.shell:Creating prefix script '/home/wheeltec/guali_ws/install/local_setup.zsh'
[5.441s] INFO:colcon.colcon_core.shell:Creating prefix chain script '/home/wheeltec/guali_ws/install/setup.zsh'
