[0.000000] (-) TimerEvent: {}
[0.000317] (detectabasura) JobQueued: {'identifier': 'detectabasura', 'dependencies': OrderedDict()}
[0.007986] (detectabasura) JobStarted: {'identifier': 'detectabasura'}
[0.079078] (detectabasura) JobProgress: {'identifier': 'detectabasura', 'progress': 'cmake'}
[0.083223] (detectabasura) JobProgress: {'identifier': 'detectabasura', 'progress': 'build'}
[0.099998] (detectabasura) Command: {'cmd': ['/usr/bin/cmake', '--build', '/home/jetson/guali_ws/build/detectabasura', '--', '-j4', '-l4'], 'cwd': '/home/jetson/guali_ws/build/detectabasura', 'env': OrderedDict([('USER', 'jetson'), ('SSH_CLIENT', '192.168.1.168 41616 22'), ('LC_TIME', 'nl_NL.UTF-8'), ('XDG_SESSION_TYPE', 'tty'), ('SHLVL', '1'), ('LD_LIBRARY_PATH', '/home/jetson/guali_ws/install/detectabasura/lib:/opt/ros/foxy/opt/yaml_cpp_vendor/lib:/opt/ros/foxy/opt/rviz_ogre_vendor/lib:/opt/ros/foxy/lib/aarch64-linux-gnu:/opt/ros/foxy/lib'), ('MOTD_SHOWN', 'pam'), ('HOME', '/home/jetson'), ('OLDPWD', '/home/jetson'), ('ROS_PYTHON_VERSION', '3'), ('LC_MONETARY', 'nl_NL.UTF-8'), ('DBUS_SESSION_BUS_ADDRESS', 'unix:path=/run/user/1000/bus'), ('COLCON_PREFIX_PATH', '/home/jetson/guali_ws/install'), ('ROS_DISTRO', 'foxy'), ('LOGNAME', 'jetson'), ('_', '/usr/bin/colcon'), ('ROS_VERSION', '2'), ('XDG_SESSION_CLASS', 'user'), ('TERM', 'xterm'), ('XDG_SESSION_ID', '41'), ('ROS_LOCALHOST_ONLY', '0'), ('PATH', '/opt/ros/foxy/bin:/usr/local/sbin:/usr/local/bin:/usr/sbin:/usr/bin:/sbin:/bin:/usr/games:/usr/local/games:/snap/bin'), ('LC_ADDRESS', 'nl_NL.UTF-8'), ('XDG_RUNTIME_DIR', '/run/user/1000'), ('LANG', 'en_US.UTF-8'), ('LC_TELEPHONE', 'nl_NL.UTF-8'), ('AMENT_PREFIX_PATH', '/home/jetson/guali_ws/install/detectabasura:/opt/ros/foxy'), ('SHELL', '/bin/bash'), ('LC_NAME', 'nl_NL.UTF-8'), ('LC_MEASUREMENT', 'nl_NL.UTF-8'), ('LC_IDENTIFICATION', 'nl_NL.UTF-8'), ('PWD', '/home/jetson/guali_ws/build/detectabasura'), ('LC_ALL', 'en_US.UTF-8'), ('SSH_CONNECTION', '192.168.1.168 41616 192.168.1.208 22'), ('PYTHONPATH', '/home/jetson/guali_ws/install/detectabasura/lib/python3.8/site-packages:/opt/ros/foxy/lib/python3.8/site-packages'), ('LC_NUMERIC', 'nl_NL.UTF-8'), ('LC_PAPER', 'nl_NL.UTF-8'), ('COLCON', '1'), ('CMAKE_PREFIX_PATH', '/home/jetson/guali_ws/install/detectabasura:/opt/ros/foxy')]), 'shell': False}
[0.103170] (-) TimerEvent: {}
[0.203887] (-) TimerEvent: {}
[0.304375] (-) TimerEvent: {}
[0.404774] (-) TimerEvent: {}
[0.428825] (detectabasura) StdoutLine: {'line': b'[  2%] Built target detectabasura__cpp\n'}
[0.505005] (-) TimerEvent: {}
[0.608937] (-) TimerEvent: {}
[0.709356] (-) TimerEvent: {}
[0.776401] (detectabasura) StdoutLine: {'line': b'[  8%] Built target detectabasura__rosidl_generator_c\n'}
[0.809545] (-) TimerEvent: {}
[0.870386] (detectabasura) StdoutLine: {'line': b'[ 13%] Built target video_publisher_cli\n'}
[0.909726] (-) TimerEvent: {}
[0.912897] (detectabasura) StdoutLine: {'line': b'[ 18%] Built target video_publisher_usb\n'}
[1.009933] (-) TimerEvent: {}
[1.026647] (detectabasura) StdoutLine: {'line': b'[ 24%] Built target serialMCU\n'}
[1.110426] (-) TimerEvent: {}
[1.210940] (-) TimerEvent: {}
[1.232419] (detectabasura) StdoutLine: {'line': b'[ 35%] Built target detectabasura__rosidl_typesupport_fastrtps_cpp\n'}
[1.271031] (detectabasura) StdoutLine: {'line': b'[ 43%] Built target detectabasura__rosidl_typesupport_cpp\n'}
[1.311089] (-) TimerEvent: {}
[1.339516] (detectabasura) StdoutLine: {'line': b'[ 51%] Built target detectabasura__rosidl_typesupport_introspection_c\n'}
[1.411260] (-) TimerEvent: {}
[1.423369] (detectabasura) StdoutLine: {'line': b'[ 59%] Built target detectabasura__rosidl_typesupport_introspection_cpp\n'}
[1.502090] (detectabasura) StdoutLine: {'line': b'[ 67%] Built target detectabasura__rosidl_typesupport_c\n'}
[1.511460] (-) TimerEvent: {}
[1.575230] (detectabasura) StdoutLine: {'line': b'[ 75%] Built target detectabasura__rosidl_typesupport_fastrtps_c\n'}
[1.611681] (-) TimerEvent: {}
[1.676315] (detectabasura) StdoutLine: {'line': b'[ 75%] Built target detectabasura\n'}
[1.711873] (-) TimerEvent: {}
[1.748132] (detectabasura) StdoutLine: {'line': b'[ 78%] Built target detectabasura__py\n'}
[1.812057] (-) TimerEvent: {}
[1.863134] (detectabasura) StdoutLine: {'line': b'[ 83%] Built target detectabasura__python\n'}
[1.912221] (-) TimerEvent: {}
[2.001950] (detectabasura) StdoutLine: {'line': b'[ 89%] Built target detectabasura__rosidl_typesupport_introspection_c__pyext\n'}
[2.012407] (-) TimerEvent: {}
[2.030192] (detectabasura) StdoutLine: {'line': b'[ 94%] Built target detectabasura__rosidl_typesupport_fastrtps_c__pyext\n'}
[2.086742] (detectabasura) StdoutLine: {'line': b'[100%] Built target detectabasura__rosidl_typesupport_c__pyext\n'}
[2.112637] (-) TimerEvent: {}
[2.152986] (detectabasura) CommandEnded: {'returncode': 0}
[2.212833] (-) TimerEvent: {}
[2.313218] (-) TimerEvent: {}
[2.396584] (detectabasura) JobProgress: {'identifier': 'detectabasura', 'progress': 'install'}
[2.413529] (-) TimerEvent: {}
[2.437205] (detectabasura) Command: {'cmd': ['/usr/bin/cmake', '--install', '/home/jetson/guali_ws/build/detectabasura'], 'cwd': '/home/jetson/guali_ws/build/detectabasura', 'env': OrderedDict([('USER', 'jetson'), ('SSH_CLIENT', '192.168.1.168 41616 22'), ('LC_TIME', 'nl_NL.UTF-8'), ('XDG_SESSION_TYPE', 'tty'), ('SHLVL', '1'), ('LD_LIBRARY_PATH', '/home/jetson/guali_ws/install/detectabasura/lib:/opt/ros/foxy/opt/yaml_cpp_vendor/lib:/opt/ros/foxy/opt/rviz_ogre_vendor/lib:/opt/ros/foxy/lib/aarch64-linux-gnu:/opt/ros/foxy/lib'), ('MOTD_SHOWN', 'pam'), ('HOME', '/home/jetson'), ('OLDPWD', '/home/jetson'), ('ROS_PYTHON_VERSION', '3'), ('LC_MONETARY', 'nl_NL.UTF-8'), ('DBUS_SESSION_BUS_ADDRESS', 'unix:path=/run/user/1000/bus'), ('COLCON_PREFIX_PATH', '/home/jetson/guali_ws/install'), ('ROS_DISTRO', 'foxy'), ('LOGNAME', 'jetson'), ('_', '/usr/bin/colcon'), ('ROS_VERSION', '2'), ('XDG_SESSION_CLASS', 'user'), ('TERM', 'xterm'), ('XDG_SESSION_ID', '41'), ('ROS_LOCALHOST_ONLY', '0'), ('PATH', '/opt/ros/foxy/bin:/usr/local/sbin:/usr/local/bin:/usr/sbin:/usr/bin:/sbin:/bin:/usr/games:/usr/local/games:/snap/bin'), ('LC_ADDRESS', 'nl_NL.UTF-8'), ('XDG_RUNTIME_DIR', '/run/user/1000'), ('LANG', 'en_US.UTF-8'), ('LC_TELEPHONE', 'nl_NL.UTF-8'), ('AMENT_PREFIX_PATH', '/home/jetson/guali_ws/install/detectabasura:/opt/ros/foxy'), ('SHELL', '/bin/bash'), ('LC_NAME', 'nl_NL.UTF-8'), ('LC_MEASUREMENT', 'nl_NL.UTF-8'), ('LC_IDENTIFICATION', 'nl_NL.UTF-8'), ('PWD', '/home/jetson/guali_ws/build/detectabasura'), ('LC_ALL', 'en_US.UTF-8'), ('SSH_CONNECTION', '192.168.1.168 41616 192.168.1.208 22'), ('PYTHONPATH', '/home/jetson/guali_ws/install/detectabasura/lib/python3.8/site-packages:/opt/ros/foxy/lib/python3.8/site-packages'), ('LC_NUMERIC', 'nl_NL.UTF-8'), ('LC_PAPER', 'nl_NL.UTF-8'), ('COLCON', '1'), ('CMAKE_PREFIX_PATH', '/home/jetson/guali_ws/install/detectabasura:/opt/ros/foxy')]), 'shell': False}
[2.478697] (detectabasura) StdoutLine: {'line': b'-- Install configuration: "Release"\n'}
[2.480531] (detectabasura) StdoutLine: {'line': b'-- Up-to-date: /home/jetson/guali_ws/install/detectabasura/share/ament_index/resource_index/rosidl_interfaces/detectabasura\n'}
[2.481142] (detectabasura) StdoutLine: {'line': b'-- Up-to-date: /home/jetson/guali_ws/install/detectabasura/include/detectabasura\n'}
[2.495983] (detectabasura) StdoutLine: {'line': b'-- Up-to-date: /home/jetson/guali_ws/install/detectabasura/include/detectabasura/msg\n'}
[2.496636] (detectabasura) StdoutLine: {'line': b'-- Up-to-date: /home/jetson/guali_ws/install/detectabasura/include/detectabasura/msg/detail\n'}
[2.497089] (detectabasura) StdoutLine: {'line': b'-- Up-to-date: /home/jetson/guali_ws/install/detectabasura/include/detectabasura/msg/detail/six_dof_arm_control__functions.c\n'}
[2.497498] (detectabasura) StdoutLine: {'line': b'-- Up-to-date: /home/jetson/guali_ws/install/detectabasura/include/detectabasura/msg/detail/six_dof_arm_control__struct.h\n'}
[2.498023] (detectabasura) StdoutLine: {'line': b'-- Up-to-date: /home/jetson/guali_ws/install/detectabasura/include/detectabasura/msg/detail/six_dof_arm_control__type_support.h\n'}
[2.498485] (detectabasura) StdoutLine: {'line': b'-- Up-to-date: /home/jetson/guali_ws/install/detectabasura/include/detectabasura/msg/detail/six_dof_arm_control__functions.h\n'}
[2.499010] (detectabasura) StdoutLine: {'line': b'-- Up-to-date: /home/jetson/guali_ws/install/detectabasura/include/detectabasura/msg/rosidl_generator_c__visibility_control.h\n'}
[2.499459] (detectabasura) StdoutLine: {'line': b'-- Up-to-date: /home/jetson/guali_ws/install/detectabasura/include/detectabasura/msg/six_dof_arm_control.h\n'}
[2.499898] (detectabasura) StdoutLine: {'line': b'-- Up-to-date: /home/jetson/guali_ws/install/detectabasura/share/detectabasura/environment/library_path.sh\n'}
[2.500328] (detectabasura) StdoutLine: {'line': b'-- Up-to-date: /home/jetson/guali_ws/install/detectabasura/share/detectabasura/environment/library_path.dsv\n'}
[2.500734] (detectabasura) StdoutLine: {'line': b'-- Up-to-date: /home/jetson/guali_ws/install/detectabasura/lib/libdetectabasura__rosidl_generator_c.so\n'}
[2.501166] (detectabasura) StdoutLine: {'line': b'-- Up-to-date: /home/jetson/guali_ws/install/detectabasura/include/detectabasura\n'}
[2.501962] (detectabasura) StdoutLine: {'line': b'-- Up-to-date: /home/jetson/guali_ws/install/detectabasura/include/detectabasura/msg\n'}
[2.502561] (detectabasura) StdoutLine: {'line': b'-- Up-to-date: /home/jetson/guali_ws/install/detectabasura/include/detectabasura/msg/detail\n'}
[2.503084] (detectabasura) StdoutLine: {'line': b'-- Up-to-date: /home/jetson/guali_ws/install/detectabasura/include/detectabasura/msg/detail/six_dof_arm_control__rosidl_typesupport_fastrtps_c.h\n'}
[2.503565] (detectabasura) StdoutLine: {'line': b'-- Up-to-date: /home/jetson/guali_ws/install/detectabasura/include/detectabasura/msg/rosidl_typesupport_fastrtps_c__visibility_control.h\n'}
[2.504046] (detectabasura) StdoutLine: {'line': b'-- Up-to-date: /home/jetson/guali_ws/install/detectabasura/lib/libdetectabasura__rosidl_typesupport_fastrtps_c.so\n'}
[2.504488] (detectabasura) StdoutLine: {'line': b'-- Up-to-date: /home/jetson/guali_ws/install/detectabasura/include/detectabasura\n'}
[2.504960] (detectabasura) StdoutLine: {'line': b'-- Up-to-date: /home/jetson/guali_ws/install/detectabasura/include/detectabasura/msg\n'}
[2.505484] (detectabasura) StdoutLine: {'line': b'-- Up-to-date: /home/jetson/guali_ws/install/detectabasura/include/detectabasura/msg/detail\n'}
[2.505982] (detectabasura) StdoutLine: {'line': b'-- Up-to-date: /home/jetson/guali_ws/install/detectabasura/include/detectabasura/msg/detail/six_dof_arm_control__rosidl_typesupport_fastrtps_cpp.hpp\n'}
[2.506416] (detectabasura) StdoutLine: {'line': b'-- Up-to-date: /home/jetson/guali_ws/install/detectabasura/include/detectabasura/msg/detail/dds_fastrtps\n'}
[2.511676] (detectabasura) StdoutLine: {'line': b'-- Up-to-date: /home/jetson/guali_ws/install/detectabasura/include/detectabasura/msg/rosidl_typesupport_fastrtps_cpp__visibility_control.h\n'}
[2.546781] (-) TimerEvent: {}
[2.546970] (detectabasura) StdoutLine: {'line': b'-- Up-to-date: /home/jetson/guali_ws/install/detectabasura/lib/libdetectabasura__rosidl_typesupport_fastrtps_cpp.so\n'}
[2.547887] (detectabasura) StdoutLine: {'line': b'-- Up-to-date: /home/jetson/guali_ws/install/detectabasura/include/detectabasura\n'}
[2.548503] (detectabasura) StdoutLine: {'line': b'-- Up-to-date: /home/jetson/guali_ws/install/detectabasura/include/detectabasura/msg\n'}
[2.549085] (detectabasura) StdoutLine: {'line': b'-- Up-to-date: /home/jetson/guali_ws/install/detectabasura/include/detectabasura/msg/detail\n'}
[2.549496] (detectabasura) StdoutLine: {'line': b'-- Up-to-date: /home/jetson/guali_ws/install/detectabasura/include/detectabasura/msg/detail/six_dof_arm_control__type_support.c\n'}
[2.550131] (detectabasura) StdoutLine: {'line': b'-- Up-to-date: /home/jetson/guali_ws/install/detectabasura/include/detectabasura/msg/detail/six_dof_arm_control__rosidl_typesupport_introspection_c.h\n'}
[2.550734] (detectabasura) StdoutLine: {'line': b'-- Up-to-date: /home/jetson/guali_ws/install/detectabasura/include/detectabasura/msg/rosidl_typesupport_introspection_c__visibility_control.h\n'}
[2.551308] (detectabasura) StdoutLine: {'line': b'-- Up-to-date: /home/jetson/guali_ws/install/detectabasura/lib/libdetectabasura__rosidl_typesupport_introspection_c.so\n'}
[2.563022] (detectabasura) StdoutLine: {'line': b'-- Up-to-date: /home/jetson/guali_ws/install/detectabasura/lib/libdetectabasura__rosidl_typesupport_c.so\n'}
[2.566450] (detectabasura) StdoutLine: {'line': b'-- Up-to-date: /home/jetson/guali_ws/install/detectabasura/include/detectabasura\n'}
[2.567275] (detectabasura) StdoutLine: {'line': b'-- Up-to-date: /home/jetson/guali_ws/install/detectabasura/include/detectabasura/msg\n'}
[2.567850] (detectabasura) StdoutLine: {'line': b'-- Up-to-date: /home/jetson/guali_ws/install/detectabasura/include/detectabasura/msg/detail\n'}
[2.568323] (detectabasura) StdoutLine: {'line': b'-- Up-to-date: /home/jetson/guali_ws/install/detectabasura/include/detectabasura/msg/detail/six_dof_arm_control__struct.hpp\n'}
[2.570965] (detectabasura) StdoutLine: {'line': b'-- Up-to-date: /home/jetson/guali_ws/install/detectabasura/include/detectabasura/msg/detail/six_dof_arm_control__type_support.hpp\n'}
[2.572679] (detectabasura) StdoutLine: {'line': b'-- Up-to-date: /home/jetson/guali_ws/install/detectabasura/include/detectabasura/msg/detail/six_dof_arm_control__traits.hpp\n'}
[2.579270] (detectabasura) StdoutLine: {'line': b'-- Up-to-date: /home/jetson/guali_ws/install/detectabasura/include/detectabasura/msg/detail/six_dof_arm_control__builder.hpp\n'}
[2.579964] (detectabasura) StdoutLine: {'line': b'-- Up-to-date: /home/jetson/guali_ws/install/detectabasura/include/detectabasura/msg/six_dof_arm_control.hpp\n'}
[2.585697] (detectabasura) StdoutLine: {'line': b'-- Up-to-date: /home/jetson/guali_ws/install/detectabasura/include/detectabasura/msg/rosidl_generator_cpp__visibility_control.hpp\n'}
[2.586584] (detectabasura) StdoutLine: {'line': b'-- Up-to-date: /home/jetson/guali_ws/install/detectabasura/include/detectabasura\n'}
[2.587178] (detectabasura) StdoutLine: {'line': b'-- Up-to-date: /home/jetson/guali_ws/install/detectabasura/include/detectabasura/msg\n'}
[2.589450] (detectabasura) StdoutLine: {'line': b'-- Up-to-date: /home/jetson/guali_ws/install/detectabasura/include/detectabasura/msg/detail\n'}
[2.590163] (detectabasura) StdoutLine: {'line': b'-- Up-to-date: /home/jetson/guali_ws/install/detectabasura/include/detectabasura/msg/detail/six_dof_arm_control__rosidl_typesupport_introspection_cpp.hpp\n'}
[2.590660] (detectabasura) StdoutLine: {'line': b'-- Up-to-date: /home/jetson/guali_ws/install/detectabasura/include/detectabasura/msg/detail/six_dof_arm_control__type_support.cpp\n'}
[2.591117] (detectabasura) StdoutLine: {'line': b'-- Up-to-date: /home/jetson/guali_ws/install/detectabasura/lib/libdetectabasura__rosidl_typesupport_introspection_cpp.so\n'}
[2.591573] (detectabasura) StdoutLine: {'line': b'-- Up-to-date: /home/jetson/guali_ws/install/detectabasura/lib/libdetectabasura__rosidl_typesupport_cpp.so\n'}
[2.591986] (detectabasura) StdoutLine: {'line': b'-- Up-to-date: /home/jetson/guali_ws/install/detectabasura/share/detectabasura/environment/pythonpath.sh\n'}
[2.592413] (detectabasura) StdoutLine: {'line': b'-- Up-to-date: /home/jetson/guali_ws/install/detectabasura/share/detectabasura/environment/pythonpath.dsv\n'}
[2.592823] (detectabasura) StdoutLine: {'line': b'-- Up-to-date: /home/jetson/guali_ws/install/detectabasura/lib/python3.8/site-packages/detectabasura/__init__.py\n'}
[2.646943] (-) TimerEvent: {}
[2.686588] (detectabasura) StdoutLine: {'line': b'-- Up-to-date: /home/jetson/guali_ws/install/detectabasura/lib/python3.8/site-packages/detectabasura/msg\n'}
[2.687215] (detectabasura) StdoutLine: {'line': b'-- Up-to-date: /home/jetson/guali_ws/install/detectabasura/lib/python3.8/site-packages/detectabasura/msg/_six_dof_arm_control_s.c\n'}
[2.687691] (detectabasura) StdoutLine: {'line': b'-- Up-to-date: /home/jetson/guali_ws/install/detectabasura/lib/python3.8/site-packages/detectabasura/msg/_six_dof_arm_control.py\n'}
[2.688091] (detectabasura) StdoutLine: {'line': b'-- Up-to-date: /home/jetson/guali_ws/install/detectabasura/lib/python3.8/site-packages/detectabasura/msg/__init__.py\n'}
[2.688541] (detectabasura) StdoutLine: {'line': b'-- Up-to-date: /home/jetson/guali_ws/install/detectabasura/lib/python3.8/site-packages/detectabasura/detectabasura_s__rosidl_typesupport_fastrtps_c.cpython-38-aarch64-linux-gnu.so\n'}
[2.688974] (detectabasura) StdoutLine: {'line': b'-- Up-to-date: /home/jetson/guali_ws/install/detectabasura/lib/python3.8/site-packages/detectabasura/detectabasura_s__rosidl_typesupport_introspection_c.cpython-38-aarch64-linux-gnu.so\n'}
[2.690212] (detectabasura) StdoutLine: {'line': b'-- Up-to-date: /home/jetson/guali_ws/install/detectabasura/lib/python3.8/site-packages/detectabasura/detectabasura_s__rosidl_typesupport_c.cpython-38-aarch64-linux-gnu.so\n'}
[2.693074] (detectabasura) StdoutLine: {'line': b'-- Up-to-date: /home/jetson/guali_ws/install/detectabasura/lib/libdetectabasura__python.so\n'}
[2.695231] (detectabasura) StdoutLine: {'line': b'-- Up-to-date: /home/jetson/guali_ws/install/detectabasura/share/detectabasura/msg/SixDOFArmControl.idl\n'}
[2.696639] (detectabasura) StdoutLine: {'line': b'-- Up-to-date: /home/jetson/guali_ws/install/detectabasura/share/detectabasura/msg/SixDOFArmControl.msg\n'}
[2.698758] (detectabasura) StdoutLine: {'line': b'-- Up-to-date: /home/jetson/guali_ws/install/detectabasura/lib/detectabasura/video_publisher_cli\n'}
[2.701486] (detectabasura) StdoutLine: {'line': b'-- Up-to-date: /home/jetson/guali_ws/install/detectabasura/lib/detectabasura/video_publisher_usb\n'}
[2.705305] (detectabasura) StdoutLine: {'line': b'-- Up-to-date: /home/jetson/guali_ws/install/detectabasura/lib/detectabasura/serialMCU\n'}
[2.708047] (detectabasura) StdoutLine: {'line': b'-- Up-to-date: /home/jetson/guali_ws/install/detectabasura/share/ament_index/resource_index/package_run_dependencies/detectabasura\n'}
[2.709429] (detectabasura) StdoutLine: {'line': b'-- Up-to-date: /home/jetson/guali_ws/install/detectabasura/share/ament_index/resource_index/parent_prefix_path/detectabasura\n'}
[2.711690] (detectabasura) StdoutLine: {'line': b'-- Up-to-date: /home/jetson/guali_ws/install/detectabasura/share/detectabasura/environment/ament_prefix_path.sh\n'}
[2.713107] (detectabasura) StdoutLine: {'line': b'-- Up-to-date: /home/jetson/guali_ws/install/detectabasura/share/detectabasura/environment/ament_prefix_path.dsv\n'}
[2.714468] (detectabasura) StdoutLine: {'line': b'-- Up-to-date: /home/jetson/guali_ws/install/detectabasura/share/detectabasura/environment/path.sh\n'}
[2.715752] (detectabasura) StdoutLine: {'line': b'-- Up-to-date: /home/jetson/guali_ws/install/detectabasura/share/detectabasura/environment/path.dsv\n'}
[2.717006] (detectabasura) StdoutLine: {'line': b'-- Up-to-date: /home/jetson/guali_ws/install/detectabasura/share/detectabasura/local_setup.bash\n'}
[2.718981] (detectabasura) StdoutLine: {'line': b'-- Up-to-date: /home/jetson/guali_ws/install/detectabasura/share/detectabasura/local_setup.sh\n'}
[2.720571] (detectabasura) StdoutLine: {'line': b'-- Up-to-date: /home/jetson/guali_ws/install/detectabasura/share/detectabasura/local_setup.zsh\n'}
[2.721907] (detectabasura) StdoutLine: {'line': b'-- Up-to-date: /home/jetson/guali_ws/install/detectabasura/share/detectabasura/local_setup.dsv\n'}
[2.723214] (detectabasura) StdoutLine: {'line': b'-- Installing: /home/jetson/guali_ws/install/detectabasura/share/detectabasura/package.dsv\n'}
[2.725064] (detectabasura) StdoutLine: {'line': b'-- Up-to-date: /home/jetson/guali_ws/install/detectabasura/share/ament_index/resource_index/packages/detectabasura\n'}
[2.727740] (detectabasura) StdoutLine: {'line': b'-- Up-to-date: /home/jetson/guali_ws/install/detectabasura/share/detectabasura/cmake/detectabasura__rosidl_generator_cExport.cmake\n'}
[2.729724] (detectabasura) StdoutLine: {'line': b'-- Up-to-date: /home/jetson/guali_ws/install/detectabasura/share/detectabasura/cmake/detectabasura__rosidl_generator_cExport-release.cmake\n'}
[2.731647] (detectabasura) StdoutLine: {'line': b'-- Up-to-date: /home/jetson/guali_ws/install/detectabasura/share/detectabasura/cmake/detectabasura__rosidl_typesupport_introspection_cExport.cmake\n'}
[2.733683] (detectabasura) StdoutLine: {'line': b'-- Up-to-date: /home/jetson/guali_ws/install/detectabasura/share/detectabasura/cmake/detectabasura__rosidl_typesupport_introspection_cExport-release.cmake\n'}
[2.736579] (detectabasura) StdoutLine: {'line': b'-- Up-to-date: /home/jetson/guali_ws/install/detectabasura/share/detectabasura/cmake/detectabasura__rosidl_typesupport_cExport.cmake\n'}
[2.738603] (detectabasura) StdoutLine: {'line': b'-- Up-to-date: /home/jetson/guali_ws/install/detectabasura/share/detectabasura/cmake/detectabasura__rosidl_typesupport_cExport-release.cmake\n'}
[2.746940] (detectabasura) StdoutLine: {'line': b'-- Up-to-date: /home/jetson/guali_ws/install/detectabasura/share/detectabasura/cmake/detectabasura__rosidl_generator_cppExport.cmake\n'}
[2.747594] (-) TimerEvent: {}
[2.749136] (detectabasura) StdoutLine: {'line': b'-- Up-to-date: /home/jetson/guali_ws/install/detectabasura/share/detectabasura/cmake/detectabasura__rosidl_typesupport_introspection_cppExport.cmake\n'}
[2.750673] (detectabasura) StdoutLine: {'line': b'-- Up-to-date: /home/jetson/guali_ws/install/detectabasura/share/detectabasura/cmake/detectabasura__rosidl_typesupport_introspection_cppExport-release.cmake\n'}
[2.752700] (detectabasura) StdoutLine: {'line': b'-- Up-to-date: /home/jetson/guali_ws/install/detectabasura/share/detectabasura/cmake/detectabasura__rosidl_typesupport_cppExport.cmake\n'}
[2.754794] (detectabasura) StdoutLine: {'line': b'-- Up-to-date: /home/jetson/guali_ws/install/detectabasura/share/detectabasura/cmake/detectabasura__rosidl_typesupport_cppExport-release.cmake\n'}
[2.756199] (detectabasura) StdoutLine: {'line': b'-- Up-to-date: /home/jetson/guali_ws/install/detectabasura/share/detectabasura/cmake/rosidl_cmake-extras.cmake\n'}
[2.757529] (detectabasura) StdoutLine: {'line': b'-- Up-to-date: /home/jetson/guali_ws/install/detectabasura/share/detectabasura/cmake/ament_cmake_export_dependencies-extras.cmake\n'}
[2.758872] (detectabasura) StdoutLine: {'line': b'-- Up-to-date: /home/jetson/guali_ws/install/detectabasura/share/detectabasura/cmake/ament_cmake_export_libraries-extras.cmake\n'}
[2.760432] (detectabasura) StdoutLine: {'line': b'-- Up-to-date: /home/jetson/guali_ws/install/detectabasura/share/detectabasura/cmake/ament_cmake_export_targets-extras.cmake\n'}
[2.761894] (detectabasura) StdoutLine: {'line': b'-- Up-to-date: /home/jetson/guali_ws/install/detectabasura/share/detectabasura/cmake/ament_cmake_export_include_directories-extras.cmake\n'}
[2.763327] (detectabasura) StdoutLine: {'line': b'-- Up-to-date: /home/jetson/guali_ws/install/detectabasura/share/detectabasura/cmake/rosidl_cmake_export_typesupport_libraries-extras.cmake\n'}
[2.764604] (detectabasura) StdoutLine: {'line': b'-- Up-to-date: /home/jetson/guali_ws/install/detectabasura/share/detectabasura/cmake/rosidl_cmake_export_typesupport_targets-extras.cmake\n'}
[2.765836] (detectabasura) StdoutLine: {'line': b'-- Up-to-date: /home/jetson/guali_ws/install/detectabasura/share/detectabasura/cmake/detectabasuraConfig.cmake\n'}
[2.767041] (detectabasura) StdoutLine: {'line': b'-- Up-to-date: /home/jetson/guali_ws/install/detectabasura/share/detectabasura/cmake/detectabasuraConfig-version.cmake\n'}
[2.768349] (detectabasura) StdoutLine: {'line': b'-- Up-to-date: /home/jetson/guali_ws/install/detectabasura/share/detectabasura/package.xml\n'}
[2.783110] (detectabasura) CommandEnded: {'returncode': 0}
[2.847929] (-) TimerEvent: {}
[2.948387] (-) TimerEvent: {}
[3.049091] (-) TimerEvent: {}
[3.149971] (-) TimerEvent: {}
[3.255636] (-) TimerEvent: {}
[3.333230] (detectabasura) JobEnded: {'identifier': 'detectabasura', 'rc': 0}
[3.338085] (-) EventReactorShutdown: {}
