[0.094s] Invoking command in '/home/wheeltec/guali_ws/build/detectabasura': CMAKE_PREFIX_PATH=${CMAKE_PREFIX_PATH}:/home/wheeltec/wheeltec_ros2/install/simple_follower_ros2:/home/wheeltec/wheeltec_ros2/install/wheeltec_robot_keyboard:/home/wheeltec/wheeltec_ros2/install/tf2_tools:/home/wheeltec/wheeltec_ros2/install/nav2_simple_commander:/home/wheeltec/wheeltec_ros2/install/nav2_gazebo_spawner:/home/wheeltec/wheeltec_ros2/install/camera_calibration:/opt/ros/galactic /usr/bin/cmake --build /home/wheeltec/guali_ws/build/detectabasura -- -j4 -l4
[0.433s] [  3%] Built target detectabasura__cpp
[0.439s] [ 12%] Built target detectabasura__rosidl_generator_c
[0.519s] [ 18%] Built target video_publisher
[0.587s] [ 27%] Built target detectabasura__rosidl_typesupport_cpp
[0.590s] [ 36%] Built target detectabasura__rosidl_typesupport_introspection_cpp
[0.619s] [ 45%] Built target detectabasura__rosidl_typesupport_fastrtps_cpp
[0.682s] [ 54%] Built target detectabasura__rosidl_typesupport_c
[0.738s] [ 63%] Built target detectabasura__rosidl_typesupport_introspection_c
[0.790s] [ 72%] Built target detectabasura__rosidl_typesupport_fastrtps_c
[0.919s] [ 72%] Built target detectabasura
[1.051s] [ 75%] Built target detectabasura__py
[1.219s] [ 81%] Built target detectabasura__python
[1.393s] [100%] Built target detectabasura__rosidl_typesupport_c__pyext
[1.394s] [100%] Built target detectabasura__rosidl_typesupport_introspection_c__pyext
[1.394s] [100%] Built target detectabasura__rosidl_typesupport_fastrtps_c__pyext
[1.460s] Invoked command in '/home/wheeltec/guali_ws/build/detectabasura' returned '0': CMAKE_PREFIX_PATH=${CMAKE_PREFIX_PATH}:/home/wheeltec/wheeltec_ros2/install/simple_follower_ros2:/home/wheeltec/wheeltec_ros2/install/wheeltec_robot_keyboard:/home/wheeltec/wheeltec_ros2/install/tf2_tools:/home/wheeltec/wheeltec_ros2/install/nav2_simple_commander:/home/wheeltec/wheeltec_ros2/install/nav2_gazebo_spawner:/home/wheeltec/wheeltec_ros2/install/camera_calibration:/opt/ros/galactic /usr/bin/cmake --build /home/wheeltec/guali_ws/build/detectabasura -- -j4 -l4
[1.963s] Invoking command in '/home/wheeltec/guali_ws/build/detectabasura': CMAKE_PREFIX_PATH=${CMAKE_PREFIX_PATH}:/home/wheeltec/wheeltec_ros2/install/simple_follower_ros2:/home/wheeltec/wheeltec_ros2/install/wheeltec_robot_keyboard:/home/wheeltec/wheeltec_ros2/install/tf2_tools:/home/wheeltec/wheeltec_ros2/install/nav2_simple_commander:/home/wheeltec/wheeltec_ros2/install/nav2_gazebo_spawner:/home/wheeltec/wheeltec_ros2/install/camera_calibration:/opt/ros/galactic /usr/bin/cmake --install /home/wheeltec/guali_ws/build/detectabasura
[2.015s] -- Install configuration: "Release"
[2.017s] -- Up-to-date: /home/wheeltec/guali_ws/install/detectabasura/share/ament_index/resource_index/rosidl_interfaces/detectabasura
[2.017s] -- Up-to-date: /home/wheeltec/guali_ws/install/detectabasura/include/detectabasura
[2.018s] -- Up-to-date: /home/wheeltec/guali_ws/install/detectabasura/include/detectabasura/msg
[2.018s] -- Up-to-date: /home/wheeltec/guali_ws/install/detectabasura/include/detectabasura/msg/detail
[2.018s] -- Up-to-date: /home/wheeltec/guali_ws/install/detectabasura/include/detectabasura/msg/detail/six_dof_arm_control__functions.h
[2.019s] -- Up-to-date: /home/wheeltec/guali_ws/install/detectabasura/include/detectabasura/msg/detail/six_dof_arm_control__type_support.h
[2.019s] -- Up-to-date: /home/wheeltec/guali_ws/install/detectabasura/include/detectabasura/msg/detail/six_dof_arm_control__functions.c
[2.020s] -- Up-to-date: /home/wheeltec/guali_ws/install/detectabasura/include/detectabasura/msg/detail/six_dof_arm_control__struct.h
[2.020s] -- Up-to-date: /home/wheeltec/guali_ws/install/detectabasura/include/detectabasura/msg/six_dof_arm_control.h
[2.020s] -- Up-to-date: /home/wheeltec/guali_ws/install/detectabasura/include/detectabasura/msg/rosidl_generator_c__visibility_control.h
[2.021s] -- Up-to-date: /home/wheeltec/guali_ws/install/detectabasura/share/detectabasura/environment/library_path.sh
[2.021s] -- Up-to-date: /home/wheeltec/guali_ws/install/detectabasura/share/detectabasura/environment/library_path.dsv
[2.022s] -- Up-to-date: /home/wheeltec/guali_ws/install/detectabasura/lib/libdetectabasura__rosidl_generator_c.so
[2.022s] -- Up-to-date: /home/wheeltec/guali_ws/install/detectabasura/include/detectabasura
[2.023s] -- Up-to-date: /home/wheeltec/guali_ws/install/detectabasura/include/detectabasura/msg
[2.023s] -- Up-to-date: /home/wheeltec/guali_ws/install/detectabasura/include/detectabasura/msg/detail
[2.023s] -- Up-to-date: /home/wheeltec/guali_ws/install/detectabasura/include/detectabasura/msg/detail/six_dof_arm_control__rosidl_typesupport_fastrtps_c.h
[2.024s] -- Up-to-date: /home/wheeltec/guali_ws/install/detectabasura/include/detectabasura/msg/rosidl_typesupport_fastrtps_c__visibility_control.h
[2.024s] -- Up-to-date: /home/wheeltec/guali_ws/install/detectabasura/lib/libdetectabasura__rosidl_typesupport_fastrtps_c.so
[2.024s] -- Up-to-date: /home/wheeltec/guali_ws/install/detectabasura/include/detectabasura
[2.025s] -- Up-to-date: /home/wheeltec/guali_ws/install/detectabasura/include/detectabasura/msg
[2.025s] -- Up-to-date: /home/wheeltec/guali_ws/install/detectabasura/include/detectabasura/msg/detail
[2.025s] -- Up-to-date: /home/wheeltec/guali_ws/install/detectabasura/include/detectabasura/msg/detail/dds_fastrtps
[2.026s] -- Up-to-date: /home/wheeltec/guali_ws/install/detectabasura/include/detectabasura/msg/detail/six_dof_arm_control__rosidl_typesupport_fastrtps_cpp.hpp
[2.026s] -- Up-to-date: /home/wheeltec/guali_ws/install/detectabasura/include/detectabasura/msg/rosidl_typesupport_fastrtps_cpp__visibility_control.h
[2.027s] -- Up-to-date: /home/wheeltec/guali_ws/install/detectabasura/lib/libdetectabasura__rosidl_typesupport_fastrtps_cpp.so
[2.027s] -- Up-to-date: /home/wheeltec/guali_ws/install/detectabasura/include/detectabasura
[2.027s] -- Up-to-date: /home/wheeltec/guali_ws/install/detectabasura/include/detectabasura/msg
[2.028s] -- Up-to-date: /home/wheeltec/guali_ws/install/detectabasura/include/detectabasura/msg/detail
[2.028s] -- Up-to-date: /home/wheeltec/guali_ws/install/detectabasura/include/detectabasura/msg/detail/six_dof_arm_control__rosidl_typesupport_introspection_c.h
[2.029s] -- Up-to-date: /home/wheeltec/guali_ws/install/detectabasura/include/detectabasura/msg/detail/six_dof_arm_control__type_support.c
[2.029s] -- Up-to-date: /home/wheeltec/guali_ws/install/detectabasura/include/detectabasura/msg/rosidl_typesupport_introspection_c__visibility_control.h
[2.029s] -- Up-to-date: /home/wheeltec/guali_ws/install/detectabasura/lib/libdetectabasura__rosidl_typesupport_introspection_c.so
[2.030s] -- Up-to-date: /home/wheeltec/guali_ws/install/detectabasura/lib/libdetectabasura__rosidl_typesupport_c.so
[2.030s] -- Up-to-date: /home/wheeltec/guali_ws/install/detectabasura/include/detectabasura
[2.031s] -- Up-to-date: /home/wheeltec/guali_ws/install/detectabasura/include/detectabasura/msg
[2.031s] -- Up-to-date: /home/wheeltec/guali_ws/install/detectabasura/include/detectabasura/msg/detail
[2.031s] -- Up-to-date: /home/wheeltec/guali_ws/install/detectabasura/include/detectabasura/msg/detail/six_dof_arm_control__struct.hpp
[2.032s] -- Up-to-date: /home/wheeltec/guali_ws/install/detectabasura/include/detectabasura/msg/detail/six_dof_arm_control__builder.hpp
[2.032s] -- Up-to-date: /home/wheeltec/guali_ws/install/detectabasura/include/detectabasura/msg/detail/six_dof_arm_control__traits.hpp
[2.032s] -- Up-to-date: /home/wheeltec/guali_ws/install/detectabasura/include/detectabasura/msg/six_dof_arm_control.hpp
[2.033s] -- Up-to-date: /home/wheeltec/guali_ws/install/detectabasura/include/detectabasura
[2.033s] -- Up-to-date: /home/wheeltec/guali_ws/install/detectabasura/include/detectabasura/msg
[2.034s] -- Up-to-date: /home/wheeltec/guali_ws/install/detectabasura/include/detectabasura/msg/detail
[2.034s] -- Up-to-date: /home/wheeltec/guali_ws/install/detectabasura/include/detectabasura/msg/detail/six_dof_arm_control__rosidl_typesupport_introspection_cpp.hpp
[2.035s] -- Up-to-date: /home/wheeltec/guali_ws/install/detectabasura/include/detectabasura/msg/detail/six_dof_arm_control__type_support.cpp
[2.035s] -- Up-to-date: /home/wheeltec/guali_ws/install/detectabasura/lib/libdetectabasura__rosidl_typesupport_introspection_cpp.so
[2.036s] -- Up-to-date: /home/wheeltec/guali_ws/install/detectabasura/lib/libdetectabasura__rosidl_typesupport_cpp.so
[2.036s] -- Up-to-date: /home/wheeltec/guali_ws/install/detectabasura/share/detectabasura/environment/pythonpath.sh
[2.036s] -- Up-to-date: /home/wheeltec/guali_ws/install/detectabasura/share/detectabasura/environment/pythonpath.dsv
[2.037s] -- Up-to-date: /home/wheeltec/guali_ws/install/detectabasura/lib/python3.8/site-packages/detectabasura/__init__.py
[2.227s] -- Up-to-date: /home/wheeltec/guali_ws/install/detectabasura/lib/python3.8/site-packages/detectabasura/msg
[2.227s] -- Up-to-date: /home/wheeltec/guali_ws/install/detectabasura/lib/python3.8/site-packages/detectabasura/msg/__init__.py
[2.228s] -- Up-to-date: /home/wheeltec/guali_ws/install/detectabasura/lib/python3.8/site-packages/detectabasura/msg/_six_dof_arm_control_s.c
[2.228s] -- Up-to-date: /home/wheeltec/guali_ws/install/detectabasura/lib/python3.8/site-packages/detectabasura/msg/_six_dof_arm_control.py
[2.229s] -- Up-to-date: /home/wheeltec/guali_ws/install/detectabasura/lib/python3.8/site-packages/detectabasura/detectabasura_s__rosidl_typesupport_fastrtps_c.cpython-38-aarch64-linux-gnu.so
[2.230s] -- Up-to-date: /home/wheeltec/guali_ws/install/detectabasura/lib/python3.8/site-packages/detectabasura/detectabasura_s__rosidl_typesupport_introspection_c.cpython-38-aarch64-linux-gnu.so
[2.233s] -- Up-to-date: /home/wheeltec/guali_ws/install/detectabasura/lib/python3.8/site-packages/detectabasura/detectabasura_s__rosidl_typesupport_c.cpython-38-aarch64-linux-gnu.so
[2.238s] -- Up-to-date: /home/wheeltec/guali_ws/install/detectabasura/lib/libdetectabasura__python.so
[2.240s] -- Up-to-date: /home/wheeltec/guali_ws/install/detectabasura/share/detectabasura/msg/SixDOFArmControl.idl
[2.240s] -- Up-to-date: /home/wheeltec/guali_ws/install/detectabasura/share/detectabasura/msg/SixDOFArmControl.msg
[2.241s] -- Up-to-date: /home/wheeltec/guali_ws/install/detectabasura/lib/detectabasura/video_publisher
[2.241s] -- Up-to-date: /home/wheeltec/guali_ws/install/detectabasura/share/ament_index/resource_index/package_run_dependencies/detectabasura
[2.242s] -- Up-to-date: /home/wheeltec/guali_ws/install/detectabasura/share/ament_index/resource_index/parent_prefix_path/detectabasura
[2.243s] -- Up-to-date: /home/wheeltec/guali_ws/install/detectabasura/share/detectabasura/environment/ament_prefix_path.sh
[2.243s] -- Up-to-date: /home/wheeltec/guali_ws/install/detectabasura/share/detectabasura/environment/ament_prefix_path.dsv
[2.243s] -- Up-to-date: /home/wheeltec/guali_ws/install/detectabasura/share/detectabasura/environment/path.sh
[2.244s] -- Up-to-date: /home/wheeltec/guali_ws/install/detectabasura/share/detectabasura/environment/path.dsv
[2.244s] -- Up-to-date: /home/wheeltec/guali_ws/install/detectabasura/share/detectabasura/local_setup.bash
[2.245s] -- Up-to-date: /home/wheeltec/guali_ws/install/detectabasura/share/detectabasura/local_setup.sh
[2.245s] -- Up-to-date: /home/wheeltec/guali_ws/install/detectabasura/share/detectabasura/local_setup.zsh
[2.246s] -- Up-to-date: /home/wheeltec/guali_ws/install/detectabasura/share/detectabasura/local_setup.dsv
[2.246s] -- Installing: /home/wheeltec/guali_ws/install/detectabasura/share/detectabasura/package.dsv
[2.247s] -- Up-to-date: /home/wheeltec/guali_ws/install/detectabasura/share/ament_index/resource_index/packages/detectabasura
[2.247s] -- Up-to-date: /home/wheeltec/guali_ws/install/detectabasura/share/detectabasura/cmake/detectabasura__rosidl_generator_cExport.cmake
[2.248s] -- Up-to-date: /home/wheeltec/guali_ws/install/detectabasura/share/detectabasura/cmake/detectabasura__rosidl_generator_cExport-release.cmake
[2.248s] -- Up-to-date: /home/wheeltec/guali_ws/install/detectabasura/share/detectabasura/cmake/detectabasura__rosidl_typesupport_introspection_cExport.cmake
[2.249s] -- Up-to-date: /home/wheeltec/guali_ws/install/detectabasura/share/detectabasura/cmake/detectabasura__rosidl_typesupport_introspection_cExport-release.cmake
[2.249s] -- Up-to-date: /home/wheeltec/guali_ws/install/detectabasura/share/detectabasura/cmake/detectabasura__rosidl_typesupport_cExport.cmake
[2.249s] -- Up-to-date: /home/wheeltec/guali_ws/install/detectabasura/share/detectabasura/cmake/detectabasura__rosidl_typesupport_cExport-release.cmake
[2.250s] -- Up-to-date: /home/wheeltec/guali_ws/install/detectabasura/share/detectabasura/cmake/detectabasura__rosidl_generator_cppExport.cmake
[2.250s] -- Up-to-date: /home/wheeltec/guali_ws/install/detectabasura/share/detectabasura/cmake/detectabasura__rosidl_typesupport_introspection_cppExport.cmake
[2.251s] -- Up-to-date: /home/wheeltec/guali_ws/install/detectabasura/share/detectabasura/cmake/detectabasura__rosidl_typesupport_introspection_cppExport-release.cmake
[2.251s] -- Up-to-date: /home/wheeltec/guali_ws/install/detectabasura/share/detectabasura/cmake/detectabasura__rosidl_typesupport_cppExport.cmake
[2.251s] -- Up-to-date: /home/wheeltec/guali_ws/install/detectabasura/share/detectabasura/cmake/detectabasura__rosidl_typesupport_cppExport-release.cmake
[2.257s] -- Up-to-date: /home/wheeltec/guali_ws/install/detectabasura/share/detectabasura/cmake/rosidl_cmake-extras.cmake
[2.258s] -- Up-to-date: /home/wheeltec/guali_ws/install/detectabasura/share/detectabasura/cmake/ament_cmake_export_dependencies-extras.cmake
[2.258s] -- Up-to-date: /home/wheeltec/guali_ws/install/detectabasura/share/detectabasura/cmake/ament_cmake_export_libraries-extras.cmake
[2.259s] -- Up-to-date: /home/wheeltec/guali_ws/install/detectabasura/share/detectabasura/cmake/ament_cmake_export_targets-extras.cmake
[2.260s] -- Up-to-date: /home/wheeltec/guali_ws/install/detectabasura/share/detectabasura/cmake/ament_cmake_export_include_directories-extras.cmake
[2.264s] -- Up-to-date: /home/wheeltec/guali_ws/install/detectabasura/share/detectabasura/cmake/rosidl_cmake_export_typesupport_libraries-extras.cmake
[2.264s] -- Up-to-date: /home/wheeltec/guali_ws/install/detectabasura/share/detectabasura/cmake/rosidl_cmake_export_typesupport_targets-extras.cmake
[2.265s] -- Up-to-date: /home/wheeltec/guali_ws/install/detectabasura/share/detectabasura/cmake/detectabasuraConfig.cmake
[2.266s] -- Up-to-date: /home/wheeltec/guali_ws/install/detectabasura/share/detectabasura/cmake/detectabasuraConfig-version.cmake
[2.267s] -- Up-to-date: /home/wheeltec/guali_ws/install/detectabasura/share/detectabasura/package.xml
[2.270s] Invoked command in '/home/wheeltec/guali_ws/build/detectabasura' returned '0': CMAKE_PREFIX_PATH=${CMAKE_PREFIX_PATH}:/home/wheeltec/wheeltec_ros2/install/simple_follower_ros2:/home/wheeltec/wheeltec_ros2/install/wheeltec_robot_keyboard:/home/wheeltec/wheeltec_ros2/install/tf2_tools:/home/wheeltec/wheeltec_ros2/install/nav2_simple_commander:/home/wheeltec/wheeltec_ros2/install/nav2_gazebo_spawner:/home/wheeltec/wheeltec_ros2/install/camera_calibration:/opt/ros/galactic /usr/bin/cmake --install /home/wheeltec/guali_ws/build/detectabasura
