[0.068s] Invoking command in '/home/jetson/guali_ws/build/detectabasura': CMAKE_PREFIX_PATH=/home/jetson/guali_ws/install/deteccionresiduos:/opt/ros/foxy /usr/bin/cmake --build /home/jetson/guali_ws/build/detectabasura -- -j4 -l4
[0.192s] -- Found ament_cmake: 0.9.12 (/opt/ros/foxy/share/ament_cmake/cmake)
[0.292s] -- Found PythonInterp: /usr/bin/python3 (found suitable version "3.8.10", minimum required is "3") 
[0.292s] -- Using PYTHON_EXECUTABLE: /usr/bin/python3
[1.261s] -- Found rclcpp: 2.4.3 (/opt/ros/foxy/share/rclcpp/cmake)
[1.428s] -- Using all available rosidl_typesupport_c: rosidl_typesupport_fastrtps_c;rosidl_typesupport_introspection_c
[1.447s] -- Found rosidl_adapter: 1.3.1 (/opt/ros/foxy/share/rosidl_adapter/cmake)
[2.004s] -- Using all available rosidl_typesupport_cpp: rosidl_typesupport_fastrtps_cpp;rosidl_typesupport_introspection_cpp
[2.242s] -- Found rmw_implementation_cmake: 1.0.4 (/opt/ros/foxy/share/rmw_implementation_cmake/cmake)
[2.249s] -- Using RMW implementation 'rmw_fastrtps_cpp' as default
[2.919s] -- Found sensor_msgs: 2.0.5 (/opt/ros/foxy/share/sensor_msgs/cmake)
[3.440s] -- Found cv_bridge: 3.0.7 (/opt/ros/foxy/share/cv_bridge/cmake)
[3.694s] CMake Error at CMakeLists.txt:14 (find_package):
[3.694s]   By not providing "Findyaml-cpp.cmake" in CMAKE_MODULE_PATH this project has
[3.695s]   asked CMake to find a package configuration file provided by "yaml-cpp",
[3.695s]   but CMake did not find one.
[3.695s] 
[3.696s]   Could not find a package configuration file provided by "yaml-cpp" with any
[3.696s]   of the following names:
[3.696s] 
[3.697s]     yaml-cppConfig.cmake
[3.697s]     yaml-cpp-config.cmake
[3.698s] 
[3.698s]   Add the installation prefix of "yaml-cpp" to CMAKE_PREFIX_PATH or set
[3.698s]   "yaml-cpp_DIR" to a directory containing one of the above files.  If
[3.698s]   "yaml-cpp" provides a separate development package or SDK, be sure it has
[3.699s]   been installed.
[3.699s] 
[3.699s] 
[3.701s] -- Configuring incomplete, errors occurred!
[3.702s] See also "/home/jetson/guali_ws/build/detectabasura/CMakeFiles/CMakeOutput.log".
[3.702s] See also "/home/jetson/guali_ws/build/detectabasura/CMakeFiles/CMakeError.log".
[3.728s] make: *** [Makefile:792: cmake_check_build_system] Error 1
[3.732s] Invoked command in '/home/jetson/guali_ws/build/detectabasura' returned '2': CMAKE_PREFIX_PATH=/home/jetson/guali_ws/install/deteccionresiduos:/opt/ros/foxy /usr/bin/cmake --build /home/jetson/guali_ws/build/detectabasura -- -j4 -l4
