[1.625s] DEBUG:colcon:Command line arguments: ['/usr/bin/colcon', 'build']
[1.626s] DEBUG:colcon:Parsed command line arguments: Namespace(allow_overriding=[], ament_cmake_args=None, base_paths=['.'], build_base='build', catkin_cmake_args=None, catkin_skip_building_tests=False, cmake_args=None, cmake_clean_cache=False, cmake_clean_first=False, cmake_force_configure=False, cmake_target=None, cmake_target_skip_unavailable=False, continue_on_error=False, event_handlers=None, executor='parallel', ignore_user_meta=False, install_base='install', log_base=None, log_level=None, main=<bound method BuildVerb.main of <colcon_core.verb.build.BuildVerb object at 0x7f7d8d0ee0>>, merge_install=False, metas=['./colcon.meta'], packages_above=None, packages_above_and_dependencies=None, packages_above_depth=None, packages_end=None, packages_ignore=None, packages_ignore_regex=None, packages_select=None, packages_select_build_failed=False, packages_select_by_dep=None, packages_select_regex=None, packages_select_test_failures=False, packages_skip=None, packages_skip_build_finished=False, packages_skip_by_dep=None, packages_skip_regex=None, packages_skip_test_passed=False, packages_skip_up_to=None, packages_start=None, packages_up_to=None, packages_up_to_regex=None, parallel_workers=4, paths=None, symlink_install=False, test_result_base=None, verb_extension=<colcon_core.verb.build.BuildVerb object at 0x7f7d8d0ee0>, verb_name='build', verb_parser=<colcon_defaults.argument_parser.defaults.DefaultArgumentsDecorator object at 0x7f7d85af70>)
[1.975s] Level 1:colcon.colcon_core.package_discovery:discover_packages(colcon_meta) check parameters
[1.975s] Level 1:colcon.colcon_core.package_discovery:discover_packages(recursive) check parameters
[1.975s] Level 1:colcon.colcon_core.package_discovery:discover_packages(ignore) check parameters
[1.976s] Level 1:colcon.colcon_core.package_discovery:discover_packages(path) check parameters
[1.976s] Level 1:colcon.colcon_core.package_discovery:discover_packages(colcon_meta) discover
[1.976s] Level 1:colcon.colcon_core.package_discovery:discover_packages(recursive) discover
[1.976s] INFO:colcon.colcon_core.package_discovery:Crawling recursively for packages in '/home/wheeltec/guali_ws'
[1.977s] Level 1:colcon.colcon_core.package_identification:_identify(.) by extensions ['ignore', 'ignore_ament_install']
[1.977s] Level 1:colcon.colcon_core.package_identification:_identify(.) by extension 'ignore'
[1.978s] Level 1:colcon.colcon_core.package_identification:_identify(.) by extension 'ignore_ament_install'
[1.978s] Level 1:colcon.colcon_core.package_identification:_identify(.) by extensions ['colcon_pkg']
[1.978s] Level 1:colcon.colcon_core.package_identification:_identify(.) by extension 'colcon_pkg'
[1.979s] Level 1:colcon.colcon_core.package_identification:_identify(.) by extensions ['colcon_meta']
[1.979s] Level 1:colcon.colcon_core.package_identification:_identify(.) by extension 'colcon_meta'
[1.979s] Level 1:colcon.colcon_core.package_identification:_identify(.) by extensions ['ros']
[1.979s] Level 1:colcon.colcon_core.package_identification:_identify(.) by extension 'ros'
[2.040s] Level 1:colcon.colcon_core.package_identification:_identify(.) by extensions ['cmake', 'python']
[2.040s] Level 1:colcon.colcon_core.package_identification:_identify(.) by extension 'cmake'
[2.040s] Level 1:colcon.colcon_core.package_identification:_identify(.) by extension 'python'
[2.041s] Level 1:colcon.colcon_core.package_identification:_identify(.) by extensions ['python_setup_py']
[2.041s] Level 1:colcon.colcon_core.package_identification:_identify(.) by extension 'python_setup_py'
[2.041s] Level 1:colcon.colcon_core.package_identification:_identify(build) by extensions ['ignore', 'ignore_ament_install']
[2.042s] Level 1:colcon.colcon_core.package_identification:_identify(build) by extension 'ignore'
[2.042s] Level 1:colcon.colcon_core.package_identification:_identify(build) ignored
[2.043s] Level 1:colcon.colcon_core.package_identification:_identify(calibrationdata) by extensions ['ignore', 'ignore_ament_install']
[2.043s] Level 1:colcon.colcon_core.package_identification:_identify(calibrationdata) by extension 'ignore'
[2.044s] Level 1:colcon.colcon_core.package_identification:_identify(calibrationdata) by extension 'ignore_ament_install'
[2.044s] Level 1:colcon.colcon_core.package_identification:_identify(calibrationdata) by extensions ['colcon_pkg']
[2.044s] Level 1:colcon.colcon_core.package_identification:_identify(calibrationdata) by extension 'colcon_pkg'
[2.044s] Level 1:colcon.colcon_core.package_identification:_identify(calibrationdata) by extensions ['colcon_meta']
[2.044s] Level 1:colcon.colcon_core.package_identification:_identify(calibrationdata) by extension 'colcon_meta'
[2.045s] Level 1:colcon.colcon_core.package_identification:_identify(calibrationdata) by extensions ['ros']
[2.045s] Level 1:colcon.colcon_core.package_identification:_identify(calibrationdata) by extension 'ros'
[2.045s] Level 1:colcon.colcon_core.package_identification:_identify(calibrationdata) by extensions ['cmake', 'python']
[2.045s] Level 1:colcon.colcon_core.package_identification:_identify(calibrationdata) by extension 'cmake'
[2.046s] Level 1:colcon.colcon_core.package_identification:_identify(calibrationdata) by extension 'python'
[2.046s] Level 1:colcon.colcon_core.package_identification:_identify(calibrationdata) by extensions ['python_setup_py']
[2.046s] Level 1:colcon.colcon_core.package_identification:_identify(calibrationdata) by extension 'python_setup_py'
[2.046s] Level 1:colcon.colcon_core.package_identification:_identify(detectabasura) by extensions ['ignore', 'ignore_ament_install']
[2.047s] Level 1:colcon.colcon_core.package_identification:_identify(detectabasura) by extension 'ignore'
[2.047s] Level 1:colcon.colcon_core.package_identification:_identify(detectabasura) by extension 'ignore_ament_install'
[2.047s] Level 1:colcon.colcon_core.package_identification:_identify(detectabasura) by extensions ['colcon_pkg']
[2.047s] Level 1:colcon.colcon_core.package_identification:_identify(detectabasura) by extension 'colcon_pkg'
[2.048s] Level 1:colcon.colcon_core.package_identification:_identify(detectabasura) by extensions ['colcon_meta']
[2.048s] Level 1:colcon.colcon_core.package_identification:_identify(detectabasura) by extension 'colcon_meta'
[2.048s] Level 1:colcon.colcon_core.package_identification:_identify(detectabasura) by extensions ['ros']
[2.048s] Level 1:colcon.colcon_core.package_identification:_identify(detectabasura) by extension 'ros'
[2.058s] DEBUG:colcon.colcon_core.package_identification:Package 'detectabasura' with type 'ros.ament_cmake' and name 'detectabasura'
[2.059s] Level 1:colcon.colcon_core.package_identification:_identify(install) by extensions ['ignore', 'ignore_ament_install']
[2.060s] Level 1:colcon.colcon_core.package_identification:_identify(install) by extension 'ignore'
[2.060s] Level 1:colcon.colcon_core.package_identification:_identify(install) ignored
[2.060s] Level 1:colcon.colcon_core.package_identification:_identify(log) by extensions ['ignore', 'ignore_ament_install']
[2.061s] Level 1:colcon.colcon_core.package_identification:_identify(log) by extension 'ignore'
[2.061s] Level 1:colcon.colcon_core.package_identification:_identify(log) ignored
[2.061s] Level 1:colcon.colcon_core.package_discovery:discover_packages(recursive) using defaults
[2.062s] Level 1:colcon.colcon_core.package_discovery:discover_packages(ignore) discover
[2.062s] Level 1:colcon.colcon_core.package_discovery:discover_packages(ignore) using defaults
[2.062s] Level 1:colcon.colcon_core.package_discovery:discover_packages(path) discover
[2.062s] Level 1:colcon.colcon_core.package_discovery:discover_packages(path) using defaults
[2.164s] Level 1:colcon.colcon_core.package_discovery:discover_packages(prefix_path) check parameters
[2.165s] Level 1:colcon.colcon_core.package_discovery:discover_packages(prefix_path) discover
[2.189s] DEBUG:colcon.colcon_installed_package_information.package_discovery:Found 1 installed packages in /home/wheeltec/guali_ws/install
[2.204s] DEBUG:colcon.colcon_installed_package_information.package_discovery:Found 75 installed packages in /home/wheeltec/wheeltec_ros2/install
[2.219s] DEBUG:colcon.colcon_installed_package_information.package_discovery:Found 370 installed packages in /opt/ros/galactic
[2.243s] Level 1:colcon.colcon_core.package_discovery:discover_packages(prefix_path) using defaults
[2.731s] Level 5:colcon.colcon_core.verb:set package 'detectabasura' build argument 'cmake_args' from command line to 'None'
[2.731s] Level 5:colcon.colcon_core.verb:set package 'detectabasura' build argument 'cmake_target' from command line to 'None'
[2.731s] Level 5:colcon.colcon_core.verb:set package 'detectabasura' build argument 'cmake_target_skip_unavailable' from command line to 'False'
[2.731s] Level 5:colcon.colcon_core.verb:set package 'detectabasura' build argument 'cmake_clean_cache' from command line to 'False'
[2.731s] Level 5:colcon.colcon_core.verb:set package 'detectabasura' build argument 'cmake_clean_first' from command line to 'False'
[2.731s] Level 5:colcon.colcon_core.verb:set package 'detectabasura' build argument 'cmake_force_configure' from command line to 'False'
[2.732s] Level 5:colcon.colcon_core.verb:set package 'detectabasura' build argument 'ament_cmake_args' from command line to 'None'
[2.732s] Level 5:colcon.colcon_core.verb:set package 'detectabasura' build argument 'catkin_cmake_args' from command line to 'None'
[2.732s] Level 5:colcon.colcon_core.verb:set package 'detectabasura' build argument 'catkin_skip_building_tests' from command line to 'False'
[2.732s] DEBUG:colcon.colcon_core.verb:Building package 'detectabasura' with the following arguments: {'ament_cmake_args': None, 'build_base': '/home/wheeltec/guali_ws/build/detectabasura', 'catkin_cmake_args': None, 'catkin_skip_building_tests': False, 'cmake_args': None, 'cmake_clean_cache': False, 'cmake_clean_first': False, 'cmake_force_configure': False, 'cmake_target': None, 'cmake_target_skip_unavailable': False, 'install_base': '/home/wheeltec/guali_ws/install/detectabasura', 'merge_install': False, 'path': '/home/wheeltec/guali_ws/detectabasura', 'symlink_install': False, 'test_result_base': None}
[2.734s] INFO:colcon.colcon_core.executor:Executing jobs using 'parallel' executor
[2.744s] DEBUG:colcon.colcon_parallel_executor.executor.parallel:run_until_complete
[2.745s] INFO:colcon.colcon_ros.task.ament_cmake.build:Building ROS package in '/home/wheeltec/guali_ws/detectabasura' with build type 'ament_cmake'
[2.746s] INFO:colcon.colcon_cmake.task.cmake.build:Building CMake package in '/home/wheeltec/guali_ws/detectabasura'
[2.764s] INFO:colcon.colcon_core.plugin_system:Skipping extension 'colcon_core.shell.bat': Not used on non-Windows systems
[2.765s] INFO:colcon.colcon_core.shell:Skip shell extension 'powershell' for command environment: Not usable outside of PowerShell
[2.766s] DEBUG:colcon.colcon_core.shell:Skip shell extension 'dsv' for command environment
[2.850s] DEBUG:colcon.colcon_core.event_handler.log_command:Invoking command in '/home/wheeltec/guali_ws/build/detectabasura': CMAKE_PREFIX_PATH=${CMAKE_PREFIX_PATH}:/home/wheeltec/wheeltec_ros2/install/simple_follower_ros2:/home/wheeltec/wheeltec_ros2/install/wheeltec_robot_keyboard:/home/wheeltec/wheeltec_ros2/install/tf2_tools:/home/wheeltec/wheeltec_ros2/install/nav2_simple_commander:/home/wheeltec/wheeltec_ros2/install/nav2_gazebo_spawner:/home/wheeltec/wheeltec_ros2/install/camera_calibration:/opt/ros/galactic /usr/bin/cmake --build /home/wheeltec/guali_ws/build/detectabasura -- -j4 -l4
[4.342s] DEBUG:colcon.colcon_core.event_handler.log_command:Invoked command in '/home/wheeltec/guali_ws/build/detectabasura' returned '0': CMAKE_PREFIX_PATH=${CMAKE_PREFIX_PATH}:/home/wheeltec/wheeltec_ros2/install/simple_follower_ros2:/home/wheeltec/wheeltec_ros2/install/wheeltec_robot_keyboard:/home/wheeltec/wheeltec_ros2/install/tf2_tools:/home/wheeltec/wheeltec_ros2/install/nav2_simple_commander:/home/wheeltec/wheeltec_ros2/install/nav2_gazebo_spawner:/home/wheeltec/wheeltec_ros2/install/camera_calibration:/opt/ros/galactic /usr/bin/cmake --build /home/wheeltec/guali_ws/build/detectabasura -- -j4 -l4
[4.876s] DEBUG:colcon.colcon_core.event_handler.log_command:Invoking command in '/home/wheeltec/guali_ws/build/detectabasura': CMAKE_PREFIX_PATH=${CMAKE_PREFIX_PATH}:/home/wheeltec/wheeltec_ros2/install/simple_follower_ros2:/home/wheeltec/wheeltec_ros2/install/wheeltec_robot_keyboard:/home/wheeltec/wheeltec_ros2/install/tf2_tools:/home/wheeltec/wheeltec_ros2/install/nav2_simple_commander:/home/wheeltec/wheeltec_ros2/install/nav2_gazebo_spawner:/home/wheeltec/wheeltec_ros2/install/camera_calibration:/opt/ros/galactic /usr/bin/cmake --install /home/wheeltec/guali_ws/build/detectabasura
[5.188s] Level 1:colcon.colcon_core.environment:create_environment_scripts_only(detectabasura)
[5.198s] DEBUG:colcon.colcon_core.event_handler.log_command:Invoked command in '/home/wheeltec/guali_ws/build/detectabasura' returned '0': CMAKE_PREFIX_PATH=${CMAKE_PREFIX_PATH}:/home/wheeltec/wheeltec_ros2/install/simple_follower_ros2:/home/wheeltec/wheeltec_ros2/install/wheeltec_robot_keyboard:/home/wheeltec/wheeltec_ros2/install/tf2_tools:/home/wheeltec/wheeltec_ros2/install/nav2_simple_commander:/home/wheeltec/wheeltec_ros2/install/nav2_gazebo_spawner:/home/wheeltec/wheeltec_ros2/install/camera_calibration:/opt/ros/galactic /usr/bin/cmake --install /home/wheeltec/guali_ws/build/detectabasura
[5.212s] Level 1:colcon.colcon_core.environment:checking '/home/wheeltec/guali_ws/install/detectabasura' for CMake module files
[5.215s] Level 1:colcon.colcon_core.environment:checking '/home/wheeltec/guali_ws/install/detectabasura' for CMake config files
[5.218s] Level 1:colcon.colcon_core.shell:create_environment_hook('detectabasura', 'cmake_prefix_path')
[5.221s] INFO:colcon.colcon_core.shell:Creating environment hook '/home/wheeltec/guali_ws/install/detectabasura/share/detectabasura/hook/cmake_prefix_path.ps1'
[5.224s] INFO:colcon.colcon_core.shell:Creating environment descriptor '/home/wheeltec/guali_ws/install/detectabasura/share/detectabasura/hook/cmake_prefix_path.dsv'
[5.227s] INFO:colcon.colcon_core.shell:Creating environment hook '/home/wheeltec/guali_ws/install/detectabasura/share/detectabasura/hook/cmake_prefix_path.sh'
[5.231s] Level 1:colcon.colcon_core.environment:checking '/home/wheeltec/guali_ws/install/detectabasura/lib'
[5.232s] Level 1:colcon.colcon_core.shell:create_environment_hook('detectabasura', 'ld_library_path_lib')
[5.235s] INFO:colcon.colcon_core.shell:Creating environment hook '/home/wheeltec/guali_ws/install/detectabasura/share/detectabasura/hook/ld_library_path_lib.ps1'
[5.236s] INFO:colcon.colcon_core.shell:Creating environment descriptor '/home/wheeltec/guali_ws/install/detectabasura/share/detectabasura/hook/ld_library_path_lib.dsv'
[5.238s] INFO:colcon.colcon_core.shell:Creating environment hook '/home/wheeltec/guali_ws/install/detectabasura/share/detectabasura/hook/ld_library_path_lib.sh'
[5.240s] Level 1:colcon.colcon_core.environment:checking '/home/wheeltec/guali_ws/install/detectabasura/bin'
[5.240s] Level 1:colcon.colcon_core.environment:checking '/home/wheeltec/guali_ws/install/detectabasura/lib/pkgconfig/detectabasura.pc'
[5.241s] Level 1:colcon.colcon_core.environment:checking '/home/wheeltec/guali_ws/install/detectabasura/lib/python3.8/site-packages'
[5.241s] Level 1:colcon.colcon_core.shell:create_environment_hook('detectabasura', 'pythonpath')
[5.245s] INFO:colcon.colcon_core.shell:Creating environment hook '/home/wheeltec/guali_ws/install/detectabasura/share/detectabasura/hook/pythonpath.ps1'
[5.247s] INFO:colcon.colcon_core.shell:Creating environment descriptor '/home/wheeltec/guali_ws/install/detectabasura/share/detectabasura/hook/pythonpath.dsv'
[5.248s] INFO:colcon.colcon_core.shell:Creating environment hook '/home/wheeltec/guali_ws/install/detectabasura/share/detectabasura/hook/pythonpath.sh'
[5.251s] Level 1:colcon.colcon_core.environment:checking '/home/wheeltec/guali_ws/install/detectabasura/bin'
[5.255s] INFO:colcon.colcon_core.shell:Creating package script '/home/wheeltec/guali_ws/install/detectabasura/share/detectabasura/package.ps1'
[5.260s] INFO:colcon.colcon_core.shell:Creating package descriptor '/home/wheeltec/guali_ws/install/detectabasura/share/detectabasura/package.dsv'
[5.263s] INFO:colcon.colcon_core.shell:Creating package script '/home/wheeltec/guali_ws/install/detectabasura/share/detectabasura/package.sh'
[5.267s] INFO:colcon.colcon_core.shell:Creating package script '/home/wheeltec/guali_ws/install/detectabasura/share/detectabasura/package.bash'
[5.271s] INFO:colcon.colcon_core.shell:Creating package script '/home/wheeltec/guali_ws/install/detectabasura/share/detectabasura/package.zsh'
[5.274s] Level 1:colcon.colcon_core.environment:create_file_with_runtime_dependencies(/home/wheeltec/guali_ws/install/detectabasura/share/colcon-core/packages/detectabasura)
[5.734s] Level 1:colcon.colcon_core.environment:create_environment_scripts_only(detectabasura)
[5.739s] Level 1:colcon.colcon_core.environment:checking '/home/wheeltec/guali_ws/install/detectabasura' for CMake module files
[5.743s] Level 1:colcon.colcon_core.environment:checking '/home/wheeltec/guali_ws/install/detectabasura' for CMake config files
[5.745s] Level 1:colcon.colcon_core.shell:create_environment_hook('detectabasura', 'cmake_prefix_path')
[5.748s] INFO:colcon.colcon_core.shell:Creating environment hook '/home/wheeltec/guali_ws/install/detectabasura/share/detectabasura/hook/cmake_prefix_path.ps1'
[5.750s] INFO:colcon.colcon_core.shell:Creating environment descriptor '/home/wheeltec/guali_ws/install/detectabasura/share/detectabasura/hook/cmake_prefix_path.dsv'
[5.752s] INFO:colcon.colcon_core.shell:Creating environment hook '/home/wheeltec/guali_ws/install/detectabasura/share/detectabasura/hook/cmake_prefix_path.sh'
[5.754s] Level 1:colcon.colcon_core.environment:checking '/home/wheeltec/guali_ws/install/detectabasura/lib'
[5.754s] Level 1:colcon.colcon_core.shell:create_environment_hook('detectabasura', 'ld_library_path_lib')
[5.757s] INFO:colcon.colcon_core.shell:Creating environment hook '/home/wheeltec/guali_ws/install/detectabasura/share/detectabasura/hook/ld_library_path_lib.ps1'
[5.759s] INFO:colcon.colcon_core.shell:Creating environment descriptor '/home/wheeltec/guali_ws/install/detectabasura/share/detectabasura/hook/ld_library_path_lib.dsv'
[5.761s] INFO:colcon.colcon_core.shell:Creating environment hook '/home/wheeltec/guali_ws/install/detectabasura/share/detectabasura/hook/ld_library_path_lib.sh'
[5.762s] Level 1:colcon.colcon_core.environment:checking '/home/wheeltec/guali_ws/install/detectabasura/bin'
[5.762s] Level 1:colcon.colcon_core.environment:checking '/home/wheeltec/guali_ws/install/detectabasura/lib/pkgconfig/detectabasura.pc'
[5.763s] Level 1:colcon.colcon_core.environment:checking '/home/wheeltec/guali_ws/install/detectabasura/lib/python3.8/site-packages'
[5.764s] Level 1:colcon.colcon_core.shell:create_environment_hook('detectabasura', 'pythonpath')
[5.766s] INFO:colcon.colcon_core.shell:Creating environment hook '/home/wheeltec/guali_ws/install/detectabasura/share/detectabasura/hook/pythonpath.ps1'
[5.769s] INFO:colcon.colcon_core.shell:Creating environment descriptor '/home/wheeltec/guali_ws/install/detectabasura/share/detectabasura/hook/pythonpath.dsv'
[5.770s] INFO:colcon.colcon_core.shell:Creating environment hook '/home/wheeltec/guali_ws/install/detectabasura/share/detectabasura/hook/pythonpath.sh'
[5.772s] Level 1:colcon.colcon_core.environment:checking '/home/wheeltec/guali_ws/install/detectabasura/bin'
[5.777s] INFO:colcon.colcon_core.shell:Creating package script '/home/wheeltec/guali_ws/install/detectabasura/share/detectabasura/package.ps1'
[5.779s] INFO:colcon.colcon_core.shell:Creating package descriptor '/home/wheeltec/guali_ws/install/detectabasura/share/detectabasura/package.dsv'
[5.782s] INFO:colcon.colcon_core.shell:Creating package script '/home/wheeltec/guali_ws/install/detectabasura/share/detectabasura/package.sh'
[5.784s] INFO:colcon.colcon_core.shell:Creating package script '/home/wheeltec/guali_ws/install/detectabasura/share/detectabasura/package.bash'
[5.786s] INFO:colcon.colcon_core.shell:Creating package script '/home/wheeltec/guali_ws/install/detectabasura/share/detectabasura/package.zsh'
[5.788s] Level 1:colcon.colcon_core.environment:create_file_with_runtime_dependencies(/home/wheeltec/guali_ws/install/detectabasura/share/colcon-core/packages/detectabasura)
[5.789s] DEBUG:colcon.colcon_parallel_executor.executor.parallel:closing loop
[5.790s] DEBUG:colcon.colcon_parallel_executor.executor.parallel:loop closed
[5.791s] DEBUG:colcon.colcon_parallel_executor.executor.parallel:run_until_complete finished with '0'
[5.791s] DEBUG:colcon.colcon_core.event_reactor:joining thread
[5.821s] INFO:colcon.colcon_core.plugin_system:Skipping extension 'colcon_notification.desktop_notification.terminal_notifier': Not used on non-Darwin systems
[5.822s] INFO:colcon.colcon_core.plugin_system:Skipping extension 'colcon_notification.desktop_notification.win32': Not used on non-Windows systems
[5.822s] INFO:colcon.colcon_notification.desktop_notification:Sending desktop notification using 'notify2'
[5.866s] DEBUG:colcon.colcon_core.event_reactor:joined thread
[5.870s] INFO:colcon.colcon_core.shell:Creating prefix script '/home/wheeltec/guali_ws/install/local_setup.ps1'
[5.874s] INFO:colcon.colcon_core.shell:Creating prefix util module '/home/wheeltec/guali_ws/install/_local_setup_util_ps1.py'
[5.880s] INFO:colcon.colcon_core.shell:Creating prefix chain script '/home/wheeltec/guali_ws/install/setup.ps1'
[5.901s] INFO:colcon.colcon_core.shell:Creating prefix script '/home/wheeltec/guali_ws/install/local_setup.sh'
[5.904s] INFO:colcon.colcon_core.shell:Creating prefix util module '/home/wheeltec/guali_ws/install/_local_setup_util_sh.py'
[5.906s] INFO:colcon.colcon_core.shell:Creating prefix chain script '/home/wheeltec/guali_ws/install/setup.sh'
[5.926s] INFO:colcon.colcon_core.shell:Creating prefix script '/home/wheeltec/guali_ws/install/local_setup.bash'
[5.928s] INFO:colcon.colcon_core.shell:Creating prefix chain script '/home/wheeltec/guali_ws/install/setup.bash'
[5.948s] INFO:colcon.colcon_core.shell:Creating prefix script '/home/wheeltec/guali_ws/install/local_setup.zsh'
[5.951s] INFO:colcon.colcon_core.shell:Creating prefix chain script '/home/wheeltec/guali_ws/install/setup.zsh'
