[2.172s] DEBUG:colcon:Command line arguments: ['/usr/bin/colcon', 'build']
[2.172s] DEBUG:colcon:Parsed command line arguments: Namespace(allow_overriding=[], ament_cmake_args=None, base_paths=['.'], build_base='build', catkin_cmake_args=None, catkin_skip_building_tests=False, cmake_args=None, cmake_clean_cache=False, cmake_clean_first=False, cmake_force_configure=False, cmake_target=None, cmake_target_skip_unavailable=False, continue_on_error=False, event_handlers=None, executor='parallel', ignore_user_meta=False, install_base='install', log_base=None, log_level=None, main=<bound method BuildVerb.main of <colcon_core.verb.build.BuildVerb object at 0x7f7ffe42e0>>, merge_install=False, metas=['./colcon.meta'], packages_above=None, packages_above_and_dependencies=None, packages_above_depth=None, packages_end=None, packages_ignore=None, packages_ignore_regex=None, packages_select=None, packages_select_build_failed=False, packages_select_by_dep=None, packages_select_regex=None, packages_select_test_failures=False, packages_skip=None, packages_skip_build_finished=False, packages_skip_by_dep=None, packages_skip_regex=None, packages_skip_test_passed=False, packages_skip_up_to=None, packages_start=None, packages_up_to=None, packages_up_to_regex=None, parallel_workers=4, paths=None, symlink_install=False, test_result_base=None, verb_extension=<colcon_core.verb.build.BuildVerb object at 0x7f7ffe42e0>, verb_name='build', verb_parser=<colcon_defaults.argument_parser.defaults.DefaultArgumentsDecorator object at 0x7f7ff53e20>)
[3.608s] Level 1:colcon.colcon_core.package_discovery:discover_packages(colcon_meta) check parameters
[3.608s] Level 1:colcon.colcon_core.package_discovery:discover_packages(recursive) check parameters
[3.609s] Level 1:colcon.colcon_core.package_discovery:discover_packages(ignore) check parameters
[3.609s] Level 1:colcon.colcon_core.package_discovery:discover_packages(path) check parameters
[3.609s] Level 1:colcon.colcon_core.package_discovery:discover_packages(colcon_meta) discover
[3.609s] Level 1:colcon.colcon_core.package_discovery:discover_packages(recursive) discover
[3.609s] INFO:colcon.colcon_core.package_discovery:Crawling recursively for packages in '/home/jetson/guali_ws/detectabasura'
[3.610s] Level 1:colcon.colcon_core.package_identification:_identify(.) by extensions ['ignore', 'ignore_ament_install']
[3.610s] Level 1:colcon.colcon_core.package_identification:_identify(.) by extension 'ignore'
[3.611s] Level 1:colcon.colcon_core.package_identification:_identify(.) by extension 'ignore_ament_install'
[3.611s] Level 1:colcon.colcon_core.package_identification:_identify(.) by extensions ['colcon_pkg']
[3.611s] Level 1:colcon.colcon_core.package_identification:_identify(.) by extension 'colcon_pkg'
[3.611s] Level 1:colcon.colcon_core.package_identification:_identify(.) by extensions ['colcon_meta']
[3.611s] Level 1:colcon.colcon_core.package_identification:_identify(.) by extension 'colcon_meta'
[3.611s] Level 1:colcon.colcon_core.package_identification:_identify(.) by extensions ['ros']
[3.612s] Level 1:colcon.colcon_core.package_identification:_identify(.) by extension 'ros'
[3.723s] DEBUG:colcon.colcon_core.package_identification:Package '.' with type 'ros.ament_cmake' and name 'detectabasura'
[3.723s] Level 1:colcon.colcon_core.package_discovery:discover_packages(recursive) using defaults
[3.724s] Level 1:colcon.colcon_core.package_discovery:discover_packages(ignore) discover
[3.724s] Level 1:colcon.colcon_core.package_discovery:discover_packages(ignore) using defaults
[3.724s] Level 1:colcon.colcon_core.package_discovery:discover_packages(path) discover
[3.724s] Level 1:colcon.colcon_core.package_discovery:discover_packages(path) using defaults
[3.835s] Level 1:colcon.colcon_core.package_discovery:discover_packages(prefix_path) check parameters
[3.835s] Level 1:colcon.colcon_core.package_discovery:discover_packages(prefix_path) discover
[3.847s] DEBUG:colcon.colcon_installed_package_information.package_discovery:Found 1 installed packages in /home/jetson/guali_ws/install
[3.857s] DEBUG:colcon.colcon_installed_package_information.package_discovery:Found 256 installed packages in /opt/ros/foxy
[3.865s] Level 1:colcon.colcon_core.package_discovery:discover_packages(prefix_path) using defaults
[4.329s] Level 5:colcon.colcon_core.verb:set package 'detectabasura' build argument 'cmake_args' from command line to 'None'
[4.330s] Level 5:colcon.colcon_core.verb:set package 'detectabasura' build argument 'cmake_target' from command line to 'None'
[4.330s] Level 5:colcon.colcon_core.verb:set package 'detectabasura' build argument 'cmake_target_skip_unavailable' from command line to 'False'
[4.330s] Level 5:colcon.colcon_core.verb:set package 'detectabasura' build argument 'cmake_clean_cache' from command line to 'False'
[4.330s] Level 5:colcon.colcon_core.verb:set package 'detectabasura' build argument 'cmake_clean_first' from command line to 'False'
[4.331s] Level 5:colcon.colcon_core.verb:set package 'detectabasura' build argument 'cmake_force_configure' from command line to 'False'
[4.331s] Level 5:colcon.colcon_core.verb:set package 'detectabasura' build argument 'ament_cmake_args' from command line to 'None'
[4.331s] Level 5:colcon.colcon_core.verb:set package 'detectabasura' build argument 'catkin_cmake_args' from command line to 'None'
[4.331s] Level 5:colcon.colcon_core.verb:set package 'detectabasura' build argument 'catkin_skip_building_tests' from command line to 'False'
[4.331s] DEBUG:colcon.colcon_core.verb:Building package 'detectabasura' with the following arguments: {'ament_cmake_args': None, 'build_base': '/home/jetson/guali_ws/detectabasura/build/detectabasura', 'catkin_cmake_args': None, 'catkin_skip_building_tests': False, 'cmake_args': None, 'cmake_clean_cache': False, 'cmake_clean_first': False, 'cmake_force_configure': False, 'cmake_target': None, 'cmake_target_skip_unavailable': False, 'install_base': '/home/jetson/guali_ws/detectabasura/install/detectabasura', 'merge_install': False, 'path': '/home/jetson/guali_ws/detectabasura', 'symlink_install': False, 'test_result_base': None}
[4.332s] INFO:colcon.colcon_core.executor:Executing jobs using 'parallel' executor
[4.337s] DEBUG:colcon.colcon_parallel_executor.executor.parallel:run_until_complete
[4.338s] INFO:colcon.colcon_ros.task.ament_cmake.build:Building ROS package in '/home/jetson/guali_ws/detectabasura' with build type 'ament_cmake'
[4.338s] INFO:colcon.colcon_cmake.task.cmake.build:Building CMake package in '/home/jetson/guali_ws/detectabasura'
[4.359s] INFO:colcon.colcon_core.plugin_system:Skipping extension 'colcon_core.shell.bat': Not used on non-Windows systems
[4.360s] INFO:colcon.colcon_core.shell:Skip shell extension 'powershell' for command environment: Not usable outside of PowerShell
[4.361s] DEBUG:colcon.colcon_core.shell:Skip shell extension 'dsv' for command environment
[4.425s] DEBUG:colcon.colcon_core.event_handler.log_command:Invoking command in '/home/jetson/guali_ws/detectabasura/build/detectabasura': CMAKE_PREFIX_PATH=${CMAKE_PREFIX_PATH}:/opt/ros/foxy /usr/bin/cmake --build /home/jetson/guali_ws/detectabasura/build/detectabasura -- -j4 -l4
[38.483s] DEBUG:colcon.colcon_core.event_handler.log_command:Invoked command in '/home/jetson/guali_ws/detectabasura/build/detectabasura' returned '0': CMAKE_PREFIX_PATH=${CMAKE_PREFIX_PATH}:/opt/ros/foxy /usr/bin/cmake --build /home/jetson/guali_ws/detectabasura/build/detectabasura -- -j4 -l4
[38.671s] DEBUG:colcon.colcon_core.event_handler.log_command:Invoking command in '/home/jetson/guali_ws/detectabasura/build/detectabasura': CMAKE_PREFIX_PATH=${CMAKE_PREFIX_PATH}:/opt/ros/foxy /usr/bin/cmake --install /home/jetson/guali_ws/detectabasura/build/detectabasura
[38.774s] Level 1:colcon.colcon_core.environment:create_environment_scripts_only(detectabasura)
[38.780s] DEBUG:colcon.colcon_core.event_handler.log_command:Invoked command in '/home/jetson/guali_ws/detectabasura/build/detectabasura' returned '0': CMAKE_PREFIX_PATH=${CMAKE_PREFIX_PATH}:/opt/ros/foxy /usr/bin/cmake --install /home/jetson/guali_ws/detectabasura/build/detectabasura
[38.863s] Level 1:colcon.colcon_core.environment:checking '/home/jetson/guali_ws/detectabasura/install/detectabasura' for CMake module files
[38.867s] Level 1:colcon.colcon_core.environment:checking '/home/jetson/guali_ws/detectabasura/install/detectabasura' for CMake config files
[38.868s] Level 1:colcon.colcon_core.shell:create_environment_hook('detectabasura', 'cmake_prefix_path')
[38.874s] INFO:colcon.colcon_core.shell:Creating environment hook '/home/jetson/guali_ws/detectabasura/install/detectabasura/share/detectabasura/hook/cmake_prefix_path.ps1'
[38.883s] INFO:colcon.colcon_core.shell:Creating environment descriptor '/home/jetson/guali_ws/detectabasura/install/detectabasura/share/detectabasura/hook/cmake_prefix_path.dsv'
[38.888s] INFO:colcon.colcon_core.shell:Creating environment hook '/home/jetson/guali_ws/detectabasura/install/detectabasura/share/detectabasura/hook/cmake_prefix_path.sh'
[38.905s] Level 1:colcon.colcon_core.environment:checking '/home/jetson/guali_ws/detectabasura/install/detectabasura/lib'
[38.906s] Level 1:colcon.colcon_core.environment:checking '/home/jetson/guali_ws/detectabasura/install/detectabasura/bin'
[38.907s] Level 1:colcon.colcon_core.environment:checking '/home/jetson/guali_ws/detectabasura/install/detectabasura/lib/pkgconfig/detectabasura.pc'
[38.908s] Level 1:colcon.colcon_core.environment:checking '/home/jetson/guali_ws/detectabasura/install/detectabasura/lib/python3.8/site-packages'
[38.909s] Level 1:colcon.colcon_core.environment:checking '/home/jetson/guali_ws/detectabasura/install/detectabasura/bin'
[38.911s] INFO:colcon.colcon_core.shell:Creating package script '/home/jetson/guali_ws/detectabasura/install/detectabasura/share/detectabasura/package.ps1'
[38.918s] INFO:colcon.colcon_core.shell:Creating package descriptor '/home/jetson/guali_ws/detectabasura/install/detectabasura/share/detectabasura/package.dsv'
[38.922s] INFO:colcon.colcon_core.shell:Creating package script '/home/jetson/guali_ws/detectabasura/install/detectabasura/share/detectabasura/package.sh'
[38.927s] INFO:colcon.colcon_core.shell:Creating package script '/home/jetson/guali_ws/detectabasura/install/detectabasura/share/detectabasura/package.bash'
[38.932s] INFO:colcon.colcon_core.shell:Creating package script '/home/jetson/guali_ws/detectabasura/install/detectabasura/share/detectabasura/package.zsh'
[38.937s] Level 1:colcon.colcon_core.environment:create_file_with_runtime_dependencies(/home/jetson/guali_ws/detectabasura/install/detectabasura/share/colcon-core/packages/detectabasura)
[39.091s] Level 1:colcon.colcon_core.environment:create_environment_scripts_only(detectabasura)
[39.093s] Level 1:colcon.colcon_core.environment:checking '/home/jetson/guali_ws/detectabasura/install/detectabasura' for CMake module files
[39.095s] Level 1:colcon.colcon_core.environment:checking '/home/jetson/guali_ws/detectabasura/install/detectabasura' for CMake config files
[39.097s] Level 1:colcon.colcon_core.shell:create_environment_hook('detectabasura', 'cmake_prefix_path')
[39.100s] INFO:colcon.colcon_core.shell:Creating environment hook '/home/jetson/guali_ws/detectabasura/install/detectabasura/share/detectabasura/hook/cmake_prefix_path.ps1'
[39.113s] INFO:colcon.colcon_core.shell:Creating environment descriptor '/home/jetson/guali_ws/detectabasura/install/detectabasura/share/detectabasura/hook/cmake_prefix_path.dsv'
[39.121s] INFO:colcon.colcon_core.shell:Creating environment hook '/home/jetson/guali_ws/detectabasura/install/detectabasura/share/detectabasura/hook/cmake_prefix_path.sh'
[39.125s] Level 1:colcon.colcon_core.environment:checking '/home/jetson/guali_ws/detectabasura/install/detectabasura/lib'
[39.125s] Level 1:colcon.colcon_core.environment:checking '/home/jetson/guali_ws/detectabasura/install/detectabasura/bin'
[39.126s] Level 1:colcon.colcon_core.environment:checking '/home/jetson/guali_ws/detectabasura/install/detectabasura/lib/pkgconfig/detectabasura.pc'
[39.128s] Level 1:colcon.colcon_core.environment:checking '/home/jetson/guali_ws/detectabasura/install/detectabasura/lib/python3.8/site-packages'
[39.129s] Level 1:colcon.colcon_core.environment:checking '/home/jetson/guali_ws/detectabasura/install/detectabasura/bin'
[39.130s] INFO:colcon.colcon_core.shell:Creating package script '/home/jetson/guali_ws/detectabasura/install/detectabasura/share/detectabasura/package.ps1'
[39.135s] INFO:colcon.colcon_core.shell:Creating package descriptor '/home/jetson/guali_ws/detectabasura/install/detectabasura/share/detectabasura/package.dsv'
[39.139s] INFO:colcon.colcon_core.shell:Creating package script '/home/jetson/guali_ws/detectabasura/install/detectabasura/share/detectabasura/package.sh'
[39.146s] INFO:colcon.colcon_core.shell:Creating package script '/home/jetson/guali_ws/detectabasura/install/detectabasura/share/detectabasura/package.bash'
[39.150s] INFO:colcon.colcon_core.shell:Creating package script '/home/jetson/guali_ws/detectabasura/install/detectabasura/share/detectabasura/package.zsh'
[39.153s] Level 1:colcon.colcon_core.environment:create_file_with_runtime_dependencies(/home/jetson/guali_ws/detectabasura/install/detectabasura/share/colcon-core/packages/detectabasura)
[39.163s] DEBUG:colcon.colcon_parallel_executor.executor.parallel:closing loop
[39.164s] DEBUG:colcon.colcon_parallel_executor.executor.parallel:loop closed
[39.165s] DEBUG:colcon.colcon_parallel_executor.executor.parallel:run_until_complete finished with '0'
[39.166s] DEBUG:colcon.colcon_core.event_reactor:joining thread
[39.250s] INFO:colcon.colcon_core.plugin_system:Skipping extension 'colcon_notification.desktop_notification.terminal_notifier': Not used on non-Darwin systems
[39.251s] INFO:colcon.colcon_core.plugin_system:Skipping extension 'colcon_notification.desktop_notification.win32': Not used on non-Windows systems
[39.252s] INFO:colcon.colcon_notification.desktop_notification:Sending desktop notification using 'notify2'
[39.755s] DEBUG:colcon.colcon_core.event_reactor:joined thread
[39.756s] INFO:colcon.colcon_core.shell:Creating prefix script '/home/jetson/guali_ws/detectabasura/install/local_setup.ps1'
[39.768s] INFO:colcon.colcon_core.shell:Creating prefix util module '/home/jetson/guali_ws/detectabasura/install/_local_setup_util_ps1.py'
[39.775s] INFO:colcon.colcon_core.shell:Creating prefix chain script '/home/jetson/guali_ws/detectabasura/install/setup.ps1'
[39.784s] INFO:colcon.colcon_core.shell:Creating prefix script '/home/jetson/guali_ws/detectabasura/install/local_setup.sh'
[39.788s] INFO:colcon.colcon_core.shell:Creating prefix util module '/home/jetson/guali_ws/detectabasura/install/_local_setup_util_sh.py'
[39.790s] INFO:colcon.colcon_core.shell:Creating prefix chain script '/home/jetson/guali_ws/detectabasura/install/setup.sh'
[39.797s] INFO:colcon.colcon_core.shell:Creating prefix script '/home/jetson/guali_ws/detectabasura/install/local_setup.bash'
[39.800s] INFO:colcon.colcon_core.shell:Creating prefix chain script '/home/jetson/guali_ws/detectabasura/install/setup.bash'
[39.805s] INFO:colcon.colcon_core.shell:Creating prefix script '/home/jetson/guali_ws/detectabasura/install/local_setup.zsh'
[39.808s] INFO:colcon.colcon_core.shell:Creating prefix chain script '/home/jetson/guali_ws/detectabasura/install/setup.zsh'
