[1.767s] DEBUG:colcon:Command line arguments: ['/usr/bin/colcon', 'build']
[1.767s] DEBUG:colcon:Parsed command line arguments: Namespace(allow_overriding=[], ament_cmake_args=None, base_paths=['.'], build_base='build', catkin_cmake_args=None, catkin_skip_building_tests=False, cmake_args=None, cmake_clean_cache=False, cmake_clean_first=False, cmake_force_configure=False, cmake_target=None, cmake_target_skip_unavailable=False, continue_on_error=False, event_handlers=None, executor='parallel', ignore_user_meta=False, install_base='install', log_base=None, log_level=None, main=<bound method BuildVerb.main of <colcon_core.verb.build.BuildVerb object at 0x7fa7914310>>, merge_install=False, metas=['./colcon.meta'], packages_above=None, packages_above_and_dependencies=None, packages_above_depth=None, packages_end=None, packages_ignore=None, packages_ignore_regex=None, packages_select=None, packages_select_build_failed=False, packages_select_by_dep=None, packages_select_regex=None, packages_select_test_failures=False, packages_skip=None, packages_skip_build_finished=False, packages_skip_by_dep=None, packages_skip_regex=None, packages_skip_test_passed=False, packages_skip_up_to=None, packages_start=None, packages_up_to=None, packages_up_to_regex=None, parallel_workers=4, paths=None, symlink_install=False, test_result_base=None, verb_extension=<colcon_core.verb.build.BuildVerb object at 0x7fa7914310>, verb_name='build', verb_parser=<colcon_defaults.argument_parser.defaults.DefaultArgumentsDecorator object at 0x7fa7914850>)
[1.767s] DEBUG:colcon:Command line arguments: ['/usr/bin/colcon', 'build']
[1.768s] DEBUG:colcon:Parsed command line arguments: Namespace(allow_overriding=[], ament_cmake_args=None, base_paths=['.'], build_base='build', catkin_cmake_args=None, catkin_skip_building_tests=False, cmake_args=None, cmake_clean_cache=False, cmake_clean_first=False, cmake_force_configure=False, cmake_target=None, cmake_target_skip_unavailable=False, continue_on_error=False, event_handlers=None, executor='parallel', ignore_user_meta=False, install_base='install', log_base=None, log_level=None, main=<bound method BuildVerb.main of <colcon_core.verb.build.BuildVerb object at 0x7f8672b250>>, merge_install=False, metas=['./colcon.meta'], packages_above=None, packages_above_and_dependencies=None, packages_above_depth=None, packages_end=None, packages_ignore=None, packages_ignore_regex=None, packages_select=None, packages_select_build_failed=False, packages_select_by_dep=None, packages_select_regex=None, packages_select_test_failures=False, packages_skip=None, packages_skip_build_finished=False, packages_skip_by_dep=None, packages_skip_regex=None, packages_skip_test_passed=False, packages_skip_up_to=None, packages_start=None, packages_up_to=None, packages_up_to_regex=None, parallel_workers=4, paths=None, symlink_install=False, test_result_base=None, verb_extension=<colcon_core.verb.build.BuildVerb object at 0x7f8672b250>, verb_name='build', verb_parser=<colcon_defaults.argument_parser.defaults.DefaultArgumentsDecorator object at 0x7f8672b790>)
[1.924s] Level 1:colcon.colcon_core.package_discovery:discover_packages(colcon_meta) check parameters
[1.924s] Level 1:colcon.colcon_core.package_discovery:discover_packages(recursive) check parameters
[1.924s] Level 1:colcon.colcon_core.package_discovery:discover_packages(ignore) check parameters
[1.925s] Level 1:colcon.colcon_core.package_discovery:discover_packages(path) check parameters
[1.925s] Level 1:colcon.colcon_core.package_discovery:discover_packages(colcon_meta) discover
[1.925s] Level 1:colcon.colcon_core.package_discovery:discover_packages(recursive) discover
[1.925s] INFO:colcon.colcon_core.package_discovery:Crawling recursively for packages in '/home/jetson/guali_ws'
[1.926s] Level 1:colcon.colcon_core.package_identification:_identify(.) by extensions ['ignore', 'ignore_ament_install']
[1.926s] Level 1:colcon.colcon_core.package_identification:_identify(.) by extension 'ignore'
[1.926s] Level 1:colcon.colcon_core.package_identification:_identify(.) by extension 'ignore_ament_install'
[1.927s] Level 1:colcon.colcon_core.package_identification:_identify(.) by extensions ['colcon_pkg']
[1.927s] Level 1:colcon.colcon_core.package_identification:_identify(.) by extension 'colcon_pkg'
[1.927s] Level 1:colcon.colcon_core.package_identification:_identify(.) by extensions ['colcon_meta']
[1.928s] Level 1:colcon.colcon_core.package_identification:_identify(.) by extension 'colcon_meta'
[1.928s] Level 1:colcon.colcon_core.package_identification:_identify(.) by extensions ['ros']
[1.928s] Level 1:colcon.colcon_core.package_identification:_identify(.) by extension 'ros'
[1.920s] Level 1:colcon.colcon_core.package_discovery:discover_packages(colcon_meta) check parameters
[1.920s] Level 1:colcon.colcon_core.package_discovery:discover_packages(recursive) check parameters
[1.921s] Level 1:colcon.colcon_core.package_discovery:discover_packages(ignore) check parameters
[1.921s] Level 1:colcon.colcon_core.package_discovery:discover_packages(path) check parameters
[1.921s] Level 1:colcon.colcon_core.package_discovery:discover_packages(colcon_meta) discover
[1.921s] Level 1:colcon.colcon_core.package_discovery:discover_packages(recursive) discover
[1.921s] INFO:colcon.colcon_core.package_discovery:Crawling recursively for packages in '/home/jetson/guali_ws'
[1.922s] Level 1:colcon.colcon_core.package_identification:_identify(.) by extensions ['ignore', 'ignore_ament_install']
[1.922s] Level 1:colcon.colcon_core.package_identification:_identify(.) by extension 'ignore'
[1.922s] Level 1:colcon.colcon_core.package_identification:_identify(.) by extension 'ignore_ament_install'
[1.923s] Level 1:colcon.colcon_core.package_identification:_identify(.) by extensions ['colcon_pkg']
[1.923s] Level 1:colcon.colcon_core.package_identification:_identify(.) by extension 'colcon_pkg'
[1.923s] Level 1:colcon.colcon_core.package_identification:_identify(.) by extensions ['colcon_meta']
[1.923s] Level 1:colcon.colcon_core.package_identification:_identify(.) by extension 'colcon_meta'
[1.923s] Level 1:colcon.colcon_core.package_identification:_identify(.) by extensions ['ros']
[1.924s] Level 1:colcon.colcon_core.package_identification:_identify(.) by extension 'ros'
[1.980s] Level 1:colcon.colcon_core.package_identification:_identify(.) by extensions ['cmake', 'python']
[1.980s] Level 1:colcon.colcon_core.package_identification:_identify(.) by extension 'cmake'
[1.980s] Level 1:colcon.colcon_core.package_identification:_identify(.) by extension 'python'
[1.981s] Level 1:colcon.colcon_core.package_identification:_identify(.) by extensions ['python_setup_py']
[1.981s] Level 1:colcon.colcon_core.package_identification:_identify(.) by extension 'python_setup_py'
[1.981s] Level 1:colcon.colcon_core.package_identification:_identify(build) by extensions ['ignore', 'ignore_ament_install']
[1.982s] Level 1:colcon.colcon_core.package_identification:_identify(build) by extension 'ignore'
[1.982s] Level 1:colcon.colcon_core.package_identification:_identify(build) ignored
[1.983s] Level 1:colcon.colcon_core.package_identification:_identify(camera_parameters_cli) by extensions ['ignore', 'ignore_ament_install']
[1.983s] Level 1:colcon.colcon_core.package_identification:_identify(camera_parameters_cli) by extension 'ignore'
[1.984s] Level 1:colcon.colcon_core.package_identification:_identify(camera_parameters_cli) by extension 'ignore_ament_install'
[1.984s] Level 1:colcon.colcon_core.package_identification:_identify(camera_parameters_cli) by extensions ['colcon_pkg']
[1.984s] Level 1:colcon.colcon_core.package_identification:_identify(camera_parameters_cli) by extension 'colcon_pkg'
[1.984s] Level 1:colcon.colcon_core.package_identification:_identify(camera_parameters_cli) by extensions ['colcon_meta']
[1.984s] Level 1:colcon.colcon_core.package_identification:_identify(camera_parameters_cli) by extension 'colcon_meta'
[1.985s] Level 1:colcon.colcon_core.package_identification:_identify(camera_parameters_cli) by extensions ['ros']
[1.985s] Level 1:colcon.colcon_core.package_identification:_identify(camera_parameters_cli) by extension 'ros'
[1.985s] Level 1:colcon.colcon_core.package_identification:_identify(camera_parameters_cli) by extensions ['cmake', 'python']
[1.985s] Level 1:colcon.colcon_core.package_identification:_identify(camera_parameters_cli) by extension 'cmake'
[1.986s] Level 1:colcon.colcon_core.package_identification:_identify(camera_parameters_cli) by extension 'python'
[1.986s] Level 1:colcon.colcon_core.package_identification:_identify(camera_parameters_cli) by extensions ['python_setup_py']
[1.986s] Level 1:colcon.colcon_core.package_identification:_identify(camera_parameters_cli) by extension 'python_setup_py'
[1.986s] Level 1:colcon.colcon_core.package_identification:_identify(camera_parameters_usb) by extensions ['ignore', 'ignore_ament_install']
[1.987s] Level 1:colcon.colcon_core.package_identification:_identify(camera_parameters_usb) by extension 'ignore'
[1.987s] Level 1:colcon.colcon_core.package_identification:_identify(camera_parameters_usb) by extension 'ignore_ament_install'
[1.987s] Level 1:colcon.colcon_core.package_identification:_identify(camera_parameters_usb) by extensions ['colcon_pkg']
[1.988s] Level 1:colcon.colcon_core.package_identification:_identify(camera_parameters_usb) by extension 'colcon_pkg'
[1.988s] Level 1:colcon.colcon_core.package_identification:_identify(camera_parameters_usb) by extensions ['colcon_meta']
[1.988s] Level 1:colcon.colcon_core.package_identification:_identify(camera_parameters_usb) by extension 'colcon_meta'
[1.988s] Level 1:colcon.colcon_core.package_identification:_identify(camera_parameters_usb) by extensions ['ros']
[1.989s] Level 1:colcon.colcon_core.package_identification:_identify(camera_parameters_usb) by extension 'ros'
[1.989s] Level 1:colcon.colcon_core.package_identification:_identify(camera_parameters_usb) by extensions ['cmake', 'python']
[1.989s] Level 1:colcon.colcon_core.package_identification:_identify(camera_parameters_usb) by extension 'cmake'
[1.989s] Level 1:colcon.colcon_core.package_identification:_identify(camera_parameters_usb) by extension 'python'
[1.990s] Level 1:colcon.colcon_core.package_identification:_identify(camera_parameters_usb) by extensions ['python_setup_py']
[1.990s] Level 1:colcon.colcon_core.package_identification:_identify(camera_parameters_usb) by extension 'python_setup_py'
[1.990s] Level 1:colcon.colcon_core.package_identification:_identify(detectabasura) by extensions ['ignore', 'ignore_ament_install']
[1.991s] Level 1:colcon.colcon_core.package_identification:_identify(detectabasura) by extension 'ignore'
[1.991s] Level 1:colcon.colcon_core.package_identification:_identify(detectabasura) by extension 'ignore_ament_install'
[1.991s] Level 1:colcon.colcon_core.package_identification:_identify(detectabasura) by extensions ['colcon_pkg']
[1.992s] Level 1:colcon.colcon_core.package_identification:_identify(detectabasura) by extension 'colcon_pkg'
[1.992s] Level 1:colcon.colcon_core.package_identification:_identify(detectabasura) by extensions ['colcon_meta']
[1.992s] Level 1:colcon.colcon_core.package_identification:_identify(detectabasura) by extension 'colcon_meta'
[1.992s] Level 1:colcon.colcon_core.package_identification:_identify(detectabasura) by extensions ['ros']
[1.992s] Level 1:colcon.colcon_core.package_identification:_identify(detectabasura) by extension 'ros'
[2.003s] DEBUG:colcon.colcon_core.package_identification:Package 'detectabasura' with type 'ros.ament_cmake' and name 'detectabasura'
[2.004s] Level 1:colcon.colcon_core.package_identification:_identify(install) by extensions ['ignore', 'ignore_ament_install']
[2.004s] Level 1:colcon.colcon_core.package_identification:_identify(install) by extension 'ignore'
[2.005s] Level 1:colcon.colcon_core.package_identification:_identify(install) ignored
[2.006s] Level 1:colcon.colcon_core.package_identification:_identify(log) by extensions ['ignore', 'ignore_ament_install']
[2.007s] Level 1:colcon.colcon_core.package_identification:_identify(log) by extension 'ignore'
[2.007s] Level 1:colcon.colcon_core.package_identification:_identify(log) ignored
[2.007s] Level 1:colcon.colcon_core.package_identification:_identify(nodeMCU) by extensions ['ignore', 'ignore_ament_install']
[2.008s] Level 1:colcon.colcon_core.package_identification:_identify(nodeMCU) by extension 'ignore'
[2.008s] Level 1:colcon.colcon_core.package_identification:_identify(nodeMCU) by extension 'ignore_ament_install'
[2.008s] Level 1:colcon.colcon_core.package_identification:_identify(nodeMCU) by extensions ['colcon_pkg']
[2.008s] Level 1:colcon.colcon_core.package_identification:_identify(nodeMCU) by extension 'colcon_pkg'
[2.008s] Level 1:colcon.colcon_core.package_identification:_identify(nodeMCU) by extensions ['colcon_meta']
[2.009s] Level 1:colcon.colcon_core.package_identification:_identify(nodeMCU) by extension 'colcon_meta'
[2.009s] Level 1:colcon.colcon_core.package_identification:_identify(nodeMCU) by extensions ['ros']
[2.009s] Level 1:colcon.colcon_core.package_identification:_identify(nodeMCU) by extension 'ros'
[2.009s] Level 1:colcon.colcon_core.package_identification:_identify(nodeMCU) by extensions ['cmake', 'python']
[2.010s] Level 1:colcon.colcon_core.package_identification:_identify(nodeMCU) by extension 'cmake'
[2.010s] Level 1:colcon.colcon_core.package_identification:_identify(nodeMCU) by extension 'python'
[2.010s] Level 1:colcon.colcon_core.package_identification:_identify(nodeMCU) by extensions ['python_setup_py']
[2.010s] Level 1:colcon.colcon_core.package_identification:_identify(nodeMCU) by extension 'python_setup_py'
[2.011s] Level 1:colcon.colcon_core.package_identification:_identify(nodeMCU/global1) by extensions ['ignore', 'ignore_ament_install']
[2.011s] Level 1:colcon.colcon_core.package_identification:_identify(nodeMCU/global1) by extension 'ignore'
[2.011s] Level 1:colcon.colcon_core.package_identification:_identify(nodeMCU/global1) by extension 'ignore_ament_install'
[2.011s] Level 1:colcon.colcon_core.package_identification:_identify(nodeMCU/global1) by extensions ['colcon_pkg']
[2.012s] Level 1:colcon.colcon_core.package_identification:_identify(nodeMCU/global1) by extension 'colcon_pkg'
[2.012s] Level 1:colcon.colcon_core.package_identification:_identify(nodeMCU/global1) by extensions ['colcon_meta']
[2.012s] Level 1:colcon.colcon_core.package_identification:_identify(nodeMCU/global1) by extension 'colcon_meta'
[2.012s] Level 1:colcon.colcon_core.package_identification:_identify(nodeMCU/global1) by extensions ['ros']
[2.012s] Level 1:colcon.colcon_core.package_identification:_identify(nodeMCU/global1) by extension 'ros'
[2.013s] Level 1:colcon.colcon_core.package_identification:_identify(nodeMCU/global1) by extensions ['cmake', 'python']
[2.013s] Level 1:colcon.colcon_core.package_identification:_identify(nodeMCU/global1) by extension 'cmake'
[2.013s] Level 1:colcon.colcon_core.package_identification:_identify(nodeMCU/global1) by extension 'python'
[2.013s] Level 1:colcon.colcon_core.package_identification:_identify(nodeMCU/global1) by extensions ['python_setup_py']
[2.013s] Level 1:colcon.colcon_core.package_identification:_identify(nodeMCU/global1) by extension 'python_setup_py'
[2.014s] Level 1:colcon.colcon_core.package_identification:_identify(nodeMCU/global2) by extensions ['ignore', 'ignore_ament_install']
[2.014s] Level 1:colcon.colcon_core.package_identification:_identify(nodeMCU/global2) by extension 'ignore'
[2.014s] Level 1:colcon.colcon_core.package_identification:_identify(nodeMCU/global2) by extension 'ignore_ament_install'
[2.015s] Level 1:colcon.colcon_core.package_identification:_identify(nodeMCU/global2) by extensions ['colcon_pkg']
[2.015s] Level 1:colcon.colcon_core.package_identification:_identify(nodeMCU/global2) by extension 'colcon_pkg'
[2.015s] Level 1:colcon.colcon_core.package_identification:_identify(nodeMCU/global2) by extensions ['colcon_meta']
[2.015s] Level 1:colcon.colcon_core.package_identification:_identify(nodeMCU/global2) by extension 'colcon_meta'
[2.015s] Level 1:colcon.colcon_core.package_identification:_identify(nodeMCU/global2) by extensions ['ros']
[2.016s] Level 1:colcon.colcon_core.package_identification:_identify(nodeMCU/global2) by extension 'ros'
[2.016s] Level 1:colcon.colcon_core.package_identification:_identify(nodeMCU/global2) by extensions ['cmake', 'python']
[2.016s] Level 1:colcon.colcon_core.package_identification:_identify(nodeMCU/global2) by extension 'cmake'
[2.016s] Level 1:colcon.colcon_core.package_identification:_identify(nodeMCU/global2) by extension 'python'
[2.016s] Level 1:colcon.colcon_core.package_identification:_identify(nodeMCU/global2) by extensions ['python_setup_py']
[2.017s] Level 1:colcon.colcon_core.package_identification:_identify(nodeMCU/global2) by extension 'python_setup_py'
[2.017s] Level 1:colcon.colcon_core.package_identification:_identify(nodeMCU/serialReciveArduino) by extensions ['ignore', 'ignore_ament_install']
[2.017s] Level 1:colcon.colcon_core.package_identification:_identify(nodeMCU/serialReciveArduino) by extension 'ignore'
[2.018s] Level 1:colcon.colcon_core.package_identification:_identify(nodeMCU/serialReciveArduino) by extension 'ignore_ament_install'
[2.018s] Level 1:colcon.colcon_core.package_identification:_identify(nodeMCU/serialReciveArduino) by extensions ['colcon_pkg']
[2.018s] Level 1:colcon.colcon_core.package_identification:_identify(nodeMCU/serialReciveArduino) by extension 'colcon_pkg'
[2.018s] Level 1:colcon.colcon_core.package_identification:_identify(nodeMCU/serialReciveArduino) by extensions ['colcon_meta']
[2.018s] Level 1:colcon.colcon_core.package_identification:_identify(nodeMCU/serialReciveArduino) by extension 'colcon_meta'
[2.019s] Level 1:colcon.colcon_core.package_identification:_identify(nodeMCU/serialReciveArduino) by extensions ['ros']
[2.019s] Level 1:colcon.colcon_core.package_identification:_identify(nodeMCU/serialReciveArduino) by extension 'ros'
[2.019s] Level 1:colcon.colcon_core.package_identification:_identify(nodeMCU/serialReciveArduino) by extensions ['cmake', 'python']
[2.019s] Level 1:colcon.colcon_core.package_identification:_identify(nodeMCU/serialReciveArduino) by extension 'cmake'
[2.020s] Level 1:colcon.colcon_core.package_identification:_identify(nodeMCU/serialReciveArduino) by extension 'python'
[2.020s] Level 1:colcon.colcon_core.package_identification:_identify(nodeMCU/serialReciveArduino) by extensions ['python_setup_py']
[2.020s] Level 1:colcon.colcon_core.package_identification:_identify(nodeMCU/serialReciveArduino) by extension 'python_setup_py'
[2.020s] Level 1:colcon.colcon_core.package_identification:_identify(nodeMCU/servotest) by extensions ['ignore', 'ignore_ament_install']
[2.021s] Level 1:colcon.colcon_core.package_identification:_identify(nodeMCU/servotest) by extension 'ignore'
[2.021s] Level 1:colcon.colcon_core.package_identification:_identify(nodeMCU/servotest) by extension 'ignore_ament_install'
[2.021s] Level 1:colcon.colcon_core.package_identification:_identify(nodeMCU/servotest) by extensions ['colcon_pkg']
[2.021s] Level 1:colcon.colcon_core.package_identification:_identify(nodeMCU/servotest) by extension 'colcon_pkg'
[2.021s] Level 1:colcon.colcon_core.package_identification:_identify(nodeMCU/servotest) by extensions ['colcon_meta']
[2.021s] Level 1:colcon.colcon_core.package_identification:_identify(nodeMCU/servotest) by extension 'colcon_meta'
[2.022s] Level 1:colcon.colcon_core.package_identification:_identify(nodeMCU/servotest) by extensions ['ros']
[2.022s] Level 1:colcon.colcon_core.package_identification:_identify(nodeMCU/servotest) by extension 'ros'
[2.022s] Level 1:colcon.colcon_core.package_identification:_identify(nodeMCU/servotest) by extensions ['cmake', 'python']
[2.022s] Level 1:colcon.colcon_core.package_identification:_identify(nodeMCU/servotest) by extension 'cmake'
[2.023s] Level 1:colcon.colcon_core.package_identification:_identify(nodeMCU/servotest) by extension 'python'
[2.023s] Level 1:colcon.colcon_core.package_identification:_identify(nodeMCU/servotest) by extensions ['python_setup_py']
[2.023s] Level 1:colcon.colcon_core.package_identification:_identify(nodeMCU/servotest) by extension 'python_setup_py'
[2.023s] Level 1:colcon.colcon_core.package_identification:_identify(nodeMCU/trhead_test1) by extensions ['ignore', 'ignore_ament_install']
[2.024s] Level 1:colcon.colcon_core.package_identification:_identify(nodeMCU/trhead_test1) by extension 'ignore'
[2.024s] Level 1:colcon.colcon_core.package_identification:_identify(nodeMCU/trhead_test1) by extension 'ignore_ament_install'
[2.024s] Level 1:colcon.colcon_core.package_identification:_identify(nodeMCU/trhead_test1) by extensions ['colcon_pkg']
[2.024s] Level 1:colcon.colcon_core.package_identification:_identify(nodeMCU/trhead_test1) by extension 'colcon_pkg'
[2.024s] Level 1:colcon.colcon_core.package_identification:_identify(nodeMCU/trhead_test1) by extensions ['colcon_meta']
[2.025s] Level 1:colcon.colcon_core.package_identification:_identify(nodeMCU/trhead_test1) by extension 'colcon_meta'
[2.025s] Level 1:colcon.colcon_core.package_identification:_identify(nodeMCU/trhead_test1) by extensions ['ros']
[2.025s] Level 1:colcon.colcon_core.package_identification:_identify(nodeMCU/trhead_test1) by extension 'ros'
[2.025s] Level 1:colcon.colcon_core.package_identification:_identify(nodeMCU/trhead_test1) by extensions ['cmake', 'python']
[2.025s] Level 1:colcon.colcon_core.package_identification:_identify(nodeMCU/trhead_test1) by extension 'cmake'
[2.026s] Level 1:colcon.colcon_core.package_identification:_identify(nodeMCU/trhead_test1) by extension 'python'
[2.026s] Level 1:colcon.colcon_core.package_identification:_identify(nodeMCU/trhead_test1) by extensions ['python_setup_py']
[2.026s] Level 1:colcon.colcon_core.package_identification:_identify(nodeMCU/trhead_test1) by extension 'python_setup_py'
[2.026s] Level 1:colcon.colcon_core.package_discovery:discover_packages(recursive) using defaults
[2.026s] Level 1:colcon.colcon_core.package_discovery:discover_packages(ignore) discover
[2.027s] Level 1:colcon.colcon_core.package_discovery:discover_packages(ignore) using defaults
[2.027s] Level 1:colcon.colcon_core.package_discovery:discover_packages(path) discover
[2.027s] Level 1:colcon.colcon_core.package_discovery:discover_packages(path) using defaults
[1.974s] Level 1:colcon.colcon_core.package_identification:_identify(.) by extensions ['cmake', 'python']
[1.974s] Level 1:colcon.colcon_core.package_identification:_identify(.) by extension 'cmake'
[1.974s] Level 1:colcon.colcon_core.package_identification:_identify(.) by extension 'python'
[1.974s] Level 1:colcon.colcon_core.package_identification:_identify(.) by extensions ['python_setup_py']
[1.974s] Level 1:colcon.colcon_core.package_identification:_identify(.) by extension 'python_setup_py'
[1.975s] Level 1:colcon.colcon_core.package_identification:_identify(build) by extensions ['ignore', 'ignore_ament_install']
[1.975s] Level 1:colcon.colcon_core.package_identification:_identify(build) by extension 'ignore'
[1.976s] Level 1:colcon.colcon_core.package_identification:_identify(build) ignored
[1.977s] Level 1:colcon.colcon_core.package_identification:_identify(camera_parameters_cli) by extensions ['ignore', 'ignore_ament_install']
[1.977s] Level 1:colcon.colcon_core.package_identification:_identify(camera_parameters_cli) by extension 'ignore'
[1.977s] Level 1:colcon.colcon_core.package_identification:_identify(camera_parameters_cli) by extension 'ignore_ament_install'
[1.977s] Level 1:colcon.colcon_core.package_identification:_identify(camera_parameters_cli) by extensions ['colcon_pkg']
[1.978s] Level 1:colcon.colcon_core.package_identification:_identify(camera_parameters_cli) by extension 'colcon_pkg'
[1.978s] Level 1:colcon.colcon_core.package_identification:_identify(camera_parameters_cli) by extensions ['colcon_meta']
[1.978s] Level 1:colcon.colcon_core.package_identification:_identify(camera_parameters_cli) by extension 'colcon_meta'
[1.978s] Level 1:colcon.colcon_core.package_identification:_identify(camera_parameters_cli) by extensions ['ros']
[1.978s] Level 1:colcon.colcon_core.package_identification:_identify(camera_parameters_cli) by extension 'ros'
[1.979s] Level 1:colcon.colcon_core.package_identification:_identify(camera_parameters_cli) by extensions ['cmake', 'python']
[1.979s] Level 1:colcon.colcon_core.package_identification:_identify(camera_parameters_cli) by extension 'cmake'
[1.979s] Level 1:colcon.colcon_core.package_identification:_identify(camera_parameters_cli) by extension 'python'
[1.979s] Level 1:colcon.colcon_core.package_identification:_identify(camera_parameters_cli) by extensions ['python_setup_py']
[1.979s] Level 1:colcon.colcon_core.package_identification:_identify(camera_parameters_cli) by extension 'python_setup_py'
[1.980s] Level 1:colcon.colcon_core.package_identification:_identify(camera_parameters_usb) by extensions ['ignore', 'ignore_ament_install']
[1.980s] Level 1:colcon.colcon_core.package_identification:_identify(camera_parameters_usb) by extension 'ignore'
[1.980s] Level 1:colcon.colcon_core.package_identification:_identify(camera_parameters_usb) by extension 'ignore_ament_install'
[1.981s] Level 1:colcon.colcon_core.package_identification:_identify(camera_parameters_usb) by extensions ['colcon_pkg']
[1.981s] Level 1:colcon.colcon_core.package_identification:_identify(camera_parameters_usb) by extension 'colcon_pkg'
[1.981s] Level 1:colcon.colcon_core.package_identification:_identify(camera_parameters_usb) by extensions ['colcon_meta']
[1.981s] Level 1:colcon.colcon_core.package_identification:_identify(camera_parameters_usb) by extension 'colcon_meta'
[1.981s] Level 1:colcon.colcon_core.package_identification:_identify(camera_parameters_usb) by extensions ['ros']
[1.981s] Level 1:colcon.colcon_core.package_identification:_identify(camera_parameters_usb) by extension 'ros'
[1.982s] Level 1:colcon.colcon_core.package_identification:_identify(camera_parameters_usb) by extensions ['cmake', 'python']
[1.982s] Level 1:colcon.colcon_core.package_identification:_identify(camera_parameters_usb) by extension 'cmake'
[1.982s] Level 1:colcon.colcon_core.package_identification:_identify(camera_parameters_usb) by extension 'python'
[1.982s] Level 1:colcon.colcon_core.package_identification:_identify(camera_parameters_usb) by extensions ['python_setup_py']
[1.983s] Level 1:colcon.colcon_core.package_identification:_identify(camera_parameters_usb) by extension 'python_setup_py'
[1.983s] Level 1:colcon.colcon_core.package_identification:_identify(detectabasura) by extensions ['ignore', 'ignore_ament_install']
[1.983s] Level 1:colcon.colcon_core.package_identification:_identify(detectabasura) by extension 'ignore'
[1.984s] Level 1:colcon.colcon_core.package_identification:_identify(detectabasura) by extension 'ignore_ament_install'
[1.984s] Level 1:colcon.colcon_core.package_identification:_identify(detectabasura) by extensions ['colcon_pkg']
[1.984s] Level 1:colcon.colcon_core.package_identification:_identify(detectabasura) by extension 'colcon_pkg'
[1.984s] Level 1:colcon.colcon_core.package_identification:_identify(detectabasura) by extensions ['colcon_meta']
[1.984s] Level 1:colcon.colcon_core.package_identification:_identify(detectabasura) by extension 'colcon_meta'
[1.985s] Level 1:colcon.colcon_core.package_identification:_identify(detectabasura) by extensions ['ros']
[1.985s] Level 1:colcon.colcon_core.package_identification:_identify(detectabasura) by extension 'ros'
[1.995s] DEBUG:colcon.colcon_core.package_identification:Package 'detectabasura' with type 'ros.ament_cmake' and name 'detectabasura'
[1.996s] Level 1:colcon.colcon_core.package_identification:_identify(install) by extensions ['ignore', 'ignore_ament_install']
[1.996s] Level 1:colcon.colcon_core.package_identification:_identify(install) by extension 'ignore'
[1.997s] Level 1:colcon.colcon_core.package_identification:_identify(install) ignored
[1.999s] Level 1:colcon.colcon_core.package_identification:_identify(log) by extensions ['ignore', 'ignore_ament_install']
[1.999s] Level 1:colcon.colcon_core.package_identification:_identify(log) by extension 'ignore'
[1.999s] Level 1:colcon.colcon_core.package_identification:_identify(log) ignored
[2.000s] Level 1:colcon.colcon_core.package_identification:_identify(nodeMCU) by extensions ['ignore', 'ignore_ament_install']
[2.000s] Level 1:colcon.colcon_core.package_identification:_identify(nodeMCU) by extension 'ignore'
[2.001s] Level 1:colcon.colcon_core.package_identification:_identify(nodeMCU) by extension 'ignore_ament_install'
[2.001s] Level 1:colcon.colcon_core.package_identification:_identify(nodeMCU) by extensions ['colcon_pkg']
[2.001s] Level 1:colcon.colcon_core.package_identification:_identify(nodeMCU) by extension 'colcon_pkg'
[2.002s] Level 1:colcon.colcon_core.package_identification:_identify(nodeMCU) by extensions ['colcon_meta']
[2.002s] Level 1:colcon.colcon_core.package_identification:_identify(nodeMCU) by extension 'colcon_meta'
[2.002s] Level 1:colcon.colcon_core.package_identification:_identify(nodeMCU) by extensions ['ros']
[2.002s] Level 1:colcon.colcon_core.package_identification:_identify(nodeMCU) by extension 'ros'
[2.003s] Level 1:colcon.colcon_core.package_identification:_identify(nodeMCU) by extensions ['cmake', 'python']
[2.003s] Level 1:colcon.colcon_core.package_identification:_identify(nodeMCU) by extension 'cmake'
[2.003s] Level 1:colcon.colcon_core.package_identification:_identify(nodeMCU) by extension 'python'
[2.004s] Level 1:colcon.colcon_core.package_identification:_identify(nodeMCU) by extensions ['python_setup_py']
[2.004s] Level 1:colcon.colcon_core.package_identification:_identify(nodeMCU) by extension 'python_setup_py'
[2.004s] Level 1:colcon.colcon_core.package_identification:_identify(nodeMCU/global1) by extensions ['ignore', 'ignore_ament_install']
[2.005s] Level 1:colcon.colcon_core.package_identification:_identify(nodeMCU/global1) by extension 'ignore'
[2.005s] Level 1:colcon.colcon_core.package_identification:_identify(nodeMCU/global1) by extension 'ignore_ament_install'
[2.006s] Level 1:colcon.colcon_core.package_identification:_identify(nodeMCU/global1) by extensions ['colcon_pkg']
[2.006s] Level 1:colcon.colcon_core.package_identification:_identify(nodeMCU/global1) by extension 'colcon_pkg'
[2.006s] Level 1:colcon.colcon_core.package_identification:_identify(nodeMCU/global1) by extensions ['colcon_meta']
[2.006s] Level 1:colcon.colcon_core.package_identification:_identify(nodeMCU/global1) by extension 'colcon_meta'
[2.006s] Level 1:colcon.colcon_core.package_identification:_identify(nodeMCU/global1) by extensions ['ros']
[2.007s] Level 1:colcon.colcon_core.package_identification:_identify(nodeMCU/global1) by extension 'ros'
[2.007s] Level 1:colcon.colcon_core.package_identification:_identify(nodeMCU/global1) by extensions ['cmake', 'python']
[2.007s] Level 1:colcon.colcon_core.package_identification:_identify(nodeMCU/global1) by extension 'cmake'
[2.008s] Level 1:colcon.colcon_core.package_identification:_identify(nodeMCU/global1) by extension 'python'
[2.008s] Level 1:colcon.colcon_core.package_identification:_identify(nodeMCU/global1) by extensions ['python_setup_py']
[2.008s] Level 1:colcon.colcon_core.package_identification:_identify(nodeMCU/global1) by extension 'python_setup_py'
[2.008s] Level 1:colcon.colcon_core.package_identification:_identify(nodeMCU/global2) by extensions ['ignore', 'ignore_ament_install']
[2.009s] Level 1:colcon.colcon_core.package_identification:_identify(nodeMCU/global2) by extension 'ignore'
[2.009s] Level 1:colcon.colcon_core.package_identification:_identify(nodeMCU/global2) by extension 'ignore_ament_install'
[2.010s] Level 1:colcon.colcon_core.package_identification:_identify(nodeMCU/global2) by extensions ['colcon_pkg']
[2.010s] Level 1:colcon.colcon_core.package_identification:_identify(nodeMCU/global2) by extension 'colcon_pkg'
[2.010s] Level 1:colcon.colcon_core.package_identification:_identify(nodeMCU/global2) by extensions ['colcon_meta']
[2.010s] Level 1:colcon.colcon_core.package_identification:_identify(nodeMCU/global2) by extension 'colcon_meta'
[2.010s] Level 1:colcon.colcon_core.package_identification:_identify(nodeMCU/global2) by extensions ['ros']
[2.011s] Level 1:colcon.colcon_core.package_identification:_identify(nodeMCU/global2) by extension 'ros'
[2.011s] Level 1:colcon.colcon_core.package_identification:_identify(nodeMCU/global2) by extensions ['cmake', 'python']
[2.011s] Level 1:colcon.colcon_core.package_identification:_identify(nodeMCU/global2) by extension 'cmake'
[2.011s] Level 1:colcon.colcon_core.package_identification:_identify(nodeMCU/global2) by extension 'python'
[2.011s] Level 1:colcon.colcon_core.package_identification:_identify(nodeMCU/global2) by extensions ['python_setup_py']
[2.012s] Level 1:colcon.colcon_core.package_identification:_identify(nodeMCU/global2) by extension 'python_setup_py'
[2.012s] Level 1:colcon.colcon_core.package_identification:_identify(nodeMCU/serialReciveArduino) by extensions ['ignore', 'ignore_ament_install']
[2.013s] Level 1:colcon.colcon_core.package_identification:_identify(nodeMCU/serialReciveArduino) by extension 'ignore'
[2.013s] Level 1:colcon.colcon_core.package_identification:_identify(nodeMCU/serialReciveArduino) by extension 'ignore_ament_install'
[2.013s] Level 1:colcon.colcon_core.package_identification:_identify(nodeMCU/serialReciveArduino) by extensions ['colcon_pkg']
[2.013s] Level 1:colcon.colcon_core.package_identification:_identify(nodeMCU/serialReciveArduino) by extension 'colcon_pkg'
[2.013s] Level 1:colcon.colcon_core.package_identification:_identify(nodeMCU/serialReciveArduino) by extensions ['colcon_meta']
[2.013s] Level 1:colcon.colcon_core.package_identification:_identify(nodeMCU/serialReciveArduino) by extension 'colcon_meta'
[2.014s] Level 1:colcon.colcon_core.package_identification:_identify(nodeMCU/serialReciveArduino) by extensions ['ros']
[2.014s] Level 1:colcon.colcon_core.package_identification:_identify(nodeMCU/serialReciveArduino) by extension 'ros'
[2.014s] Level 1:colcon.colcon_core.package_identification:_identify(nodeMCU/serialReciveArduino) by extensions ['cmake', 'python']
[2.014s] Level 1:colcon.colcon_core.package_identification:_identify(nodeMCU/serialReciveArduino) by extension 'cmake'
[2.015s] Level 1:colcon.colcon_core.package_identification:_identify(nodeMCU/serialReciveArduino) by extension 'python'
[2.015s] Level 1:colcon.colcon_core.package_identification:_identify(nodeMCU/serialReciveArduino) by extensions ['python_setup_py']
[2.015s] Level 1:colcon.colcon_core.package_identification:_identify(nodeMCU/serialReciveArduino) by extension 'python_setup_py'
[2.015s] Level 1:colcon.colcon_core.package_identification:_identify(nodeMCU/servotest) by extensions ['ignore', 'ignore_ament_install']
[2.016s] Level 1:colcon.colcon_core.package_identification:_identify(nodeMCU/servotest) by extension 'ignore'
[2.016s] Level 1:colcon.colcon_core.package_identification:_identify(nodeMCU/servotest) by extension 'ignore_ament_install'
[2.016s] Level 1:colcon.colcon_core.package_identification:_identify(nodeMCU/servotest) by extensions ['colcon_pkg']
[2.016s] Level 1:colcon.colcon_core.package_identification:_identify(nodeMCU/servotest) by extension 'colcon_pkg'
[2.017s] Level 1:colcon.colcon_core.package_identification:_identify(nodeMCU/servotest) by extensions ['colcon_meta']
[2.017s] Level 1:colcon.colcon_core.package_identification:_identify(nodeMCU/servotest) by extension 'colcon_meta'
[2.017s] Level 1:colcon.colcon_core.package_identification:_identify(nodeMCU/servotest) by extensions ['ros']
[2.017s] Level 1:colcon.colcon_core.package_identification:_identify(nodeMCU/servotest) by extension 'ros'
[2.017s] Level 1:colcon.colcon_core.package_identification:_identify(nodeMCU/servotest) by extensions ['cmake', 'python']
[2.017s] Level 1:colcon.colcon_core.package_identification:_identify(nodeMCU/servotest) by extension 'cmake'
[2.018s] Level 1:colcon.colcon_core.package_identification:_identify(nodeMCU/servotest) by extension 'python'
[2.018s] Level 1:colcon.colcon_core.package_identification:_identify(nodeMCU/servotest) by extensions ['python_setup_py']
[2.018s] Level 1:colcon.colcon_core.package_identification:_identify(nodeMCU/servotest) by extension 'python_setup_py'
[2.018s] Level 1:colcon.colcon_core.package_identification:_identify(nodeMCU/trhead_test1) by extensions ['ignore', 'ignore_ament_install']
[2.019s] Level 1:colcon.colcon_core.package_identification:_identify(nodeMCU/trhead_test1) by extension 'ignore'
[2.019s] Level 1:colcon.colcon_core.package_identification:_identify(nodeMCU/trhead_test1) by extension 'ignore_ament_install'
[2.019s] Level 1:colcon.colcon_core.package_identification:_identify(nodeMCU/trhead_test1) by extensions ['colcon_pkg']
[2.020s] Level 1:colcon.colcon_core.package_identification:_identify(nodeMCU/trhead_test1) by extension 'colcon_pkg'
[2.020s] Level 1:colcon.colcon_core.package_identification:_identify(nodeMCU/trhead_test1) by extensions ['colcon_meta']
[2.020s] Level 1:colcon.colcon_core.package_identification:_identify(nodeMCU/trhead_test1) by extension 'colcon_meta'
[2.020s] Level 1:colcon.colcon_core.package_identification:_identify(nodeMCU/trhead_test1) by extensions ['ros']
[2.021s] Level 1:colcon.colcon_core.package_identification:_identify(nodeMCU/trhead_test1) by extension 'ros'
[2.021s] Level 1:colcon.colcon_core.package_identification:_identify(nodeMCU/trhead_test1) by extensions ['cmake', 'python']
[2.021s] Level 1:colcon.colcon_core.package_identification:_identify(nodeMCU/trhead_test1) by extension 'cmake'
[2.022s] Level 1:colcon.colcon_core.package_identification:_identify(nodeMCU/trhead_test1) by extension 'python'
[2.022s] Level 1:colcon.colcon_core.package_identification:_identify(nodeMCU/trhead_test1) by extensions ['python_setup_py']
[2.022s] Level 1:colcon.colcon_core.package_identification:_identify(nodeMCU/trhead_test1) by extension 'python_setup_py'
[2.022s] Level 1:colcon.colcon_core.package_discovery:discover_packages(recursive) using defaults
[2.023s] Level 1:colcon.colcon_core.package_discovery:discover_packages(ignore) discover
[2.023s] Level 1:colcon.colcon_core.package_discovery:discover_packages(ignore) using defaults
[2.023s] Level 1:colcon.colcon_core.package_discovery:discover_packages(path) discover
[2.023s] Level 1:colcon.colcon_core.package_discovery:discover_packages(path) using defaults
[2.136s] Level 1:colcon.colcon_core.package_discovery:discover_packages(prefix_path) check parameters
[2.136s] Level 1:colcon.colcon_core.package_discovery:discover_packages(prefix_path) discover
[2.150s] DEBUG:colcon.colcon_installed_package_information.package_discovery:Found 1 installed packages in /home/jetson/guali_ws/install
[2.159s] DEBUG:colcon.colcon_installed_package_information.package_discovery:Found 257 installed packages in /opt/ros/foxy
[2.168s] Level 1:colcon.colcon_core.package_discovery:discover_packages(prefix_path) using defaults
[2.129s] Level 1:colcon.colcon_core.package_discovery:discover_packages(prefix_path) check parameters
[2.129s] Level 1:colcon.colcon_core.package_discovery:discover_packages(prefix_path) discover
[2.142s] DEBUG:colcon.colcon_installed_package_information.package_discovery:Found 1 installed packages in /home/jetson/guali_ws/install
[2.153s] DEBUG:colcon.colcon_installed_package_information.package_discovery:Found 257 installed packages in /opt/ros/foxy
[2.163s] Level 1:colcon.colcon_core.package_discovery:discover_packages(prefix_path) using defaults
[2.510s] Level 5:colcon.colcon_core.verb:set package 'detectabasura' build argument 'cmake_args' from command line to 'None'
[2.510s] Level 5:colcon.colcon_core.verb:set package 'detectabasura' build argument 'cmake_target' from command line to 'None'
[2.510s] Level 5:colcon.colcon_core.verb:set package 'detectabasura' build argument 'cmake_target_skip_unavailable' from command line to 'False'
[2.511s] Level 5:colcon.colcon_core.verb:set package 'detectabasura' build argument 'cmake_clean_cache' from command line to 'False'
[2.511s] Level 5:colcon.colcon_core.verb:set package 'detectabasura' build argument 'cmake_clean_first' from command line to 'False'
[2.511s] Level 5:colcon.colcon_core.verb:set package 'detectabasura' build argument 'cmake_force_configure' from command line to 'False'
[2.511s] Level 5:colcon.colcon_core.verb:set package 'detectabasura' build argument 'ament_cmake_args' from command line to 'None'
[2.511s] Level 5:colcon.colcon_core.verb:set package 'detectabasura' build argument 'catkin_cmake_args' from command line to 'None'
[2.511s] Level 5:colcon.colcon_core.verb:set package 'detectabasura' build argument 'catkin_skip_building_tests' from command line to 'False'
[2.511s] DEBUG:colcon.colcon_core.verb:Building package 'detectabasura' with the following arguments: {'ament_cmake_args': None, 'build_base': '/home/jetson/guali_ws/build/detectabasura', 'catkin_cmake_args': None, 'catkin_skip_building_tests': False, 'cmake_args': None, 'cmake_clean_cache': False, 'cmake_clean_first': False, 'cmake_force_configure': False, 'cmake_target': None, 'cmake_target_skip_unavailable': False, 'install_base': '/home/jetson/guali_ws/install/detectabasura', 'merge_install': False, 'path': '/home/jetson/guali_ws/detectabasura', 'symlink_install': False, 'test_result_base': None}
[2.516s] INFO:colcon.colcon_core.executor:Executing jobs using 'parallel' executor
[2.538s] DEBUG:colcon.colcon_parallel_executor.executor.parallel:run_until_complete
[2.539s] INFO:colcon.colcon_ros.task.ament_cmake.build:Building ROS package in '/home/jetson/guali_ws/detectabasura' with build type 'ament_cmake'
[2.540s] INFO:colcon.colcon_cmake.task.cmake.build:Building CMake package in '/home/jetson/guali_ws/detectabasura'
[2.503s] Level 5:colcon.colcon_core.verb:set package 'detectabasura' build argument 'cmake_args' from command line to 'None'
[2.504s] Level 5:colcon.colcon_core.verb:set package 'detectabasura' build argument 'cmake_target' from command line to 'None'
[2.504s] Level 5:colcon.colcon_core.verb:set package 'detectabasura' build argument 'cmake_target_skip_unavailable' from command line to 'False'
[2.504s] Level 5:colcon.colcon_core.verb:set package 'detectabasura' build argument 'cmake_clean_cache' from command line to 'False'
[2.504s] Level 5:colcon.colcon_core.verb:set package 'detectabasura' build argument 'cmake_clean_first' from command line to 'False'
[2.504s] Level 5:colcon.colcon_core.verb:set package 'detectabasura' build argument 'cmake_force_configure' from command line to 'False'
[2.504s] Level 5:colcon.colcon_core.verb:set package 'detectabasura' build argument 'ament_cmake_args' from command line to 'None'
[2.505s] Level 5:colcon.colcon_core.verb:set package 'detectabasura' build argument 'catkin_cmake_args' from command line to 'None'
[2.505s] Level 5:colcon.colcon_core.verb:set package 'detectabasura' build argument 'catkin_skip_building_tests' from command line to 'False'
[2.505s] DEBUG:colcon.colcon_core.verb:Building package 'detectabasura' with the following arguments: {'ament_cmake_args': None, 'build_base': '/home/jetson/guali_ws/build/detectabasura', 'catkin_cmake_args': None, 'catkin_skip_building_tests': False, 'cmake_args': None, 'cmake_clean_cache': False, 'cmake_clean_first': False, 'cmake_force_configure': False, 'cmake_target': None, 'cmake_target_skip_unavailable': False, 'install_base': '/home/jetson/guali_ws/install/detectabasura', 'merge_install': False, 'path': '/home/jetson/guali_ws/detectabasura', 'symlink_install': False, 'test_result_base': None}
[2.561s] INFO:colcon.colcon_core.plugin_system:Skipping extension 'colcon_core.shell.bat': Not used on non-Windows systems
[2.562s] INFO:colcon.colcon_core.shell:Skip shell extension 'powershell' for command environment: Not usable outside of PowerShell
[2.562s] DEBUG:colcon.colcon_core.shell:Skip shell extension 'dsv' for command environment
[2.509s] INFO:colcon.colcon_core.executor:Executing jobs using 'parallel' executor
[2.531s] DEBUG:colcon.colcon_parallel_executor.executor.parallel:run_until_complete
[2.532s] INFO:colcon.colcon_ros.task.ament_cmake.build:Building ROS package in '/home/jetson/guali_ws/detectabasura' with build type 'ament_cmake'
[2.533s] INFO:colcon.colcon_cmake.task.cmake.build:Building CMake package in '/home/jetson/guali_ws/detectabasura'
[2.608s] DEBUG:colcon.colcon_core.event_handler.log_command:Invoking command in '/home/jetson/guali_ws/build/detectabasura': CMAKE_PREFIX_PATH=${CMAKE_PREFIX_PATH}:/opt/ros/foxy /usr/bin/cmake --build /home/jetson/guali_ws/build/detectabasura -- -j4 -l4
[2.557s] INFO:colcon.colcon_core.plugin_system:Skipping extension 'colcon_core.shell.bat': Not used on non-Windows systems
[2.558s] INFO:colcon.colcon_core.shell:Skip shell extension 'powershell' for command environment: Not usable outside of PowerShell
[2.558s] DEBUG:colcon.colcon_core.shell:Skip shell extension 'dsv' for command environment
[2.606s] DEBUG:colcon.colcon_core.event_handler.log_command:Invoking command in '/home/jetson/guali_ws/build/detectabasura': CMAKE_PREFIX_PATH=${CMAKE_PREFIX_PATH}:/opt/ros/foxy /usr/bin/cmake --build /home/jetson/guali_ws/build/detectabasura -- -j4 -l4
[3.920s] DEBUG:colcon.colcon_core.event_handler.log_command:Invoked command in '/home/jetson/guali_ws/build/detectabasura' returned '0': CMAKE_PREFIX_PATH=${CMAKE_PREFIX_PATH}:/opt/ros/foxy /usr/bin/cmake --build /home/jetson/guali_ws/build/detectabasura -- -j4 -l4
[3.933s] DEBUG:colcon.colcon_core.event_handler.log_command:Invoked command in '/home/jetson/guali_ws/build/detectabasura' returned '0': CMAKE_PREFIX_PATH=${CMAKE_PREFIX_PATH}:/opt/ros/foxy /usr/bin/cmake --build /home/jetson/guali_ws/build/detectabasura -- -j4 -l4
[4.138s] DEBUG:colcon.colcon_core.event_handler.log_command:Invoking command in '/home/jetson/guali_ws/build/detectabasura': CMAKE_PREFIX_PATH=${CMAKE_PREFIX_PATH}:/opt/ros/foxy /usr/bin/cmake --install /home/jetson/guali_ws/build/detectabasura
[4.134s] DEBUG:colcon.colcon_core.event_handler.log_command:Invoking command in '/home/jetson/guali_ws/build/detectabasura': CMAKE_PREFIX_PATH=${CMAKE_PREFIX_PATH}:/opt/ros/foxy /usr/bin/cmake --install /home/jetson/guali_ws/build/detectabasura
[4.375s] Level 1:colcon.colcon_core.environment:create_environment_scripts_only(detectabasura)
[4.394s] DEBUG:colcon.colcon_core.event_handler.log_command:Invoked command in '/home/jetson/guali_ws/build/detectabasura' returned '0': CMAKE_PREFIX_PATH=${CMAKE_PREFIX_PATH}:/opt/ros/foxy /usr/bin/cmake --install /home/jetson/guali_ws/build/detectabasura
[4.410s] Level 1:colcon.colcon_core.environment:checking '/home/jetson/guali_ws/install/detectabasura' for CMake module files
[4.414s] Level 1:colcon.colcon_core.environment:checking '/home/jetson/guali_ws/install/detectabasura' for CMake config files
[4.416s] Level 1:colcon.colcon_core.shell:create_environment_hook('detectabasura', 'cmake_prefix_path')
[4.426s] INFO:colcon.colcon_core.shell:Creating environment hook '/home/jetson/guali_ws/install/detectabasura/share/detectabasura/hook/cmake_prefix_path.ps1'
[4.428s] INFO:colcon.colcon_core.shell:Creating environment descriptor '/home/jetson/guali_ws/install/detectabasura/share/detectabasura/hook/cmake_prefix_path.dsv'
[4.430s] INFO:colcon.colcon_core.shell:Creating environment hook '/home/jetson/guali_ws/install/detectabasura/share/detectabasura/hook/cmake_prefix_path.sh'
[4.434s] Level 1:colcon.colcon_core.environment:checking '/home/jetson/guali_ws/install/detectabasura/lib'
[4.435s] Level 1:colcon.colcon_core.shell:create_environment_hook('detectabasura', 'ld_library_path_lib')
[4.445s] INFO:colcon.colcon_core.shell:Creating environment hook '/home/jetson/guali_ws/install/detectabasura/share/detectabasura/hook/ld_library_path_lib.ps1'
[4.447s] INFO:colcon.colcon_core.shell:Creating environment descriptor '/home/jetson/guali_ws/install/detectabasura/share/detectabasura/hook/ld_library_path_lib.dsv'
[4.449s] INFO:colcon.colcon_core.shell:Creating environment hook '/home/jetson/guali_ws/install/detectabasura/share/detectabasura/hook/ld_library_path_lib.sh'
[4.451s] Level 1:colcon.colcon_core.environment:checking '/home/jetson/guali_ws/install/detectabasura/bin'
[4.451s] Level 1:colcon.colcon_core.environment:checking '/home/jetson/guali_ws/install/detectabasura/lib/pkgconfig/detectabasura.pc'
[4.452s] Level 1:colcon.colcon_core.environment:checking '/home/jetson/guali_ws/install/detectabasura/lib/python3.8/site-packages'
[4.452s] Level 1:colcon.colcon_core.shell:create_environment_hook('detectabasura', 'pythonpath')
[4.463s] INFO:colcon.colcon_core.shell:Creating environment hook '/home/jetson/guali_ws/install/detectabasura/share/detectabasura/hook/pythonpath.ps1'
[4.465s] INFO:colcon.colcon_core.shell:Creating environment descriptor '/home/jetson/guali_ws/install/detectabasura/share/detectabasura/hook/pythonpath.dsv'
[4.467s] INFO:colcon.colcon_core.shell:Creating environment hook '/home/jetson/guali_ws/install/detectabasura/share/detectabasura/hook/pythonpath.sh'
[4.413s] Level 1:colcon.colcon_core.environment:create_environment_scripts_only(detectabasura)
[4.469s] Level 1:colcon.colcon_core.environment:checking '/home/jetson/guali_ws/install/detectabasura/bin'
[4.425s] DEBUG:colcon.colcon_core.event_handler.log_command:Invoked command in '/home/jetson/guali_ws/build/detectabasura' returned '0': CMAKE_PREFIX_PATH=${CMAKE_PREFIX_PATH}:/opt/ros/foxy /usr/bin/cmake --install /home/jetson/guali_ws/build/detectabasura
[4.480s] INFO:colcon.colcon_core.shell:Creating package script '/home/jetson/guali_ws/install/detectabasura/share/detectabasura/package.ps1'
[4.484s] INFO:colcon.colcon_core.shell:Creating package descriptor '/home/jetson/guali_ws/install/detectabasura/share/detectabasura/package.dsv'
[4.487s] INFO:colcon.colcon_core.shell:Creating package script '/home/jetson/guali_ws/install/detectabasura/share/detectabasura/package.sh'
[4.491s] INFO:colcon.colcon_core.shell:Creating package script '/home/jetson/guali_ws/install/detectabasura/share/detectabasura/package.bash'
[4.494s] INFO:colcon.colcon_core.shell:Creating package script '/home/jetson/guali_ws/install/detectabasura/share/detectabasura/package.zsh'
[4.497s] Level 1:colcon.colcon_core.environment:create_file_with_runtime_dependencies(/home/jetson/guali_ws/install/detectabasura/share/colcon-core/packages/detectabasura)
[4.447s] Level 1:colcon.colcon_core.environment:checking '/home/jetson/guali_ws/install/detectabasura' for CMake module files
[4.451s] Level 1:colcon.colcon_core.environment:checking '/home/jetson/guali_ws/install/detectabasura' for CMake config files
[4.453s] Level 1:colcon.colcon_core.shell:create_environment_hook('detectabasura', 'cmake_prefix_path')
[4.462s] INFO:colcon.colcon_core.shell:Creating environment hook '/home/jetson/guali_ws/install/detectabasura/share/detectabasura/hook/cmake_prefix_path.ps1'
[4.465s] INFO:colcon.colcon_core.shell:Creating environment descriptor '/home/jetson/guali_ws/install/detectabasura/share/detectabasura/hook/cmake_prefix_path.dsv'
[4.467s] INFO:colcon.colcon_core.shell:Creating environment hook '/home/jetson/guali_ws/install/detectabasura/share/detectabasura/hook/cmake_prefix_path.sh'
[4.470s] Level 1:colcon.colcon_core.environment:checking '/home/jetson/guali_ws/install/detectabasura/lib'
[4.471s] Level 1:colcon.colcon_core.shell:create_environment_hook('detectabasura', 'ld_library_path_lib')
[4.480s] INFO:colcon.colcon_core.shell:Creating environment hook '/home/jetson/guali_ws/install/detectabasura/share/detectabasura/hook/ld_library_path_lib.ps1'
[4.482s] INFO:colcon.colcon_core.shell:Creating environment descriptor '/home/jetson/guali_ws/install/detectabasura/share/detectabasura/hook/ld_library_path_lib.dsv'
[4.484s] INFO:colcon.colcon_core.shell:Creating environment hook '/home/jetson/guali_ws/install/detectabasura/share/detectabasura/hook/ld_library_path_lib.sh'
[4.485s] Level 1:colcon.colcon_core.environment:checking '/home/jetson/guali_ws/install/detectabasura/bin'
[4.486s] Level 1:colcon.colcon_core.environment:checking '/home/jetson/guali_ws/install/detectabasura/lib/pkgconfig/detectabasura.pc'
[4.487s] Level 1:colcon.colcon_core.environment:checking '/home/jetson/guali_ws/install/detectabasura/lib/python3.8/site-packages'
[4.487s] Level 1:colcon.colcon_core.shell:create_environment_hook('detectabasura', 'pythonpath')
[4.496s] INFO:colcon.colcon_core.shell:Creating environment hook '/home/jetson/guali_ws/install/detectabasura/share/detectabasura/hook/pythonpath.ps1'
[4.498s] INFO:colcon.colcon_core.shell:Creating environment descriptor '/home/jetson/guali_ws/install/detectabasura/share/detectabasura/hook/pythonpath.dsv'
[4.500s] INFO:colcon.colcon_core.shell:Creating environment hook '/home/jetson/guali_ws/install/detectabasura/share/detectabasura/hook/pythonpath.sh'
[4.502s] Level 1:colcon.colcon_core.environment:checking '/home/jetson/guali_ws/install/detectabasura/bin'
[4.511s] INFO:colcon.colcon_core.shell:Creating package script '/home/jetson/guali_ws/install/detectabasura/share/detectabasura/package.ps1'
[4.515s] INFO:colcon.colcon_core.shell:Creating package descriptor '/home/jetson/guali_ws/install/detectabasura/share/detectabasura/package.dsv'
[4.518s] INFO:colcon.colcon_core.shell:Creating package script '/home/jetson/guali_ws/install/detectabasura/share/detectabasura/package.sh'
[4.522s] INFO:colcon.colcon_core.shell:Creating package script '/home/jetson/guali_ws/install/detectabasura/share/detectabasura/package.bash'
[4.525s] INFO:colcon.colcon_core.shell:Creating package script '/home/jetson/guali_ws/install/detectabasura/share/detectabasura/package.zsh'
[4.528s] Level 1:colcon.colcon_core.environment:create_file_with_runtime_dependencies(/home/jetson/guali_ws/install/detectabasura/share/colcon-core/packages/detectabasura)
[4.683s] Level 1:colcon.colcon_core.environment:create_environment_scripts_only(detectabasura)
[4.696s] Level 1:colcon.colcon_core.environment:checking '/home/jetson/guali_ws/install/detectabasura' for CMake module files
[4.700s] Level 1:colcon.colcon_core.environment:checking '/home/jetson/guali_ws/install/detectabasura' for CMake config files
[4.702s] Level 1:colcon.colcon_core.shell:create_environment_hook('detectabasura', 'cmake_prefix_path')
[4.711s] INFO:colcon.colcon_core.shell:Creating environment hook '/home/jetson/guali_ws/install/detectabasura/share/detectabasura/hook/cmake_prefix_path.ps1'
[4.713s] INFO:colcon.colcon_core.shell:Creating environment descriptor '/home/jetson/guali_ws/install/detectabasura/share/detectabasura/hook/cmake_prefix_path.dsv'
[4.714s] INFO:colcon.colcon_core.shell:Creating environment hook '/home/jetson/guali_ws/install/detectabasura/share/detectabasura/hook/cmake_prefix_path.sh'
[4.716s] Level 1:colcon.colcon_core.environment:checking '/home/jetson/guali_ws/install/detectabasura/lib'
[4.717s] Level 1:colcon.colcon_core.shell:create_environment_hook('detectabasura', 'ld_library_path_lib')
[4.726s] INFO:colcon.colcon_core.shell:Creating environment hook '/home/jetson/guali_ws/install/detectabasura/share/detectabasura/hook/ld_library_path_lib.ps1'
[4.728s] INFO:colcon.colcon_core.shell:Creating environment descriptor '/home/jetson/guali_ws/install/detectabasura/share/detectabasura/hook/ld_library_path_lib.dsv'
[4.729s] INFO:colcon.colcon_core.shell:Creating environment hook '/home/jetson/guali_ws/install/detectabasura/share/detectabasura/hook/ld_library_path_lib.sh'
[4.731s] Level 1:colcon.colcon_core.environment:checking '/home/jetson/guali_ws/install/detectabasura/bin'
[4.731s] Level 1:colcon.colcon_core.environment:checking '/home/jetson/guali_ws/install/detectabasura/lib/pkgconfig/detectabasura.pc'
[4.732s] Level 1:colcon.colcon_core.environment:checking '/home/jetson/guali_ws/install/detectabasura/lib/python3.8/site-packages'
[4.733s] Level 1:colcon.colcon_core.shell:create_environment_hook('detectabasura', 'pythonpath')
[4.742s] INFO:colcon.colcon_core.shell:Creating environment hook '/home/jetson/guali_ws/install/detectabasura/share/detectabasura/hook/pythonpath.ps1'
[4.744s] INFO:colcon.colcon_core.shell:Creating environment descriptor '/home/jetson/guali_ws/install/detectabasura/share/detectabasura/hook/pythonpath.dsv'
[4.745s] INFO:colcon.colcon_core.shell:Creating environment hook '/home/jetson/guali_ws/install/detectabasura/share/detectabasura/hook/pythonpath.sh'
[4.748s] Level 1:colcon.colcon_core.environment:checking '/home/jetson/guali_ws/install/detectabasura/bin'
[4.758s] INFO:colcon.colcon_core.shell:Creating package script '/home/jetson/guali_ws/install/detectabasura/share/detectabasura/package.ps1'
[4.761s] INFO:colcon.colcon_core.shell:Creating package descriptor '/home/jetson/guali_ws/install/detectabasura/share/detectabasura/package.dsv'
[4.764s] INFO:colcon.colcon_core.shell:Creating package script '/home/jetson/guali_ws/install/detectabasura/share/detectabasura/package.sh'
[4.766s] INFO:colcon.colcon_core.shell:Creating package script '/home/jetson/guali_ws/install/detectabasura/share/detectabasura/package.bash'
[4.768s] INFO:colcon.colcon_core.shell:Creating package script '/home/jetson/guali_ws/install/detectabasura/share/detectabasura/package.zsh'
[4.769s] Level 1:colcon.colcon_core.environment:create_file_with_runtime_dependencies(/home/jetson/guali_ws/install/detectabasura/share/colcon-core/packages/detectabasura)
[4.770s] DEBUG:colcon.colcon_parallel_executor.executor.parallel:closing loop
[4.771s] DEBUG:colcon.colcon_parallel_executor.executor.parallel:loop closed
[4.771s] DEBUG:colcon.colcon_parallel_executor.executor.parallel:run_until_complete finished with '0'
[4.771s] DEBUG:colcon.colcon_core.event_reactor:joining thread
[4.717s] Level 1:colcon.colcon_core.environment:create_environment_scripts_only(detectabasura)
[4.730s] Level 1:colcon.colcon_core.environment:checking '/home/jetson/guali_ws/install/detectabasura' for CMake module files
[4.734s] Level 1:colcon.colcon_core.environment:checking '/home/jetson/guali_ws/install/detectabasura' for CMake config files
[4.791s] INFO:colcon.colcon_core.plugin_system:Skipping extension 'colcon_notification.desktop_notification.terminal_notifier': Not used on non-Darwin systems
[4.791s] INFO:colcon.colcon_core.plugin_system:Skipping extension 'colcon_notification.desktop_notification.win32': Not used on non-Windows systems
[4.736s] Level 1:colcon.colcon_core.shell:create_environment_hook('detectabasura', 'cmake_prefix_path')
[4.791s] INFO:colcon.colcon_notification.desktop_notification:Sending desktop notification using 'notify2'
[4.746s] INFO:colcon.colcon_core.shell:Creating environment hook '/home/jetson/guali_ws/install/detectabasura/share/detectabasura/hook/cmake_prefix_path.ps1'
[4.749s] INFO:colcon.colcon_core.shell:Creating environment descriptor '/home/jetson/guali_ws/install/detectabasura/share/detectabasura/hook/cmake_prefix_path.dsv'
[4.751s] INFO:colcon.colcon_core.shell:Creating environment hook '/home/jetson/guali_ws/install/detectabasura/share/detectabasura/hook/cmake_prefix_path.sh'
[4.753s] Level 1:colcon.colcon_core.environment:checking '/home/jetson/guali_ws/install/detectabasura/lib'
[4.754s] Level 1:colcon.colcon_core.shell:create_environment_hook('detectabasura', 'ld_library_path_lib')
[4.764s] INFO:colcon.colcon_core.shell:Creating environment hook '/home/jetson/guali_ws/install/detectabasura/share/detectabasura/hook/ld_library_path_lib.ps1'
[4.766s] INFO:colcon.colcon_core.shell:Creating environment descriptor '/home/jetson/guali_ws/install/detectabasura/share/detectabasura/hook/ld_library_path_lib.dsv'
[4.767s] INFO:colcon.colcon_core.shell:Creating environment hook '/home/jetson/guali_ws/install/detectabasura/share/detectabasura/hook/ld_library_path_lib.sh'
[4.769s] Level 1:colcon.colcon_core.environment:checking '/home/jetson/guali_ws/install/detectabasura/bin'
[4.769s] Level 1:colcon.colcon_core.environment:checking '/home/jetson/guali_ws/install/detectabasura/lib/pkgconfig/detectabasura.pc'
[4.770s] Level 1:colcon.colcon_core.environment:checking '/home/jetson/guali_ws/install/detectabasura/lib/python3.8/site-packages'
[4.771s] Level 1:colcon.colcon_core.shell:create_environment_hook('detectabasura', 'pythonpath')
[4.780s] INFO:colcon.colcon_core.shell:Creating environment hook '/home/jetson/guali_ws/install/detectabasura/share/detectabasura/hook/pythonpath.ps1'
[4.782s] INFO:colcon.colcon_core.shell:Creating environment descriptor '/home/jetson/guali_ws/install/detectabasura/share/detectabasura/hook/pythonpath.dsv'
[4.837s] DEBUG:colcon.colcon_core.event_reactor:joined thread
[4.783s] INFO:colcon.colcon_core.shell:Creating environment hook '/home/jetson/guali_ws/install/detectabasura/share/detectabasura/hook/pythonpath.sh'
[4.785s] Level 1:colcon.colcon_core.environment:checking '/home/jetson/guali_ws/install/detectabasura/bin'
[4.847s] INFO:colcon.colcon_core.shell:Creating prefix script '/home/jetson/guali_ws/install/local_setup.ps1'
[4.795s] INFO:colcon.colcon_core.shell:Creating package script '/home/jetson/guali_ws/install/detectabasura/share/detectabasura/package.ps1'
[4.850s] INFO:colcon.colcon_core.shell:Creating prefix util module '/home/jetson/guali_ws/install/_local_setup_util_ps1.py'
[4.797s] INFO:colcon.colcon_core.shell:Creating package descriptor '/home/jetson/guali_ws/install/detectabasura/share/detectabasura/package.dsv'
[4.800s] INFO:colcon.colcon_core.shell:Creating package script '/home/jetson/guali_ws/install/detectabasura/share/detectabasura/package.sh'
[4.856s] INFO:colcon.colcon_core.shell:Creating prefix chain script '/home/jetson/guali_ws/install/setup.ps1'
[4.802s] INFO:colcon.colcon_core.shell:Creating package script '/home/jetson/guali_ws/install/detectabasura/share/detectabasura/package.bash'
[4.804s] INFO:colcon.colcon_core.shell:Creating package script '/home/jetson/guali_ws/install/detectabasura/share/detectabasura/package.zsh'
[4.806s] Level 1:colcon.colcon_core.environment:create_file_with_runtime_dependencies(/home/jetson/guali_ws/install/detectabasura/share/colcon-core/packages/detectabasura)
[4.807s] DEBUG:colcon.colcon_parallel_executor.executor.parallel:closing loop
[4.807s] DEBUG:colcon.colcon_parallel_executor.executor.parallel:loop closed
[4.863s] INFO:colcon.colcon_core.shell:Creating prefix script '/home/jetson/guali_ws/install/local_setup.sh'
[4.808s] DEBUG:colcon.colcon_parallel_executor.executor.parallel:run_until_complete finished with '0'
[4.808s] DEBUG:colcon.colcon_core.event_reactor:joining thread
[4.865s] INFO:colcon.colcon_core.shell:Creating prefix util module '/home/jetson/guali_ws/install/_local_setup_util_sh.py'
[4.867s] INFO:colcon.colcon_core.shell:Creating prefix chain script '/home/jetson/guali_ws/install/setup.sh'
[4.873s] INFO:colcon.colcon_core.shell:Creating prefix script '/home/jetson/guali_ws/install/local_setup.bash'
[4.875s] INFO:colcon.colcon_core.shell:Creating prefix chain script '/home/jetson/guali_ws/install/setup.bash'
[4.882s] INFO:colcon.colcon_core.shell:Creating prefix script '/home/jetson/guali_ws/install/local_setup.zsh'
[4.830s] INFO:colcon.colcon_core.plugin_system:Skipping extension 'colcon_notification.desktop_notification.terminal_notifier': Not used on non-Darwin systems
[4.885s] INFO:colcon.colcon_core.shell:Creating prefix chain script '/home/jetson/guali_ws/install/setup.zsh'
[4.830s] INFO:colcon.colcon_core.plugin_system:Skipping extension 'colcon_notification.desktop_notification.win32': Not used on non-Windows systems
[4.830s] INFO:colcon.colcon_notification.desktop_notification:Sending desktop notification using 'notify2'
[4.871s] DEBUG:colcon.colcon_core.event_reactor:joined thread
[4.881s] INFO:colcon.colcon_core.shell:Creating prefix script '/home/jetson/guali_ws/install/local_setup.ps1'
[4.886s] INFO:colcon.colcon_core.shell:Creating prefix util module '/home/jetson/guali_ws/install/_local_setup_util_ps1.py'
[4.892s] INFO:colcon.colcon_core.shell:Creating prefix chain script '/home/jetson/guali_ws/install/setup.ps1'
[4.900s] INFO:colcon.colcon_core.shell:Creating prefix script '/home/jetson/guali_ws/install/local_setup.sh'
[4.903s] INFO:colcon.colcon_core.shell:Creating prefix util module '/home/jetson/guali_ws/install/_local_setup_util_sh.py'
[4.905s] INFO:colcon.colcon_core.shell:Creating prefix chain script '/home/jetson/guali_ws/install/setup.sh'
[4.913s] INFO:colcon.colcon_core.shell:Creating prefix script '/home/jetson/guali_ws/install/local_setup.bash'
[4.916s] INFO:colcon.colcon_core.shell:Creating prefix chain script '/home/jetson/guali_ws/install/setup.bash'
[4.923s] INFO:colcon.colcon_core.shell:Creating prefix script '/home/jetson/guali_ws/install/local_setup.zsh'
[4.926s] INFO:colcon.colcon_core.shell:Creating prefix chain script '/home/jetson/guali_ws/install/setup.zsh'
