[0.115s] Invoking command in '/home/wheeltec/guali_ws/build/detectabasura': CMAKE_PREFIX_PATH=${CMAKE_PREFIX_PATH}:/home/wheeltec/wheeltec_ros2/install/simple_follower_ros2:/home/wheeltec/wheeltec_ros2/install/wheeltec_robot_keyboard:/home/wheeltec/wheeltec_ros2/install/tf2_tools:/home/wheeltec/wheeltec_ros2/install/nav2_simple_commander:/home/wheeltec/wheeltec_ros2/install/nav2_gazebo_spawner:/home/wheeltec/wheeltec_ros2/install/camera_calibration:/opt/ros/galactic /usr/bin/cmake --build /home/wheeltec/guali_ws/build/detectabasura -- -j4 -l4
[0.508s] [  3%] Built target detectabasura__cpp
[0.567s] [ 12%] Built target detectabasura__rosidl_generator_c
[0.591s] [35m[1mScanning dependencies of target video_publisher[0m
[0.834s] [ 21%] Built target detectabasura__rosidl_typesupport_fastrtps_cpp
[0.883s] [ 24%] [32mBuilding CXX object CMakeFiles/video_publisher.dir/src/video_publisher.cpp.o[0m
[1.017s] [ 33%] Built target detectabasura__rosidl_typesupport_introspection_cpp
[2.209s] [ 42%] Built target detectabasura__rosidl_typesupport_fastrtps_c
[2.368s] [ 51%] Built target detectabasura__rosidl_typesupport_c
[2.520s] [ 60%] Built target detectabasura__rosidl_typesupport_introspection_c
[2.689s] [ 69%] Built target detectabasura__rosidl_typesupport_cpp
[2.851s] [ 69%] Built target detectabasura
[3.012s] [ 72%] Built target detectabasura__py
[3.211s] [ 78%] Built target detectabasura__python
[3.456s] [ 84%] Built target detectabasura__rosidl_typesupport_introspection_c__pyext
[3.663s] [ 90%] Built target detectabasura__rosidl_typesupport_c__pyext
[3.911s] [ 96%] Built target detectabasura__rosidl_typesupport_fastrtps_c__pyext
[40.087s] [100%] [32m[1mLinking CXX executable detectabasura/video_publisher[0m
[43.212s] [100%] Built target video_publisher
[43.280s] Invoked command in '/home/wheeltec/guali_ws/build/detectabasura' returned '0': CMAKE_PREFIX_PATH=${CMAKE_PREFIX_PATH}:/home/wheeltec/wheeltec_ros2/install/simple_follower_ros2:/home/wheeltec/wheeltec_ros2/install/wheeltec_robot_keyboard:/home/wheeltec/wheeltec_ros2/install/tf2_tools:/home/wheeltec/wheeltec_ros2/install/nav2_simple_commander:/home/wheeltec/wheeltec_ros2/install/nav2_gazebo_spawner:/home/wheeltec/wheeltec_ros2/install/camera_calibration:/opt/ros/galactic /usr/bin/cmake --build /home/wheeltec/guali_ws/build/detectabasura -- -j4 -l4
[43.780s] Invoking command in '/home/wheeltec/guali_ws/build/detectabasura': CMAKE_PREFIX_PATH=${CMAKE_PREFIX_PATH}:/home/wheeltec/wheeltec_ros2/install/simple_follower_ros2:/home/wheeltec/wheeltec_ros2/install/wheeltec_robot_keyboard:/home/wheeltec/wheeltec_ros2/install/tf2_tools:/home/wheeltec/wheeltec_ros2/install/nav2_simple_commander:/home/wheeltec/wheeltec_ros2/install/nav2_gazebo_spawner:/home/wheeltec/wheeltec_ros2/install/camera_calibration:/opt/ros/galactic /usr/bin/cmake --install /home/wheeltec/guali_ws/build/detectabasura
[43.834s] -- Install configuration: "Release"
[43.837s] -- Up-to-date: /home/wheeltec/guali_ws/install/detectabasura/share/ament_index/resource_index/rosidl_interfaces/detectabasura
[43.838s] -- Up-to-date: /home/wheeltec/guali_ws/install/detectabasura/include/detectabasura
[43.838s] -- Up-to-date: /home/wheeltec/guali_ws/install/detectabasura/include/detectabasura/msg
[43.839s] -- Up-to-date: /home/wheeltec/guali_ws/install/detectabasura/include/detectabasura/msg/detail
[43.839s] -- Up-to-date: /home/wheeltec/guali_ws/install/detectabasura/include/detectabasura/msg/detail/six_dof_arm_control__functions.h
[43.840s] -- Up-to-date: /home/wheeltec/guali_ws/install/detectabasura/include/detectabasura/msg/detail/six_dof_arm_control__type_support.h
[43.840s] -- Up-to-date: /home/wheeltec/guali_ws/install/detectabasura/include/detectabasura/msg/detail/six_dof_arm_control__functions.c
[43.841s] -- Up-to-date: /home/wheeltec/guali_ws/install/detectabasura/include/detectabasura/msg/detail/six_dof_arm_control__struct.h
[43.841s] -- Up-to-date: /home/wheeltec/guali_ws/install/detectabasura/include/detectabasura/msg/six_dof_arm_control.h
[43.842s] -- Up-to-date: /home/wheeltec/guali_ws/install/detectabasura/include/detectabasura/msg/rosidl_generator_c__visibility_control.h
[43.843s] -- Up-to-date: /home/wheeltec/guali_ws/install/detectabasura/share/detectabasura/environment/library_path.sh
[43.843s] -- Up-to-date: /home/wheeltec/guali_ws/install/detectabasura/share/detectabasura/environment/library_path.dsv
[43.844s] -- Up-to-date: /home/wheeltec/guali_ws/install/detectabasura/lib/libdetectabasura__rosidl_generator_c.so
[43.844s] -- Up-to-date: /home/wheeltec/guali_ws/install/detectabasura/include/detectabasura
[43.845s] -- Up-to-date: /home/wheeltec/guali_ws/install/detectabasura/include/detectabasura/msg
[43.846s] -- Up-to-date: /home/wheeltec/guali_ws/install/detectabasura/include/detectabasura/msg/detail
[43.846s] -- Up-to-date: /home/wheeltec/guali_ws/install/detectabasura/include/detectabasura/msg/detail/six_dof_arm_control__rosidl_typesupport_fastrtps_c.h
[43.847s] -- Up-to-date: /home/wheeltec/guali_ws/install/detectabasura/include/detectabasura/msg/rosidl_typesupport_fastrtps_c__visibility_control.h
[43.848s] -- Up-to-date: /home/wheeltec/guali_ws/install/detectabasura/lib/libdetectabasura__rosidl_typesupport_fastrtps_c.so
[43.848s] -- Up-to-date: /home/wheeltec/guali_ws/install/detectabasura/include/detectabasura
[43.849s] -- Up-to-date: /home/wheeltec/guali_ws/install/detectabasura/include/detectabasura/msg
[43.849s] -- Up-to-date: /home/wheeltec/guali_ws/install/detectabasura/include/detectabasura/msg/detail
[43.850s] -- Up-to-date: /home/wheeltec/guali_ws/install/detectabasura/include/detectabasura/msg/detail/dds_fastrtps
[43.850s] -- Up-to-date: /home/wheeltec/guali_ws/install/detectabasura/include/detectabasura/msg/detail/six_dof_arm_control__rosidl_typesupport_fastrtps_cpp.hpp
[43.851s] -- Up-to-date: /home/wheeltec/guali_ws/install/detectabasura/include/detectabasura/msg/rosidl_typesupport_fastrtps_cpp__visibility_control.h
[43.851s] -- Up-to-date: /home/wheeltec/guali_ws/install/detectabasura/lib/libdetectabasura__rosidl_typesupport_fastrtps_cpp.so
[43.852s] -- Up-to-date: /home/wheeltec/guali_ws/install/detectabasura/include/detectabasura
[43.852s] -- Up-to-date: /home/wheeltec/guali_ws/install/detectabasura/include/detectabasura/msg
[43.853s] -- Up-to-date: /home/wheeltec/guali_ws/install/detectabasura/include/detectabasura/msg/detail
[43.853s] -- Up-to-date: /home/wheeltec/guali_ws/install/detectabasura/include/detectabasura/msg/detail/six_dof_arm_control__rosidl_typesupport_introspection_c.h
[43.853s] -- Up-to-date: /home/wheeltec/guali_ws/install/detectabasura/include/detectabasura/msg/detail/six_dof_arm_control__type_support.c
[43.854s] -- Up-to-date: /home/wheeltec/guali_ws/install/detectabasura/include/detectabasura/msg/rosidl_typesupport_introspection_c__visibility_control.h
[43.854s] -- Up-to-date: /home/wheeltec/guali_ws/install/detectabasura/lib/libdetectabasura__rosidl_typesupport_introspection_c.so
[43.855s] -- Up-to-date: /home/wheeltec/guali_ws/install/detectabasura/lib/libdetectabasura__rosidl_typesupport_c.so
[43.855s] -- Up-to-date: /home/wheeltec/guali_ws/install/detectabasura/include/detectabasura
[43.856s] -- Up-to-date: /home/wheeltec/guali_ws/install/detectabasura/include/detectabasura/msg
[43.856s] -- Up-to-date: /home/wheeltec/guali_ws/install/detectabasura/include/detectabasura/msg/detail
[43.856s] -- Up-to-date: /home/wheeltec/guali_ws/install/detectabasura/include/detectabasura/msg/detail/six_dof_arm_control__struct.hpp
[43.857s] -- Up-to-date: /home/wheeltec/guali_ws/install/detectabasura/include/detectabasura/msg/detail/six_dof_arm_control__builder.hpp
[43.857s] -- Up-to-date: /home/wheeltec/guali_ws/install/detectabasura/include/detectabasura/msg/detail/six_dof_arm_control__traits.hpp
[43.858s] -- Up-to-date: /home/wheeltec/guali_ws/install/detectabasura/include/detectabasura/msg/six_dof_arm_control.hpp
[43.858s] -- Up-to-date: /home/wheeltec/guali_ws/install/detectabasura/include/detectabasura
[43.858s] -- Up-to-date: /home/wheeltec/guali_ws/install/detectabasura/include/detectabasura/msg
[43.859s] -- Up-to-date: /home/wheeltec/guali_ws/install/detectabasura/include/detectabasura/msg/detail
[43.859s] -- Up-to-date: /home/wheeltec/guali_ws/install/detectabasura/include/detectabasura/msg/detail/six_dof_arm_control__rosidl_typesupport_introspection_cpp.hpp
[43.860s] -- Up-to-date: /home/wheeltec/guali_ws/install/detectabasura/include/detectabasura/msg/detail/six_dof_arm_control__type_support.cpp
[43.860s] -- Up-to-date: /home/wheeltec/guali_ws/install/detectabasura/lib/libdetectabasura__rosidl_typesupport_introspection_cpp.so
[43.860s] -- Up-to-date: /home/wheeltec/guali_ws/install/detectabasura/lib/libdetectabasura__rosidl_typesupport_cpp.so
[43.861s] -- Up-to-date: /home/wheeltec/guali_ws/install/detectabasura/share/detectabasura/environment/pythonpath.sh
[43.861s] -- Up-to-date: /home/wheeltec/guali_ws/install/detectabasura/share/detectabasura/environment/pythonpath.dsv
[43.861s] -- Up-to-date: /home/wheeltec/guali_ws/install/detectabasura/lib/python3.8/site-packages/detectabasura/__init__.py
[44.056s] -- Up-to-date: /home/wheeltec/guali_ws/install/detectabasura/lib/python3.8/site-packages/detectabasura/msg
[44.057s] -- Up-to-date: /home/wheeltec/guali_ws/install/detectabasura/lib/python3.8/site-packages/detectabasura/msg/__init__.py
[44.057s] -- Up-to-date: /home/wheeltec/guali_ws/install/detectabasura/lib/python3.8/site-packages/detectabasura/msg/_six_dof_arm_control_s.c
[44.057s] -- Up-to-date: /home/wheeltec/guali_ws/install/detectabasura/lib/python3.8/site-packages/detectabasura/msg/_six_dof_arm_control.py
[44.058s] -- Up-to-date: /home/wheeltec/guali_ws/install/detectabasura/lib/python3.8/site-packages/detectabasura/detectabasura_s__rosidl_typesupport_fastrtps_c.cpython-38-aarch64-linux-gnu.so
[44.061s] -- Up-to-date: /home/wheeltec/guali_ws/install/detectabasura/lib/python3.8/site-packages/detectabasura/detectabasura_s__rosidl_typesupport_introspection_c.cpython-38-aarch64-linux-gnu.so
[44.064s] -- Up-to-date: /home/wheeltec/guali_ws/install/detectabasura/lib/python3.8/site-packages/detectabasura/detectabasura_s__rosidl_typesupport_c.cpython-38-aarch64-linux-gnu.so
[44.066s] -- Up-to-date: /home/wheeltec/guali_ws/install/detectabasura/lib/libdetectabasura__python.so
[44.067s] -- Up-to-date: /home/wheeltec/guali_ws/install/detectabasura/share/detectabasura/msg/SixDOFArmControl.idl
[44.068s] -- Up-to-date: /home/wheeltec/guali_ws/install/detectabasura/share/detectabasura/msg/SixDOFArmControl.msg
[44.070s] -- Installing: /home/wheeltec/guali_ws/install/detectabasura/lib/detectabasura/video_publisher
[44.073s] -- Set runtime path of "/home/wheeltec/guali_ws/install/detectabasura/lib/detectabasura/video_publisher" to ""
[44.073s] -- Up-to-date: /home/wheeltec/guali_ws/install/detectabasura/share/ament_index/resource_index/package_run_dependencies/detectabasura
[44.074s] -- Up-to-date: /home/wheeltec/guali_ws/install/detectabasura/share/ament_index/resource_index/parent_prefix_path/detectabasura
[44.074s] -- Up-to-date: /home/wheeltec/guali_ws/install/detectabasura/share/detectabasura/environment/ament_prefix_path.sh
[44.075s] -- Up-to-date: /home/wheeltec/guali_ws/install/detectabasura/share/detectabasura/environment/ament_prefix_path.dsv
[44.075s] -- Up-to-date: /home/wheeltec/guali_ws/install/detectabasura/share/detectabasura/environment/path.sh
[44.075s] -- Up-to-date: /home/wheeltec/guali_ws/install/detectabasura/share/detectabasura/environment/path.dsv
[44.076s] -- Up-to-date: /home/wheeltec/guali_ws/install/detectabasura/share/detectabasura/local_setup.bash
[44.076s] -- Up-to-date: /home/wheeltec/guali_ws/install/detectabasura/share/detectabasura/local_setup.sh
[44.077s] -- Up-to-date: /home/wheeltec/guali_ws/install/detectabasura/share/detectabasura/local_setup.zsh
[44.077s] -- Up-to-date: /home/wheeltec/guali_ws/install/detectabasura/share/detectabasura/local_setup.dsv
[44.078s] -- Installing: /home/wheeltec/guali_ws/install/detectabasura/share/detectabasura/package.dsv
[44.078s] -- Up-to-date: /home/wheeltec/guali_ws/install/detectabasura/share/ament_index/resource_index/packages/detectabasura
[44.079s] -- Up-to-date: /home/wheeltec/guali_ws/install/detectabasura/share/detectabasura/cmake/detectabasura__rosidl_generator_cExport.cmake
[44.079s] -- Up-to-date: /home/wheeltec/guali_ws/install/detectabasura/share/detectabasura/cmake/detectabasura__rosidl_generator_cExport-release.cmake
[44.080s] -- Up-to-date: /home/wheeltec/guali_ws/install/detectabasura/share/detectabasura/cmake/detectabasura__rosidl_typesupport_introspection_cExport.cmake
[44.080s] -- Up-to-date: /home/wheeltec/guali_ws/install/detectabasura/share/detectabasura/cmake/detectabasura__rosidl_typesupport_introspection_cExport-release.cmake
[44.081s] -- Up-to-date: /home/wheeltec/guali_ws/install/detectabasura/share/detectabasura/cmake/detectabasura__rosidl_typesupport_cExport.cmake
[44.082s] -- Up-to-date: /home/wheeltec/guali_ws/install/detectabasura/share/detectabasura/cmake/detectabasura__rosidl_typesupport_cExport-release.cmake
[44.083s] -- Up-to-date: /home/wheeltec/guali_ws/install/detectabasura/share/detectabasura/cmake/detectabasura__rosidl_generator_cppExport.cmake
[44.084s] -- Up-to-date: /home/wheeltec/guali_ws/install/detectabasura/share/detectabasura/cmake/detectabasura__rosidl_typesupport_introspection_cppExport.cmake
[44.085s] -- Up-to-date: /home/wheeltec/guali_ws/install/detectabasura/share/detectabasura/cmake/detectabasura__rosidl_typesupport_introspection_cppExport-release.cmake
[44.086s] -- Up-to-date: /home/wheeltec/guali_ws/install/detectabasura/share/detectabasura/cmake/detectabasura__rosidl_typesupport_cppExport.cmake
[44.087s] -- Up-to-date: /home/wheeltec/guali_ws/install/detectabasura/share/detectabasura/cmake/detectabasura__rosidl_typesupport_cppExport-release.cmake
[44.087s] -- Up-to-date: /home/wheeltec/guali_ws/install/detectabasura/share/detectabasura/cmake/rosidl_cmake-extras.cmake
[44.087s] -- Up-to-date: /home/wheeltec/guali_ws/install/detectabasura/share/detectabasura/cmake/ament_cmake_export_dependencies-extras.cmake
[44.088s] -- Up-to-date: /home/wheeltec/guali_ws/install/detectabasura/share/detectabasura/cmake/ament_cmake_export_libraries-extras.cmake
[44.088s] -- Up-to-date: /home/wheeltec/guali_ws/install/detectabasura/share/detectabasura/cmake/ament_cmake_export_targets-extras.cmake
[44.089s] -- Up-to-date: /home/wheeltec/guali_ws/install/detectabasura/share/detectabasura/cmake/ament_cmake_export_include_directories-extras.cmake
[44.089s] -- Up-to-date: /home/wheeltec/guali_ws/install/detectabasura/share/detectabasura/cmake/rosidl_cmake_export_typesupport_libraries-extras.cmake
[44.090s] -- Up-to-date: /home/wheeltec/guali_ws/install/detectabasura/share/detectabasura/cmake/rosidl_cmake_export_typesupport_targets-extras.cmake
[44.090s] -- Up-to-date: /home/wheeltec/guali_ws/install/detectabasura/share/detectabasura/cmake/detectabasuraConfig.cmake
[44.091s] -- Up-to-date: /home/wheeltec/guali_ws/install/detectabasura/share/detectabasura/cmake/detectabasuraConfig-version.cmake
[44.091s] -- Up-to-date: /home/wheeltec/guali_ws/install/detectabasura/share/detectabasura/package.xml
[44.106s] Invoked command in '/home/wheeltec/guali_ws/build/detectabasura' returned '0': CMAKE_PREFIX_PATH=${CMAKE_PREFIX_PATH}:/home/wheeltec/wheeltec_ros2/install/simple_follower_ros2:/home/wheeltec/wheeltec_ros2/install/wheeltec_robot_keyboard:/home/wheeltec/wheeltec_ros2/install/tf2_tools:/home/wheeltec/wheeltec_ros2/install/nav2_simple_commander:/home/wheeltec/wheeltec_ros2/install/nav2_gazebo_spawner:/home/wheeltec/wheeltec_ros2/install/camera_calibration:/opt/ros/galactic /usr/bin/cmake --install /home/wheeltec/guali_ws/build/detectabasura
