[0.000000] (-) TimerEvent: {}
[0.000473] (detectabasura) JobQueued: {'identifier': 'detectabasura', 'dependencies': OrderedDict()}
[0.002039] (detectabasura) JobStarted: {'identifier': 'detectabasura'}
[0.065304] (detectabasura) JobProgress: {'identifier': 'detectabasura', 'progress': 'cmake'}
[0.068633] (detectabasura) JobProgress: {'identifier': 'detectabasura', 'progress': 'build'}
[0.075593] (detectabasura) Command: {'cmd': ['/usr/bin/cmake', '--build', '/home/jetson/guali_ws/build/detectabasura', '--', '-j4', '-l4'], 'cwd': '/home/jetson/guali_ws/build/detectabasura', 'env': OrderedDict([('USER', 'jetson'), ('SSH_CLIENT', '192.168.1.168 33006 22'), ('LC_TIME', 'nl_NL.UTF-8'), ('XDG_SESSION_TYPE', 'tty'), ('SHLVL', '1'), ('LD_LIBRARY_PATH', '/home/jetson/guali_ws/install/detectabasura/lib:/opt/ros/foxy/opt/yaml_cpp_vendor/lib:/opt/ros/foxy/opt/rviz_ogre_vendor/lib:/opt/ros/foxy/lib/aarch64-linux-gnu:/opt/ros/foxy/lib'), ('MOTD_SHOWN', 'pam'), ('HOME', '/home/jetson'), ('OLDPWD', '/home/jetson'), ('ROS_PYTHON_VERSION', '3'), ('LC_MONETARY', 'nl_NL.UTF-8'), ('DBUS_SESSION_BUS_ADDRESS', 'unix:path=/run/user/1000/bus'), ('COLCON_PREFIX_PATH', '/home/jetson/guali_ws/install'), ('ROS_DISTRO', 'foxy'), ('LOGNAME', 'jetson'), ('_', '/usr/bin/colcon'), ('ROS_VERSION', '2'), ('XDG_SESSION_CLASS', 'user'), ('TERM', 'xterm'), ('XDG_SESSION_ID', '18'), ('ROS_LOCALHOST_ONLY', '0'), ('PATH', '/opt/ros/foxy/bin:/usr/local/sbin:/usr/local/bin:/usr/sbin:/usr/bin:/sbin:/bin:/usr/games:/usr/local/games:/snap/bin'), ('LC_ADDRESS', 'nl_NL.UTF-8'), ('XDG_RUNTIME_DIR', '/run/user/1000'), ('LANG', 'en_US.UTF-8'), ('LC_TELEPHONE', 'nl_NL.UTF-8'), ('AMENT_PREFIX_PATH', '/home/jetson/guali_ws/install/detectabasura:/opt/ros/foxy'), ('SHELL', '/bin/bash'), ('LC_NAME', 'nl_NL.UTF-8'), ('LC_MEASUREMENT', 'nl_NL.UTF-8'), ('LC_IDENTIFICATION', 'nl_NL.UTF-8'), ('PWD', '/home/jetson/guali_ws/build/detectabasura'), ('LC_ALL', 'en_US.UTF-8'), ('SSH_CONNECTION', '192.168.1.168 33006 192.168.1.208 22'), ('PYTHONPATH', '/home/jetson/guali_ws/install/detectabasura/lib/python3.8/site-packages:/opt/ros/foxy/lib/python3.8/site-packages'), ('LC_NUMERIC', 'nl_NL.UTF-8'), ('LC_PAPER', 'nl_NL.UTF-8'), ('COLCON', '1'), ('CMAKE_PREFIX_PATH', '/home/jetson/guali_ws/install/detectabasura:/opt/ros/foxy')]), 'shell': False}
[0.098831] (-) TimerEvent: {}
[0.199218] (-) TimerEvent: {}
[0.299595] (-) TimerEvent: {}
[0.400058] (-) TimerEvent: {}
[0.500412] (-) TimerEvent: {}
[0.524105] (detectabasura) StdoutLine: {'line': b'[ 29%] Built target detectabasura__cpp\n'}
[0.575430] (detectabasura) StdoutLine: {'line': b'[ 29%] Built target detectabasura__rosidl_generator_c\n'}
[0.600588] (-) TimerEvent: {}
[0.659064] (detectabasura) StdoutLine: {'line': b'[ 43%] Built target video_publisher_cli\n'}
[0.700762] (-) TimerEvent: {}
[0.724778] (detectabasura) StdoutLine: {'line': b'[ 54%] Built target serialMCU\n'}
[0.764221] (detectabasura) StdoutLine: {'line': b'[ 59%] Built target detectabasura__rosidl_typesupport_cpp\n'}
[0.800951] (-) TimerEvent: {}
[0.856861] (detectabasura) StdoutLine: {'line': b'[ 75%] Built target detectabasura__rosidl_typesupport_introspection_c\n'}
[0.877279] (detectabasura) StdoutLine: {'line': b'[ 75%] Built target video_publisher_usb\n'}
[0.901124] (-) TimerEvent: {}
[0.903175] (detectabasura) StdoutLine: {'line': b'[ 75%] Built target detectabasura__rosidl_typesupport_introspection_cpp\n'}
[0.921143] (detectabasura) StdoutLine: {'line': b'[ 75%] Built target detectabasura__rosidl_typesupport_fastrtps_cpp\n'}
[0.947040] (detectabasura) StdoutLine: {'line': b'[ 75%] Built target detectabasura__rosidl_typesupport_c\n'}
[1.001287] (-) TimerEvent: {}
[1.033009] (detectabasura) StdoutLine: {'line': b'[ 78%] Built target detectabasura__rosidl_typesupport_fastrtps_c\n'}
[1.101694] (-) TimerEvent: {}
[1.116189] (detectabasura) StdoutLine: {'line': b'[ 78%] Built target detectabasura\n'}
[1.201863] (-) TimerEvent: {}
[1.230836] (detectabasura) StdoutLine: {'line': b'[ 83%] Built target detectabasura__py\n'}
[1.302055] (-) TimerEvent: {}
[1.384021] (detectabasura) StdoutLine: {'line': b'Built target detectabasura__python\n'}
[1.402235] (-) TimerEvent: {}
[1.499671] (detectabasura) StdoutLine: {'line': b'Built target detectabasura__rosidl_typesupport_introspection_c__pyext\n'}
[1.502401] (-) TimerEvent: {}
[1.523064] (detectabasura) StdoutLine: {'line': b'Built target detectabasura__rosidl_typesupport_c__pyext\n'}
[1.523729] (detectabasura) StdoutLine: {'line': b'Built target detectabasura__rosidl_typesupport_fastrtps_c__pyext\n'}
[1.562796] (detectabasura) CommandEnded: {'returncode': 0}
[1.602632] (-) TimerEvent: {}
[1.703147] (-) TimerEvent: {}
[1.792595] (detectabasura) JobProgress: {'identifier': 'detectabasura', 'progress': 'install'}
[1.803417] (-) TimerEvent: {}
[1.839288] (detectabasura) Command: {'cmd': ['/usr/bin/cmake', '--install', '/home/jetson/guali_ws/build/detectabasura'], 'cwd': '/home/jetson/guali_ws/build/detectabasura', 'env': OrderedDict([('USER', 'jetson'), ('SSH_CLIENT', '192.168.1.168 33006 22'), ('LC_TIME', 'nl_NL.UTF-8'), ('XDG_SESSION_TYPE', 'tty'), ('SHLVL', '1'), ('LD_LIBRARY_PATH', '/home/jetson/guali_ws/install/detectabasura/lib:/opt/ros/foxy/opt/yaml_cpp_vendor/lib:/opt/ros/foxy/opt/rviz_ogre_vendor/lib:/opt/ros/foxy/lib/aarch64-linux-gnu:/opt/ros/foxy/lib'), ('MOTD_SHOWN', 'pam'), ('HOME', '/home/jetson'), ('OLDPWD', '/home/jetson'), ('ROS_PYTHON_VERSION', '3'), ('LC_MONETARY', 'nl_NL.UTF-8'), ('DBUS_SESSION_BUS_ADDRESS', 'unix:path=/run/user/1000/bus'), ('COLCON_PREFIX_PATH', '/home/jetson/guali_ws/install'), ('ROS_DISTRO', 'foxy'), ('LOGNAME', 'jetson'), ('_', '/usr/bin/colcon'), ('ROS_VERSION', '2'), ('XDG_SESSION_CLASS', 'user'), ('TERM', 'xterm'), ('XDG_SESSION_ID', '18'), ('ROS_LOCALHOST_ONLY', '0'), ('PATH', '/opt/ros/foxy/bin:/usr/local/sbin:/usr/local/bin:/usr/sbin:/usr/bin:/sbin:/bin:/usr/games:/usr/local/games:/snap/bin'), ('LC_ADDRESS', 'nl_NL.UTF-8'), ('XDG_RUNTIME_DIR', '/run/user/1000'), ('LANG', 'en_US.UTF-8'), ('LC_TELEPHONE', 'nl_NL.UTF-8'), ('AMENT_PREFIX_PATH', '/home/jetson/guali_ws/install/detectabasura:/opt/ros/foxy'), ('SHELL', '/bin/bash'), ('LC_NAME', 'nl_NL.UTF-8'), ('LC_MEASUREMENT', 'nl_NL.UTF-8'), ('LC_IDENTIFICATION', 'nl_NL.UTF-8'), ('PWD', '/home/jetson/guali_ws/build/detectabasura'), ('LC_ALL', 'en_US.UTF-8'), ('SSH_CONNECTION', '192.168.1.168 33006 192.168.1.208 22'), ('PYTHONPATH', '/home/jetson/guali_ws/install/detectabasura/lib/python3.8/site-packages:/opt/ros/foxy/lib/python3.8/site-packages'), ('LC_NUMERIC', 'nl_NL.UTF-8'), ('LC_PAPER', 'nl_NL.UTF-8'), ('COLCON', '1'), ('CMAKE_PREFIX_PATH', '/home/jetson/guali_ws/install/detectabasura:/opt/ros/foxy')]), 'shell': False}
[1.876709] (detectabasura) StdoutLine: {'line': b'-- Install configuration: "Release"\n'}
[1.877674] (detectabasura) StdoutLine: {'line': b'-- Up-to-date: /home/jetson/guali_ws/install/detectabasura/share/ament_index/resource_index/rosidl_interfaces/detectabasura\n'}
[1.883595] (detectabasura) StdoutLine: {'line': b'-- Up-to-date: /home/jetson/guali_ws/install/detectabasura/include/detectabasura\n'}
[1.884923] (detectabasura) StdoutLine: {'line': b'-- Up-to-date: /home/jetson/guali_ws/install/detectabasura/include/detectabasura/msg\n'}
[1.885424] (detectabasura) StdoutLine: {'line': b'-- Up-to-date: /home/jetson/guali_ws/install/detectabasura/include/detectabasura/msg/detail\n'}
[1.885877] (detectabasura) StdoutLine: {'line': b'-- Up-to-date: /home/jetson/guali_ws/install/detectabasura/include/detectabasura/msg/detail/six_dof_arm_control__functions.c\n'}
[1.886342] (detectabasura) StdoutLine: {'line': b'-- Up-to-date: /home/jetson/guali_ws/install/detectabasura/include/detectabasura/msg/detail/six_dof_arm_control__struct.h\n'}
[1.886785] (detectabasura) StdoutLine: {'line': b'-- Up-to-date: /home/jetson/guali_ws/install/detectabasura/include/detectabasura/msg/detail/six_dof_arm_control__type_support.h\n'}
[1.887236] (detectabasura) StdoutLine: {'line': b'-- Up-to-date: /home/jetson/guali_ws/install/detectabasura/include/detectabasura/msg/detail/six_dof_arm_control__functions.h\n'}
[1.887668] (detectabasura) StdoutLine: {'line': b'-- Up-to-date: /home/jetson/guali_ws/install/detectabasura/include/detectabasura/msg/rosidl_generator_c__visibility_control.h\n'}
[1.889181] (detectabasura) StdoutLine: {'line': b'-- Up-to-date: /home/jetson/guali_ws/install/detectabasura/include/detectabasura/msg/six_dof_arm_control.h\n'}
[1.889909] (detectabasura) StdoutLine: {'line': b'-- Up-to-date: /home/jetson/guali_ws/install/detectabasura/share/detectabasura/environment/library_path.sh\n'}
[1.891002] (detectabasura) StdoutLine: {'line': b'-- Up-to-date: /home/jetson/guali_ws/install/detectabasura/share/detectabasura/environment/library_path.dsv\n'}
[1.892269] (detectabasura) StdoutLine: {'line': b'-- Up-to-date: /home/jetson/guali_ws/install/detectabasura/lib/libdetectabasura__rosidl_generator_c.so\n'}
[1.894253] (detectabasura) StdoutLine: {'line': b'-- Up-to-date: /home/jetson/guali_ws/install/detectabasura/include/detectabasura\n'}
[1.894896] (detectabasura) StdoutLine: {'line': b'-- Up-to-date: /home/jetson/guali_ws/install/detectabasura/include/detectabasura/msg\n'}
[1.896019] (detectabasura) StdoutLine: {'line': b'-- Up-to-date: /home/jetson/guali_ws/install/detectabasura/include/detectabasura/msg/detail\n'}
[1.896963] (detectabasura) StdoutLine: {'line': b'-- Up-to-date: /home/jetson/guali_ws/install/detectabasura/include/detectabasura/msg/detail/six_dof_arm_control__rosidl_typesupport_fastrtps_c.h\n'}
[1.897441] (detectabasura) StdoutLine: {'line': b'-- Up-to-date: /home/jetson/guali_ws/install/detectabasura/include/detectabasura/msg/rosidl_typesupport_fastrtps_c__visibility_control.h\n'}
[1.897875] (detectabasura) StdoutLine: {'line': b'-- Up-to-date: /home/jetson/guali_ws/install/detectabasura/lib/libdetectabasura__rosidl_typesupport_fastrtps_c.so\n'}
[1.898317] (detectabasura) StdoutLine: {'line': b'-- Up-to-date: /home/jetson/guali_ws/install/detectabasura/include/detectabasura\n'}
[1.898754] (detectabasura) StdoutLine: {'line': b'-- Up-to-date: /home/jetson/guali_ws/install/detectabasura/include/detectabasura/msg\n'}
[1.899291] (detectabasura) StdoutLine: {'line': b'-- Up-to-date: /home/jetson/guali_ws/install/detectabasura/include/detectabasura/msg/detail\n'}
[1.899762] (detectabasura) StdoutLine: {'line': b'-- Up-to-date: /home/jetson/guali_ws/install/detectabasura/include/detectabasura/msg/detail/six_dof_arm_control__rosidl_typesupport_fastrtps_cpp.hpp\n'}
[1.900324] (detectabasura) StdoutLine: {'line': b'-- Up-to-date: /home/jetson/guali_ws/install/detectabasura/include/detectabasura/msg/detail/dds_fastrtps\n'}
[1.900787] (detectabasura) StdoutLine: {'line': b'-- Up-to-date: /home/jetson/guali_ws/install/detectabasura/include/detectabasura/msg/rosidl_typesupport_fastrtps_cpp__visibility_control.h\n'}
[1.901238] (detectabasura) StdoutLine: {'line': b'-- Up-to-date: /home/jetson/guali_ws/install/detectabasura/lib/libdetectabasura__rosidl_typesupport_fastrtps_cpp.so\n'}
[1.901720] (detectabasura) StdoutLine: {'line': b'-- Up-to-date: /home/jetson/guali_ws/install/detectabasura/include/detectabasura\n'}
[1.902155] (detectabasura) StdoutLine: {'line': b'-- Up-to-date: /home/jetson/guali_ws/install/detectabasura/include/detectabasura/msg\n'}
[1.902573] (detectabasura) StdoutLine: {'line': b'-- Up-to-date: /home/jetson/guali_ws/install/detectabasura/include/detectabasura/msg/detail\n'}
[1.902994] (detectabasura) StdoutLine: {'line': b'-- Up-to-date: /home/jetson/guali_ws/install/detectabasura/include/detectabasura/msg/detail/six_dof_arm_control__type_support.c\n'}
[1.903435] (-) TimerEvent: {}
[1.903550] (detectabasura) StdoutLine: {'line': b'-- Up-to-date: /home/jetson/guali_ws/install/detectabasura/include/detectabasura/msg/detail/six_dof_arm_control__rosidl_typesupport_introspection_c.h\n'}
[1.904471] (detectabasura) StdoutLine: {'line': b'-- Up-to-date: /home/jetson/guali_ws/install/detectabasura/include/detectabasura/msg/rosidl_typesupport_introspection_c__visibility_control.h\n'}
[1.904982] (detectabasura) StdoutLine: {'line': b'-- Up-to-date: /home/jetson/guali_ws/install/detectabasura/lib/libdetectabasura__rosidl_typesupport_introspection_c.so\n'}
[1.905455] (detectabasura) StdoutLine: {'line': b'-- Up-to-date: /home/jetson/guali_ws/install/detectabasura/lib/libdetectabasura__rosidl_typesupport_c.so\n'}
[1.906335] (detectabasura) StdoutLine: {'line': b'-- Up-to-date: /home/jetson/guali_ws/install/detectabasura/include/detectabasura\n'}
[1.906782] (detectabasura) StdoutLine: {'line': b'-- Up-to-date: /home/jetson/guali_ws/install/detectabasura/include/detectabasura/msg\n'}
[1.907671] (detectabasura) StdoutLine: {'line': b'-- Up-to-date: /home/jetson/guali_ws/install/detectabasura/include/detectabasura/msg/detail\n'}
[1.908264] (detectabasura) StdoutLine: {'line': b'-- Up-to-date: /home/jetson/guali_ws/install/detectabasura/include/detectabasura/msg/detail/six_dof_arm_control__struct.hpp\n'}
[1.908885] (detectabasura) StdoutLine: {'line': b'-- Up-to-date: /home/jetson/guali_ws/install/detectabasura/include/detectabasura/msg/detail/six_dof_arm_control__type_support.hpp\n'}
[1.909290] (detectabasura) StdoutLine: {'line': b'-- Up-to-date: /home/jetson/guali_ws/install/detectabasura/include/detectabasura/msg/detail/six_dof_arm_control__traits.hpp\n'}
[1.909658] (detectabasura) StdoutLine: {'line': b'-- Up-to-date: /home/jetson/guali_ws/install/detectabasura/include/detectabasura/msg/detail/six_dof_arm_control__builder.hpp\n'}
[1.910001] (detectabasura) StdoutLine: {'line': b'-- Up-to-date: /home/jetson/guali_ws/install/detectabasura/include/detectabasura/msg/six_dof_arm_control.hpp\n'}
[1.910365] (detectabasura) StdoutLine: {'line': b'-- Up-to-date: /home/jetson/guali_ws/install/detectabasura/include/detectabasura/msg/rosidl_generator_cpp__visibility_control.hpp\n'}
[1.910745] (detectabasura) StdoutLine: {'line': b'-- Up-to-date: /home/jetson/guali_ws/install/detectabasura/include/detectabasura\n'}
[1.911116] (detectabasura) StdoutLine: {'line': b'-- Up-to-date: /home/jetson/guali_ws/install/detectabasura/include/detectabasura/msg\n'}
[1.911488] (detectabasura) StdoutLine: {'line': b'-- Up-to-date: /home/jetson/guali_ws/install/detectabasura/include/detectabasura/msg/detail\n'}
[1.911876] (detectabasura) StdoutLine: {'line': b'-- Up-to-date: /home/jetson/guali_ws/install/detectabasura/include/detectabasura/msg/detail/six_dof_arm_control__rosidl_typesupport_introspection_cpp.hpp\n'}
[1.912230] (detectabasura) StdoutLine: {'line': b'-- Up-to-date: /home/jetson/guali_ws/install/detectabasura/include/detectabasura/msg/detail/six_dof_arm_control__type_support.cpp\n'}
[1.912552] (detectabasura) StdoutLine: {'line': b'-- Up-to-date: /home/jetson/guali_ws/install/detectabasura/lib/libdetectabasura__rosidl_typesupport_introspection_cpp.so\n'}
[1.912881] (detectabasura) StdoutLine: {'line': b'-- Up-to-date: /home/jetson/guali_ws/install/detectabasura/lib/libdetectabasura__rosidl_typesupport_cpp.so\n'}
[1.913220] (detectabasura) StdoutLine: {'line': b'-- Up-to-date: /home/jetson/guali_ws/install/detectabasura/share/detectabasura/environment/pythonpath.sh\n'}
[1.913543] (detectabasura) StdoutLine: {'line': b'-- Up-to-date: /home/jetson/guali_ws/install/detectabasura/share/detectabasura/environment/pythonpath.dsv\n'}
[1.913856] (detectabasura) StdoutLine: {'line': b'-- Up-to-date: /home/jetson/guali_ws/install/detectabasura/lib/python3.8/site-packages/detectabasura/__init__.py\n'}
[2.003615] (-) TimerEvent: {}
[2.050659] (detectabasura) StdoutLine: {'line': b'-- Up-to-date: /home/jetson/guali_ws/install/detectabasura/lib/python3.8/site-packages/detectabasura/msg\n'}
[2.051219] (detectabasura) StdoutLine: {'line': b'-- Up-to-date: /home/jetson/guali_ws/install/detectabasura/lib/python3.8/site-packages/detectabasura/msg/_six_dof_arm_control_s.c\n'}
[2.051641] (detectabasura) StdoutLine: {'line': b'-- Up-to-date: /home/jetson/guali_ws/install/detectabasura/lib/python3.8/site-packages/detectabasura/msg/_six_dof_arm_control.py\n'}
[2.052214] (detectabasura) StdoutLine: {'line': b'-- Up-to-date: /home/jetson/guali_ws/install/detectabasura/lib/python3.8/site-packages/detectabasura/msg/__init__.py\n'}
[2.052997] (detectabasura) StdoutLine: {'line': b'-- Up-to-date: /home/jetson/guali_ws/install/detectabasura/lib/python3.8/site-packages/detectabasura/detectabasura_s__rosidl_typesupport_fastrtps_c.cpython-38-aarch64-linux-gnu.so\n'}
[2.053961] (detectabasura) StdoutLine: {'line': b'-- Up-to-date: /home/jetson/guali_ws/install/detectabasura/lib/python3.8/site-packages/detectabasura/detectabasura_s__rosidl_typesupport_introspection_c.cpython-38-aarch64-linux-gnu.so\n'}
[2.055998] (detectabasura) StdoutLine: {'line': b'-- Up-to-date: /home/jetson/guali_ws/install/detectabasura/lib/python3.8/site-packages/detectabasura/detectabasura_s__rosidl_typesupport_c.cpython-38-aarch64-linux-gnu.so\n'}
[2.058764] (detectabasura) StdoutLine: {'line': b'-- Up-to-date: /home/jetson/guali_ws/install/detectabasura/lib/libdetectabasura__python.so\n'}
[2.059277] (detectabasura) StdoutLine: {'line': b'-- Up-to-date: /home/jetson/guali_ws/install/detectabasura/share/detectabasura/msg/SixDOFArmControl.idl\n'}
[2.059640] (detectabasura) StdoutLine: {'line': b'-- Up-to-date: /home/jetson/guali_ws/install/detectabasura/share/detectabasura/msg/SixDOFArmControl.msg\n'}
[2.060410] (detectabasura) StdoutLine: {'line': b'-- Up-to-date: /home/jetson/guali_ws/install/detectabasura/lib/detectabasura/video_publisher_cli\n'}
[2.061068] (detectabasura) StdoutLine: {'line': b'-- Up-to-date: /home/jetson/guali_ws/install/detectabasura/lib/detectabasura/video_publisher_usb\n'}
[2.062419] (detectabasura) StdoutLine: {'line': b'-- Up-to-date: /home/jetson/guali_ws/install/detectabasura/lib/detectabasura/serialMCU\n'}
[2.063172] (detectabasura) StdoutLine: {'line': b'-- Up-to-date: /home/jetson/guali_ws/install/detectabasura/share/ament_index/resource_index/package_run_dependencies/detectabasura\n'}
[2.064273] (detectabasura) StdoutLine: {'line': b'-- Up-to-date: /home/jetson/guali_ws/install/detectabasura/share/ament_index/resource_index/parent_prefix_path/detectabasura\n'}
[2.066242] (detectabasura) StdoutLine: {'line': b'-- Up-to-date: /home/jetson/guali_ws/install/detectabasura/share/detectabasura/environment/ament_prefix_path.sh\n'}
[2.067899] (detectabasura) StdoutLine: {'line': b'-- Up-to-date: /home/jetson/guali_ws/install/detectabasura/share/detectabasura/environment/ament_prefix_path.dsv\n'}
[2.068838] (detectabasura) StdoutLine: {'line': b'-- Up-to-date: /home/jetson/guali_ws/install/detectabasura/share/detectabasura/environment/path.sh\n'}
[2.069787] (detectabasura) StdoutLine: {'line': b'-- Up-to-date: /home/jetson/guali_ws/install/detectabasura/share/detectabasura/environment/path.dsv\n'}
[2.071036] (detectabasura) StdoutLine: {'line': b'-- Up-to-date: /home/jetson/guali_ws/install/detectabasura/share/detectabasura/local_setup.bash\n'}
[2.072016] (detectabasura) StdoutLine: {'line': b'-- Up-to-date: /home/jetson/guali_ws/install/detectabasura/share/detectabasura/local_setup.sh\n'}
[2.072806] (detectabasura) StdoutLine: {'line': b'-- Up-to-date: /home/jetson/guali_ws/install/detectabasura/share/detectabasura/local_setup.zsh\n'}
[2.073711] (detectabasura) StdoutLine: {'line': b'-- Up-to-date: /home/jetson/guali_ws/install/detectabasura/share/detectabasura/local_setup.dsv\n'}
[2.074161] (detectabasura) StdoutLine: {'line': b'-- Up-to-date: /home/jetson/guali_ws/install/detectabasura/share/detectabasura/package.dsv\n'}
[2.074984] (detectabasura) StdoutLine: {'line': b'-- Up-to-date: /home/jetson/guali_ws/install/detectabasura/share/ament_index/resource_index/packages/detectabasura\n'}
[2.075756] (detectabasura) StdoutLine: {'line': b'-- Up-to-date: /home/jetson/guali_ws/install/detectabasura/share/detectabasura/cmake/detectabasura__rosidl_generator_cExport.cmake\n'}
[2.076463] (detectabasura) StdoutLine: {'line': b'-- Up-to-date: /home/jetson/guali_ws/install/detectabasura/share/detectabasura/cmake/detectabasura__rosidl_generator_cExport-release.cmake\n'}
[2.077108] (detectabasura) StdoutLine: {'line': b'-- Up-to-date: /home/jetson/guali_ws/install/detectabasura/share/detectabasura/cmake/detectabasura__rosidl_typesupport_introspection_cExport.cmake\n'}
[2.077784] (detectabasura) StdoutLine: {'line': b'-- Up-to-date: /home/jetson/guali_ws/install/detectabasura/share/detectabasura/cmake/detectabasura__rosidl_typesupport_introspection_cExport-release.cmake\n'}
[2.078521] (detectabasura) StdoutLine: {'line': b'-- Up-to-date: /home/jetson/guali_ws/install/detectabasura/share/detectabasura/cmake/detectabasura__rosidl_typesupport_cExport.cmake\n'}
[2.079150] (detectabasura) StdoutLine: {'line': b'-- Up-to-date: /home/jetson/guali_ws/install/detectabasura/share/detectabasura/cmake/detectabasura__rosidl_typesupport_cExport-release.cmake\n'}
[2.080044] (detectabasura) StdoutLine: {'line': b'-- Up-to-date: /home/jetson/guali_ws/install/detectabasura/share/detectabasura/cmake/detectabasura__rosidl_generator_cppExport.cmake\n'}
[2.080733] (detectabasura) StdoutLine: {'line': b'-- Up-to-date: /home/jetson/guali_ws/install/detectabasura/share/detectabasura/cmake/detectabasura__rosidl_typesupport_introspection_cppExport.cmake\n'}
[2.081423] (detectabasura) StdoutLine: {'line': b'-- Up-to-date: /home/jetson/guali_ws/install/detectabasura/share/detectabasura/cmake/detectabasura__rosidl_typesupport_introspection_cppExport-release.cmake\n'}
[2.082480] (detectabasura) StdoutLine: {'line': b'-- Up-to-date: /home/jetson/guali_ws/install/detectabasura/share/detectabasura/cmake/detectabasura__rosidl_typesupport_cppExport.cmake\n'}
[2.083476] (detectabasura) StdoutLine: {'line': b'-- Up-to-date: /home/jetson/guali_ws/install/detectabasura/share/detectabasura/cmake/detectabasura__rosidl_typesupport_cppExport-release.cmake\n'}
[2.084617] (detectabasura) StdoutLine: {'line': b'-- Up-to-date: /home/jetson/guali_ws/install/detectabasura/share/detectabasura/cmake/rosidl_cmake-extras.cmake\n'}
[2.085831] (detectabasura) StdoutLine: {'line': b'-- Up-to-date: /home/jetson/guali_ws/install/detectabasura/share/detectabasura/cmake/ament_cmake_export_dependencies-extras.cmake\n'}
[2.087234] (detectabasura) StdoutLine: {'line': b'-- Up-to-date: /home/jetson/guali_ws/install/detectabasura/share/detectabasura/cmake/ament_cmake_export_libraries-extras.cmake\n'}
[2.087653] (detectabasura) StdoutLine: {'line': b'-- Up-to-date: /home/jetson/guali_ws/install/detectabasura/share/detectabasura/cmake/ament_cmake_export_targets-extras.cmake\n'}
[2.088499] (detectabasura) StdoutLine: {'line': b'-- Up-to-date: /home/jetson/guali_ws/install/detectabasura/share/detectabasura/cmake/ament_cmake_export_include_directories-extras.cmake\n'}
[2.088965] (detectabasura) StdoutLine: {'line': b'-- Up-to-date: /home/jetson/guali_ws/install/detectabasura/share/detectabasura/cmake/rosidl_cmake_export_typesupport_libraries-extras.cmake\n'}
[2.089376] (detectabasura) StdoutLine: {'line': b'-- Up-to-date: /home/jetson/guali_ws/install/detectabasura/share/detectabasura/cmake/rosidl_cmake_export_typesupport_targets-extras.cmake\n'}
[2.089820] (detectabasura) StdoutLine: {'line': b'-- Up-to-date: /home/jetson/guali_ws/install/detectabasura/share/detectabasura/cmake/detectabasuraConfig.cmake\n'}
[2.090248] (detectabasura) StdoutLine: {'line': b'-- Up-to-date: /home/jetson/guali_ws/install/detectabasura/share/detectabasura/cmake/detectabasuraConfig-version.cmake\n'}
[2.090781] (detectabasura) StdoutLine: {'line': b'-- Up-to-date: /home/jetson/guali_ws/install/detectabasura/share/detectabasura/package.xml\n'}
[2.094968] (detectabasura) CommandEnded: {'returncode': 0}
[2.103780] (-) TimerEvent: {}
[2.205325] (-) TimerEvent: {}
[2.305787] (-) TimerEvent: {}
[2.407053] (-) TimerEvent: {}
[2.507623] (-) TimerEvent: {}
[2.546563] (detectabasura) JobEnded: {'identifier': 'detectabasura', 'rc': 0}
[2.551063] (-) EventReactorShutdown: {}
