-- The C compiler identification is GNU 8.4.0
-- The CXX compiler identification is GNU 8.4.0
-- Check for working C compiler: /usr/bin/cc
-- Check for working C compiler: /usr/bin/cc -- works
-- Detecting C compiler ABI info
-- Detecting C compiler ABI info - done
-- Detecting C compile features
-- Detecting C compile features - done
-- Check for working CXX compiler: /usr/bin/c++
-- Check for working CXX compiler: /usr/bin/c++ -- works
-- Detecting CXX compiler ABI info
-- Detecting CXX compiler ABI info - done
-- Detecting CXX compile features
-- Detecting CXX compile features - done
-- Found ament_cmake: 0.9.12 (/opt/ros/foxy/share/ament_cmake/cmake)
-- Found PythonInterp: /usr/bin/python3 (found suitable version "3.8.10", minimum required is "3") 
-- Using PYTHON_EXECUTABLE: /usr/bin/python3
-- Found rclcpp: 2.4.3 (/opt/ros/foxy/share/rclcpp/cmake)
-- Using all available rosidl_typesupport_c: rosidl_typesupport_fastrtps_c;rosidl_typesupport_introspection_c
-- Found rosidl_adapter: 1.3.1 (/opt/ros/foxy/share/rosidl_adapter/cmake)
-- Found OpenSSL: /usr/lib/aarch64-linux-gnu/libcrypto.so (found version "1.1.1f")  
-- Found FastRTPS: /opt/ros/foxy/include  
-- Using all available rosidl_typesupport_cpp: rosidl_typesupport_fastrtps_cpp;rosidl_typesupport_introspection_cpp
-- Found rmw_implementation_cmake: 1.0.4 (/opt/ros/foxy/share/rmw_implementation_cmake/cmake)
-- Using RMW implementation 'rmw_fastrtps_cpp' as default
-- Looking for pthread.h
-- Looking for pthread.h - found
-- Performing Test CMAKE_HAVE_LIBC_PTHREAD
-- Performing Test CMAKE_HAVE_LIBC_PTHREAD - Failed
-- Looking for pthread_create in pthreads
-- Looking for pthread_create in pthreads - not found
-- Looking for pthread_create in pthread
-- Looking for pthread_create in pthread - found
-- Found Threads: TRUE  
-- Found sensor_msgs: 2.0.5 (/opt/ros/foxy/share/sensor_msgs/cmake)
-- Found cv_bridge: 3.0.7 (/opt/ros/foxy/share/cv_bridge/cmake)
-- Found CUDA: /usr/local/cuda (found suitable exact version "10.2") 
-- Found rosidl_default_generators: 1.0.1 (/opt/ros/foxy/share/rosidl_default_generators/cmake)
-- Found OpenCV: /usr (found suitable version "4.6.0", minimum required is "4.2") 
-- Found PythonInterp: /usr/bin/python3 (found version "3.8.10") 
-- Found ament_cmake_ros: 0.9.2 (/opt/ros/foxy/share/ament_cmake_ros/cmake)
-- Using all available rosidl_typesupport_c: rosidl_typesupport_fastrtps_c;rosidl_typesupport_introspection_c
-- Using all available rosidl_typesupport_cpp: rosidl_typesupport_fastrtps_cpp;rosidl_typesupport_introspection_cpp
-- Found PythonInterp: /usr/bin/python3 (found suitable version "3.8.10", minimum required is "3.5") 
-- Found python_cmake_module: 0.8.1 (/opt/ros/foxy/share/python_cmake_module/cmake)
-- Found PythonLibs: /usr/lib/aarch64-linux-gnu/libpython3.8.so (found suitable version "3.8.10", minimum required is "3.5") 
-- Using PYTHON_EXECUTABLE: /usr/bin/python3
-- Using PYTHON_INCLUDE_DIRS: /usr/include/python3.8
-- Using PYTHON_LIBRARIES: /usr/lib/aarch64-linux-gnu/libpython3.8.so
-- Found PythonExtra: .so  
-- Configuring done
-- Generating done
-- Build files have been written to: /home/jetson/guali_ws/build/detectabasura
[  2%] [34m[1mGenerating C code for ROS interfaces[0m
[35m[1mScanning dependencies of target video_publisher[0m
[35m[1mScanning dependencies of target detectabasura__cpp[0m
[35m[1mScanning dependencies of target video_publisher_usb[0m
[  5%] [34m[1mGenerating C++ code for ROS interfaces[0m
[  8%] [32mBuilding CXX object CMakeFiles/video_publisher_usb.dir/src/video_publisher_usb.cpp.o[0m
[ 11%] [32mBuilding CXX object CMakeFiles/video_publisher.dir/src/video_publisher.cpp.o[0m
[ 11%] Built target detectabasura__cpp
[ 14%] [34m[1mGenerating C++ type support dispatch for ROS interfaces[0m
[35m[1mScanning dependencies of target detectabasura__rosidl_generator_c[0m
[ 17%] [32mBuilding C object CMakeFiles/detectabasura__rosidl_generator_c.dir/rosidl_generator_c/detectabasura/msg/detail/six_dof_arm_control__functions.c.o[0m
[ 20%] [32m[1mLinking C shared library libdetectabasura__rosidl_generator_c.so[0m
[ 20%] Built target detectabasura__rosidl_generator_c
[ 22%] [34m[1mGenerating C++ type support for eProsima Fast-RTPS[0m
[35m[1mScanning dependencies of target detectabasura__rosidl_typesupport_cpp[0m
[ 25%] [32mBuilding CXX object CMakeFiles/detectabasura__rosidl_typesupport_cpp.dir/rosidl_typesupport_cpp/detectabasura/msg/six_dof_arm_control__type_support.cpp.o[0m
[ 28%] [32m[1mLinking CXX shared library libdetectabasura__rosidl_typesupport_cpp.so[0m
[35m[1mScanning dependencies of target detectabasura__rosidl_typesupport_fastrtps_cpp[0m
[ 28%] Built target detectabasura__rosidl_typesupport_cpp
[ 31%] [34m[1mGenerating C introspection for ROS interfaces[0m
[ 34%] [32mBuilding CXX object CMakeFiles/detectabasura__rosidl_typesupport_fastrtps_cpp.dir/rosidl_typesupport_fastrtps_cpp/detectabasura/msg/detail/dds_fastrtps/six_dof_arm_control__type_support.cpp.o[0m
[35m[1mScanning dependencies of target detectabasura__rosidl_typesupport_introspection_c[0m
[ 37%] [32mBuilding C object CMakeFiles/detectabasura__rosidl_typesupport_introspection_c.dir/rosidl_typesupport_introspection_c/detectabasura/msg/detail/six_dof_arm_control__type_support.c.o[0m
[ 40%] [32m[1mLinking C shared library libdetectabasura__rosidl_typesupport_introspection_c.so[0m
[ 40%] Built target detectabasura__rosidl_typesupport_introspection_c
[ 42%] [32m[1mLinking CXX shared library libdetectabasura__rosidl_typesupport_fastrtps_cpp.so[0m
[ 45%] [34m[1mGenerating C++ introspection for ROS interfaces[0m
[ 45%] Built target detectabasura__rosidl_typesupport_fastrtps_cpp
[ 48%] [34m[1mGenerating C type support dispatch for ROS interfaces[0m
[35m[1mScanning dependencies of target detectabasura__rosidl_typesupport_introspection_cpp[0m
[35m[1mScanning dependencies of target detectabasura__rosidl_typesupport_c[0m
[ 51%] [32mBuilding CXX object CMakeFiles/detectabasura__rosidl_typesupport_introspection_cpp.dir/rosidl_typesupport_introspection_cpp/detectabasura/msg/detail/six_dof_arm_control__type_support.cpp.o[0m
[ 54%] [32mBuilding CXX object CMakeFiles/detectabasura__rosidl_typesupport_c.dir/rosidl_typesupport_c/detectabasura/msg/six_dof_arm_control__type_support.cpp.o[0m
[ 57%] [32m[1mLinking CXX shared library libdetectabasura__rosidl_typesupport_c.so[0m
[ 57%] Built target detectabasura__rosidl_typesupport_c
[ 60%] [34m[1mGenerating C type support for eProsima Fast-RTPS[0m
[ 62%] [32m[1mLinking CXX shared library libdetectabasura__rosidl_typesupport_introspection_cpp.so[0m
[ 62%] Built target detectabasura__rosidl_typesupport_introspection_cpp
[35m[1mScanning dependencies of target detectabasura__rosidl_typesupport_fastrtps_c[0m
[ 65%] [32mBuilding CXX object CMakeFiles/detectabasura__rosidl_typesupport_fastrtps_c.dir/rosidl_typesupport_fastrtps_c/detectabasura/msg/detail/six_dof_arm_control__type_support_c.cpp.o[0m
[ 68%] [32m[1mLinking CXX shared library libdetectabasura__rosidl_typesupport_fastrtps_c.so[0m
[ 68%] Built target detectabasura__rosidl_typesupport_fastrtps_c
[35m[1mScanning dependencies of target detectabasura[0m
[ 68%] Built target detectabasura
[35m[1mScanning dependencies of target detectabasura__py[0m
[ 71%] [34m[1mGenerating Python code for ROS interfaces[0m
[ 71%] Built target detectabasura__py
[35m[1mScanning dependencies of target detectabasura__python[0m
[ 74%] [32mBuilding C object CMakeFiles/detectabasura__python.dir/rosidl_generator_py/detectabasura/msg/_six_dof_arm_control_s.c.o[0m
[ 77%] [32m[1mLinking C shared library rosidl_generator_py/detectabasura/libdetectabasura__python.so[0m
[ 77%] Built target detectabasura__python
[35m[1mScanning dependencies of target detectabasura__rosidl_typesupport_introspection_c__pyext[0m
[35m[1mScanning dependencies of target detectabasura__rosidl_typesupport_fastrtps_c__pyext[0m
[ 80%] [32mBuilding C object CMakeFiles/detectabasura__rosidl_typesupport_fastrtps_c__pyext.dir/rosidl_generator_py/detectabasura/_detectabasura_s.ep.rosidl_typesupport_fastrtps_c.c.o[0m
[ 82%] [32mBuilding C object CMakeFiles/detectabasura__rosidl_typesupport_introspection_c__pyext.dir/rosidl_generator_py/detectabasura/_detectabasura_s.ep.rosidl_typesupport_introspection_c.c.o[0m
[ 85%] [32m[1mLinking CXX shared library rosidl_generator_py/detectabasura/detectabasura_s__rosidl_typesupport_fastrtps_c.cpython-38-aarch64-linux-gnu.so[0m
[ 88%] [32m[1mLinking C shared library rosidl_generator_py/detectabasura/detectabasura_s__rosidl_typesupport_introspection_c.cpython-38-aarch64-linux-gnu.so[0m
[ 88%] Built target detectabasura__rosidl_typesupport_introspection_c__pyext
[ 88%] Built target detectabasura__rosidl_typesupport_fastrtps_c__pyext
[35m[1mScanning dependencies of target detectabasura__rosidl_typesupport_c__pyext[0m
[ 91%] [32mBuilding C object CMakeFiles/detectabasura__rosidl_typesupport_c__pyext.dir/rosidl_generator_py/detectabasura/_detectabasura_s.ep.rosidl_typesupport_c.c.o[0m
[ 94%] [32m[1mLinking C shared library rosidl_generator_py/detectabasura/detectabasura_s__rosidl_typesupport_c.cpython-38-aarch64-linux-gnu.so[0m
[ 94%] Built target detectabasura__rosidl_typesupport_c__pyext
[ 97%] [32m[1mLinking CXX executable detectabasura/video_publisher[0m
[100%] [32m[1mLinking CXX executable detectabasura/video_publisher_usb[0m
[100%] Built target video_publisher
[100%] Built target video_publisher_usb
-- Install configuration: "Release"
-- Installing: /home/jetson/guali_ws/install/detectabasura/share/ament_index/resource_index/rosidl_interfaces/detectabasura
-- Up-to-date: /home/jetson/guali_ws/install/detectabasura/include/detectabasura
-- Up-to-date: /home/jetson/guali_ws/install/detectabasura/include/detectabasura/msg
-- Up-to-date: /home/jetson/guali_ws/install/detectabasura/include/detectabasura/msg/detail
-- Installing: /home/jetson/guali_ws/install/detectabasura/include/detectabasura/msg/detail/six_dof_arm_control__functions.c
-- Installing: /home/jetson/guali_ws/install/detectabasura/include/detectabasura/msg/detail/six_dof_arm_control__struct.h
-- Installing: /home/jetson/guali_ws/install/detectabasura/include/detectabasura/msg/detail/six_dof_arm_control__type_support.h
-- Installing: /home/jetson/guali_ws/install/detectabasura/include/detectabasura/msg/detail/six_dof_arm_control__functions.h
-- Installing: /home/jetson/guali_ws/install/detectabasura/include/detectabasura/msg/rosidl_generator_c__visibility_control.h
-- Installing: /home/jetson/guali_ws/install/detectabasura/include/detectabasura/msg/six_dof_arm_control.h
-- Up-to-date: /home/jetson/guali_ws/install/detectabasura/share/detectabasura/environment/library_path.sh
-- Installing: /home/jetson/guali_ws/install/detectabasura/share/detectabasura/environment/library_path.dsv
-- Installing: /home/jetson/guali_ws/install/detectabasura/lib/libdetectabasura__rosidl_generator_c.so
-- Set runtime path of "/home/jetson/guali_ws/install/detectabasura/lib/libdetectabasura__rosidl_generator_c.so" to ""
-- Up-to-date: /home/jetson/guali_ws/install/detectabasura/include/detectabasura
-- Up-to-date: /home/jetson/guali_ws/install/detectabasura/include/detectabasura/msg
-- Up-to-date: /home/jetson/guali_ws/install/detectabasura/include/detectabasura/msg/detail
-- Installing: /home/jetson/guali_ws/install/detectabasura/include/detectabasura/msg/detail/six_dof_arm_control__rosidl_typesupport_fastrtps_c.h
-- Installing: /home/jetson/guali_ws/install/detectabasura/include/detectabasura/msg/rosidl_typesupport_fastrtps_c__visibility_control.h
-- Installing: /home/jetson/guali_ws/install/detectabasura/lib/libdetectabasura__rosidl_typesupport_fastrtps_c.so
-- Set runtime path of "/home/jetson/guali_ws/install/detectabasura/lib/libdetectabasura__rosidl_typesupport_fastrtps_c.so" to ""
-- Up-to-date: /home/jetson/guali_ws/install/detectabasura/include/detectabasura
-- Up-to-date: /home/jetson/guali_ws/install/detectabasura/include/detectabasura/msg
-- Up-to-date: /home/jetson/guali_ws/install/detectabasura/include/detectabasura/msg/detail
-- Installing: /home/jetson/guali_ws/install/detectabasura/include/detectabasura/msg/detail/six_dof_arm_control__rosidl_typesupport_fastrtps_cpp.hpp
-- Up-to-date: /home/jetson/guali_ws/install/detectabasura/include/detectabasura/msg/detail/dds_fastrtps
-- Installing: /home/jetson/guali_ws/install/detectabasura/include/detectabasura/msg/rosidl_typesupport_fastrtps_cpp__visibility_control.h
-- Installing: /home/jetson/guali_ws/install/detectabasura/lib/libdetectabasura__rosidl_typesupport_fastrtps_cpp.so
-- Set runtime path of "/home/jetson/guali_ws/install/detectabasura/lib/libdetectabasura__rosidl_typesupport_fastrtps_cpp.so" to ""
-- Up-to-date: /home/jetson/guali_ws/install/detectabasura/include/detectabasura
-- Up-to-date: /home/jetson/guali_ws/install/detectabasura/include/detectabasura/msg
-- Up-to-date: /home/jetson/guali_ws/install/detectabasura/include/detectabasura/msg/detail
-- Installing: /home/jetson/guali_ws/install/detectabasura/include/detectabasura/msg/detail/six_dof_arm_control__type_support.c
-- Installing: /home/jetson/guali_ws/install/detectabasura/include/detectabasura/msg/detail/six_dof_arm_control__rosidl_typesupport_introspection_c.h
-- Installing: /home/jetson/guali_ws/install/detectabasura/include/detectabasura/msg/rosidl_typesupport_introspection_c__visibility_control.h
-- Installing: /home/jetson/guali_ws/install/detectabasura/lib/libdetectabasura__rosidl_typesupport_introspection_c.so
-- Set runtime path of "/home/jetson/guali_ws/install/detectabasura/lib/libdetectabasura__rosidl_typesupport_introspection_c.so" to ""
-- Installing: /home/jetson/guali_ws/install/detectabasura/lib/libdetectabasura__rosidl_typesupport_c.so
-- Set runtime path of "/home/jetson/guali_ws/install/detectabasura/lib/libdetectabasura__rosidl_typesupport_c.so" to ""
-- Up-to-date: /home/jetson/guali_ws/install/detectabasura/include/detectabasura
-- Up-to-date: /home/jetson/guali_ws/install/detectabasura/include/detectabasura/msg
-- Up-to-date: /home/jetson/guali_ws/install/detectabasura/include/detectabasura/msg/detail
-- Installing: /home/jetson/guali_ws/install/detectabasura/include/detectabasura/msg/detail/six_dof_arm_control__struct.hpp
-- Installing: /home/jetson/guali_ws/install/detectabasura/include/detectabasura/msg/detail/six_dof_arm_control__type_support.hpp
-- Installing: /home/jetson/guali_ws/install/detectabasura/include/detectabasura/msg/detail/six_dof_arm_control__traits.hpp
-- Installing: /home/jetson/guali_ws/install/detectabasura/include/detectabasura/msg/detail/six_dof_arm_control__builder.hpp
-- Installing: /home/jetson/guali_ws/install/detectabasura/include/detectabasura/msg/six_dof_arm_control.hpp
-- Installing: /home/jetson/guali_ws/install/detectabasura/include/detectabasura/msg/rosidl_generator_cpp__visibility_control.hpp
-- Up-to-date: /home/jetson/guali_ws/install/detectabasura/include/detectabasura
-- Up-to-date: /home/jetson/guali_ws/install/detectabasura/include/detectabasura/msg
-- Up-to-date: /home/jetson/guali_ws/install/detectabasura/include/detectabasura/msg/detail
-- Installing: /home/jetson/guali_ws/install/detectabasura/include/detectabasura/msg/detail/six_dof_arm_control__rosidl_typesupport_introspection_cpp.hpp
-- Installing: /home/jetson/guali_ws/install/detectabasura/include/detectabasura/msg/detail/six_dof_arm_control__type_support.cpp
-- Installing: /home/jetson/guali_ws/install/detectabasura/lib/libdetectabasura__rosidl_typesupport_introspection_cpp.so
-- Set runtime path of "/home/jetson/guali_ws/install/detectabasura/lib/libdetectabasura__rosidl_typesupport_introspection_cpp.so" to ""
-- Installing: /home/jetson/guali_ws/install/detectabasura/lib/libdetectabasura__rosidl_typesupport_cpp.so
-- Set runtime path of "/home/jetson/guali_ws/install/detectabasura/lib/libdetectabasura__rosidl_typesupport_cpp.so" to ""
-- Installing: /home/jetson/guali_ws/install/detectabasura/share/detectabasura/environment/pythonpath.sh
-- Installing: /home/jetson/guali_ws/install/detectabasura/share/detectabasura/environment/pythonpath.dsv
-- Installing: /home/jetson/guali_ws/install/detectabasura/lib/python3.8/site-packages/detectabasura/__init__.py
Compiling '/home/jetson/guali_ws/install/detectabasura/lib/python3.8/site-packages/detectabasura/__init__.py'...
-- Up-to-date: /home/jetson/guali_ws/install/detectabasura/lib/python3.8/site-packages/detectabasura/msg
-- Installing: /home/jetson/guali_ws/install/detectabasura/lib/python3.8/site-packages/detectabasura/msg/_six_dof_arm_control_s.c
-- Installing: /home/jetson/guali_ws/install/detectabasura/lib/python3.8/site-packages/detectabasura/msg/_six_dof_arm_control.py
-- Installing: /home/jetson/guali_ws/install/detectabasura/lib/python3.8/site-packages/detectabasura/msg/__init__.py
-- Installing: /home/jetson/guali_ws/install/detectabasura/lib/python3.8/site-packages/detectabasura/detectabasura_s__rosidl_typesupport_fastrtps_c.cpython-38-aarch64-linux-gnu.so
-- Set runtime path of "/home/jetson/guali_ws/install/detectabasura/lib/python3.8/site-packages/detectabasura/detectabasura_s__rosidl_typesupport_fastrtps_c.cpython-38-aarch64-linux-gnu.so" to ""
-- Installing: /home/jetson/guali_ws/install/detectabasura/lib/python3.8/site-packages/detectabasura/detectabasura_s__rosidl_typesupport_introspection_c.cpython-38-aarch64-linux-gnu.so
-- Set runtime path of "/home/jetson/guali_ws/install/detectabasura/lib/python3.8/site-packages/detectabasura/detectabasura_s__rosidl_typesupport_introspection_c.cpython-38-aarch64-linux-gnu.so" to ""
-- Installing: /home/jetson/guali_ws/install/detectabasura/lib/python3.8/site-packages/detectabasura/detectabasura_s__rosidl_typesupport_c.cpython-38-aarch64-linux-gnu.so
-- Set runtime path of "/home/jetson/guali_ws/install/detectabasura/lib/python3.8/site-packages/detectabasura/detectabasura_s__rosidl_typesupport_c.cpython-38-aarch64-linux-gnu.so" to ""
-- Installing: /home/jetson/guali_ws/install/detectabasura/lib/libdetectabasura__python.so
-- Set runtime path of "/home/jetson/guali_ws/install/detectabasura/lib/libdetectabasura__python.so" to ""
-- Installing: /home/jetson/guali_ws/install/detectabasura/share/detectabasura/msg/SixDOFArmControl.idl
-- Up-to-date: /home/jetson/guali_ws/install/detectabasura/share/detectabasura/msg/SixDOFArmControl.msg
-- Installing: /home/jetson/guali_ws/install/detectabasura/lib/detectabasura/video_publisher
-- Set runtime path of "/home/jetson/guali_ws/install/detectabasura/lib/detectabasura/video_publisher" to ""
-- Installing: /home/jetson/guali_ws/install/detectabasura/lib/detectabasura/video_publisher_usb
-- Set runtime path of "/home/jetson/guali_ws/install/detectabasura/lib/detectabasura/video_publisher_usb" to ""
-- Installing: /home/jetson/guali_ws/install/detectabasura/share/ament_index/resource_index/package_run_dependencies/detectabasura
-- Installing: /home/jetson/guali_ws/install/detectabasura/share/ament_index/resource_index/parent_prefix_path/detectabasura
-- Up-to-date: /home/jetson/guali_ws/install/detectabasura/share/detectabasura/environment/ament_prefix_path.sh
-- Installing: /home/jetson/guali_ws/install/detectabasura/share/detectabasura/environment/ament_prefix_path.dsv
-- Up-to-date: /home/jetson/guali_ws/install/detectabasura/share/detectabasura/environment/path.sh
-- Installing: /home/jetson/guali_ws/install/detectabasura/share/detectabasura/environment/path.dsv
-- Installing: /home/jetson/guali_ws/install/detectabasura/share/detectabasura/local_setup.bash
-- Installing: /home/jetson/guali_ws/install/detectabasura/share/detectabasura/local_setup.sh
-- Installing: /home/jetson/guali_ws/install/detectabasura/share/detectabasura/local_setup.zsh
-- Installing: /home/jetson/guali_ws/install/detectabasura/share/detectabasura/local_setup.dsv
-- Installing: /home/jetson/guali_ws/install/detectabasura/share/detectabasura/package.dsv
-- Installing: /home/jetson/guali_ws/install/detectabasura/share/ament_index/resource_index/packages/detectabasura
-- Installing: /home/jetson/guali_ws/install/detectabasura/share/detectabasura/cmake/detectabasura__rosidl_generator_cExport.cmake
-- Installing: /home/jetson/guali_ws/install/detectabasura/share/detectabasura/cmake/detectabasura__rosidl_generator_cExport-release.cmake
-- Installing: /home/jetson/guali_ws/install/detectabasura/share/detectabasura/cmake/detectabasura__rosidl_typesupport_introspection_cExport.cmake
-- Installing: /home/jetson/guali_ws/install/detectabasura/share/detectabasura/cmake/detectabasura__rosidl_typesupport_introspection_cExport-release.cmake
-- Installing: /home/jetson/guali_ws/install/detectabasura/share/detectabasura/cmake/detectabasura__rosidl_typesupport_cExport.cmake
-- Installing: /home/jetson/guali_ws/install/detectabasura/share/detectabasura/cmake/detectabasura__rosidl_typesupport_cExport-release.cmake
-- Installing: /home/jetson/guali_ws/install/detectabasura/share/detectabasura/cmake/detectabasura__rosidl_generator_cppExport.cmake
-- Installing: /home/jetson/guali_ws/install/detectabasura/share/detectabasura/cmake/detectabasura__rosidl_typesupport_introspection_cppExport.cmake
-- Installing: /home/jetson/guali_ws/install/detectabasura/share/detectabasura/cmake/detectabasura__rosidl_typesupport_introspection_cppExport-release.cmake
-- Installing: /home/jetson/guali_ws/install/detectabasura/share/detectabasura/cmake/detectabasura__rosidl_typesupport_cppExport.cmake
-- Installing: /home/jetson/guali_ws/install/detectabasura/share/detectabasura/cmake/detectabasura__rosidl_typesupport_cppExport-release.cmake
-- Installing: /home/jetson/guali_ws/install/detectabasura/share/detectabasura/cmake/rosidl_cmake-extras.cmake
-- Installing: /home/jetson/guali_ws/install/detectabasura/share/detectabasura/cmake/ament_cmake_export_dependencies-extras.cmake
-- Installing: /home/jetson/guali_ws/install/detectabasura/share/detectabasura/cmake/ament_cmake_export_libraries-extras.cmake
-- Installing: /home/jetson/guali_ws/install/detectabasura/share/detectabasura/cmake/ament_cmake_export_targets-extras.cmake
-- Installing: /home/jetson/guali_ws/install/detectabasura/share/detectabasura/cmake/ament_cmake_export_include_directories-extras.cmake
-- Installing: /home/jetson/guali_ws/install/detectabasura/share/detectabasura/cmake/rosidl_cmake_export_typesupport_libraries-extras.cmake
-- Installing: /home/jetson/guali_ws/install/detectabasura/share/detectabasura/cmake/rosidl_cmake_export_typesupport_targets-extras.cmake
-- Installing: /home/jetson/guali_ws/install/detectabasura/share/detectabasura/cmake/detectabasuraConfig.cmake
-- Installing: /home/jetson/guali_ws/install/detectabasura/share/detectabasura/cmake/detectabasuraConfig-version.cmake
-- Up-to-date: /home/jetson/guali_ws/install/detectabasura/share/detectabasura/package.xml
