[0.000000] (-) TimerEvent: {}
[0.000256] (detectabasura) JobQueued: {'identifier': 'detectabasura', 'dependencies': OrderedDict()}
[0.001767] (detectabasura) JobStarted: {'identifier': 'detectabasura'}
[0.063145] (detectabasura) JobProgress: {'identifier': 'detectabasura', 'progress': 'cmake'}
[0.065822] (detectabasura) JobProgress: {'identifier': 'detectabasura', 'progress': 'build'}
[0.069278] (detectabasura) Command: {'cmd': ['/usr/bin/cmake', '--build', '/home/jetson/guali_ws/build/detectabasura', '--', '-j4', '-l4'], 'cwd': '/home/jetson/guali_ws/build/detectabasura', 'env': OrderedDict([('USER', 'jetson'), ('SSH_CLIENT', '192.168.1.168 43670 22'), ('LC_TIME', 'nl_NL.UTF-8'), ('XDG_SESSION_TYPE', 'tty'), ('SHLVL', '1'), ('LD_LIBRARY_PATH', '/home/jetson/guali_ws/install/detectabasura/lib:/opt/ros/foxy/opt/yaml_cpp_vendor/lib:/opt/ros/foxy/opt/rviz_ogre_vendor/lib:/opt/ros/foxy/lib/aarch64-linux-gnu:/opt/ros/foxy/lib'), ('MOTD_SHOWN', 'pam'), ('HOME', '/home/jetson'), ('OLDPWD', '/home/jetson'), ('ROS_PYTHON_VERSION', '3'), ('LC_MONETARY', 'nl_NL.UTF-8'), ('DBUS_SESSION_BUS_ADDRESS', 'unix:path=/run/user/1000/bus'), ('COLCON_PREFIX_PATH', '/home/jetson/guali_ws/install'), ('ROS_DISTRO', 'foxy'), ('LOGNAME', 'jetson'), ('_', '/usr/bin/colcon'), ('ROS_VERSION', '2'), ('XDG_SESSION_CLASS', 'user'), ('TERM', 'xterm'), ('XDG_SESSION_ID', '65'), ('ROS_LOCALHOST_ONLY', '0'), ('PATH', '/opt/ros/foxy/bin:/usr/local/sbin:/usr/local/bin:/usr/sbin:/usr/bin:/sbin:/bin:/usr/games:/usr/local/games:/snap/bin'), ('LC_ADDRESS', 'nl_NL.UTF-8'), ('XDG_RUNTIME_DIR', '/run/user/1000'), ('LANG', 'en_US.UTF-8'), ('LC_TELEPHONE', 'nl_NL.UTF-8'), ('AMENT_PREFIX_PATH', '/home/jetson/guali_ws/install/detectabasura:/opt/ros/foxy'), ('SHELL', '/bin/bash'), ('LC_NAME', 'nl_NL.UTF-8'), ('LC_MEASUREMENT', 'nl_NL.UTF-8'), ('LC_IDENTIFICATION', 'nl_NL.UTF-8'), ('PWD', '/home/jetson/guali_ws/build/detectabasura'), ('LC_ALL', 'en_US.UTF-8'), ('SSH_CONNECTION', '192.168.1.168 43670 192.168.1.208 22'), ('PYTHONPATH', '/home/jetson/guali_ws/install/detectabasura/lib/python3.8/site-packages:/opt/ros/foxy/lib/python3.8/site-packages'), ('LC_NUMERIC', 'nl_NL.UTF-8'), ('LC_PAPER', 'nl_NL.UTF-8'), ('COLCON', '1'), ('CMAKE_PREFIX_PATH', '/home/jetson/guali_ws/install/detectabasura:/opt/ros/foxy')]), 'shell': False}
[0.099074] (-) TimerEvent: {}
[0.199553] (-) TimerEvent: {}
[0.299926] (-) TimerEvent: {}
[0.400318] (-) TimerEvent: {}
[0.469780] (detectabasura) StdoutLine: {'line': b'[ 24%] Built target detectabasura__cpp\n'}
[0.497207] (detectabasura) StdoutLine: {'line': b'[ 24%] Built target detectabasura__rosidl_generator_c\n'}
[0.503353] (-) TimerEvent: {}
[0.546760] (detectabasura) StdoutLine: {'line': b'[ 32%] Building CXX object CMakeFiles/serialMCU.dir/src/serialMCU.cpp.o\n'}
[0.603532] (-) TimerEvent: {}
[0.622851] (detectabasura) StdoutLine: {'line': b'[ 32%] Built target video_publisher_cli\n'}
[0.703693] (-) TimerEvent: {}
[0.716407] (detectabasura) StdoutLine: {'line': b'[ 56%] Built target detectabasura__rosidl_typesupport_cpp\n'}
[0.727987] (detectabasura) StdoutLine: {'line': b'[ 56%] Built target video_publisher_usb\n'}
[0.803867] (-) TimerEvent: {}
[0.809663] (detectabasura) StdoutLine: {'line': b'[ 64%] Built target detectabasura__rosidl_typesupport_fastrtps_cpp\n'}
[0.883597] (detectabasura) StdoutLine: {'line': b'[ 72%] Built target detectabasura__rosidl_typesupport_introspection_c\n'}
[0.904044] (-) TimerEvent: {}
[0.932790] (detectabasura) StdoutLine: {'line': b'[ 72%] Built target detectabasura__rosidl_typesupport_c\n'}
[0.963517] (detectabasura) StdoutLine: {'line': b'[ 72%] Built target detectabasura__rosidl_typesupport_introspection_cpp\n'}
[1.004212] (-) TimerEvent: {}
[1.104595] (-) TimerEvent: {}
[1.204986] (-) TimerEvent: {}
[1.255200] (detectabasura) StdoutLine: {'line': b'[ 72%] Built target detectabasura__rosidl_typesupport_fastrtps_c\n'}
[1.305171] (-) TimerEvent: {}
[1.405570] (-) TimerEvent: {}
[1.421862] (detectabasura) StdoutLine: {'line': b'[ 72%] Built target detectabasura\n'}
[1.505747] (-) TimerEvent: {}
[1.574389] (detectabasura) StdoutLine: {'line': b'[ 75%] Built target detectabasura__py\n'}
[1.605915] (-) TimerEvent: {}
[1.706290] (-) TimerEvent: {}
[1.777544] (detectabasura) StdoutLine: {'line': b'[ 81%] Built target detectabasura__python\n'}
[1.806469] (-) TimerEvent: {}
[1.906892] (-) TimerEvent: {}
[2.007649] (-) TimerEvent: {}
[2.050787] (detectabasura) StdoutLine: {'line': b'[ 97%] Built target detectabasura__rosidl_typesupport_fastrtps_c__pyext\n'}
[2.071573] (detectabasura) StdoutLine: {'line': b'[ 97%] Built target detectabasura__rosidl_typesupport_c__pyext\n'}
[2.107838] (-) TimerEvent: {}
[2.117228] (detectabasura) StdoutLine: {'line': b'[ 97%] Built target detectabasura__rosidl_typesupport_introspection_c__pyext\n'}
[2.209487] (-) TimerEvent: {}
[2.309904] (-) TimerEvent: {}
[2.410312] (-) TimerEvent: {}
[2.510723] (-) TimerEvent: {}
[2.611117] (-) TimerEvent: {}
[2.711515] (-) TimerEvent: {}
[2.811911] (-) TimerEvent: {}
[2.912363] (-) TimerEvent: {}
[3.012801] (-) TimerEvent: {}
[3.113266] (-) TimerEvent: {}
[3.213668] (-) TimerEvent: {}
[3.314080] (-) TimerEvent: {}
[3.414494] (-) TimerEvent: {}
[3.514965] (-) TimerEvent: {}
[3.615370] (-) TimerEvent: {}
[3.715832] (-) TimerEvent: {}
[3.816226] (-) TimerEvent: {}
[3.916682] (-) TimerEvent: {}
[4.017133] (-) TimerEvent: {}
[4.117589] (-) TimerEvent: {}
[4.218052] (-) TimerEvent: {}
[4.318452] (-) TimerEvent: {}
[4.418838] (-) TimerEvent: {}
[4.519233] (-) TimerEvent: {}
[4.619638] (-) TimerEvent: {}
[4.720041] (-) TimerEvent: {}
[4.820500] (-) TimerEvent: {}
[4.920958] (-) TimerEvent: {}
[5.021410] (-) TimerEvent: {}
[5.121864] (-) TimerEvent: {}
[5.222422] (-) TimerEvent: {}
[5.322814] (-) TimerEvent: {}
[5.423204] (-) TimerEvent: {}
[5.523609] (-) TimerEvent: {}
[5.624018] (-) TimerEvent: {}
[5.724486] (-) TimerEvent: {}
[5.824942] (-) TimerEvent: {}
[5.925390] (-) TimerEvent: {}
[6.025791] (-) TimerEvent: {}
[6.126325] (-) TimerEvent: {}
[6.226727] (-) TimerEvent: {}
[6.327119] (-) TimerEvent: {}
[6.427508] (-) TimerEvent: {}
[6.527967] (-) TimerEvent: {}
[6.628452] (-) TimerEvent: {}
[6.728845] (-) TimerEvent: {}
[6.829243] (-) TimerEvent: {}
[6.929631] (-) TimerEvent: {}
[7.030081] (-) TimerEvent: {}
[7.130646] (-) TimerEvent: {}
[7.231030] (-) TimerEvent: {}
[7.331430] (-) TimerEvent: {}
[7.431863] (-) TimerEvent: {}
[7.532322] (-) TimerEvent: {}
[7.632784] (-) TimerEvent: {}
[7.733256] (-) TimerEvent: {}
[7.833721] (-) TimerEvent: {}
[7.934269] (-) TimerEvent: {}
[8.034661] (-) TimerEvent: {}
[8.135050] (-) TimerEvent: {}
[8.235436] (-) TimerEvent: {}
[8.335817] (-) TimerEvent: {}
[8.436274] (-) TimerEvent: {}
[8.536664] (-) TimerEvent: {}
[8.637110] (-) TimerEvent: {}
[8.737557] (-) TimerEvent: {}
[8.837942] (-) TimerEvent: {}
[8.938716] (-) TimerEvent: {}
[9.039103] (-) TimerEvent: {}
[9.139503] (-) TimerEvent: {}
[9.239906] (-) TimerEvent: {}
[9.340395] (-) TimerEvent: {}
[9.440854] (-) TimerEvent: {}
[9.541248] (-) TimerEvent: {}
[9.641704] (-) TimerEvent: {}
[9.742255] (-) TimerEvent: {}
[9.842637] (-) TimerEvent: {}
[9.943020] (-) TimerEvent: {}
[10.043408] (-) TimerEvent: {}
[10.143789] (-) TimerEvent: {}
[10.244252] (-) TimerEvent: {}
[10.344713] (-) TimerEvent: {}
[10.445175] (-) TimerEvent: {}
[10.545635] (-) TimerEvent: {}
[10.646050] (-) TimerEvent: {}
[10.746519] (-) TimerEvent: {}
[10.846906] (-) TimerEvent: {}
[10.947365] (-) TimerEvent: {}
[11.047818] (-) TimerEvent: {}
[11.148272] (-) TimerEvent: {}
[11.248730] (-) TimerEvent: {}
[11.349169] (-) TimerEvent: {}
[11.449614] (-) TimerEvent: {}
[11.550310] (-) TimerEvent: {}
[11.650763] (-) TimerEvent: {}
[11.751146] (-) TimerEvent: {}
[11.844587] (detectabasura) StderrLine: {'line': b'/home/jetson/guali_ws/detectabasura/src/serialMCU.cpp: In member function \xe2\x80\x98void SerialPublisher::callback(std_msgs::msg::String_<std::allocator<void> >::SharedPtr)\xe2\x80\x99:\n'}
[11.845296] (detectabasura) StderrLine: {'line': b'/home/jetson/guali_ws/detectabasura/src/serialMCU.cpp:57:14: warning: ignoring return value of \xe2\x80\x98ssize_t write(int, const void*, size_t)\xe2\x80\x99, declared with attribute warn_unused_result [-Wunused-result]\n'}
[11.845755] (detectabasura) StderrLine: {'line': b'         write(serial_fd_, data.c_str(), data.length());\n'}
[11.846179] (detectabasura) StderrLine: {'line': b'         ~~~~~^~~~~~~~~~~~~~~~~~~~~~~~~~~~~~~~~~~~~~~~~\n'}
[11.851300] (-) TimerEvent: {}
[11.951676] (-) TimerEvent: {}
[12.052133] (-) TimerEvent: {}
[12.152601] (-) TimerEvent: {}
[12.253060] (-) TimerEvent: {}
[12.353515] (-) TimerEvent: {}
[12.453958] (-) TimerEvent: {}
[12.554388] (-) TimerEvent: {}
[12.654768] (-) TimerEvent: {}
[12.755210] (-) TimerEvent: {}
[12.855593] (-) TimerEvent: {}
[12.956050] (-) TimerEvent: {}
[13.056499] (-) TimerEvent: {}
[13.156944] (-) TimerEvent: {}
[13.257403] (-) TimerEvent: {}
[13.357862] (-) TimerEvent: {}
[13.458370] (-) TimerEvent: {}
[13.558768] (-) TimerEvent: {}
[13.659223] (-) TimerEvent: {}
[13.759669] (-) TimerEvent: {}
[13.860110] (-) TimerEvent: {}
[13.962314] (-) TimerEvent: {}
[14.062775] (-) TimerEvent: {}
[14.163165] (-) TimerEvent: {}
[14.263547] (-) TimerEvent: {}
[14.363996] (-) TimerEvent: {}
[14.464450] (-) TimerEvent: {}
[14.564832] (-) TimerEvent: {}
[14.665300] (-) TimerEvent: {}
[14.765750] (-) TimerEvent: {}
[14.866205] (-) TimerEvent: {}
[14.966597] (-) TimerEvent: {}
[15.066977] (-) TimerEvent: {}
[15.167443] (-) TimerEvent: {}
[15.267828] (-) TimerEvent: {}
[15.368286] (-) TimerEvent: {}
[15.468672] (-) TimerEvent: {}
[15.569110] (-) TimerEvent: {}
[15.669507] (-) TimerEvent: {}
[15.769980] (-) TimerEvent: {}
[15.870452] (-) TimerEvent: {}
[15.970838] (-) TimerEvent: {}
[16.071226] (-) TimerEvent: {}
[16.171625] (-) TimerEvent: {}
[16.272070] (-) TimerEvent: {}
[16.372528] (-) TimerEvent: {}
[16.472976] (-) TimerEvent: {}
[16.573409] (-) TimerEvent: {}
[16.673854] (-) TimerEvent: {}
[16.774307] (-) TimerEvent: {}
[16.874675] (-) TimerEvent: {}
[16.975054] (-) TimerEvent: {}
[17.075499] (-) TimerEvent: {}
[17.175880] (-) TimerEvent: {}
[17.276314] (-) TimerEvent: {}
[17.376695] (-) TimerEvent: {}
[17.477142] (-) TimerEvent: {}
[17.577528] (-) TimerEvent: {}
[17.677986] (-) TimerEvent: {}
[17.778427] (-) TimerEvent: {}
[17.878809] (-) TimerEvent: {}
[17.979229] (-) TimerEvent: {}
[18.079653] (-) TimerEvent: {}
[18.180096] (-) TimerEvent: {}
[18.280538] (-) TimerEvent: {}
[18.380982] (-) TimerEvent: {}
[18.481415] (-) TimerEvent: {}
[18.581860] (-) TimerEvent: {}
[18.682369] (-) TimerEvent: {}
[18.782741] (-) TimerEvent: {}
[18.883120] (-) TimerEvent: {}
[18.983492] (-) TimerEvent: {}
[19.083869] (-) TimerEvent: {}
[19.184319] (-) TimerEvent: {}
[19.284776] (-) TimerEvent: {}
[19.385146] (-) TimerEvent: {}
[19.485604] (-) TimerEvent: {}
[19.585978] (-) TimerEvent: {}
[19.686432] (-) TimerEvent: {}
[19.786802] (-) TimerEvent: {}
[19.887191] (-) TimerEvent: {}
[19.987580] (-) TimerEvent: {}
[20.087973] (-) TimerEvent: {}
[20.188418] (-) TimerEvent: {}
[20.288853] (-) TimerEvent: {}
[20.389301] (-) TimerEvent: {}
[20.489762] (-) TimerEvent: {}
[20.590247] (-) TimerEvent: {}
[20.690687] (-) TimerEvent: {}
[20.791065] (-) TimerEvent: {}
[20.891469] (-) TimerEvent: {}
[20.993174] (-) TimerEvent: {}
[21.093614] (-) TimerEvent: {}
[21.194071] (-) TimerEvent: {}
[21.294568] (-) TimerEvent: {}
[21.394929] (-) TimerEvent: {}
[21.495301] (-) TimerEvent: {}
[21.595737] (-) TimerEvent: {}
[21.696112] (-) TimerEvent: {}
[21.796546] (-) TimerEvent: {}
[21.897002] (-) TimerEvent: {}
[21.997459] (-) TimerEvent: {}
[22.097914] (-) TimerEvent: {}
[22.198334] (-) TimerEvent: {}
[22.298725] (-) TimerEvent: {}
[22.399112] (-) TimerEvent: {}
[22.499492] (-) TimerEvent: {}
[22.599947] (-) TimerEvent: {}
[22.700408] (-) TimerEvent: {}
[22.800860] (-) TimerEvent: {}
[22.901316] (-) TimerEvent: {}
[23.001775] (-) TimerEvent: {}
[23.102264] (-) TimerEvent: {}
[23.202678] (-) TimerEvent: {}
[23.303065] (-) TimerEvent: {}
[23.403474] (-) TimerEvent: {}
[23.503863] (-) TimerEvent: {}
[23.604250] (-) TimerEvent: {}
[23.704664] (-) TimerEvent: {}
[23.805061] (-) TimerEvent: {}
[23.905519] (-) TimerEvent: {}
[24.005896] (-) TimerEvent: {}
[24.106340] (-) TimerEvent: {}
[24.206782] (-) TimerEvent: {}
[24.307183] (-) TimerEvent: {}
[24.407619] (-) TimerEvent: {}
[24.508090] (-) TimerEvent: {}
[24.608516] (-) TimerEvent: {}
[24.708951] (-) TimerEvent: {}
[24.809399] (-) TimerEvent: {}
[24.903142] (detectabasura) StdoutLine: {'line': b'[100%] Linking CXX executable detectabasura/serialMCU\n'}
[24.913146] (-) TimerEvent: {}
[25.013619] (-) TimerEvent: {}
[25.114075] (-) TimerEvent: {}
[25.214582] (-) TimerEvent: {}
[25.315100] (-) TimerEvent: {}
[25.415620] (-) TimerEvent: {}
[25.516024] (-) TimerEvent: {}
[25.616481] (-) TimerEvent: {}
[25.716983] (-) TimerEvent: {}
[25.817447] (-) TimerEvent: {}
[25.917892] (-) TimerEvent: {}
[26.018316] (-) TimerEvent: {}
[26.118802] (-) TimerEvent: {}
[26.219240] (-) TimerEvent: {}
[26.319689] (-) TimerEvent: {}
[26.405258] (detectabasura) StdoutLine: {'line': b'[100%] Built target serialMCU\n'}
[26.419919] (-) TimerEvent: {}
[26.453014] (detectabasura) CommandEnded: {'returncode': 0}
[26.520143] (-) TimerEvent: {}
[26.620573] (-) TimerEvent: {}
[26.653334] (detectabasura) JobProgress: {'identifier': 'detectabasura', 'progress': 'install'}
[26.693054] (detectabasura) Command: {'cmd': ['/usr/bin/cmake', '--install', '/home/jetson/guali_ws/build/detectabasura'], 'cwd': '/home/jetson/guali_ws/build/detectabasura', 'env': OrderedDict([('USER', 'jetson'), ('SSH_CLIENT', '192.168.1.168 43670 22'), ('LC_TIME', 'nl_NL.UTF-8'), ('XDG_SESSION_TYPE', 'tty'), ('SHLVL', '1'), ('LD_LIBRARY_PATH', '/home/jetson/guali_ws/install/detectabasura/lib:/opt/ros/foxy/opt/yaml_cpp_vendor/lib:/opt/ros/foxy/opt/rviz_ogre_vendor/lib:/opt/ros/foxy/lib/aarch64-linux-gnu:/opt/ros/foxy/lib'), ('MOTD_SHOWN', 'pam'), ('HOME', '/home/jetson'), ('OLDPWD', '/home/jetson'), ('ROS_PYTHON_VERSION', '3'), ('LC_MONETARY', 'nl_NL.UTF-8'), ('DBUS_SESSION_BUS_ADDRESS', 'unix:path=/run/user/1000/bus'), ('COLCON_PREFIX_PATH', '/home/jetson/guali_ws/install'), ('ROS_DISTRO', 'foxy'), ('LOGNAME', 'jetson'), ('_', '/usr/bin/colcon'), ('ROS_VERSION', '2'), ('XDG_SESSION_CLASS', 'user'), ('TERM', 'xterm'), ('XDG_SESSION_ID', '65'), ('ROS_LOCALHOST_ONLY', '0'), ('PATH', '/opt/ros/foxy/bin:/usr/local/sbin:/usr/local/bin:/usr/sbin:/usr/bin:/sbin:/bin:/usr/games:/usr/local/games:/snap/bin'), ('LC_ADDRESS', 'nl_NL.UTF-8'), ('XDG_RUNTIME_DIR', '/run/user/1000'), ('LANG', 'en_US.UTF-8'), ('LC_TELEPHONE', 'nl_NL.UTF-8'), ('AMENT_PREFIX_PATH', '/home/jetson/guali_ws/install/detectabasura:/opt/ros/foxy'), ('SHELL', '/bin/bash'), ('LC_NAME', 'nl_NL.UTF-8'), ('LC_MEASUREMENT', 'nl_NL.UTF-8'), ('LC_IDENTIFICATION', 'nl_NL.UTF-8'), ('PWD', '/home/jetson/guali_ws/build/detectabasura'), ('LC_ALL', 'en_US.UTF-8'), ('SSH_CONNECTION', '192.168.1.168 43670 192.168.1.208 22'), ('PYTHONPATH', '/home/jetson/guali_ws/install/detectabasura/lib/python3.8/site-packages:/opt/ros/foxy/lib/python3.8/site-packages'), ('LC_NUMERIC', 'nl_NL.UTF-8'), ('LC_PAPER', 'nl_NL.UTF-8'), ('COLCON', '1'), ('CMAKE_PREFIX_PATH', '/home/jetson/guali_ws/install/detectabasura:/opt/ros/foxy')]), 'shell': False}
[26.720873] (-) TimerEvent: {}
[26.733468] (detectabasura) StdoutLine: {'line': b'-- Install configuration: "Release"\n'}
[26.735379] (detectabasura) StdoutLine: {'line': b'-- Up-to-date: /home/jetson/guali_ws/install/detectabasura/share/ament_index/resource_index/rosidl_interfaces/detectabasura\n'}
[26.736211] (detectabasura) StdoutLine: {'line': b'-- Up-to-date: /home/jetson/guali_ws/install/detectabasura/include/detectabasura\n'}
[26.736629] (detectabasura) StdoutLine: {'line': b'-- Up-to-date: /home/jetson/guali_ws/install/detectabasura/include/detectabasura/msg\n'}
[26.737003] (detectabasura) StdoutLine: {'line': b'-- Up-to-date: /home/jetson/guali_ws/install/detectabasura/include/detectabasura/msg/detail\n'}
[26.737372] (detectabasura) StdoutLine: {'line': b'-- Up-to-date: /home/jetson/guali_ws/install/detectabasura/include/detectabasura/msg/detail/six_dof_arm_control__functions.c\n'}
[26.737728] (detectabasura) StdoutLine: {'line': b'-- Up-to-date: /home/jetson/guali_ws/install/detectabasura/include/detectabasura/msg/detail/six_dof_arm_control__struct.h\n'}
[26.738250] (detectabasura) StdoutLine: {'line': b'-- Up-to-date: /home/jetson/guali_ws/install/detectabasura/include/detectabasura/msg/detail/six_dof_arm_control__type_support.h\n'}
[26.738676] (detectabasura) StdoutLine: {'line': b'-- Up-to-date: /home/jetson/guali_ws/install/detectabasura/include/detectabasura/msg/detail/six_dof_arm_control__functions.h\n'}
[26.739044] (detectabasura) StdoutLine: {'line': b'-- Up-to-date: /home/jetson/guali_ws/install/detectabasura/include/detectabasura/msg/rosidl_generator_c__visibility_control.h\n'}
[26.739420] (detectabasura) StdoutLine: {'line': b'-- Up-to-date: /home/jetson/guali_ws/install/detectabasura/include/detectabasura/msg/six_dof_arm_control.h\n'}
[26.739839] (detectabasura) StdoutLine: {'line': b'-- Up-to-date: /home/jetson/guali_ws/install/detectabasura/share/detectabasura/environment/library_path.sh\n'}
[26.741183] (detectabasura) StdoutLine: {'line': b'-- Up-to-date: /home/jetson/guali_ws/install/detectabasura/share/detectabasura/environment/library_path.dsv\n'}
[26.744084] (detectabasura) StdoutLine: {'line': b'-- Up-to-date: /home/jetson/guali_ws/install/detectabasura/lib/libdetectabasura__rosidl_generator_c.so\n'}
[26.746263] (detectabasura) StdoutLine: {'line': b'-- Up-to-date: /home/jetson/guali_ws/install/detectabasura/include/detectabasura\n'}
[26.747466] (detectabasura) StdoutLine: {'line': b'-- Up-to-date: /home/jetson/guali_ws/install/detectabasura/include/detectabasura/msg\n'}
[26.748571] (detectabasura) StdoutLine: {'line': b'-- Up-to-date: /home/jetson/guali_ws/install/detectabasura/include/detectabasura/msg/detail\n'}
[26.749730] (detectabasura) StdoutLine: {'line': b'-- Up-to-date: /home/jetson/guali_ws/install/detectabasura/include/detectabasura/msg/detail/six_dof_arm_control__rosidl_typesupport_fastrtps_c.h\n'}
[26.750884] (detectabasura) StdoutLine: {'line': b'-- Up-to-date: /home/jetson/guali_ws/install/detectabasura/include/detectabasura/msg/rosidl_typesupport_fastrtps_c__visibility_control.h\n'}
[26.753533] (detectabasura) StdoutLine: {'line': b'-- Up-to-date: /home/jetson/guali_ws/install/detectabasura/lib/libdetectabasura__rosidl_typesupport_fastrtps_c.so\n'}
[26.755676] (detectabasura) StdoutLine: {'line': b'-- Up-to-date: /home/jetson/guali_ws/install/detectabasura/include/detectabasura\n'}
[26.756856] (detectabasura) StdoutLine: {'line': b'-- Up-to-date: /home/jetson/guali_ws/install/detectabasura/include/detectabasura/msg\n'}
[26.757950] (detectabasura) StdoutLine: {'line': b'-- Up-to-date: /home/jetson/guali_ws/install/detectabasura/include/detectabasura/msg/detail\n'}
[26.759173] (detectabasura) StdoutLine: {'line': b'-- Up-to-date: /home/jetson/guali_ws/install/detectabasura/include/detectabasura/msg/detail/six_dof_arm_control__rosidl_typesupport_fastrtps_cpp.hpp\n'}
[26.760192] (detectabasura) StdoutLine: {'line': b'-- Up-to-date: /home/jetson/guali_ws/install/detectabasura/include/detectabasura/msg/detail/dds_fastrtps\n'}
[26.761341] (detectabasura) StdoutLine: {'line': b'-- Up-to-date: /home/jetson/guali_ws/install/detectabasura/include/detectabasura/msg/rosidl_typesupport_fastrtps_cpp__visibility_control.h\n'}
[26.764344] (detectabasura) StdoutLine: {'line': b'-- Up-to-date: /home/jetson/guali_ws/install/detectabasura/lib/libdetectabasura__rosidl_typesupport_fastrtps_cpp.so\n'}
[26.766605] (detectabasura) StdoutLine: {'line': b'-- Up-to-date: /home/jetson/guali_ws/install/detectabasura/include/detectabasura\n'}
[26.767772] (detectabasura) StdoutLine: {'line': b'-- Up-to-date: /home/jetson/guali_ws/install/detectabasura/include/detectabasura/msg\n'}
[26.768945] (detectabasura) StdoutLine: {'line': b'-- Up-to-date: /home/jetson/guali_ws/install/detectabasura/include/detectabasura/msg/detail\n'}
[26.770205] (detectabasura) StdoutLine: {'line': b'-- Up-to-date: /home/jetson/guali_ws/install/detectabasura/include/detectabasura/msg/detail/six_dof_arm_control__type_support.c\n'}
[26.771464] (detectabasura) StdoutLine: {'line': b'-- Up-to-date: /home/jetson/guali_ws/install/detectabasura/include/detectabasura/msg/detail/six_dof_arm_control__rosidl_typesupport_introspection_c.h\n'}
[26.772696] (detectabasura) StdoutLine: {'line': b'-- Up-to-date: /home/jetson/guali_ws/install/detectabasura/include/detectabasura/msg/rosidl_typesupport_introspection_c__visibility_control.h\n'}
[26.775737] (detectabasura) StdoutLine: {'line': b'-- Up-to-date: /home/jetson/guali_ws/install/detectabasura/lib/libdetectabasura__rosidl_typesupport_introspection_c.so\n'}
[26.779237] (detectabasura) StdoutLine: {'line': b'-- Up-to-date: /home/jetson/guali_ws/install/detectabasura/lib/libdetectabasura__rosidl_typesupport_c.so\n'}
[26.781135] (detectabasura) StdoutLine: {'line': b'-- Up-to-date: /home/jetson/guali_ws/install/detectabasura/include/detectabasura\n'}
[26.782186] (detectabasura) StdoutLine: {'line': b'-- Up-to-date: /home/jetson/guali_ws/install/detectabasura/include/detectabasura/msg\n'}
[26.783254] (detectabasura) StdoutLine: {'line': b'-- Up-to-date: /home/jetson/guali_ws/install/detectabasura/include/detectabasura/msg/detail\n'}
[26.784372] (detectabasura) StdoutLine: {'line': b'-- Up-to-date: /home/jetson/guali_ws/install/detectabasura/include/detectabasura/msg/detail/six_dof_arm_control__struct.hpp\n'}
[26.785385] (detectabasura) StdoutLine: {'line': b'-- Up-to-date: /home/jetson/guali_ws/install/detectabasura/include/detectabasura/msg/detail/six_dof_arm_control__type_support.hpp\n'}
[26.786447] (detectabasura) StdoutLine: {'line': b'-- Up-to-date: /home/jetson/guali_ws/install/detectabasura/include/detectabasura/msg/detail/six_dof_arm_control__traits.hpp\n'}
[26.787503] (detectabasura) StdoutLine: {'line': b'-- Up-to-date: /home/jetson/guali_ws/install/detectabasura/include/detectabasura/msg/detail/six_dof_arm_control__builder.hpp\n'}
[26.788525] (detectabasura) StdoutLine: {'line': b'-- Up-to-date: /home/jetson/guali_ws/install/detectabasura/include/detectabasura/msg/six_dof_arm_control.hpp\n'}
[26.789502] (detectabasura) StdoutLine: {'line': b'-- Up-to-date: /home/jetson/guali_ws/install/detectabasura/include/detectabasura/msg/rosidl_generator_cpp__visibility_control.hpp\n'}
[26.790767] (detectabasura) StdoutLine: {'line': b'-- Up-to-date: /home/jetson/guali_ws/install/detectabasura/include/detectabasura\n'}
[26.791846] (detectabasura) StdoutLine: {'line': b'-- Up-to-date: /home/jetson/guali_ws/install/detectabasura/include/detectabasura/msg\n'}
[26.793172] (detectabasura) StdoutLine: {'line': b'-- Up-to-date: /home/jetson/guali_ws/install/detectabasura/include/detectabasura/msg/detail\n'}
[26.794428] (detectabasura) StdoutLine: {'line': b'-- Up-to-date: /home/jetson/guali_ws/install/detectabasura/include/detectabasura/msg/detail/six_dof_arm_control__rosidl_typesupport_introspection_cpp.hpp\n'}
[26.796158] (detectabasura) StdoutLine: {'line': b'-- Up-to-date: /home/jetson/guali_ws/install/detectabasura/include/detectabasura/msg/detail/six_dof_arm_control__type_support.cpp\n'}
[26.797658] (detectabasura) StdoutLine: {'line': b'-- Up-to-date: /home/jetson/guali_ws/install/detectabasura/lib/libdetectabasura__rosidl_typesupport_introspection_cpp.so\n'}
[26.800910] (detectabasura) StdoutLine: {'line': b'-- Up-to-date: /home/jetson/guali_ws/install/detectabasura/lib/libdetectabasura__rosidl_typesupport_cpp.so\n'}
[26.802959] (detectabasura) StdoutLine: {'line': b'-- Up-to-date: /home/jetson/guali_ws/install/detectabasura/share/detectabasura/environment/pythonpath.sh\n'}
[26.804232] (detectabasura) StdoutLine: {'line': b'-- Up-to-date: /home/jetson/guali_ws/install/detectabasura/share/detectabasura/environment/pythonpath.dsv\n'}
[26.805526] (detectabasura) StdoutLine: {'line': b'-- Up-to-date: /home/jetson/guali_ws/install/detectabasura/lib/python3.8/site-packages/detectabasura/__init__.py\n'}
[26.821028] (-) TimerEvent: {}
[26.921427] (-) TimerEvent: {}
[26.999474] (detectabasura) StdoutLine: {'line': b'-- Up-to-date: /home/jetson/guali_ws/install/detectabasura/lib/python3.8/site-packages/detectabasura/msg\n'}
[27.000017] (detectabasura) StdoutLine: {'line': b'-- Up-to-date: /home/jetson/guali_ws/install/detectabasura/lib/python3.8/site-packages/detectabasura/msg/_six_dof_arm_control_s.c\n'}
[27.000489] (detectabasura) StdoutLine: {'line': b'-- Up-to-date: /home/jetson/guali_ws/install/detectabasura/lib/python3.8/site-packages/detectabasura/msg/_six_dof_arm_control.py\n'}
[27.000895] (detectabasura) StdoutLine: {'line': b'-- Up-to-date: /home/jetson/guali_ws/install/detectabasura/lib/python3.8/site-packages/detectabasura/msg/__init__.py\n'}
[27.001680] (detectabasura) StdoutLine: {'line': b'-- Up-to-date: /home/jetson/guali_ws/install/detectabasura/lib/python3.8/site-packages/detectabasura/detectabasura_s__rosidl_typesupport_fastrtps_c.cpython-38-aarch64-linux-gnu.so\n'}
[27.003565] (detectabasura) StdoutLine: {'line': b'-- Up-to-date: /home/jetson/guali_ws/install/detectabasura/lib/python3.8/site-packages/detectabasura/detectabasura_s__rosidl_typesupport_introspection_c.cpython-38-aarch64-linux-gnu.so\n'}
[27.008016] (detectabasura) StdoutLine: {'line': b'-- Up-to-date: /home/jetson/guali_ws/install/detectabasura/lib/python3.8/site-packages/detectabasura/detectabasura_s__rosidl_typesupport_c.cpython-38-aarch64-linux-gnu.so\n'}
[27.010698] (detectabasura) StdoutLine: {'line': b'-- Up-to-date: /home/jetson/guali_ws/install/detectabasura/lib/libdetectabasura__python.so\n'}
[27.012767] (detectabasura) StdoutLine: {'line': b'-- Up-to-date: /home/jetson/guali_ws/install/detectabasura/share/detectabasura/msg/SixDOFArmControl.idl\n'}
[27.014103] (detectabasura) StdoutLine: {'line': b'-- Up-to-date: /home/jetson/guali_ws/install/detectabasura/share/detectabasura/msg/SixDOFArmControl.msg\n'}
[27.017994] (detectabasura) StdoutLine: {'line': b'-- Up-to-date: /home/jetson/guali_ws/install/detectabasura/lib/detectabasura/video_publisher_cli\n'}
[27.021570] (-) TimerEvent: {}
[27.022644] (detectabasura) StdoutLine: {'line': b'-- Up-to-date: /home/jetson/guali_ws/install/detectabasura/lib/detectabasura/video_publisher_usb\n'}
[27.027275] (detectabasura) StdoutLine: {'line': b'-- Installing: /home/jetson/guali_ws/install/detectabasura/lib/detectabasura/serialMCU\n'}
[27.035454] (detectabasura) StdoutLine: {'line': b'-- Up-to-date: /home/jetson/guali_ws/install/detectabasura/share/ament_index/resource_index/package_run_dependencies/detectabasura\n'}
[27.036874] (detectabasura) StdoutLine: {'line': b'-- Up-to-date: /home/jetson/guali_ws/install/detectabasura/share/ament_index/resource_index/parent_prefix_path/detectabasura\n'}
[27.038203] (detectabasura) StdoutLine: {'line': b'-- Up-to-date: /home/jetson/guali_ws/install/detectabasura/share/detectabasura/environment/ament_prefix_path.sh\n'}
[27.039487] (detectabasura) StdoutLine: {'line': b'-- Up-to-date: /home/jetson/guali_ws/install/detectabasura/share/detectabasura/environment/ament_prefix_path.dsv\n'}
[27.040717] (detectabasura) StdoutLine: {'line': b'-- Up-to-date: /home/jetson/guali_ws/install/detectabasura/share/detectabasura/environment/path.sh\n'}
[27.041903] (detectabasura) StdoutLine: {'line': b'-- Up-to-date: /home/jetson/guali_ws/install/detectabasura/share/detectabasura/environment/path.dsv\n'}
[27.043148] (detectabasura) StdoutLine: {'line': b'-- Up-to-date: /home/jetson/guali_ws/install/detectabasura/share/detectabasura/local_setup.bash\n'}
[27.044338] (detectabasura) StdoutLine: {'line': b'-- Up-to-date: /home/jetson/guali_ws/install/detectabasura/share/detectabasura/local_setup.sh\n'}
[27.045499] (detectabasura) StdoutLine: {'line': b'-- Up-to-date: /home/jetson/guali_ws/install/detectabasura/share/detectabasura/local_setup.zsh\n'}
[27.046700] (detectabasura) StdoutLine: {'line': b'-- Up-to-date: /home/jetson/guali_ws/install/detectabasura/share/detectabasura/local_setup.dsv\n'}
[27.047955] (detectabasura) StdoutLine: {'line': b'-- Installing: /home/jetson/guali_ws/install/detectabasura/share/detectabasura/package.dsv\n'}
[27.049141] (detectabasura) StdoutLine: {'line': b'-- Up-to-date: /home/jetson/guali_ws/install/detectabasura/share/ament_index/resource_index/packages/detectabasura\n'}
[27.058224] (detectabasura) StdoutLine: {'line': b'-- Up-to-date: /home/jetson/guali_ws/install/detectabasura/share/detectabasura/cmake/detectabasura__rosidl_generator_cExport.cmake\n'}
[27.058750] (detectabasura) StdoutLine: {'line': b'-- Up-to-date: /home/jetson/guali_ws/install/detectabasura/share/detectabasura/cmake/detectabasura__rosidl_generator_cExport-release.cmake\n'}
[27.059147] (detectabasura) StdoutLine: {'line': b'-- Up-to-date: /home/jetson/guali_ws/install/detectabasura/share/detectabasura/cmake/detectabasura__rosidl_typesupport_introspection_cExport.cmake\n'}
[27.059564] (detectabasura) StdoutLine: {'line': b'-- Up-to-date: /home/jetson/guali_ws/install/detectabasura/share/detectabasura/cmake/detectabasura__rosidl_typesupport_introspection_cExport-release.cmake\n'}
[27.064072] (detectabasura) StdoutLine: {'line': b'-- Up-to-date: /home/jetson/guali_ws/install/detectabasura/share/detectabasura/cmake/detectabasura__rosidl_typesupport_cExport.cmake\n'}
[27.065242] (detectabasura) StdoutLine: {'line': b'-- Up-to-date: /home/jetson/guali_ws/install/detectabasura/share/detectabasura/cmake/detectabasura__rosidl_typesupport_cExport-release.cmake\n'}
[27.066876] (detectabasura) StdoutLine: {'line': b'-- Up-to-date: /home/jetson/guali_ws/install/detectabasura/share/detectabasura/cmake/detectabasura__rosidl_generator_cppExport.cmake\n'}
[27.070980] (detectabasura) StdoutLine: {'line': b'-- Up-to-date: /home/jetson/guali_ws/install/detectabasura/share/detectabasura/cmake/detectabasura__rosidl_typesupport_introspection_cppExport.cmake\n'}
[27.071523] (detectabasura) StdoutLine: {'line': b'-- Up-to-date: /home/jetson/guali_ws/install/detectabasura/share/detectabasura/cmake/detectabasura__rosidl_typesupport_introspection_cppExport-release.cmake\n'}
[27.071915] (detectabasura) StdoutLine: {'line': b'-- Up-to-date: /home/jetson/guali_ws/install/detectabasura/share/detectabasura/cmake/detectabasura__rosidl_typesupport_cppExport.cmake\n'}
[27.072290] (detectabasura) StdoutLine: {'line': b'-- Up-to-date: /home/jetson/guali_ws/install/detectabasura/share/detectabasura/cmake/detectabasura__rosidl_typesupport_cppExport-release.cmake\n'}
[27.072671] (detectabasura) StdoutLine: {'line': b'-- Up-to-date: /home/jetson/guali_ws/install/detectabasura/share/detectabasura/cmake/rosidl_cmake-extras.cmake\n'}
[27.073068] (detectabasura) StdoutLine: {'line': b'-- Up-to-date: /home/jetson/guali_ws/install/detectabasura/share/detectabasura/cmake/ament_cmake_export_dependencies-extras.cmake\n'}
[27.073479] (detectabasura) StdoutLine: {'line': b'-- Up-to-date: /home/jetson/guali_ws/install/detectabasura/share/detectabasura/cmake/ament_cmake_export_libraries-extras.cmake\n'}
[27.073844] (detectabasura) StdoutLine: {'line': b'-- Up-to-date: /home/jetson/guali_ws/install/detectabasura/share/detectabasura/cmake/ament_cmake_export_targets-extras.cmake\n'}
[27.077332] (detectabasura) StdoutLine: {'line': b'-- Up-to-date: /home/jetson/guali_ws/install/detectabasura/share/detectabasura/cmake/ament_cmake_export_include_directories-extras.cmake\n'}
[27.077884] (detectabasura) StdoutLine: {'line': b'-- Up-to-date: /home/jetson/guali_ws/install/detectabasura/share/detectabasura/cmake/rosidl_cmake_export_typesupport_libraries-extras.cmake\n'}
[27.078458] (detectabasura) StdoutLine: {'line': b'-- Up-to-date: /home/jetson/guali_ws/install/detectabasura/share/detectabasura/cmake/rosidl_cmake_export_typesupport_targets-extras.cmake\n'}
[27.078907] (detectabasura) StdoutLine: {'line': b'-- Up-to-date: /home/jetson/guali_ws/install/detectabasura/share/detectabasura/cmake/detectabasuraConfig.cmake\n'}
[27.079338] (detectabasura) StdoutLine: {'line': b'-- Up-to-date: /home/jetson/guali_ws/install/detectabasura/share/detectabasura/cmake/detectabasuraConfig-version.cmake\n'}
[27.079732] (detectabasura) StdoutLine: {'line': b'-- Up-to-date: /home/jetson/guali_ws/install/detectabasura/share/detectabasura/package.xml\n'}
[27.105214] (detectabasura) CommandEnded: {'returncode': 0}
[27.123233] (-) TimerEvent: {}
[27.224507] (-) TimerEvent: {}
[27.324939] (-) TimerEvent: {}
[27.425489] (-) TimerEvent: {}
[27.525830] (-) TimerEvent: {}
[27.582399] (detectabasura) JobEnded: {'identifier': 'detectabasura', 'rc': 0}
[27.585816] (-) EventReactorShutdown: {}
