[1.145s] DEBUG:colcon:Command line arguments: ['/usr/bin/colcon', 'build']
[1.146s] DEBUG:colcon:Parsed command line arguments: Namespace(allow_overriding=[], ament_cmake_args=None, base_paths=['.'], build_base='build', catkin_cmake_args=None, catkin_skip_building_tests=False, cmake_args=None, cmake_clean_cache=False, cmake_clean_first=False, cmake_force_configure=False, cmake_target=None, cmake_target_skip_unavailable=False, continue_on_error=False, event_handlers=None, executor='parallel', ignore_user_meta=False, install_base='install', log_base=None, log_level=None, main=<bound method BuildVerb.main of <colcon_core.verb.build.BuildVerb object at 0x7f988d2310>>, merge_install=False, metas=['./colcon.meta'], packages_above=None, packages_above_and_dependencies=None, packages_above_depth=None, packages_end=None, packages_ignore=None, packages_ignore_regex=None, packages_select=None, packages_select_build_failed=False, packages_select_by_dep=None, packages_select_regex=None, packages_select_test_failures=False, packages_skip=None, packages_skip_build_finished=False, packages_skip_by_dep=None, packages_skip_regex=None, packages_skip_test_passed=False, packages_skip_up_to=None, packages_start=None, packages_up_to=None, packages_up_to_regex=None, parallel_workers=4, paths=None, symlink_install=False, test_result_base=None, verb_extension=<colcon_core.verb.build.BuildVerb object at 0x7f988d2310>, verb_name='build', verb_parser=<colcon_defaults.argument_parser.defaults.DefaultArgumentsDecorator object at 0x7f98843e50>)
[2.188s] Level 1:colcon.colcon_core.package_discovery:discover_packages(colcon_meta) check parameters
[2.188s] Level 1:colcon.colcon_core.package_discovery:discover_packages(recursive) check parameters
[2.189s] Level 1:colcon.colcon_core.package_discovery:discover_packages(ignore) check parameters
[2.189s] Level 1:colcon.colcon_core.package_discovery:discover_packages(path) check parameters
[2.189s] Level 1:colcon.colcon_core.package_discovery:discover_packages(colcon_meta) discover
[2.189s] Level 1:colcon.colcon_core.package_discovery:discover_packages(recursive) discover
[2.189s] INFO:colcon.colcon_core.package_discovery:Crawling recursively for packages in '/home/jetson/guali_ws'
[2.190s] Level 1:colcon.colcon_core.package_identification:_identify(.) by extensions ['ignore', 'ignore_ament_install']
[2.190s] Level 1:colcon.colcon_core.package_identification:_identify(.) by extension 'ignore'
[2.190s] Level 1:colcon.colcon_core.package_identification:_identify(.) by extension 'ignore_ament_install'
[2.191s] Level 1:colcon.colcon_core.package_identification:_identify(.) by extensions ['colcon_pkg']
[2.191s] Level 1:colcon.colcon_core.package_identification:_identify(.) by extension 'colcon_pkg'
[2.191s] Level 1:colcon.colcon_core.package_identification:_identify(.) by extensions ['colcon_meta']
[2.191s] Level 1:colcon.colcon_core.package_identification:_identify(.) by extension 'colcon_meta'
[2.191s] Level 1:colcon.colcon_core.package_identification:_identify(.) by extensions ['ros']
[2.191s] Level 1:colcon.colcon_core.package_identification:_identify(.) by extension 'ros'
[2.287s] Level 1:colcon.colcon_core.package_identification:_identify(.) by extensions ['cmake', 'python']
[2.287s] Level 1:colcon.colcon_core.package_identification:_identify(.) by extension 'cmake'
[2.287s] Level 1:colcon.colcon_core.package_identification:_identify(.) by extension 'python'
[2.288s] Level 1:colcon.colcon_core.package_identification:_identify(.) by extensions ['python_setup_py']
[2.288s] Level 1:colcon.colcon_core.package_identification:_identify(.) by extension 'python_setup_py'
[2.288s] Level 1:colcon.colcon_core.package_identification:_identify(build) by extensions ['ignore', 'ignore_ament_install']
[2.289s] Level 1:colcon.colcon_core.package_identification:_identify(build) by extension 'ignore'
[2.289s] Level 1:colcon.colcon_core.package_identification:_identify(build) ignored
[2.290s] Level 1:colcon.colcon_core.package_identification:_identify(calibrationdata) by extensions ['ignore', 'ignore_ament_install']
[2.290s] Level 1:colcon.colcon_core.package_identification:_identify(calibrationdata) by extension 'ignore'
[2.290s] Level 1:colcon.colcon_core.package_identification:_identify(calibrationdata) by extension 'ignore_ament_install'
[2.291s] Level 1:colcon.colcon_core.package_identification:_identify(calibrationdata) by extensions ['colcon_pkg']
[2.291s] Level 1:colcon.colcon_core.package_identification:_identify(calibrationdata) by extension 'colcon_pkg'
[2.291s] Level 1:colcon.colcon_core.package_identification:_identify(calibrationdata) by extensions ['colcon_meta']
[2.291s] Level 1:colcon.colcon_core.package_identification:_identify(calibrationdata) by extension 'colcon_meta'
[2.291s] Level 1:colcon.colcon_core.package_identification:_identify(calibrationdata) by extensions ['ros']
[2.292s] Level 1:colcon.colcon_core.package_identification:_identify(calibrationdata) by extension 'ros'
[2.292s] Level 1:colcon.colcon_core.package_identification:_identify(calibrationdata) by extensions ['cmake', 'python']
[2.292s] Level 1:colcon.colcon_core.package_identification:_identify(calibrationdata) by extension 'cmake'
[2.292s] Level 1:colcon.colcon_core.package_identification:_identify(calibrationdata) by extension 'python'
[2.292s] Level 1:colcon.colcon_core.package_identification:_identify(calibrationdata) by extensions ['python_setup_py']
[2.293s] Level 1:colcon.colcon_core.package_identification:_identify(calibrationdata) by extension 'python_setup_py'
[2.293s] Level 1:colcon.colcon_core.package_identification:_identify(detectabasura) by extensions ['ignore', 'ignore_ament_install']
[2.293s] Level 1:colcon.colcon_core.package_identification:_identify(detectabasura) by extension 'ignore'
[2.293s] Level 1:colcon.colcon_core.package_identification:_identify(detectabasura) by extension 'ignore_ament_install'
[2.294s] Level 1:colcon.colcon_core.package_identification:_identify(detectabasura) by extensions ['colcon_pkg']
[2.294s] Level 1:colcon.colcon_core.package_identification:_identify(detectabasura) by extension 'colcon_pkg'
[2.294s] Level 1:colcon.colcon_core.package_identification:_identify(detectabasura) by extensions ['colcon_meta']
[2.294s] Level 1:colcon.colcon_core.package_identification:_identify(detectabasura) by extension 'colcon_meta'
[2.295s] Level 1:colcon.colcon_core.package_identification:_identify(detectabasura) by extensions ['ros']
[2.295s] Level 1:colcon.colcon_core.package_identification:_identify(detectabasura) by extension 'ros'
[2.307s] DEBUG:colcon.colcon_core.package_identification:Package 'detectabasura' with type 'ros.ament_cmake' and name 'detectabasura'
[2.307s] Level 1:colcon.colcon_core.package_identification:_identify(install) by extensions ['ignore', 'ignore_ament_install']
[2.308s] Level 1:colcon.colcon_core.package_identification:_identify(install) by extension 'ignore'
[2.308s] Level 1:colcon.colcon_core.package_identification:_identify(install) ignored
[2.308s] Level 1:colcon.colcon_core.package_identification:_identify(log) by extensions ['ignore', 'ignore_ament_install']
[2.309s] Level 1:colcon.colcon_core.package_identification:_identify(log) by extension 'ignore'
[2.309s] Level 1:colcon.colcon_core.package_identification:_identify(log) ignored
[2.309s] Level 1:colcon.colcon_core.package_discovery:discover_packages(recursive) using defaults
[2.309s] Level 1:colcon.colcon_core.package_discovery:discover_packages(ignore) discover
[2.310s] Level 1:colcon.colcon_core.package_discovery:discover_packages(ignore) using defaults
[2.310s] Level 1:colcon.colcon_core.package_discovery:discover_packages(path) discover
[2.310s] Level 1:colcon.colcon_core.package_discovery:discover_packages(path) using defaults
[2.412s] Level 1:colcon.colcon_core.package_discovery:discover_packages(prefix_path) check parameters
[2.412s] Level 1:colcon.colcon_core.package_discovery:discover_packages(prefix_path) discover
[2.424s] DEBUG:colcon.colcon_installed_package_information.package_discovery:Found 1 installed packages in /home/jetson/guali_ws/install
[2.431s] DEBUG:colcon.colcon_installed_package_information.package_discovery:Found 259 installed packages in /opt/ros/foxy
[2.443s] Level 1:colcon.colcon_core.package_discovery:discover_packages(prefix_path) using defaults
[2.765s] Level 5:colcon.colcon_core.verb:set package 'detectabasura' build argument 'cmake_args' from command line to 'None'
[2.765s] Level 5:colcon.colcon_core.verb:set package 'detectabasura' build argument 'cmake_target' from command line to 'None'
[2.765s] Level 5:colcon.colcon_core.verb:set package 'detectabasura' build argument 'cmake_target_skip_unavailable' from command line to 'False'
[2.765s] Level 5:colcon.colcon_core.verb:set package 'detectabasura' build argument 'cmake_clean_cache' from command line to 'False'
[2.766s] Level 5:colcon.colcon_core.verb:set package 'detectabasura' build argument 'cmake_clean_first' from command line to 'False'
[2.766s] Level 5:colcon.colcon_core.verb:set package 'detectabasura' build argument 'cmake_force_configure' from command line to 'False'
[2.766s] Level 5:colcon.colcon_core.verb:set package 'detectabasura' build argument 'ament_cmake_args' from command line to 'None'
[2.766s] Level 5:colcon.colcon_core.verb:set package 'detectabasura' build argument 'catkin_cmake_args' from command line to 'None'
[2.766s] Level 5:colcon.colcon_core.verb:set package 'detectabasura' build argument 'catkin_skip_building_tests' from command line to 'False'
[2.766s] DEBUG:colcon.colcon_core.verb:Building package 'detectabasura' with the following arguments: {'ament_cmake_args': None, 'build_base': '/home/jetson/guali_ws/build/detectabasura', 'catkin_cmake_args': None, 'catkin_skip_building_tests': False, 'cmake_args': None, 'cmake_clean_cache': False, 'cmake_clean_first': False, 'cmake_force_configure': False, 'cmake_target': None, 'cmake_target_skip_unavailable': False, 'install_base': '/home/jetson/guali_ws/install/detectabasura', 'merge_install': False, 'path': '/home/jetson/guali_ws/detectabasura', 'symlink_install': False, 'test_result_base': None}
[2.767s] INFO:colcon.colcon_core.executor:Executing jobs using 'parallel' executor
[2.770s] DEBUG:colcon.colcon_parallel_executor.executor.parallel:run_until_complete
[2.771s] INFO:colcon.colcon_ros.task.ament_cmake.build:Building ROS package in '/home/jetson/guali_ws/detectabasura' with build type 'ament_cmake'
[2.771s] INFO:colcon.colcon_cmake.task.cmake.build:Building CMake package in '/home/jetson/guali_ws/detectabasura'
[2.780s] INFO:colcon.colcon_core.plugin_system:Skipping extension 'colcon_core.shell.bat': Not used on non-Windows systems
[2.781s] INFO:colcon.colcon_core.shell:Skip shell extension 'powershell' for command environment: Not usable outside of PowerShell
[2.781s] DEBUG:colcon.colcon_core.shell:Skip shell extension 'dsv' for command environment
[2.819s] DEBUG:colcon.colcon_core.event_handler.log_command:Invoking command in '/home/jetson/guali_ws/build/detectabasura': CMAKE_PREFIX_PATH=${CMAKE_PREFIX_PATH}:/opt/ros/foxy /usr/local/bin/cmake --build /home/jetson/guali_ws/build/detectabasura -- -j4 -l4
[3.783s] DEBUG:colcon.colcon_core.event_handler.log_command:Invoked command in '/home/jetson/guali_ws/build/detectabasura' returned '0': CMAKE_PREFIX_PATH=${CMAKE_PREFIX_PATH}:/opt/ros/foxy /usr/local/bin/cmake --build /home/jetson/guali_ws/build/detectabasura -- -j4 -l4
[3.965s] DEBUG:colcon.colcon_core.event_handler.log_command:Invoking command in '/home/jetson/guali_ws/build/detectabasura': CMAKE_PREFIX_PATH=${CMAKE_PREFIX_PATH}:/opt/ros/foxy /usr/local/bin/cmake --install /home/jetson/guali_ws/build/detectabasura
[4.155s] Level 1:colcon.colcon_core.environment:create_environment_scripts_only(detectabasura)
[4.160s] DEBUG:colcon.colcon_core.event_handler.log_command:Invoked command in '/home/jetson/guali_ws/build/detectabasura' returned '0': CMAKE_PREFIX_PATH=${CMAKE_PREFIX_PATH}:/opt/ros/foxy /usr/local/bin/cmake --install /home/jetson/guali_ws/build/detectabasura
[4.168s] Level 1:colcon.colcon_core.environment:checking '/home/jetson/guali_ws/install/detectabasura' for CMake module files
[4.172s] Level 1:colcon.colcon_core.environment:checking '/home/jetson/guali_ws/install/detectabasura' for CMake config files
[4.174s] Level 1:colcon.colcon_core.shell:create_environment_hook('detectabasura', 'cmake_prefix_path')
[4.175s] INFO:colcon.colcon_core.shell:Creating environment hook '/home/jetson/guali_ws/install/detectabasura/share/detectabasura/hook/cmake_prefix_path.ps1'
[4.178s] INFO:colcon.colcon_core.shell:Creating environment descriptor '/home/jetson/guali_ws/install/detectabasura/share/detectabasura/hook/cmake_prefix_path.dsv'
[4.180s] INFO:colcon.colcon_core.shell:Creating environment hook '/home/jetson/guali_ws/install/detectabasura/share/detectabasura/hook/cmake_prefix_path.sh'
[4.184s] Level 1:colcon.colcon_core.environment:checking '/home/jetson/guali_ws/install/detectabasura/lib'
[4.185s] Level 1:colcon.colcon_core.shell:create_environment_hook('detectabasura', 'ld_library_path_lib')
[4.186s] INFO:colcon.colcon_core.shell:Creating environment hook '/home/jetson/guali_ws/install/detectabasura/share/detectabasura/hook/ld_library_path_lib.ps1'
[4.187s] INFO:colcon.colcon_core.shell:Creating environment descriptor '/home/jetson/guali_ws/install/detectabasura/share/detectabasura/hook/ld_library_path_lib.dsv'
[4.189s] INFO:colcon.colcon_core.shell:Creating environment hook '/home/jetson/guali_ws/install/detectabasura/share/detectabasura/hook/ld_library_path_lib.sh'
[4.191s] Level 1:colcon.colcon_core.environment:checking '/home/jetson/guali_ws/install/detectabasura/bin'
[4.191s] Level 1:colcon.colcon_core.environment:checking '/home/jetson/guali_ws/install/detectabasura/lib/pkgconfig/detectabasura.pc'
[4.192s] Level 1:colcon.colcon_core.environment:checking '/home/jetson/guali_ws/install/detectabasura/lib/python3.8/site-packages'
[4.192s] Level 1:colcon.colcon_core.shell:create_environment_hook('detectabasura', 'pythonpath')
[4.194s] INFO:colcon.colcon_core.shell:Creating environment hook '/home/jetson/guali_ws/install/detectabasura/share/detectabasura/hook/pythonpath.ps1'
[4.195s] INFO:colcon.colcon_core.shell:Creating environment descriptor '/home/jetson/guali_ws/install/detectabasura/share/detectabasura/hook/pythonpath.dsv'
[4.197s] INFO:colcon.colcon_core.shell:Creating environment hook '/home/jetson/guali_ws/install/detectabasura/share/detectabasura/hook/pythonpath.sh'
[4.199s] Level 1:colcon.colcon_core.environment:checking '/home/jetson/guali_ws/install/detectabasura/bin'
[4.201s] INFO:colcon.colcon_core.shell:Creating package script '/home/jetson/guali_ws/install/detectabasura/share/detectabasura/package.ps1'
[4.205s] INFO:colcon.colcon_core.shell:Creating package descriptor '/home/jetson/guali_ws/install/detectabasura/share/detectabasura/package.dsv'
[4.207s] INFO:colcon.colcon_core.shell:Creating package script '/home/jetson/guali_ws/install/detectabasura/share/detectabasura/package.sh'
[4.211s] INFO:colcon.colcon_core.shell:Creating package script '/home/jetson/guali_ws/install/detectabasura/share/detectabasura/package.bash'
[4.214s] INFO:colcon.colcon_core.shell:Creating package script '/home/jetson/guali_ws/install/detectabasura/share/detectabasura/package.zsh'
[4.216s] Level 1:colcon.colcon_core.environment:create_file_with_runtime_dependencies(/home/jetson/guali_ws/install/detectabasura/share/colcon-core/packages/detectabasura)
[4.371s] Level 1:colcon.colcon_core.environment:create_environment_scripts_only(detectabasura)
[4.372s] Level 1:colcon.colcon_core.environment:checking '/home/jetson/guali_ws/install/detectabasura' for CMake module files
[4.375s] Level 1:colcon.colcon_core.environment:checking '/home/jetson/guali_ws/install/detectabasura' for CMake config files
[4.377s] Level 1:colcon.colcon_core.shell:create_environment_hook('detectabasura', 'cmake_prefix_path')
[4.378s] INFO:colcon.colcon_core.shell:Creating environment hook '/home/jetson/guali_ws/install/detectabasura/share/detectabasura/hook/cmake_prefix_path.ps1'
[4.381s] INFO:colcon.colcon_core.shell:Creating environment descriptor '/home/jetson/guali_ws/install/detectabasura/share/detectabasura/hook/cmake_prefix_path.dsv'
[4.382s] INFO:colcon.colcon_core.shell:Creating environment hook '/home/jetson/guali_ws/install/detectabasura/share/detectabasura/hook/cmake_prefix_path.sh'
[4.384s] Level 1:colcon.colcon_core.environment:checking '/home/jetson/guali_ws/install/detectabasura/lib'
[4.385s] Level 1:colcon.colcon_core.shell:create_environment_hook('detectabasura', 'ld_library_path_lib')
[4.386s] INFO:colcon.colcon_core.shell:Creating environment hook '/home/jetson/guali_ws/install/detectabasura/share/detectabasura/hook/ld_library_path_lib.ps1'
[4.388s] INFO:colcon.colcon_core.shell:Creating environment descriptor '/home/jetson/guali_ws/install/detectabasura/share/detectabasura/hook/ld_library_path_lib.dsv'
[4.390s] INFO:colcon.colcon_core.shell:Creating environment hook '/home/jetson/guali_ws/install/detectabasura/share/detectabasura/hook/ld_library_path_lib.sh'
[4.391s] Level 1:colcon.colcon_core.environment:checking '/home/jetson/guali_ws/install/detectabasura/bin'
[4.391s] Level 1:colcon.colcon_core.environment:checking '/home/jetson/guali_ws/install/detectabasura/lib/pkgconfig/detectabasura.pc'
[4.392s] Level 1:colcon.colcon_core.environment:checking '/home/jetson/guali_ws/install/detectabasura/lib/python3.8/site-packages'
[4.393s] Level 1:colcon.colcon_core.shell:create_environment_hook('detectabasura', 'pythonpath')
[4.394s] INFO:colcon.colcon_core.shell:Creating environment hook '/home/jetson/guali_ws/install/detectabasura/share/detectabasura/hook/pythonpath.ps1'
[4.396s] INFO:colcon.colcon_core.shell:Creating environment descriptor '/home/jetson/guali_ws/install/detectabasura/share/detectabasura/hook/pythonpath.dsv'
[4.397s] INFO:colcon.colcon_core.shell:Creating environment hook '/home/jetson/guali_ws/install/detectabasura/share/detectabasura/hook/pythonpath.sh'
[4.400s] Level 1:colcon.colcon_core.environment:checking '/home/jetson/guali_ws/install/detectabasura/bin'
[4.401s] INFO:colcon.colcon_core.shell:Creating package script '/home/jetson/guali_ws/install/detectabasura/share/detectabasura/package.ps1'
[4.404s] INFO:colcon.colcon_core.shell:Creating package descriptor '/home/jetson/guali_ws/install/detectabasura/share/detectabasura/package.dsv'
[4.407s] INFO:colcon.colcon_core.shell:Creating package script '/home/jetson/guali_ws/install/detectabasura/share/detectabasura/package.sh'
[4.409s] INFO:colcon.colcon_core.shell:Creating package script '/home/jetson/guali_ws/install/detectabasura/share/detectabasura/package.bash'
[4.411s] INFO:colcon.colcon_core.shell:Creating package script '/home/jetson/guali_ws/install/detectabasura/share/detectabasura/package.zsh'
[4.413s] Level 1:colcon.colcon_core.environment:create_file_with_runtime_dependencies(/home/jetson/guali_ws/install/detectabasura/share/colcon-core/packages/detectabasura)
[4.414s] DEBUG:colcon.colcon_parallel_executor.executor.parallel:closing loop
[4.416s] DEBUG:colcon.colcon_parallel_executor.executor.parallel:loop closed
[4.416s] DEBUG:colcon.colcon_parallel_executor.executor.parallel:run_until_complete finished with '0'
[4.416s] DEBUG:colcon.colcon_core.event_reactor:joining thread
[4.439s] INFO:colcon.colcon_core.plugin_system:Skipping extension 'colcon_notification.desktop_notification.terminal_notifier': Not used on non-Darwin systems
[4.439s] INFO:colcon.colcon_core.plugin_system:Skipping extension 'colcon_notification.desktop_notification.win32': Not used on non-Windows systems
[4.440s] INFO:colcon.colcon_notification.desktop_notification:Sending desktop notification using 'notify2'
[4.477s] DEBUG:colcon.colcon_core.event_reactor:joined thread
[4.478s] INFO:colcon.colcon_core.shell:Creating prefix script '/home/jetson/guali_ws/install/local_setup.ps1'
[4.482s] INFO:colcon.colcon_core.shell:Creating prefix util module '/home/jetson/guali_ws/install/_local_setup_util_ps1.py'
[4.487s] INFO:colcon.colcon_core.shell:Creating prefix chain script '/home/jetson/guali_ws/install/setup.ps1'
[4.491s] INFO:colcon.colcon_core.shell:Creating prefix script '/home/jetson/guali_ws/install/local_setup.sh'
[4.493s] INFO:colcon.colcon_core.shell:Creating prefix util module '/home/jetson/guali_ws/install/_local_setup_util_sh.py'
[4.495s] INFO:colcon.colcon_core.shell:Creating prefix chain script '/home/jetson/guali_ws/install/setup.sh'
[4.501s] INFO:colcon.colcon_core.shell:Creating prefix script '/home/jetson/guali_ws/install/local_setup.bash'
[4.502s] INFO:colcon.colcon_core.shell:Creating prefix chain script '/home/jetson/guali_ws/install/setup.bash'
[4.506s] INFO:colcon.colcon_core.shell:Creating prefix script '/home/jetson/guali_ws/install/local_setup.zsh'
[4.508s] INFO:colcon.colcon_core.shell:Creating prefix chain script '/home/jetson/guali_ws/install/setup.zsh'
