[0.060s] Invoking command in '/home/jetson/guali_ws/detectabasura/build/detectabasura': CMAKE_PREFIX_PATH=${CMAKE_PREFIX_PATH}:/opt/ros/foxy /usr/bin/cmake --build /home/jetson/guali_ws/detectabasura/build/detectabasura -- -j4 -l4
[0.415s] -- Found ament_cmake: 0.9.12 (/opt/ros/foxy/share/ament_cmake/cmake)
[0.562s] -- Using PYTHON_EXECUTABLE: /usr/bin/python3
[2.467s] -- Found rclcpp: 2.4.3 (/opt/ros/foxy/share/rclcpp/cmake)
[2.784s] -- Using all available rosidl_typesupport_c: rosidl_typesupport_fastrtps_c;rosidl_typesupport_introspection_c
[2.877s] -- Found rosidl_adapter: 1.3.1 (/opt/ros/foxy/share/rosidl_adapter/cmake)
[3.894s] -- Using all available rosidl_typesupport_cpp: rosidl_typesupport_fastrtps_cpp;rosidl_typesupport_introspection_cpp
[4.272s] -- Found rmw_implementation_cmake: 1.0.4 (/opt/ros/foxy/share/rmw_implementation_cmake/cmake)
[4.289s] -- Using RMW implementation 'rmw_fastrtps_cpp' as default
[5.582s] -- Found sensor_msgs: 2.0.5 (/opt/ros/foxy/share/sensor_msgs/cmake)
[6.485s] -- Found cv_bridge: 3.0.7 (/opt/ros/foxy/share/cv_bridge/cmake)
[6.899s] -- Found OpenCV: /usr (found version "4.6.0") 
[6.920s] -- Found OpenCV: /usr (found version "4.6.0") found components: cudaarithm cudafilters 
[7.578s] -- Configuring done
[7.870s] -- Generating done
[7.876s] -- Build files have been written to: /home/jetson/guali_ws/detectabasura/build/detectabasura
[8.186s] [35m[1mScanning dependencies of target video_publisher[0m
[8.501s] [ 50%] [32mBuilding CXX object CMakeFiles/video_publisher.dir/src/video_publisher.cpp.o[0m
[8.538s] [01m[K/home/jetson/guali_ws/detectabasura/src/video_publisher.cpp:1:10:[m[K [01;31m[Kfatal error: [m[Kros/ros.h: No such file or directory
[8.539s]  #include [01;31m[K<ros/ros.h>[m[K
[8.539s]           [01;31m[K^~~~~~~~~~~[m[K
[8.540s] compilation terminated.
[8.544s] make[2]: *** [CMakeFiles/video_publisher.dir/build.make:63: CMakeFiles/video_publisher.dir/src/video_publisher.cpp.o] Error 1
[8.545s] make[1]: *** [CMakeFiles/Makefile2:78: CMakeFiles/video_publisher.dir/all] Error 2
[8.546s] make: *** [Makefile:141: all] Error 2
[8.553s] Invoked command in '/home/jetson/guali_ws/detectabasura/build/detectabasura' returned '2': CMAKE_PREFIX_PATH=${CMAKE_PREFIX_PATH}:/opt/ros/foxy /usr/bin/cmake --build /home/jetson/guali_ws/detectabasura/build/detectabasura -- -j4 -l4
