[1.809s] DEBUG:colcon:Command line arguments: ['/usr/bin/colcon', 'build']
[1.809s] DEBUG:colcon:Parsed command line arguments: Namespace(allow_overriding=[], ament_cmake_args=None, base_paths=['.'], build_base='build', catkin_cmake_args=None, catkin_skip_building_tests=False, cmake_args=None, cmake_clean_cache=False, cmake_clean_first=False, cmake_force_configure=False, cmake_target=None, cmake_target_skip_unavailable=False, continue_on_error=False, event_handlers=None, executor='parallel', ignore_user_meta=False, install_base='install', log_base=None, log_level=None, main=<bound method BuildVerb.main of <colcon_core.verb.build.BuildVerb object at 0x7fafb2adf0>>, merge_install=False, metas=['./colcon.meta'], packages_above=None, packages_above_and_dependencies=None, packages_above_depth=None, packages_end=None, packages_ignore=None, packages_ignore_regex=None, packages_select=None, packages_select_build_failed=False, packages_select_by_dep=None, packages_select_regex=None, packages_select_test_failures=False, packages_skip=None, packages_skip_build_finished=False, packages_skip_by_dep=None, packages_skip_regex=None, packages_skip_test_passed=False, packages_skip_up_to=None, packages_start=None, packages_up_to=None, packages_up_to_regex=None, parallel_workers=4, paths=None, symlink_install=False, test_result_base=None, verb_extension=<colcon_core.verb.build.BuildVerb object at 0x7fafb2adf0>, verb_name='build', verb_parser=<colcon_defaults.argument_parser.defaults.DefaultArgumentsDecorator object at 0x7fafab4f40>)
[2.259s] Level 1:colcon.colcon_core.package_discovery:discover_packages(colcon_meta) check parameters
[2.259s] Level 1:colcon.colcon_core.package_discovery:discover_packages(recursive) check parameters
[2.259s] Level 1:colcon.colcon_core.package_discovery:discover_packages(ignore) check parameters
[2.260s] Level 1:colcon.colcon_core.package_discovery:discover_packages(path) check parameters
[2.260s] Level 1:colcon.colcon_core.package_discovery:discover_packages(colcon_meta) discover
[2.260s] Level 1:colcon.colcon_core.package_discovery:discover_packages(recursive) discover
[2.260s] INFO:colcon.colcon_core.package_discovery:Crawling recursively for packages in '/home/wheeltec/guali_ws'
[2.261s] Level 1:colcon.colcon_core.package_identification:_identify(.) by extensions ['ignore', 'ignore_ament_install']
[2.262s] Level 1:colcon.colcon_core.package_identification:_identify(.) by extension 'ignore'
[2.262s] Level 1:colcon.colcon_core.package_identification:_identify(.) by extension 'ignore_ament_install'
[2.262s] Level 1:colcon.colcon_core.package_identification:_identify(.) by extensions ['colcon_pkg']
[2.262s] Level 1:colcon.colcon_core.package_identification:_identify(.) by extension 'colcon_pkg'
[2.263s] Level 1:colcon.colcon_core.package_identification:_identify(.) by extensions ['colcon_meta']
[2.263s] Level 1:colcon.colcon_core.package_identification:_identify(.) by extension 'colcon_meta'
[2.263s] Level 1:colcon.colcon_core.package_identification:_identify(.) by extensions ['ros']
[2.263s] Level 1:colcon.colcon_core.package_identification:_identify(.) by extension 'ros'
[2.333s] Level 1:colcon.colcon_core.package_identification:_identify(.) by extensions ['cmake', 'python']
[2.333s] Level 1:colcon.colcon_core.package_identification:_identify(.) by extension 'cmake'
[2.333s] Level 1:colcon.colcon_core.package_identification:_identify(.) by extension 'python'
[2.334s] Level 1:colcon.colcon_core.package_identification:_identify(.) by extensions ['python_setup_py']
[2.334s] Level 1:colcon.colcon_core.package_identification:_identify(.) by extension 'python_setup_py'
[2.334s] Level 1:colcon.colcon_core.package_identification:_identify(build) by extensions ['ignore', 'ignore_ament_install']
[2.335s] Level 1:colcon.colcon_core.package_identification:_identify(build) by extension 'ignore'
[2.335s] Level 1:colcon.colcon_core.package_identification:_identify(build) ignored
[2.336s] Level 1:colcon.colcon_core.package_identification:_identify(calibrationdata) by extensions ['ignore', 'ignore_ament_install']
[2.336s] Level 1:colcon.colcon_core.package_identification:_identify(calibrationdata) by extension 'ignore'
[2.337s] Level 1:colcon.colcon_core.package_identification:_identify(calibrationdata) by extension 'ignore_ament_install'
[2.337s] Level 1:colcon.colcon_core.package_identification:_identify(calibrationdata) by extensions ['colcon_pkg']
[2.337s] Level 1:colcon.colcon_core.package_identification:_identify(calibrationdata) by extension 'colcon_pkg'
[2.337s] Level 1:colcon.colcon_core.package_identification:_identify(calibrationdata) by extensions ['colcon_meta']
[2.338s] Level 1:colcon.colcon_core.package_identification:_identify(calibrationdata) by extension 'colcon_meta'
[2.338s] Level 1:colcon.colcon_core.package_identification:_identify(calibrationdata) by extensions ['ros']
[2.338s] Level 1:colcon.colcon_core.package_identification:_identify(calibrationdata) by extension 'ros'
[2.338s] Level 1:colcon.colcon_core.package_identification:_identify(calibrationdata) by extensions ['cmake', 'python']
[2.339s] Level 1:colcon.colcon_core.package_identification:_identify(calibrationdata) by extension 'cmake'
[2.339s] Level 1:colcon.colcon_core.package_identification:_identify(calibrationdata) by extension 'python'
[2.339s] Level 1:colcon.colcon_core.package_identification:_identify(calibrationdata) by extensions ['python_setup_py']
[2.339s] Level 1:colcon.colcon_core.package_identification:_identify(calibrationdata) by extension 'python_setup_py'
[2.340s] Level 1:colcon.colcon_core.package_identification:_identify(detectabasura) by extensions ['ignore', 'ignore_ament_install']
[2.340s] Level 1:colcon.colcon_core.package_identification:_identify(detectabasura) by extension 'ignore'
[2.340s] Level 1:colcon.colcon_core.package_identification:_identify(detectabasura) by extension 'ignore_ament_install'
[2.341s] Level 1:colcon.colcon_core.package_identification:_identify(detectabasura) by extensions ['colcon_pkg']
[2.341s] Level 1:colcon.colcon_core.package_identification:_identify(detectabasura) by extension 'colcon_pkg'
[2.342s] Level 1:colcon.colcon_core.package_identification:_identify(detectabasura) by extensions ['colcon_meta']
[2.342s] Level 1:colcon.colcon_core.package_identification:_identify(detectabasura) by extension 'colcon_meta'
[2.342s] Level 1:colcon.colcon_core.package_identification:_identify(detectabasura) by extensions ['ros']
[2.342s] Level 1:colcon.colcon_core.package_identification:_identify(detectabasura) by extension 'ros'
[2.357s] DEBUG:colcon.colcon_core.package_identification:Package 'detectabasura' with type 'ros.ament_cmake' and name 'detectabasura'
[2.358s] Level 1:colcon.colcon_core.package_identification:_identify(install) by extensions ['ignore', 'ignore_ament_install']
[2.358s] Level 1:colcon.colcon_core.package_identification:_identify(install) by extension 'ignore'
[2.358s] Level 1:colcon.colcon_core.package_identification:_identify(install) ignored
[2.359s] Level 1:colcon.colcon_core.package_identification:_identify(log) by extensions ['ignore', 'ignore_ament_install']
[2.360s] Level 1:colcon.colcon_core.package_identification:_identify(log) by extension 'ignore'
[2.360s] Level 1:colcon.colcon_core.package_identification:_identify(log) ignored
[2.360s] Level 1:colcon.colcon_core.package_discovery:discover_packages(recursive) using defaults
[2.360s] Level 1:colcon.colcon_core.package_discovery:discover_packages(ignore) discover
[2.360s] Level 1:colcon.colcon_core.package_discovery:discover_packages(ignore) using defaults
[2.361s] Level 1:colcon.colcon_core.package_discovery:discover_packages(path) discover
[2.361s] Level 1:colcon.colcon_core.package_discovery:discover_packages(path) using defaults
[2.485s] Level 1:colcon.colcon_core.package_discovery:discover_packages(prefix_path) check parameters
[2.485s] Level 1:colcon.colcon_core.package_discovery:discover_packages(prefix_path) discover
[2.518s] DEBUG:colcon.colcon_installed_package_information.package_discovery:Found 1 installed packages in /home/wheeltec/guali_ws/install
[2.533s] DEBUG:colcon.colcon_installed_package_information.package_discovery:Found 75 installed packages in /home/wheeltec/wheeltec_ros2/install
[2.546s] DEBUG:colcon.colcon_installed_package_information.package_discovery:Found 370 installed packages in /opt/ros/galactic
[2.567s] Level 1:colcon.colcon_core.package_discovery:discover_packages(prefix_path) using defaults
[3.172s] Level 5:colcon.colcon_core.verb:set package 'detectabasura' build argument 'cmake_args' from command line to 'None'
[3.172s] Level 5:colcon.colcon_core.verb:set package 'detectabasura' build argument 'cmake_target' from command line to 'None'
[3.172s] Level 5:colcon.colcon_core.verb:set package 'detectabasura' build argument 'cmake_target_skip_unavailable' from command line to 'False'
[3.172s] Level 5:colcon.colcon_core.verb:set package 'detectabasura' build argument 'cmake_clean_cache' from command line to 'False'
[3.172s] Level 5:colcon.colcon_core.verb:set package 'detectabasura' build argument 'cmake_clean_first' from command line to 'False'
[3.173s] Level 5:colcon.colcon_core.verb:set package 'detectabasura' build argument 'cmake_force_configure' from command line to 'False'
[3.173s] Level 5:colcon.colcon_core.verb:set package 'detectabasura' build argument 'ament_cmake_args' from command line to 'None'
[3.173s] Level 5:colcon.colcon_core.verb:set package 'detectabasura' build argument 'catkin_cmake_args' from command line to 'None'
[3.173s] Level 5:colcon.colcon_core.verb:set package 'detectabasura' build argument 'catkin_skip_building_tests' from command line to 'False'
[3.173s] DEBUG:colcon.colcon_core.verb:Building package 'detectabasura' with the following arguments: {'ament_cmake_args': None, 'build_base': '/home/wheeltec/guali_ws/build/detectabasura', 'catkin_cmake_args': None, 'catkin_skip_building_tests': False, 'cmake_args': None, 'cmake_clean_cache': False, 'cmake_clean_first': False, 'cmake_force_configure': False, 'cmake_target': None, 'cmake_target_skip_unavailable': False, 'install_base': '/home/wheeltec/guali_ws/install/detectabasura', 'merge_install': False, 'path': '/home/wheeltec/guali_ws/detectabasura', 'symlink_install': False, 'test_result_base': None}
[3.176s] INFO:colcon.colcon_core.executor:Executing jobs using 'parallel' executor
[3.186s] DEBUG:colcon.colcon_parallel_executor.executor.parallel:run_until_complete
[3.187s] INFO:colcon.colcon_ros.task.ament_cmake.build:Building ROS package in '/home/wheeltec/guali_ws/detectabasura' with build type 'ament_cmake'
[3.187s] INFO:colcon.colcon_cmake.task.cmake.build:Building CMake package in '/home/wheeltec/guali_ws/detectabasura'
[3.215s] INFO:colcon.colcon_core.plugin_system:Skipping extension 'colcon_core.shell.bat': Not used on non-Windows systems
[3.217s] INFO:colcon.colcon_core.shell:Skip shell extension 'powershell' for command environment: Not usable outside of PowerShell
[3.217s] DEBUG:colcon.colcon_core.shell:Skip shell extension 'dsv' for command environment
[3.305s] DEBUG:colcon.colcon_core.event_handler.log_command:Invoking command in '/home/wheeltec/guali_ws/build/detectabasura': CMAKE_PREFIX_PATH=${CMAKE_PREFIX_PATH}:/home/wheeltec/wheeltec_ros2/install/simple_follower_ros2:/home/wheeltec/wheeltec_ros2/install/wheeltec_robot_keyboard:/home/wheeltec/wheeltec_ros2/install/tf2_tools:/home/wheeltec/wheeltec_ros2/install/nav2_simple_commander:/home/wheeltec/wheeltec_ros2/install/nav2_gazebo_spawner:/home/wheeltec/wheeltec_ros2/install/camera_calibration:/opt/ros/galactic /usr/bin/cmake --build /home/wheeltec/guali_ws/build/detectabasura -- -j4 -l4
[5.062s] DEBUG:colcon.colcon_core.event_handler.log_command:Invoked command in '/home/wheeltec/guali_ws/build/detectabasura' returned '0': CMAKE_PREFIX_PATH=${CMAKE_PREFIX_PATH}:/home/wheeltec/wheeltec_ros2/install/simple_follower_ros2:/home/wheeltec/wheeltec_ros2/install/wheeltec_robot_keyboard:/home/wheeltec/wheeltec_ros2/install/tf2_tools:/home/wheeltec/wheeltec_ros2/install/nav2_simple_commander:/home/wheeltec/wheeltec_ros2/install/nav2_gazebo_spawner:/home/wheeltec/wheeltec_ros2/install/camera_calibration:/opt/ros/galactic /usr/bin/cmake --build /home/wheeltec/guali_ws/build/detectabasura -- -j4 -l4
[5.597s] DEBUG:colcon.colcon_core.event_handler.log_command:Invoking command in '/home/wheeltec/guali_ws/build/detectabasura': CMAKE_PREFIX_PATH=${CMAKE_PREFIX_PATH}:/home/wheeltec/wheeltec_ros2/install/simple_follower_ros2:/home/wheeltec/wheeltec_ros2/install/wheeltec_robot_keyboard:/home/wheeltec/wheeltec_ros2/install/tf2_tools:/home/wheeltec/wheeltec_ros2/install/nav2_simple_commander:/home/wheeltec/wheeltec_ros2/install/nav2_gazebo_spawner:/home/wheeltec/wheeltec_ros2/install/camera_calibration:/opt/ros/galactic /usr/bin/cmake --install /home/wheeltec/guali_ws/build/detectabasura
[5.936s] Level 1:colcon.colcon_core.environment:create_environment_scripts_only(detectabasura)
[5.951s] DEBUG:colcon.colcon_core.event_handler.log_command:Invoked command in '/home/wheeltec/guali_ws/build/detectabasura' returned '0': CMAKE_PREFIX_PATH=${CMAKE_PREFIX_PATH}:/home/wheeltec/wheeltec_ros2/install/simple_follower_ros2:/home/wheeltec/wheeltec_ros2/install/wheeltec_robot_keyboard:/home/wheeltec/wheeltec_ros2/install/tf2_tools:/home/wheeltec/wheeltec_ros2/install/nav2_simple_commander:/home/wheeltec/wheeltec_ros2/install/nav2_gazebo_spawner:/home/wheeltec/wheeltec_ros2/install/camera_calibration:/opt/ros/galactic /usr/bin/cmake --install /home/wheeltec/guali_ws/build/detectabasura
[5.971s] Level 1:colcon.colcon_core.environment:checking '/home/wheeltec/guali_ws/install/detectabasura' for CMake module files
[5.979s] Level 1:colcon.colcon_core.environment:checking '/home/wheeltec/guali_ws/install/detectabasura' for CMake config files
[5.981s] Level 1:colcon.colcon_core.shell:create_environment_hook('detectabasura', 'cmake_prefix_path')
[5.985s] INFO:colcon.colcon_core.shell:Creating environment hook '/home/wheeltec/guali_ws/install/detectabasura/share/detectabasura/hook/cmake_prefix_path.ps1'
[5.989s] INFO:colcon.colcon_core.shell:Creating environment descriptor '/home/wheeltec/guali_ws/install/detectabasura/share/detectabasura/hook/cmake_prefix_path.dsv'
[5.994s] INFO:colcon.colcon_core.shell:Creating environment hook '/home/wheeltec/guali_ws/install/detectabasura/share/detectabasura/hook/cmake_prefix_path.sh'
[5.999s] Level 1:colcon.colcon_core.environment:checking '/home/wheeltec/guali_ws/install/detectabasura/lib'
[6.000s] Level 1:colcon.colcon_core.shell:create_environment_hook('detectabasura', 'ld_library_path_lib')
[6.003s] INFO:colcon.colcon_core.shell:Creating environment hook '/home/wheeltec/guali_ws/install/detectabasura/share/detectabasura/hook/ld_library_path_lib.ps1'
[6.006s] INFO:colcon.colcon_core.shell:Creating environment descriptor '/home/wheeltec/guali_ws/install/detectabasura/share/detectabasura/hook/ld_library_path_lib.dsv'
[6.007s] INFO:colcon.colcon_core.shell:Creating environment hook '/home/wheeltec/guali_ws/install/detectabasura/share/detectabasura/hook/ld_library_path_lib.sh'
[6.009s] Level 1:colcon.colcon_core.environment:checking '/home/wheeltec/guali_ws/install/detectabasura/bin'
[6.009s] Level 1:colcon.colcon_core.environment:checking '/home/wheeltec/guali_ws/install/detectabasura/lib/pkgconfig/detectabasura.pc'
[6.010s] Level 1:colcon.colcon_core.environment:checking '/home/wheeltec/guali_ws/install/detectabasura/lib/python3.8/site-packages'
[6.011s] Level 1:colcon.colcon_core.shell:create_environment_hook('detectabasura', 'pythonpath')
[6.014s] INFO:colcon.colcon_core.shell:Creating environment hook '/home/wheeltec/guali_ws/install/detectabasura/share/detectabasura/hook/pythonpath.ps1'
[6.015s] INFO:colcon.colcon_core.shell:Creating environment descriptor '/home/wheeltec/guali_ws/install/detectabasura/share/detectabasura/hook/pythonpath.dsv'
[6.017s] INFO:colcon.colcon_core.shell:Creating environment hook '/home/wheeltec/guali_ws/install/detectabasura/share/detectabasura/hook/pythonpath.sh'
[6.019s] Level 1:colcon.colcon_core.environment:checking '/home/wheeltec/guali_ws/install/detectabasura/bin'
[6.022s] INFO:colcon.colcon_core.shell:Creating package script '/home/wheeltec/guali_ws/install/detectabasura/share/detectabasura/package.ps1'
[6.027s] INFO:colcon.colcon_core.shell:Creating package descriptor '/home/wheeltec/guali_ws/install/detectabasura/share/detectabasura/package.dsv'
[6.034s] INFO:colcon.colcon_core.shell:Creating package script '/home/wheeltec/guali_ws/install/detectabasura/share/detectabasura/package.sh'
[6.039s] INFO:colcon.colcon_core.shell:Creating package script '/home/wheeltec/guali_ws/install/detectabasura/share/detectabasura/package.bash'
[6.044s] INFO:colcon.colcon_core.shell:Creating package script '/home/wheeltec/guali_ws/install/detectabasura/share/detectabasura/package.zsh'
[6.048s] Level 1:colcon.colcon_core.environment:create_file_with_runtime_dependencies(/home/wheeltec/guali_ws/install/detectabasura/share/colcon-core/packages/detectabasura)
[6.506s] Level 1:colcon.colcon_core.environment:create_environment_scripts_only(detectabasura)
[6.511s] Level 1:colcon.colcon_core.environment:checking '/home/wheeltec/guali_ws/install/detectabasura' for CMake module files
[6.515s] Level 1:colcon.colcon_core.environment:checking '/home/wheeltec/guali_ws/install/detectabasura' for CMake config files
[6.517s] Level 1:colcon.colcon_core.shell:create_environment_hook('detectabasura', 'cmake_prefix_path')
[6.520s] INFO:colcon.colcon_core.shell:Creating environment hook '/home/wheeltec/guali_ws/install/detectabasura/share/detectabasura/hook/cmake_prefix_path.ps1'
[6.522s] INFO:colcon.colcon_core.shell:Creating environment descriptor '/home/wheeltec/guali_ws/install/detectabasura/share/detectabasura/hook/cmake_prefix_path.dsv'
[6.524s] INFO:colcon.colcon_core.shell:Creating environment hook '/home/wheeltec/guali_ws/install/detectabasura/share/detectabasura/hook/cmake_prefix_path.sh'
[6.526s] Level 1:colcon.colcon_core.environment:checking '/home/wheeltec/guali_ws/install/detectabasura/lib'
[6.527s] Level 1:colcon.colcon_core.shell:create_environment_hook('detectabasura', 'ld_library_path_lib')
[6.530s] INFO:colcon.colcon_core.shell:Creating environment hook '/home/wheeltec/guali_ws/install/detectabasura/share/detectabasura/hook/ld_library_path_lib.ps1'
[6.531s] INFO:colcon.colcon_core.shell:Creating environment descriptor '/home/wheeltec/guali_ws/install/detectabasura/share/detectabasura/hook/ld_library_path_lib.dsv'
[6.532s] INFO:colcon.colcon_core.shell:Creating environment hook '/home/wheeltec/guali_ws/install/detectabasura/share/detectabasura/hook/ld_library_path_lib.sh'
[6.534s] Level 1:colcon.colcon_core.environment:checking '/home/wheeltec/guali_ws/install/detectabasura/bin'
[6.534s] Level 1:colcon.colcon_core.environment:checking '/home/wheeltec/guali_ws/install/detectabasura/lib/pkgconfig/detectabasura.pc'
[6.535s] Level 1:colcon.colcon_core.environment:checking '/home/wheeltec/guali_ws/install/detectabasura/lib/python3.8/site-packages'
[6.536s] Level 1:colcon.colcon_core.shell:create_environment_hook('detectabasura', 'pythonpath')
[6.540s] INFO:colcon.colcon_core.shell:Creating environment hook '/home/wheeltec/guali_ws/install/detectabasura/share/detectabasura/hook/pythonpath.ps1'
[6.542s] INFO:colcon.colcon_core.shell:Creating environment descriptor '/home/wheeltec/guali_ws/install/detectabasura/share/detectabasura/hook/pythonpath.dsv'
[6.543s] INFO:colcon.colcon_core.shell:Creating environment hook '/home/wheeltec/guali_ws/install/detectabasura/share/detectabasura/hook/pythonpath.sh'
[6.545s] Level 1:colcon.colcon_core.environment:checking '/home/wheeltec/guali_ws/install/detectabasura/bin'
[6.549s] INFO:colcon.colcon_core.shell:Creating package script '/home/wheeltec/guali_ws/install/detectabasura/share/detectabasura/package.ps1'
[6.552s] INFO:colcon.colcon_core.shell:Creating package descriptor '/home/wheeltec/guali_ws/install/detectabasura/share/detectabasura/package.dsv'
[6.554s] INFO:colcon.colcon_core.shell:Creating package script '/home/wheeltec/guali_ws/install/detectabasura/share/detectabasura/package.sh'
[6.557s] INFO:colcon.colcon_core.shell:Creating package script '/home/wheeltec/guali_ws/install/detectabasura/share/detectabasura/package.bash'
[6.558s] INFO:colcon.colcon_core.shell:Creating package script '/home/wheeltec/guali_ws/install/detectabasura/share/detectabasura/package.zsh'
[6.560s] Level 1:colcon.colcon_core.environment:create_file_with_runtime_dependencies(/home/wheeltec/guali_ws/install/detectabasura/share/colcon-core/packages/detectabasura)
[6.561s] DEBUG:colcon.colcon_parallel_executor.executor.parallel:closing loop
[6.563s] DEBUG:colcon.colcon_parallel_executor.executor.parallel:loop closed
[6.563s] DEBUG:colcon.colcon_parallel_executor.executor.parallel:run_until_complete finished with '0'
[6.564s] DEBUG:colcon.colcon_core.event_reactor:joining thread
[6.602s] INFO:colcon.colcon_core.plugin_system:Skipping extension 'colcon_notification.desktop_notification.terminal_notifier': Not used on non-Darwin systems
[6.602s] INFO:colcon.colcon_core.plugin_system:Skipping extension 'colcon_notification.desktop_notification.win32': Not used on non-Windows systems
[6.602s] INFO:colcon.colcon_notification.desktop_notification:Sending desktop notification using 'notify2'
[6.651s] DEBUG:colcon.colcon_core.event_reactor:joined thread
[6.654s] INFO:colcon.colcon_core.shell:Creating prefix script '/home/wheeltec/guali_ws/install/local_setup.ps1'
[6.659s] INFO:colcon.colcon_core.shell:Creating prefix util module '/home/wheeltec/guali_ws/install/_local_setup_util_ps1.py'
[6.666s] INFO:colcon.colcon_core.shell:Creating prefix chain script '/home/wheeltec/guali_ws/install/setup.ps1'
[6.688s] INFO:colcon.colcon_core.shell:Creating prefix script '/home/wheeltec/guali_ws/install/local_setup.sh'
[6.691s] INFO:colcon.colcon_core.shell:Creating prefix util module '/home/wheeltec/guali_ws/install/_local_setup_util_sh.py'
[6.694s] INFO:colcon.colcon_core.shell:Creating prefix chain script '/home/wheeltec/guali_ws/install/setup.sh'
[6.716s] INFO:colcon.colcon_core.shell:Creating prefix script '/home/wheeltec/guali_ws/install/local_setup.bash'
[6.719s] INFO:colcon.colcon_core.shell:Creating prefix chain script '/home/wheeltec/guali_ws/install/setup.bash'
[6.742s] INFO:colcon.colcon_core.shell:Creating prefix script '/home/wheeltec/guali_ws/install/local_setup.zsh'
[6.747s] INFO:colcon.colcon_core.shell:Creating prefix chain script '/home/wheeltec/guali_ws/install/setup.zsh'
