[1.444s] DEBUG:colcon:Command line arguments: ['/usr/bin/colcon', 'build']
[1.444s] DEBUG:colcon:Parsed command line arguments: Namespace(allow_overriding=[], ament_cmake_args=None, base_paths=['.'], build_base='build', catkin_cmake_args=None, catkin_skip_building_tests=False, cmake_args=None, cmake_clean_cache=False, cmake_clean_first=False, cmake_force_configure=False, cmake_target=None, cmake_target_skip_unavailable=False, continue_on_error=False, event_handlers=None, executor='parallel', ignore_user_meta=False, install_base='install', log_base=None, log_level=None, main=<bound method BuildVerb.main of <colcon_core.verb.build.BuildVerb object at 0x7f83554310>>, merge_install=False, metas=['./colcon.meta'], packages_above=None, packages_above_and_dependencies=None, packages_above_depth=None, packages_end=None, packages_ignore=None, packages_ignore_regex=None, packages_select=None, packages_select_build_failed=False, packages_select_by_dep=None, packages_select_regex=None, packages_select_test_failures=False, packages_skip=None, packages_skip_build_finished=False, packages_skip_by_dep=None, packages_skip_regex=None, packages_skip_test_passed=False, packages_skip_up_to=None, packages_start=None, packages_up_to=None, packages_up_to_regex=None, parallel_workers=4, paths=None, symlink_install=False, test_result_base=None, verb_extension=<colcon_core.verb.build.BuildVerb object at 0x7f83554310>, verb_name='build', verb_parser=<colcon_defaults.argument_parser.defaults.DefaultArgumentsDecorator object at 0x7f834c2e50>)
[2.832s] Level 1:colcon.colcon_core.package_discovery:discover_packages(colcon_meta) check parameters
[2.833s] Level 1:colcon.colcon_core.package_discovery:discover_packages(recursive) check parameters
[2.833s] Level 1:colcon.colcon_core.package_discovery:discover_packages(ignore) check parameters
[2.834s] Level 1:colcon.colcon_core.package_discovery:discover_packages(path) check parameters
[2.834s] Level 1:colcon.colcon_core.package_discovery:discover_packages(colcon_meta) discover
[2.834s] Level 1:colcon.colcon_core.package_discovery:discover_packages(recursive) discover
[2.834s] INFO:colcon.colcon_core.package_discovery:Crawling recursively for packages in '/home/jetson/guali_ws/detectabasura'
[2.835s] Level 1:colcon.colcon_core.package_identification:_identify(.) by extensions ['ignore', 'ignore_ament_install']
[2.835s] Level 1:colcon.colcon_core.package_identification:_identify(.) by extension 'ignore'
[2.836s] Level 1:colcon.colcon_core.package_identification:_identify(.) by extension 'ignore_ament_install'
[2.836s] Level 1:colcon.colcon_core.package_identification:_identify(.) by extensions ['colcon_pkg']
[2.836s] Level 1:colcon.colcon_core.package_identification:_identify(.) by extension 'colcon_pkg'
[2.837s] Level 1:colcon.colcon_core.package_identification:_identify(.) by extensions ['colcon_meta']
[2.837s] Level 1:colcon.colcon_core.package_identification:_identify(.) by extension 'colcon_meta'
[2.837s] Level 1:colcon.colcon_core.package_identification:_identify(.) by extensions ['ros']
[2.838s] Level 1:colcon.colcon_core.package_identification:_identify(.) by extension 'ros'
[2.966s] DEBUG:colcon.colcon_core.package_identification:Package '.' with type 'ros.ament_cmake' and name 'detectabasura'
[2.967s] Level 1:colcon.colcon_core.package_discovery:discover_packages(recursive) using defaults
[2.967s] Level 1:colcon.colcon_core.package_discovery:discover_packages(ignore) discover
[2.967s] Level 1:colcon.colcon_core.package_discovery:discover_packages(ignore) using defaults
[2.968s] Level 1:colcon.colcon_core.package_discovery:discover_packages(path) discover
[2.968s] Level 1:colcon.colcon_core.package_discovery:discover_packages(path) using defaults
[3.087s] Level 1:colcon.colcon_core.package_discovery:discover_packages(prefix_path) check parameters
[3.088s] Level 1:colcon.colcon_core.package_discovery:discover_packages(prefix_path) discover
[3.104s] DEBUG:colcon.colcon_installed_package_information.package_discovery:Found 1 installed packages in /home/jetson/guali_ws/install
[3.123s] DEBUG:colcon.colcon_installed_package_information.package_discovery:Found 256 installed packages in /opt/ros/foxy
[3.133s] Level 1:colcon.colcon_core.package_discovery:discover_packages(prefix_path) using defaults
[3.789s] Level 5:colcon.colcon_core.verb:set package 'detectabasura' build argument 'cmake_args' from command line to 'None'
[3.789s] Level 5:colcon.colcon_core.verb:set package 'detectabasura' build argument 'cmake_target' from command line to 'None'
[3.789s] Level 5:colcon.colcon_core.verb:set package 'detectabasura' build argument 'cmake_target_skip_unavailable' from command line to 'False'
[3.789s] Level 5:colcon.colcon_core.verb:set package 'detectabasura' build argument 'cmake_clean_cache' from command line to 'False'
[3.789s] Level 5:colcon.colcon_core.verb:set package 'detectabasura' build argument 'cmake_clean_first' from command line to 'False'
[3.790s] Level 5:colcon.colcon_core.verb:set package 'detectabasura' build argument 'cmake_force_configure' from command line to 'False'
[3.790s] Level 5:colcon.colcon_core.verb:set package 'detectabasura' build argument 'ament_cmake_args' from command line to 'None'
[3.790s] Level 5:colcon.colcon_core.verb:set package 'detectabasura' build argument 'catkin_cmake_args' from command line to 'None'
[3.790s] Level 5:colcon.colcon_core.verb:set package 'detectabasura' build argument 'catkin_skip_building_tests' from command line to 'False'
[3.790s] DEBUG:colcon.colcon_core.verb:Building package 'detectabasura' with the following arguments: {'ament_cmake_args': None, 'build_base': '/home/jetson/guali_ws/detectabasura/build/detectabasura', 'catkin_cmake_args': None, 'catkin_skip_building_tests': False, 'cmake_args': None, 'cmake_clean_cache': False, 'cmake_clean_first': False, 'cmake_force_configure': False, 'cmake_target': None, 'cmake_target_skip_unavailable': False, 'install_base': '/home/jetson/guali_ws/detectabasura/install/detectabasura', 'merge_install': False, 'path': '/home/jetson/guali_ws/detectabasura', 'symlink_install': False, 'test_result_base': None}
[3.791s] INFO:colcon.colcon_core.executor:Executing jobs using 'parallel' executor
[3.795s] DEBUG:colcon.colcon_parallel_executor.executor.parallel:run_until_complete
[3.796s] INFO:colcon.colcon_ros.task.ament_cmake.build:Building ROS package in '/home/jetson/guali_ws/detectabasura' with build type 'ament_cmake'
[3.797s] INFO:colcon.colcon_cmake.task.cmake.build:Building CMake package in '/home/jetson/guali_ws/detectabasura'
[3.813s] INFO:colcon.colcon_core.plugin_system:Skipping extension 'colcon_core.shell.bat': Not used on non-Windows systems
[3.814s] INFO:colcon.colcon_core.shell:Skip shell extension 'powershell' for command environment: Not usable outside of PowerShell
[3.814s] DEBUG:colcon.colcon_core.shell:Skip shell extension 'dsv' for command environment
[3.892s] DEBUG:colcon.colcon_core.event_handler.log_command:Invoking command in '/home/jetson/guali_ws/detectabasura/build/detectabasura': CMAKE_PREFIX_PATH=${CMAKE_PREFIX_PATH}:/opt/ros/foxy /usr/bin/cmake --build /home/jetson/guali_ws/detectabasura/build/detectabasura -- -j4 -l4
[39.020s] DEBUG:colcon.colcon_core.event_handler.log_command:Invoked command in '/home/jetson/guali_ws/detectabasura/build/detectabasura' returned '0': CMAKE_PREFIX_PATH=${CMAKE_PREFIX_PATH}:/opt/ros/foxy /usr/bin/cmake --build /home/jetson/guali_ws/detectabasura/build/detectabasura -- -j4 -l4
[39.352s] DEBUG:colcon.colcon_core.event_handler.log_command:Invoking command in '/home/jetson/guali_ws/detectabasura/build/detectabasura': CMAKE_PREFIX_PATH=${CMAKE_PREFIX_PATH}:/opt/ros/foxy /usr/bin/cmake --install /home/jetson/guali_ws/detectabasura/build/detectabasura
[39.474s] Level 1:colcon.colcon_core.environment:create_environment_scripts_only(detectabasura)
[39.479s] DEBUG:colcon.colcon_core.event_handler.log_command:Invoked command in '/home/jetson/guali_ws/detectabasura/build/detectabasura' returned '0': CMAKE_PREFIX_PATH=${CMAKE_PREFIX_PATH}:/opt/ros/foxy /usr/bin/cmake --install /home/jetson/guali_ws/detectabasura/build/detectabasura
[39.510s] Level 1:colcon.colcon_core.environment:checking '/home/jetson/guali_ws/detectabasura/install/detectabasura' for CMake module files
[39.517s] Level 1:colcon.colcon_core.environment:checking '/home/jetson/guali_ws/detectabasura/install/detectabasura' for CMake config files
[39.522s] Level 1:colcon.colcon_core.shell:create_environment_hook('detectabasura', 'cmake_prefix_path')
[39.525s] INFO:colcon.colcon_core.shell:Creating environment hook '/home/jetson/guali_ws/detectabasura/install/detectabasura/share/detectabasura/hook/cmake_prefix_path.ps1'
[39.531s] INFO:colcon.colcon_core.shell:Creating environment descriptor '/home/jetson/guali_ws/detectabasura/install/detectabasura/share/detectabasura/hook/cmake_prefix_path.dsv'
[39.537s] INFO:colcon.colcon_core.shell:Creating environment hook '/home/jetson/guali_ws/detectabasura/install/detectabasura/share/detectabasura/hook/cmake_prefix_path.sh'
[39.560s] Level 1:colcon.colcon_core.environment:checking '/home/jetson/guali_ws/detectabasura/install/detectabasura/lib'
[39.561s] Level 1:colcon.colcon_core.environment:checking '/home/jetson/guali_ws/detectabasura/install/detectabasura/bin'
[39.561s] Level 1:colcon.colcon_core.environment:checking '/home/jetson/guali_ws/detectabasura/install/detectabasura/lib/pkgconfig/detectabasura.pc'
[39.563s] Level 1:colcon.colcon_core.environment:checking '/home/jetson/guali_ws/detectabasura/install/detectabasura/lib/python3.8/site-packages'
[39.563s] Level 1:colcon.colcon_core.environment:checking '/home/jetson/guali_ws/detectabasura/install/detectabasura/bin'
[39.565s] INFO:colcon.colcon_core.shell:Creating package script '/home/jetson/guali_ws/detectabasura/install/detectabasura/share/detectabasura/package.ps1'
[39.576s] INFO:colcon.colcon_core.shell:Creating package descriptor '/home/jetson/guali_ws/detectabasura/install/detectabasura/share/detectabasura/package.dsv'
[39.585s] INFO:colcon.colcon_core.shell:Creating package script '/home/jetson/guali_ws/detectabasura/install/detectabasura/share/detectabasura/package.sh'
[39.590s] INFO:colcon.colcon_core.shell:Creating package script '/home/jetson/guali_ws/detectabasura/install/detectabasura/share/detectabasura/package.bash'
[39.641s] INFO:colcon.colcon_core.shell:Creating package script '/home/jetson/guali_ws/detectabasura/install/detectabasura/share/detectabasura/package.zsh'
[39.661s] Level 1:colcon.colcon_core.environment:create_file_with_runtime_dependencies(/home/jetson/guali_ws/detectabasura/install/detectabasura/share/colcon-core/packages/detectabasura)
[39.969s] Level 1:colcon.colcon_core.environment:create_environment_scripts_only(detectabasura)
[39.971s] Level 1:colcon.colcon_core.environment:checking '/home/jetson/guali_ws/detectabasura/install/detectabasura' for CMake module files
[39.975s] Level 1:colcon.colcon_core.environment:checking '/home/jetson/guali_ws/detectabasura/install/detectabasura' for CMake config files
[39.976s] Level 1:colcon.colcon_core.shell:create_environment_hook('detectabasura', 'cmake_prefix_path')
[39.978s] INFO:colcon.colcon_core.shell:Creating environment hook '/home/jetson/guali_ws/detectabasura/install/detectabasura/share/detectabasura/hook/cmake_prefix_path.ps1'
[39.983s] INFO:colcon.colcon_core.shell:Creating environment descriptor '/home/jetson/guali_ws/detectabasura/install/detectabasura/share/detectabasura/hook/cmake_prefix_path.dsv'
[39.990s] INFO:colcon.colcon_core.shell:Creating environment hook '/home/jetson/guali_ws/detectabasura/install/detectabasura/share/detectabasura/hook/cmake_prefix_path.sh'
[40.007s] Level 1:colcon.colcon_core.environment:checking '/home/jetson/guali_ws/detectabasura/install/detectabasura/lib'
[40.008s] Level 1:colcon.colcon_core.environment:checking '/home/jetson/guali_ws/detectabasura/install/detectabasura/bin'
[40.009s] Level 1:colcon.colcon_core.environment:checking '/home/jetson/guali_ws/detectabasura/install/detectabasura/lib/pkgconfig/detectabasura.pc'
[40.012s] Level 1:colcon.colcon_core.environment:checking '/home/jetson/guali_ws/detectabasura/install/detectabasura/lib/python3.8/site-packages'
[40.014s] Level 1:colcon.colcon_core.environment:checking '/home/jetson/guali_ws/detectabasura/install/detectabasura/bin'
[40.016s] INFO:colcon.colcon_core.shell:Creating package script '/home/jetson/guali_ws/detectabasura/install/detectabasura/share/detectabasura/package.ps1'
[40.027s] INFO:colcon.colcon_core.shell:Creating package descriptor '/home/jetson/guali_ws/detectabasura/install/detectabasura/share/detectabasura/package.dsv'
[40.035s] INFO:colcon.colcon_core.shell:Creating package script '/home/jetson/guali_ws/detectabasura/install/detectabasura/share/detectabasura/package.sh'
[40.046s] INFO:colcon.colcon_core.shell:Creating package script '/home/jetson/guali_ws/detectabasura/install/detectabasura/share/detectabasura/package.bash'
[40.050s] INFO:colcon.colcon_core.shell:Creating package script '/home/jetson/guali_ws/detectabasura/install/detectabasura/share/detectabasura/package.zsh'
[40.056s] Level 1:colcon.colcon_core.environment:create_file_with_runtime_dependencies(/home/jetson/guali_ws/detectabasura/install/detectabasura/share/colcon-core/packages/detectabasura)
[40.061s] DEBUG:colcon.colcon_parallel_executor.executor.parallel:closing loop
[40.066s] DEBUG:colcon.colcon_parallel_executor.executor.parallel:loop closed
[40.067s] DEBUG:colcon.colcon_parallel_executor.executor.parallel:run_until_complete finished with '0'
[40.068s] DEBUG:colcon.colcon_core.event_reactor:joining thread
[40.128s] INFO:colcon.colcon_core.plugin_system:Skipping extension 'colcon_notification.desktop_notification.terminal_notifier': Not used on non-Darwin systems
[40.130s] INFO:colcon.colcon_core.plugin_system:Skipping extension 'colcon_notification.desktop_notification.win32': Not used on non-Windows systems
[40.130s] INFO:colcon.colcon_notification.desktop_notification:Sending desktop notification using 'notify2'
[40.297s] DEBUG:colcon.colcon_core.event_reactor:joined thread
[40.298s] INFO:colcon.colcon_core.shell:Creating prefix script '/home/jetson/guali_ws/detectabasura/install/local_setup.ps1'
[40.303s] INFO:colcon.colcon_core.shell:Creating prefix util module '/home/jetson/guali_ws/detectabasura/install/_local_setup_util_ps1.py'
[40.312s] INFO:colcon.colcon_core.shell:Creating prefix chain script '/home/jetson/guali_ws/detectabasura/install/setup.ps1'
[40.320s] INFO:colcon.colcon_core.shell:Creating prefix script '/home/jetson/guali_ws/detectabasura/install/local_setup.sh'
[40.327s] INFO:colcon.colcon_core.shell:Creating prefix util module '/home/jetson/guali_ws/detectabasura/install/_local_setup_util_sh.py'
[40.330s] INFO:colcon.colcon_core.shell:Creating prefix chain script '/home/jetson/guali_ws/detectabasura/install/setup.sh'
[40.341s] INFO:colcon.colcon_core.shell:Creating prefix script '/home/jetson/guali_ws/detectabasura/install/local_setup.bash'
[40.345s] INFO:colcon.colcon_core.shell:Creating prefix chain script '/home/jetson/guali_ws/detectabasura/install/setup.bash'
[40.352s] INFO:colcon.colcon_core.shell:Creating prefix script '/home/jetson/guali_ws/detectabasura/install/local_setup.zsh'
[40.356s] INFO:colcon.colcon_core.shell:Creating prefix chain script '/home/jetson/guali_ws/detectabasura/install/setup.zsh'
