[1.642s] DEBUG:colcon:Command line arguments: ['/usr/bin/colcon', 'build']
[1.643s] DEBUG:colcon:Parsed command line arguments: Namespace(allow_overriding=[], ament_cmake_args=None, base_paths=['.'], build_base='build', catkin_cmake_args=None, catkin_skip_building_tests=False, cmake_args=None, cmake_clean_cache=False, cmake_clean_first=False, cmake_force_configure=False, cmake_target=None, cmake_target_skip_unavailable=False, continue_on_error=False, event_handlers=None, executor='parallel', ignore_user_meta=False, install_base='install', log_base=None, log_level=None, main=<bound method BuildVerb.main of <colcon_core.verb.build.BuildVerb object at 0x7f8c333b20>>, merge_install=False, metas=['./colcon.meta'], packages_above=None, packages_above_and_dependencies=None, packages_above_depth=None, packages_end=None, packages_ignore=None, packages_ignore_regex=None, packages_select=None, packages_select_build_failed=False, packages_select_by_dep=None, packages_select_regex=None, packages_select_test_failures=False, packages_skip=None, packages_skip_build_finished=False, packages_skip_by_dep=None, packages_skip_regex=None, packages_skip_test_passed=False, packages_skip_up_to=None, packages_start=None, packages_up_to=None, packages_up_to_regex=None, parallel_workers=4, paths=None, symlink_install=False, test_result_base=None, verb_extension=<colcon_core.verb.build.BuildVerb object at 0x7f8c333b20>, verb_name='build', verb_parser=<colcon_defaults.argument_parser.defaults.DefaultArgumentsDecorator object at 0x7f8c33d0d0>)
[1.787s] Level 1:colcon.colcon_core.package_discovery:discover_packages(colcon_meta) check parameters
[1.787s] Level 1:colcon.colcon_core.package_discovery:discover_packages(recursive) check parameters
[1.790s] Level 1:colcon.colcon_core.package_discovery:discover_packages(ignore) check parameters
[1.790s] Level 1:colcon.colcon_core.package_discovery:discover_packages(path) check parameters
[1.791s] Level 1:colcon.colcon_core.package_discovery:discover_packages(colcon_meta) discover
[1.791s] Level 1:colcon.colcon_core.package_discovery:discover_packages(recursive) discover
[1.791s] INFO:colcon.colcon_core.package_discovery:Crawling recursively for packages in '/home/jetson/guali_ws'
[1.792s] Level 1:colcon.colcon_core.package_identification:_identify(.) by extensions ['ignore', 'ignore_ament_install']
[1.792s] Level 1:colcon.colcon_core.package_identification:_identify(.) by extension 'ignore'
[1.792s] Level 1:colcon.colcon_core.package_identification:_identify(.) by extension 'ignore_ament_install'
[1.793s] Level 1:colcon.colcon_core.package_identification:_identify(.) by extensions ['colcon_pkg']
[1.793s] Level 1:colcon.colcon_core.package_identification:_identify(.) by extension 'colcon_pkg'
[1.793s] Level 1:colcon.colcon_core.package_identification:_identify(.) by extensions ['colcon_meta']
[1.793s] Level 1:colcon.colcon_core.package_identification:_identify(.) by extension 'colcon_meta'
[1.793s] Level 1:colcon.colcon_core.package_identification:_identify(.) by extensions ['ros']
[1.793s] Level 1:colcon.colcon_core.package_identification:_identify(.) by extension 'ros'
[1.840s] Level 1:colcon.colcon_core.package_identification:_identify(.) by extensions ['cmake', 'python']
[1.840s] Level 1:colcon.colcon_core.package_identification:_identify(.) by extension 'cmake'
[1.841s] Level 1:colcon.colcon_core.package_identification:_identify(.) by extension 'python'
[1.841s] Level 1:colcon.colcon_core.package_identification:_identify(.) by extensions ['python_setup_py']
[1.841s] Level 1:colcon.colcon_core.package_identification:_identify(.) by extension 'python_setup_py'
[1.842s] Level 1:colcon.colcon_core.package_identification:_identify(build) by extensions ['ignore', 'ignore_ament_install']
[1.842s] Level 1:colcon.colcon_core.package_identification:_identify(build) by extension 'ignore'
[1.842s] Level 1:colcon.colcon_core.package_identification:_identify(build) ignored
[1.843s] Level 1:colcon.colcon_core.package_identification:_identify(camera_parameters_cli) by extensions ['ignore', 'ignore_ament_install']
[1.844s] Level 1:colcon.colcon_core.package_identification:_identify(camera_parameters_cli) by extension 'ignore'
[1.844s] Level 1:colcon.colcon_core.package_identification:_identify(camera_parameters_cli) by extension 'ignore_ament_install'
[1.844s] Level 1:colcon.colcon_core.package_identification:_identify(camera_parameters_cli) by extensions ['colcon_pkg']
[1.844s] Level 1:colcon.colcon_core.package_identification:_identify(camera_parameters_cli) by extension 'colcon_pkg'
[1.844s] Level 1:colcon.colcon_core.package_identification:_identify(camera_parameters_cli) by extensions ['colcon_meta']
[1.845s] Level 1:colcon.colcon_core.package_identification:_identify(camera_parameters_cli) by extension 'colcon_meta'
[1.845s] Level 1:colcon.colcon_core.package_identification:_identify(camera_parameters_cli) by extensions ['ros']
[1.845s] Level 1:colcon.colcon_core.package_identification:_identify(camera_parameters_cli) by extension 'ros'
[1.845s] Level 1:colcon.colcon_core.package_identification:_identify(camera_parameters_cli) by extensions ['cmake', 'python']
[1.845s] Level 1:colcon.colcon_core.package_identification:_identify(camera_parameters_cli) by extension 'cmake'
[1.846s] Level 1:colcon.colcon_core.package_identification:_identify(camera_parameters_cli) by extension 'python'
[1.846s] Level 1:colcon.colcon_core.package_identification:_identify(camera_parameters_cli) by extensions ['python_setup_py']
[1.846s] Level 1:colcon.colcon_core.package_identification:_identify(camera_parameters_cli) by extension 'python_setup_py'
[1.846s] Level 1:colcon.colcon_core.package_identification:_identify(camera_parameters_usb) by extensions ['ignore', 'ignore_ament_install']
[1.847s] Level 1:colcon.colcon_core.package_identification:_identify(camera_parameters_usb) by extension 'ignore'
[1.847s] Level 1:colcon.colcon_core.package_identification:_identify(camera_parameters_usb) by extension 'ignore_ament_install'
[1.847s] Level 1:colcon.colcon_core.package_identification:_identify(camera_parameters_usb) by extensions ['colcon_pkg']
[1.847s] Level 1:colcon.colcon_core.package_identification:_identify(camera_parameters_usb) by extension 'colcon_pkg'
[1.848s] Level 1:colcon.colcon_core.package_identification:_identify(camera_parameters_usb) by extensions ['colcon_meta']
[1.848s] Level 1:colcon.colcon_core.package_identification:_identify(camera_parameters_usb) by extension 'colcon_meta'
[1.848s] Level 1:colcon.colcon_core.package_identification:_identify(camera_parameters_usb) by extensions ['ros']
[1.848s] Level 1:colcon.colcon_core.package_identification:_identify(camera_parameters_usb) by extension 'ros'
[1.848s] Level 1:colcon.colcon_core.package_identification:_identify(camera_parameters_usb) by extensions ['cmake', 'python']
[1.848s] Level 1:colcon.colcon_core.package_identification:_identify(camera_parameters_usb) by extension 'cmake'
[1.849s] Level 1:colcon.colcon_core.package_identification:_identify(camera_parameters_usb) by extension 'python'
[1.849s] Level 1:colcon.colcon_core.package_identification:_identify(camera_parameters_usb) by extensions ['python_setup_py']
[1.849s] Level 1:colcon.colcon_core.package_identification:_identify(camera_parameters_usb) by extension 'python_setup_py'
[1.849s] Level 1:colcon.colcon_core.package_identification:_identify(detectabasura) by extensions ['ignore', 'ignore_ament_install']
[1.850s] Level 1:colcon.colcon_core.package_identification:_identify(detectabasura) by extension 'ignore'
[1.850s] Level 1:colcon.colcon_core.package_identification:_identify(detectabasura) by extension 'ignore_ament_install'
[1.850s] Level 1:colcon.colcon_core.package_identification:_identify(detectabasura) by extensions ['colcon_pkg']
[1.850s] Level 1:colcon.colcon_core.package_identification:_identify(detectabasura) by extension 'colcon_pkg'
[1.850s] Level 1:colcon.colcon_core.package_identification:_identify(detectabasura) by extensions ['colcon_meta']
[1.851s] Level 1:colcon.colcon_core.package_identification:_identify(detectabasura) by extension 'colcon_meta'
[1.851s] Level 1:colcon.colcon_core.package_identification:_identify(detectabasura) by extensions ['ros']
[1.851s] Level 1:colcon.colcon_core.package_identification:_identify(detectabasura) by extension 'ros'
[1.861s] DEBUG:colcon.colcon_core.package_identification:Package 'detectabasura' with type 'ros.ament_cmake' and name 'detectabasura'
[1.861s] Level 1:colcon.colcon_core.package_identification:_identify(install) by extensions ['ignore', 'ignore_ament_install']
[1.862s] Level 1:colcon.colcon_core.package_identification:_identify(install) by extension 'ignore'
[1.862s] Level 1:colcon.colcon_core.package_identification:_identify(install) ignored
[1.863s] Level 1:colcon.colcon_core.package_identification:_identify(log) by extensions ['ignore', 'ignore_ament_install']
[1.864s] Level 1:colcon.colcon_core.package_identification:_identify(log) by extension 'ignore'
[1.864s] Level 1:colcon.colcon_core.package_identification:_identify(log) ignored
[1.864s] Level 1:colcon.colcon_core.package_identification:_identify(nodeMCU) by extensions ['ignore', 'ignore_ament_install']
[1.865s] Level 1:colcon.colcon_core.package_identification:_identify(nodeMCU) by extension 'ignore'
[1.865s] Level 1:colcon.colcon_core.package_identification:_identify(nodeMCU) by extension 'ignore_ament_install'
[1.865s] Level 1:colcon.colcon_core.package_identification:_identify(nodeMCU) by extensions ['colcon_pkg']
[1.865s] Level 1:colcon.colcon_core.package_identification:_identify(nodeMCU) by extension 'colcon_pkg'
[1.866s] Level 1:colcon.colcon_core.package_identification:_identify(nodeMCU) by extensions ['colcon_meta']
[1.866s] Level 1:colcon.colcon_core.package_identification:_identify(nodeMCU) by extension 'colcon_meta'
[1.866s] Level 1:colcon.colcon_core.package_identification:_identify(nodeMCU) by extensions ['ros']
[1.866s] Level 1:colcon.colcon_core.package_identification:_identify(nodeMCU) by extension 'ros'
[1.867s] Level 1:colcon.colcon_core.package_identification:_identify(nodeMCU) by extensions ['cmake', 'python']
[1.867s] Level 1:colcon.colcon_core.package_identification:_identify(nodeMCU) by extension 'cmake'
[1.867s] Level 1:colcon.colcon_core.package_identification:_identify(nodeMCU) by extension 'python'
[1.867s] Level 1:colcon.colcon_core.package_identification:_identify(nodeMCU) by extensions ['python_setup_py']
[1.868s] Level 1:colcon.colcon_core.package_identification:_identify(nodeMCU) by extension 'python_setup_py'
[1.868s] Level 1:colcon.colcon_core.package_identification:_identify(nodeMCU/global1) by extensions ['ignore', 'ignore_ament_install']
[1.868s] Level 1:colcon.colcon_core.package_identification:_identify(nodeMCU/global1) by extension 'ignore'
[1.869s] Level 1:colcon.colcon_core.package_identification:_identify(nodeMCU/global1) by extension 'ignore_ament_install'
[1.869s] Level 1:colcon.colcon_core.package_identification:_identify(nodeMCU/global1) by extensions ['colcon_pkg']
[1.869s] Level 1:colcon.colcon_core.package_identification:_identify(nodeMCU/global1) by extension 'colcon_pkg'
[1.869s] Level 1:colcon.colcon_core.package_identification:_identify(nodeMCU/global1) by extensions ['colcon_meta']
[1.870s] Level 1:colcon.colcon_core.package_identification:_identify(nodeMCU/global1) by extension 'colcon_meta'
[1.870s] Level 1:colcon.colcon_core.package_identification:_identify(nodeMCU/global1) by extensions ['ros']
[1.870s] Level 1:colcon.colcon_core.package_identification:_identify(nodeMCU/global1) by extension 'ros'
[1.871s] Level 1:colcon.colcon_core.package_identification:_identify(nodeMCU/global1) by extensions ['cmake', 'python']
[1.871s] Level 1:colcon.colcon_core.package_identification:_identify(nodeMCU/global1) by extension 'cmake'
[1.871s] Level 1:colcon.colcon_core.package_identification:_identify(nodeMCU/global1) by extension 'python'
[1.871s] Level 1:colcon.colcon_core.package_identification:_identify(nodeMCU/global1) by extensions ['python_setup_py']
[1.871s] Level 1:colcon.colcon_core.package_identification:_identify(nodeMCU/global1) by extension 'python_setup_py'
[1.872s] Level 1:colcon.colcon_core.package_identification:_identify(nodeMCU/global2) by extensions ['ignore', 'ignore_ament_install']
[1.872s] Level 1:colcon.colcon_core.package_identification:_identify(nodeMCU/global2) by extension 'ignore'
[1.873s] Level 1:colcon.colcon_core.package_identification:_identify(nodeMCU/global2) by extension 'ignore_ament_install'
[1.873s] Level 1:colcon.colcon_core.package_identification:_identify(nodeMCU/global2) by extensions ['colcon_pkg']
[1.873s] Level 1:colcon.colcon_core.package_identification:_identify(nodeMCU/global2) by extension 'colcon_pkg'
[1.873s] Level 1:colcon.colcon_core.package_identification:_identify(nodeMCU/global2) by extensions ['colcon_meta']
[1.873s] Level 1:colcon.colcon_core.package_identification:_identify(nodeMCU/global2) by extension 'colcon_meta'
[1.874s] Level 1:colcon.colcon_core.package_identification:_identify(nodeMCU/global2) by extensions ['ros']
[1.874s] Level 1:colcon.colcon_core.package_identification:_identify(nodeMCU/global2) by extension 'ros'
[1.874s] Level 1:colcon.colcon_core.package_identification:_identify(nodeMCU/global2) by extensions ['cmake', 'python']
[1.874s] Level 1:colcon.colcon_core.package_identification:_identify(nodeMCU/global2) by extension 'cmake'
[1.875s] Level 1:colcon.colcon_core.package_identification:_identify(nodeMCU/global2) by extension 'python'
[1.875s] Level 1:colcon.colcon_core.package_identification:_identify(nodeMCU/global2) by extensions ['python_setup_py']
[1.875s] Level 1:colcon.colcon_core.package_identification:_identify(nodeMCU/global2) by extension 'python_setup_py'
[1.876s] Level 1:colcon.colcon_core.package_identification:_identify(nodeMCU/serialReciveArduino) by extensions ['ignore', 'ignore_ament_install']
[1.876s] Level 1:colcon.colcon_core.package_identification:_identify(nodeMCU/serialReciveArduino) by extension 'ignore'
[1.876s] Level 1:colcon.colcon_core.package_identification:_identify(nodeMCU/serialReciveArduino) by extension 'ignore_ament_install'
[1.877s] Level 1:colcon.colcon_core.package_identification:_identify(nodeMCU/serialReciveArduino) by extensions ['colcon_pkg']
[1.877s] Level 1:colcon.colcon_core.package_identification:_identify(nodeMCU/serialReciveArduino) by extension 'colcon_pkg'
[1.877s] Level 1:colcon.colcon_core.package_identification:_identify(nodeMCU/serialReciveArduino) by extensions ['colcon_meta']
[1.877s] Level 1:colcon.colcon_core.package_identification:_identify(nodeMCU/serialReciveArduino) by extension 'colcon_meta'
[1.877s] Level 1:colcon.colcon_core.package_identification:_identify(nodeMCU/serialReciveArduino) by extensions ['ros']
[1.878s] Level 1:colcon.colcon_core.package_identification:_identify(nodeMCU/serialReciveArduino) by extension 'ros'
[1.878s] Level 1:colcon.colcon_core.package_identification:_identify(nodeMCU/serialReciveArduino) by extensions ['cmake', 'python']
[1.878s] Level 1:colcon.colcon_core.package_identification:_identify(nodeMCU/serialReciveArduino) by extension 'cmake'
[1.878s] Level 1:colcon.colcon_core.package_identification:_identify(nodeMCU/serialReciveArduino) by extension 'python'
[1.879s] Level 1:colcon.colcon_core.package_identification:_identify(nodeMCU/serialReciveArduino) by extensions ['python_setup_py']
[1.879s] Level 1:colcon.colcon_core.package_identification:_identify(nodeMCU/serialReciveArduino) by extension 'python_setup_py'
[1.879s] Level 1:colcon.colcon_core.package_identification:_identify(nodeMCU/servotest) by extensions ['ignore', 'ignore_ament_install']
[1.880s] Level 1:colcon.colcon_core.package_identification:_identify(nodeMCU/servotest) by extension 'ignore'
[1.880s] Level 1:colcon.colcon_core.package_identification:_identify(nodeMCU/servotest) by extension 'ignore_ament_install'
[1.880s] Level 1:colcon.colcon_core.package_identification:_identify(nodeMCU/servotest) by extensions ['colcon_pkg']
[1.880s] Level 1:colcon.colcon_core.package_identification:_identify(nodeMCU/servotest) by extension 'colcon_pkg'
[1.881s] Level 1:colcon.colcon_core.package_identification:_identify(nodeMCU/servotest) by extensions ['colcon_meta']
[1.881s] Level 1:colcon.colcon_core.package_identification:_identify(nodeMCU/servotest) by extension 'colcon_meta'
[1.881s] Level 1:colcon.colcon_core.package_identification:_identify(nodeMCU/servotest) by extensions ['ros']
[1.881s] Level 1:colcon.colcon_core.package_identification:_identify(nodeMCU/servotest) by extension 'ros'
[1.882s] Level 1:colcon.colcon_core.package_identification:_identify(nodeMCU/servotest) by extensions ['cmake', 'python']
[1.882s] Level 1:colcon.colcon_core.package_identification:_identify(nodeMCU/servotest) by extension 'cmake'
[1.882s] Level 1:colcon.colcon_core.package_identification:_identify(nodeMCU/servotest) by extension 'python'
[1.882s] Level 1:colcon.colcon_core.package_identification:_identify(nodeMCU/servotest) by extensions ['python_setup_py']
[1.883s] Level 1:colcon.colcon_core.package_identification:_identify(nodeMCU/servotest) by extension 'python_setup_py'
[1.883s] Level 1:colcon.colcon_core.package_identification:_identify(nodeMCU/trhead_test1) by extensions ['ignore', 'ignore_ament_install']
[1.883s] Level 1:colcon.colcon_core.package_identification:_identify(nodeMCU/trhead_test1) by extension 'ignore'
[1.884s] Level 1:colcon.colcon_core.package_identification:_identify(nodeMCU/trhead_test1) by extension 'ignore_ament_install'
[1.884s] Level 1:colcon.colcon_core.package_identification:_identify(nodeMCU/trhead_test1) by extensions ['colcon_pkg']
[1.884s] Level 1:colcon.colcon_core.package_identification:_identify(nodeMCU/trhead_test1) by extension 'colcon_pkg'
[1.884s] Level 1:colcon.colcon_core.package_identification:_identify(nodeMCU/trhead_test1) by extensions ['colcon_meta']
[1.885s] Level 1:colcon.colcon_core.package_identification:_identify(nodeMCU/trhead_test1) by extension 'colcon_meta'
[1.885s] Level 1:colcon.colcon_core.package_identification:_identify(nodeMCU/trhead_test1) by extensions ['ros']
[1.885s] Level 1:colcon.colcon_core.package_identification:_identify(nodeMCU/trhead_test1) by extension 'ros'
[1.885s] Level 1:colcon.colcon_core.package_identification:_identify(nodeMCU/trhead_test1) by extensions ['cmake', 'python']
[1.886s] Level 1:colcon.colcon_core.package_identification:_identify(nodeMCU/trhead_test1) by extension 'cmake'
[1.886s] Level 1:colcon.colcon_core.package_identification:_identify(nodeMCU/trhead_test1) by extension 'python'
[1.886s] Level 1:colcon.colcon_core.package_identification:_identify(nodeMCU/trhead_test1) by extensions ['python_setup_py']
[1.886s] Level 1:colcon.colcon_core.package_identification:_identify(nodeMCU/trhead_test1) by extension 'python_setup_py'
[1.887s] Level 1:colcon.colcon_core.package_discovery:discover_packages(recursive) using defaults
[1.887s] Level 1:colcon.colcon_core.package_discovery:discover_packages(ignore) discover
[1.887s] Level 1:colcon.colcon_core.package_discovery:discover_packages(ignore) using defaults
[1.887s] Level 1:colcon.colcon_core.package_discovery:discover_packages(path) discover
[1.887s] Level 1:colcon.colcon_core.package_discovery:discover_packages(path) using defaults
[1.989s] Level 1:colcon.colcon_core.package_discovery:discover_packages(prefix_path) check parameters
[1.989s] Level 1:colcon.colcon_core.package_discovery:discover_packages(prefix_path) discover
[2.002s] DEBUG:colcon.colcon_installed_package_information.package_discovery:Found 1 installed packages in /home/jetson/guali_ws/install
[2.012s] DEBUG:colcon.colcon_installed_package_information.package_discovery:Found 257 installed packages in /opt/ros/foxy
[2.020s] Level 1:colcon.colcon_core.package_discovery:discover_packages(prefix_path) using defaults
[2.331s] Level 5:colcon.colcon_core.verb:set package 'detectabasura' build argument 'cmake_args' from command line to 'None'
[2.332s] Level 5:colcon.colcon_core.verb:set package 'detectabasura' build argument 'cmake_target' from command line to 'None'
[2.332s] Level 5:colcon.colcon_core.verb:set package 'detectabasura' build argument 'cmake_target_skip_unavailable' from command line to 'False'
[2.332s] Level 5:colcon.colcon_core.verb:set package 'detectabasura' build argument 'cmake_clean_cache' from command line to 'False'
[2.332s] Level 5:colcon.colcon_core.verb:set package 'detectabasura' build argument 'cmake_clean_first' from command line to 'False'
[2.332s] Level 5:colcon.colcon_core.verb:set package 'detectabasura' build argument 'cmake_force_configure' from command line to 'False'
[2.332s] Level 5:colcon.colcon_core.verb:set package 'detectabasura' build argument 'ament_cmake_args' from command line to 'None'
[2.332s] Level 5:colcon.colcon_core.verb:set package 'detectabasura' build argument 'catkin_cmake_args' from command line to 'None'
[2.333s] Level 5:colcon.colcon_core.verb:set package 'detectabasura' build argument 'catkin_skip_building_tests' from command line to 'False'
[2.333s] DEBUG:colcon.colcon_core.verb:Building package 'detectabasura' with the following arguments: {'ament_cmake_args': None, 'build_base': '/home/jetson/guali_ws/build/detectabasura', 'catkin_cmake_args': None, 'catkin_skip_building_tests': False, 'cmake_args': None, 'cmake_clean_cache': False, 'cmake_clean_first': False, 'cmake_force_configure': False, 'cmake_target': None, 'cmake_target_skip_unavailable': False, 'install_base': '/home/jetson/guali_ws/install/detectabasura', 'merge_install': False, 'path': '/home/jetson/guali_ws/detectabasura', 'symlink_install': False, 'test_result_base': None}
[2.337s] INFO:colcon.colcon_core.executor:Executing jobs using 'parallel' executor
[2.356s] DEBUG:colcon.colcon_parallel_executor.executor.parallel:run_until_complete
[2.357s] INFO:colcon.colcon_ros.task.ament_cmake.build:Building ROS package in '/home/jetson/guali_ws/detectabasura' with build type 'ament_cmake'
[2.357s] INFO:colcon.colcon_cmake.task.cmake.build:Building CMake package in '/home/jetson/guali_ws/detectabasura'
[2.378s] INFO:colcon.colcon_core.plugin_system:Skipping extension 'colcon_core.shell.bat': Not used on non-Windows systems
[2.379s] INFO:colcon.colcon_core.shell:Skip shell extension 'powershell' for command environment: Not usable outside of PowerShell
[2.379s] DEBUG:colcon.colcon_core.shell:Skip shell extension 'dsv' for command environment
[2.425s] DEBUG:colcon.colcon_core.event_handler.log_command:Invoking command in '/home/jetson/guali_ws/build/detectabasura': CMAKE_PREFIX_PATH=${CMAKE_PREFIX_PATH}:/opt/ros/foxy /usr/bin/cmake --build /home/jetson/guali_ws/build/detectabasura -- -j4 -l4
[3.448s] DEBUG:colcon.colcon_core.event_handler.log_command:Invoked command in '/home/jetson/guali_ws/build/detectabasura' returned '0': CMAKE_PREFIX_PATH=${CMAKE_PREFIX_PATH}:/opt/ros/foxy /usr/bin/cmake --build /home/jetson/guali_ws/build/detectabasura -- -j4 -l4
[3.692s] DEBUG:colcon.colcon_core.event_handler.log_command:Invoking command in '/home/jetson/guali_ws/build/detectabasura': CMAKE_PREFIX_PATH=${CMAKE_PREFIX_PATH}:/opt/ros/foxy /usr/bin/cmake --install /home/jetson/guali_ws/build/detectabasura
[3.907s] Level 1:colcon.colcon_core.environment:create_environment_scripts_only(detectabasura)
[3.915s] DEBUG:colcon.colcon_core.event_handler.log_command:Invoked command in '/home/jetson/guali_ws/build/detectabasura' returned '0': CMAKE_PREFIX_PATH=${CMAKE_PREFIX_PATH}:/opt/ros/foxy /usr/bin/cmake --install /home/jetson/guali_ws/build/detectabasura
[3.939s] Level 1:colcon.colcon_core.environment:checking '/home/jetson/guali_ws/install/detectabasura' for CMake module files
[3.943s] Level 1:colcon.colcon_core.environment:checking '/home/jetson/guali_ws/install/detectabasura' for CMake config files
[3.945s] Level 1:colcon.colcon_core.shell:create_environment_hook('detectabasura', 'cmake_prefix_path')
[3.954s] INFO:colcon.colcon_core.shell:Creating environment hook '/home/jetson/guali_ws/install/detectabasura/share/detectabasura/hook/cmake_prefix_path.ps1'
[3.957s] INFO:colcon.colcon_core.shell:Creating environment descriptor '/home/jetson/guali_ws/install/detectabasura/share/detectabasura/hook/cmake_prefix_path.dsv'
[3.959s] INFO:colcon.colcon_core.shell:Creating environment hook '/home/jetson/guali_ws/install/detectabasura/share/detectabasura/hook/cmake_prefix_path.sh'
[3.964s] Level 1:colcon.colcon_core.environment:checking '/home/jetson/guali_ws/install/detectabasura/lib'
[3.965s] Level 1:colcon.colcon_core.shell:create_environment_hook('detectabasura', 'ld_library_path_lib')
[3.974s] INFO:colcon.colcon_core.shell:Creating environment hook '/home/jetson/guali_ws/install/detectabasura/share/detectabasura/hook/ld_library_path_lib.ps1'
[3.976s] INFO:colcon.colcon_core.shell:Creating environment descriptor '/home/jetson/guali_ws/install/detectabasura/share/detectabasura/hook/ld_library_path_lib.dsv'
[3.978s] INFO:colcon.colcon_core.shell:Creating environment hook '/home/jetson/guali_ws/install/detectabasura/share/detectabasura/hook/ld_library_path_lib.sh'
[3.979s] Level 1:colcon.colcon_core.environment:checking '/home/jetson/guali_ws/install/detectabasura/bin'
[3.980s] Level 1:colcon.colcon_core.environment:checking '/home/jetson/guali_ws/install/detectabasura/lib/pkgconfig/detectabasura.pc'
[3.981s] Level 1:colcon.colcon_core.environment:checking '/home/jetson/guali_ws/install/detectabasura/lib/python3.8/site-packages'
[3.981s] Level 1:colcon.colcon_core.shell:create_environment_hook('detectabasura', 'pythonpath')
[3.989s] INFO:colcon.colcon_core.shell:Creating environment hook '/home/jetson/guali_ws/install/detectabasura/share/detectabasura/hook/pythonpath.ps1'
[3.991s] INFO:colcon.colcon_core.shell:Creating environment descriptor '/home/jetson/guali_ws/install/detectabasura/share/detectabasura/hook/pythonpath.dsv'
[3.993s] INFO:colcon.colcon_core.shell:Creating environment hook '/home/jetson/guali_ws/install/detectabasura/share/detectabasura/hook/pythonpath.sh'
[3.995s] Level 1:colcon.colcon_core.environment:checking '/home/jetson/guali_ws/install/detectabasura/bin'
[4.005s] INFO:colcon.colcon_core.shell:Creating package script '/home/jetson/guali_ws/install/detectabasura/share/detectabasura/package.ps1'
[4.009s] INFO:colcon.colcon_core.shell:Creating package descriptor '/home/jetson/guali_ws/install/detectabasura/share/detectabasura/package.dsv'
[4.012s] INFO:colcon.colcon_core.shell:Creating package script '/home/jetson/guali_ws/install/detectabasura/share/detectabasura/package.sh'
[4.016s] INFO:colcon.colcon_core.shell:Creating package script '/home/jetson/guali_ws/install/detectabasura/share/detectabasura/package.bash'
[4.019s] INFO:colcon.colcon_core.shell:Creating package script '/home/jetson/guali_ws/install/detectabasura/share/detectabasura/package.zsh'
[4.022s] Level 1:colcon.colcon_core.environment:create_file_with_runtime_dependencies(/home/jetson/guali_ws/install/detectabasura/share/colcon-core/packages/detectabasura)
[4.229s] Level 1:colcon.colcon_core.environment:create_environment_scripts_only(detectabasura)
[4.244s] Level 1:colcon.colcon_core.environment:checking '/home/jetson/guali_ws/install/detectabasura' for CMake module files
[4.248s] Level 1:colcon.colcon_core.environment:checking '/home/jetson/guali_ws/install/detectabasura' for CMake config files
[4.250s] Level 1:colcon.colcon_core.shell:create_environment_hook('detectabasura', 'cmake_prefix_path')
[4.259s] INFO:colcon.colcon_core.shell:Creating environment hook '/home/jetson/guali_ws/install/detectabasura/share/detectabasura/hook/cmake_prefix_path.ps1'
[4.261s] INFO:colcon.colcon_core.shell:Creating environment descriptor '/home/jetson/guali_ws/install/detectabasura/share/detectabasura/hook/cmake_prefix_path.dsv'
[4.263s] INFO:colcon.colcon_core.shell:Creating environment hook '/home/jetson/guali_ws/install/detectabasura/share/detectabasura/hook/cmake_prefix_path.sh'
[4.266s] Level 1:colcon.colcon_core.environment:checking '/home/jetson/guali_ws/install/detectabasura/lib'
[4.266s] Level 1:colcon.colcon_core.shell:create_environment_hook('detectabasura', 'ld_library_path_lib')
[4.277s] INFO:colcon.colcon_core.shell:Creating environment hook '/home/jetson/guali_ws/install/detectabasura/share/detectabasura/hook/ld_library_path_lib.ps1'
[4.279s] INFO:colcon.colcon_core.shell:Creating environment descriptor '/home/jetson/guali_ws/install/detectabasura/share/detectabasura/hook/ld_library_path_lib.dsv'
[4.280s] INFO:colcon.colcon_core.shell:Creating environment hook '/home/jetson/guali_ws/install/detectabasura/share/detectabasura/hook/ld_library_path_lib.sh'
[4.282s] Level 1:colcon.colcon_core.environment:checking '/home/jetson/guali_ws/install/detectabasura/bin'
[4.282s] Level 1:colcon.colcon_core.environment:checking '/home/jetson/guali_ws/install/detectabasura/lib/pkgconfig/detectabasura.pc'
[4.283s] Level 1:colcon.colcon_core.environment:checking '/home/jetson/guali_ws/install/detectabasura/lib/python3.8/site-packages'
[4.284s] Level 1:colcon.colcon_core.shell:create_environment_hook('detectabasura', 'pythonpath')
[4.296s] INFO:colcon.colcon_core.shell:Creating environment hook '/home/jetson/guali_ws/install/detectabasura/share/detectabasura/hook/pythonpath.ps1'
[4.298s] INFO:colcon.colcon_core.shell:Creating environment descriptor '/home/jetson/guali_ws/install/detectabasura/share/detectabasura/hook/pythonpath.dsv'
[4.300s] INFO:colcon.colcon_core.shell:Creating environment hook '/home/jetson/guali_ws/install/detectabasura/share/detectabasura/hook/pythonpath.sh'
[4.303s] Level 1:colcon.colcon_core.environment:checking '/home/jetson/guali_ws/install/detectabasura/bin'
[4.339s] INFO:colcon.colcon_core.shell:Creating package script '/home/jetson/guali_ws/install/detectabasura/share/detectabasura/package.ps1'
[4.342s] INFO:colcon.colcon_core.shell:Creating package descriptor '/home/jetson/guali_ws/install/detectabasura/share/detectabasura/package.dsv'
[4.345s] INFO:colcon.colcon_core.shell:Creating package script '/home/jetson/guali_ws/install/detectabasura/share/detectabasura/package.sh'
[4.347s] INFO:colcon.colcon_core.shell:Creating package script '/home/jetson/guali_ws/install/detectabasura/share/detectabasura/package.bash'
[4.359s] INFO:colcon.colcon_core.shell:Creating package script '/home/jetson/guali_ws/install/detectabasura/share/detectabasura/package.zsh'
[4.361s] Level 1:colcon.colcon_core.environment:create_file_with_runtime_dependencies(/home/jetson/guali_ws/install/detectabasura/share/colcon-core/packages/detectabasura)
[4.364s] DEBUG:colcon.colcon_parallel_executor.executor.parallel:closing loop
[4.365s] DEBUG:colcon.colcon_parallel_executor.executor.parallel:loop closed
[4.365s] DEBUG:colcon.colcon_parallel_executor.executor.parallel:run_until_complete finished with '0'
[4.366s] DEBUG:colcon.colcon_core.event_reactor:joining thread
[4.390s] INFO:colcon.colcon_core.plugin_system:Skipping extension 'colcon_notification.desktop_notification.terminal_notifier': Not used on non-Darwin systems
[4.390s] INFO:colcon.colcon_core.plugin_system:Skipping extension 'colcon_notification.desktop_notification.win32': Not used on non-Windows systems
[4.391s] INFO:colcon.colcon_notification.desktop_notification:Sending desktop notification using 'notify2'
[4.456s] DEBUG:colcon.colcon_core.event_reactor:joined thread
[4.466s] INFO:colcon.colcon_core.shell:Creating prefix script '/home/jetson/guali_ws/install/local_setup.ps1'
[4.474s] INFO:colcon.colcon_core.shell:Creating prefix util module '/home/jetson/guali_ws/install/_local_setup_util_ps1.py'
[4.482s] INFO:colcon.colcon_core.shell:Creating prefix chain script '/home/jetson/guali_ws/install/setup.ps1'
[4.491s] INFO:colcon.colcon_core.shell:Creating prefix script '/home/jetson/guali_ws/install/local_setup.sh'
[4.495s] INFO:colcon.colcon_core.shell:Creating prefix util module '/home/jetson/guali_ws/install/_local_setup_util_sh.py'
[4.499s] INFO:colcon.colcon_core.shell:Creating prefix chain script '/home/jetson/guali_ws/install/setup.sh'
[4.508s] INFO:colcon.colcon_core.shell:Creating prefix script '/home/jetson/guali_ws/install/local_setup.bash'
[4.512s] INFO:colcon.colcon_core.shell:Creating prefix chain script '/home/jetson/guali_ws/install/setup.bash'
[4.524s] INFO:colcon.colcon_core.shell:Creating prefix script '/home/jetson/guali_ws/install/local_setup.zsh'
[4.528s] INFO:colcon.colcon_core.shell:Creating prefix chain script '/home/jetson/guali_ws/install/setup.zsh'
