[0.101s] Invoking command in '/home/jetson/guali_ws/detectabasura/build/detectabasura': CMAKE_PREFIX_PATH=${CMAKE_PREFIX_PATH}:/opt/ros/foxy /usr/bin/cmake --build /home/jetson/guali_ws/detectabasura/build/detectabasura -- -j4 -l4
[0.662s] [100%] Built target video_publisher
[0.773s] Invoked command in '/home/jetson/guali_ws/detectabasura/build/detectabasura' returned '0': CMAKE_PREFIX_PATH=${CMAKE_PREFIX_PATH}:/opt/ros/foxy /usr/bin/cmake --build /home/jetson/guali_ws/detectabasura/build/detectabasura -- -j4 -l4
[1.130s] Invoking command in '/home/jetson/guali_ws/detectabasura/build/detectabasura': CMAKE_PREFIX_PATH=${CMAKE_PREFIX_PATH}:/opt/ros/foxy /usr/bin/cmake --install /home/jetson/guali_ws/detectabasura/build/detectabasura
[1.181s] -- Install configuration: ""
[1.182s] -- Up-to-date: /home/jetson/guali_ws/detectabasura/install/detectabasura/lib/detectabasura/video_publisher
[1.185s] -- Up-to-date: /home/jetson/guali_ws/detectabasura/install/detectabasura/share/ament_index/resource_index/package_run_dependencies/detectabasura
[1.186s] -- Up-to-date: /home/jetson/guali_ws/detectabasura/install/detectabasura/share/ament_index/resource_index/parent_prefix_path/detectabasura
[1.186s] -- Up-to-date: /home/jetson/guali_ws/detectabasura/install/detectabasura/share/detectabasura/environment/ament_prefix_path.sh
[1.187s] -- Up-to-date: /home/jetson/guali_ws/detectabasura/install/detectabasura/share/detectabasura/environment/ament_prefix_path.dsv
[1.187s] -- Up-to-date: /home/jetson/guali_ws/detectabasura/install/detectabasura/share/detectabasura/environment/path.sh
[1.188s] -- Up-to-date: /home/jetson/guali_ws/detectabasura/install/detectabasura/share/detectabasura/environment/path.dsv
[1.190s] -- Up-to-date: /home/jetson/guali_ws/detectabasura/install/detectabasura/share/detectabasura/local_setup.bash
[1.191s] -- Up-to-date: /home/jetson/guali_ws/detectabasura/install/detectabasura/share/detectabasura/local_setup.sh
[1.191s] -- Up-to-date: /home/jetson/guali_ws/detectabasura/install/detectabasura/share/detectabasura/local_setup.zsh
[1.192s] -- Up-to-date: /home/jetson/guali_ws/detectabasura/install/detectabasura/share/detectabasura/local_setup.dsv
[1.207s] -- Installing: /home/jetson/guali_ws/detectabasura/install/detectabasura/share/detectabasura/package.dsv
[1.207s] -- Up-to-date: /home/jetson/guali_ws/detectabasura/install/detectabasura/share/ament_index/resource_index/packages/detectabasura
[1.208s] -- Up-to-date: /home/jetson/guali_ws/detectabasura/install/detectabasura/share/detectabasura/cmake/detectabasuraConfig.cmake
[1.208s] -- Up-to-date: /home/jetson/guali_ws/detectabasura/install/detectabasura/share/detectabasura/cmake/detectabasuraConfig-version.cmake
[1.209s] -- Up-to-date: /home/jetson/guali_ws/detectabasura/install/detectabasura/share/detectabasura/package.xml
[1.209s] Invoked command in '/home/jetson/guali_ws/detectabasura/build/detectabasura' returned '0': CMAKE_PREFIX_PATH=${CMAKE_PREFIX_PATH}:/opt/ros/foxy /usr/bin/cmake --install /home/jetson/guali_ws/detectabasura/build/detectabasura
