[0.913s] DEBUG:colcon:Command line arguments: ['/usr/bin/colcon', 'build']
[0.914s] DEBUG:colcon:Parsed command line arguments: Namespace(allow_overriding=[], ament_cmake_args=None, base_paths=['.'], build_base='build', catkin_cmake_args=None, catkin_skip_building_tests=False, cmake_args=None, cmake_clean_cache=False, cmake_clean_first=False, cmake_force_configure=False, cmake_target=None, cmake_target_skip_unavailable=False, continue_on_error=False, event_handlers=None, executor='parallel', ignore_user_meta=False, install_base='install', log_base=None, log_level=None, main=<bound method BuildVerb.main of <colcon_core.verb.build.BuildVerb object at 0x7f8dcd03a0>>, merge_install=False, metas=['./colcon.meta'], packages_above=None, packages_above_and_dependencies=None, packages_above_depth=None, packages_end=None, packages_ignore=None, packages_ignore_regex=None, packages_select=None, packages_select_build_failed=False, packages_select_by_dep=None, packages_select_regex=None, packages_select_test_failures=False, packages_skip=None, packages_skip_build_finished=False, packages_skip_by_dep=None, packages_skip_regex=None, packages_skip_test_passed=False, packages_skip_up_to=None, packages_start=None, packages_up_to=None, packages_up_to_regex=None, parallel_workers=4, paths=None, symlink_install=False, test_result_base=None, verb_extension=<colcon_core.verb.build.BuildVerb object at 0x7f8dcd03a0>, verb_name='build', verb_parser=<colcon_defaults.argument_parser.defaults.DefaultArgumentsDecorator object at 0x7f8dc40ee0>)
[1.879s] Level 1:colcon.colcon_core.package_discovery:discover_packages(colcon_meta) check parameters
[1.879s] Level 1:colcon.colcon_core.package_discovery:discover_packages(recursive) check parameters
[1.880s] Level 1:colcon.colcon_core.package_discovery:discover_packages(ignore) check parameters
[1.880s] Level 1:colcon.colcon_core.package_discovery:discover_packages(path) check parameters
[1.880s] Level 1:colcon.colcon_core.package_discovery:discover_packages(colcon_meta) discover
[1.880s] Level 1:colcon.colcon_core.package_discovery:discover_packages(recursive) discover
[1.880s] INFO:colcon.colcon_core.package_discovery:Crawling recursively for packages in '/home/jetson/guali_ws'
[1.881s] Level 1:colcon.colcon_core.package_identification:_identify(.) by extensions ['ignore', 'ignore_ament_install']
[1.881s] Level 1:colcon.colcon_core.package_identification:_identify(.) by extension 'ignore'
[1.882s] Level 1:colcon.colcon_core.package_identification:_identify(.) by extension 'ignore_ament_install'
[1.882s] Level 1:colcon.colcon_core.package_identification:_identify(.) by extensions ['colcon_pkg']
[1.882s] Level 1:colcon.colcon_core.package_identification:_identify(.) by extension 'colcon_pkg'
[1.882s] Level 1:colcon.colcon_core.package_identification:_identify(.) by extensions ['colcon_meta']
[1.882s] Level 1:colcon.colcon_core.package_identification:_identify(.) by extension 'colcon_meta'
[1.882s] Level 1:colcon.colcon_core.package_identification:_identify(.) by extensions ['ros']
[1.883s] Level 1:colcon.colcon_core.package_identification:_identify(.) by extension 'ros'
[1.967s] Level 1:colcon.colcon_core.package_identification:_identify(.) by extensions ['cmake', 'python']
[1.967s] Level 1:colcon.colcon_core.package_identification:_identify(.) by extension 'cmake'
[1.968s] Level 1:colcon.colcon_core.package_identification:_identify(.) by extension 'python'
[1.968s] Level 1:colcon.colcon_core.package_identification:_identify(.) by extensions ['python_setup_py']
[1.968s] Level 1:colcon.colcon_core.package_identification:_identify(.) by extension 'python_setup_py'
[1.968s] Level 1:colcon.colcon_core.package_identification:_identify(build) by extensions ['ignore', 'ignore_ament_install']
[1.969s] Level 1:colcon.colcon_core.package_identification:_identify(build) by extension 'ignore'
[1.969s] Level 1:colcon.colcon_core.package_identification:_identify(build) ignored
[1.970s] Level 1:colcon.colcon_core.package_identification:_identify(camera_parameters) by extensions ['ignore', 'ignore_ament_install']
[1.970s] Level 1:colcon.colcon_core.package_identification:_identify(camera_parameters) by extension 'ignore'
[1.970s] Level 1:colcon.colcon_core.package_identification:_identify(camera_parameters) by extension 'ignore_ament_install'
[1.970s] Level 1:colcon.colcon_core.package_identification:_identify(camera_parameters) by extensions ['colcon_pkg']
[1.971s] Level 1:colcon.colcon_core.package_identification:_identify(camera_parameters) by extension 'colcon_pkg'
[1.971s] Level 1:colcon.colcon_core.package_identification:_identify(camera_parameters) by extensions ['colcon_meta']
[1.971s] Level 1:colcon.colcon_core.package_identification:_identify(camera_parameters) by extension 'colcon_meta'
[1.971s] Level 1:colcon.colcon_core.package_identification:_identify(camera_parameters) by extensions ['ros']
[1.971s] Level 1:colcon.colcon_core.package_identification:_identify(camera_parameters) by extension 'ros'
[1.972s] Level 1:colcon.colcon_core.package_identification:_identify(camera_parameters) by extensions ['cmake', 'python']
[1.972s] Level 1:colcon.colcon_core.package_identification:_identify(camera_parameters) by extension 'cmake'
[1.972s] Level 1:colcon.colcon_core.package_identification:_identify(camera_parameters) by extension 'python'
[1.972s] Level 1:colcon.colcon_core.package_identification:_identify(camera_parameters) by extensions ['python_setup_py']
[1.972s] Level 1:colcon.colcon_core.package_identification:_identify(camera_parameters) by extension 'python_setup_py'
[1.973s] Level 1:colcon.colcon_core.package_identification:_identify(detectabasura) by extensions ['ignore', 'ignore_ament_install']
[1.973s] Level 1:colcon.colcon_core.package_identification:_identify(detectabasura) by extension 'ignore'
[1.973s] Level 1:colcon.colcon_core.package_identification:_identify(detectabasura) by extension 'ignore_ament_install'
[1.973s] Level 1:colcon.colcon_core.package_identification:_identify(detectabasura) by extensions ['colcon_pkg']
[1.973s] Level 1:colcon.colcon_core.package_identification:_identify(detectabasura) by extension 'colcon_pkg'
[1.974s] Level 1:colcon.colcon_core.package_identification:_identify(detectabasura) by extensions ['colcon_meta']
[1.974s] Level 1:colcon.colcon_core.package_identification:_identify(detectabasura) by extension 'colcon_meta'
[1.974s] Level 1:colcon.colcon_core.package_identification:_identify(detectabasura) by extensions ['ros']
[1.974s] Level 1:colcon.colcon_core.package_identification:_identify(detectabasura) by extension 'ros'
[1.984s] DEBUG:colcon.colcon_core.package_identification:Package 'detectabasura' with type 'ros.ament_cmake' and name 'detectabasura'
[1.984s] Level 1:colcon.colcon_core.package_identification:_identify(install) by extensions ['ignore', 'ignore_ament_install']
[1.985s] Level 1:colcon.colcon_core.package_identification:_identify(install) by extension 'ignore'
[1.985s] Level 1:colcon.colcon_core.package_identification:_identify(install) ignored
[1.986s] Level 1:colcon.colcon_core.package_identification:_identify(log) by extensions ['ignore', 'ignore_ament_install']
[1.986s] Level 1:colcon.colcon_core.package_identification:_identify(log) by extension 'ignore'
[1.986s] Level 1:colcon.colcon_core.package_identification:_identify(log) ignored
[1.986s] Level 1:colcon.colcon_core.package_discovery:discover_packages(recursive) using defaults
[1.986s] Level 1:colcon.colcon_core.package_discovery:discover_packages(ignore) discover
[1.987s] Level 1:colcon.colcon_core.package_discovery:discover_packages(ignore) using defaults
[1.987s] Level 1:colcon.colcon_core.package_discovery:discover_packages(path) discover
[1.987s] Level 1:colcon.colcon_core.package_discovery:discover_packages(path) using defaults
[2.061s] Level 1:colcon.colcon_core.package_discovery:discover_packages(prefix_path) check parameters
[2.061s] Level 1:colcon.colcon_core.package_discovery:discover_packages(prefix_path) discover
[2.067s] DEBUG:colcon.colcon_installed_package_information.package_discovery:Found 1 installed packages in /home/jetson/guali_ws/install
[2.074s] DEBUG:colcon.colcon_installed_package_information.package_discovery:Found 256 installed packages in /opt/ros/foxy
[2.082s] Level 1:colcon.colcon_core.package_discovery:discover_packages(prefix_path) using defaults
[2.376s] Level 5:colcon.colcon_core.verb:set package 'detectabasura' build argument 'cmake_args' from command line to 'None'
[2.376s] Level 5:colcon.colcon_core.verb:set package 'detectabasura' build argument 'cmake_target' from command line to 'None'
[2.376s] Level 5:colcon.colcon_core.verb:set package 'detectabasura' build argument 'cmake_target_skip_unavailable' from command line to 'False'
[2.377s] Level 5:colcon.colcon_core.verb:set package 'detectabasura' build argument 'cmake_clean_cache' from command line to 'False'
[2.377s] Level 5:colcon.colcon_core.verb:set package 'detectabasura' build argument 'cmake_clean_first' from command line to 'False'
[2.377s] Level 5:colcon.colcon_core.verb:set package 'detectabasura' build argument 'cmake_force_configure' from command line to 'False'
[2.377s] Level 5:colcon.colcon_core.verb:set package 'detectabasura' build argument 'ament_cmake_args' from command line to 'None'
[2.377s] Level 5:colcon.colcon_core.verb:set package 'detectabasura' build argument 'catkin_cmake_args' from command line to 'None'
[2.377s] Level 5:colcon.colcon_core.verb:set package 'detectabasura' build argument 'catkin_skip_building_tests' from command line to 'False'
[2.377s] DEBUG:colcon.colcon_core.verb:Building package 'detectabasura' with the following arguments: {'ament_cmake_args': None, 'build_base': '/home/jetson/guali_ws/build/detectabasura', 'catkin_cmake_args': None, 'catkin_skip_building_tests': False, 'cmake_args': None, 'cmake_clean_cache': False, 'cmake_clean_first': False, 'cmake_force_configure': False, 'cmake_target': None, 'cmake_target_skip_unavailable': False, 'install_base': '/home/jetson/guali_ws/install/detectabasura', 'merge_install': False, 'path': '/home/jetson/guali_ws/detectabasura', 'symlink_install': False, 'test_result_base': None}
[2.378s] INFO:colcon.colcon_core.executor:Executing jobs using 'parallel' executor
[2.382s] DEBUG:colcon.colcon_parallel_executor.executor.parallel:run_until_complete
[2.383s] INFO:colcon.colcon_ros.task.ament_cmake.build:Building ROS package in '/home/jetson/guali_ws/detectabasura' with build type 'ament_cmake'
[2.383s] INFO:colcon.colcon_cmake.task.cmake.build:Building CMake package in '/home/jetson/guali_ws/detectabasura'
[2.391s] INFO:colcon.colcon_core.plugin_system:Skipping extension 'colcon_core.shell.bat': Not used on non-Windows systems
[2.392s] INFO:colcon.colcon_core.shell:Skip shell extension 'powershell' for command environment: Not usable outside of PowerShell
[2.392s] DEBUG:colcon.colcon_core.shell:Skip shell extension 'dsv' for command environment
[2.428s] DEBUG:colcon.colcon_core.event_handler.log_command:Invoking command in '/home/jetson/guali_ws/build/detectabasura': CMAKE_PREFIX_PATH=${CMAKE_PREFIX_PATH}:/opt/ros/foxy /usr/local/bin/cmake --build /home/jetson/guali_ws/build/detectabasura -- -j4 -l4
[25.471s] DEBUG:colcon.colcon_core.event_handler.log_command:Invoked command in '/home/jetson/guali_ws/build/detectabasura' returned '0': CMAKE_PREFIX_PATH=${CMAKE_PREFIX_PATH}:/opt/ros/foxy /usr/local/bin/cmake --build /home/jetson/guali_ws/build/detectabasura -- -j4 -l4
[25.556s] DEBUG:colcon.colcon_core.event_handler.log_command:Invoking command in '/home/jetson/guali_ws/build/detectabasura': CMAKE_PREFIX_PATH=${CMAKE_PREFIX_PATH}:/opt/ros/foxy /usr/local/bin/cmake --install /home/jetson/guali_ws/build/detectabasura
[25.579s] Level 1:colcon.colcon_core.environment:create_environment_scripts_only(detectabasura)
[25.593s] DEBUG:colcon.colcon_core.event_handler.log_command:Invoked command in '/home/jetson/guali_ws/build/detectabasura' returned '0': CMAKE_PREFIX_PATH=${CMAKE_PREFIX_PATH}:/opt/ros/foxy /usr/local/bin/cmake --install /home/jetson/guali_ws/build/detectabasura
[25.600s] Level 1:colcon.colcon_core.environment:checking '/home/jetson/guali_ws/install/detectabasura' for CMake module files
[25.603s] Level 1:colcon.colcon_core.environment:checking '/home/jetson/guali_ws/install/detectabasura' for CMake config files
[25.604s] Level 1:colcon.colcon_core.shell:create_environment_hook('detectabasura', 'cmake_prefix_path')
[25.605s] INFO:colcon.colcon_core.shell:Creating environment hook '/home/jetson/guali_ws/install/detectabasura/share/detectabasura/hook/cmake_prefix_path.ps1'
[25.608s] INFO:colcon.colcon_core.shell:Creating environment descriptor '/home/jetson/guali_ws/install/detectabasura/share/detectabasura/hook/cmake_prefix_path.dsv'
[25.610s] INFO:colcon.colcon_core.shell:Creating environment hook '/home/jetson/guali_ws/install/detectabasura/share/detectabasura/hook/cmake_prefix_path.sh'
[25.615s] Level 1:colcon.colcon_core.environment:checking '/home/jetson/guali_ws/install/detectabasura/lib'
[25.615s] Level 1:colcon.colcon_core.environment:checking '/home/jetson/guali_ws/install/detectabasura/bin'
[25.616s] Level 1:colcon.colcon_core.environment:checking '/home/jetson/guali_ws/install/detectabasura/lib/pkgconfig/detectabasura.pc'
[25.617s] Level 1:colcon.colcon_core.environment:checking '/home/jetson/guali_ws/install/detectabasura/lib/python3.8/site-packages'
[25.618s] Level 1:colcon.colcon_core.environment:checking '/home/jetson/guali_ws/install/detectabasura/bin'
[25.619s] INFO:colcon.colcon_core.shell:Creating package script '/home/jetson/guali_ws/install/detectabasura/share/detectabasura/package.ps1'
[25.623s] INFO:colcon.colcon_core.shell:Creating package descriptor '/home/jetson/guali_ws/install/detectabasura/share/detectabasura/package.dsv'
[25.625s] INFO:colcon.colcon_core.shell:Creating package script '/home/jetson/guali_ws/install/detectabasura/share/detectabasura/package.sh'
[25.628s] INFO:colcon.colcon_core.shell:Creating package script '/home/jetson/guali_ws/install/detectabasura/share/detectabasura/package.bash'
[25.632s] INFO:colcon.colcon_core.shell:Creating package script '/home/jetson/guali_ws/install/detectabasura/share/detectabasura/package.zsh'
[25.634s] Level 1:colcon.colcon_core.environment:create_file_with_runtime_dependencies(/home/jetson/guali_ws/install/detectabasura/share/colcon-core/packages/detectabasura)
[25.739s] Level 1:colcon.colcon_core.environment:create_environment_scripts_only(detectabasura)
[25.741s] Level 1:colcon.colcon_core.environment:checking '/home/jetson/guali_ws/install/detectabasura' for CMake module files
[25.743s] Level 1:colcon.colcon_core.environment:checking '/home/jetson/guali_ws/install/detectabasura' for CMake config files
[25.745s] Level 1:colcon.colcon_core.shell:create_environment_hook('detectabasura', 'cmake_prefix_path')
[25.746s] INFO:colcon.colcon_core.shell:Creating environment hook '/home/jetson/guali_ws/install/detectabasura/share/detectabasura/hook/cmake_prefix_path.ps1'
[25.749s] INFO:colcon.colcon_core.shell:Creating environment descriptor '/home/jetson/guali_ws/install/detectabasura/share/detectabasura/hook/cmake_prefix_path.dsv'
[25.751s] INFO:colcon.colcon_core.shell:Creating environment hook '/home/jetson/guali_ws/install/detectabasura/share/detectabasura/hook/cmake_prefix_path.sh'
[25.754s] Level 1:colcon.colcon_core.environment:checking '/home/jetson/guali_ws/install/detectabasura/lib'
[25.755s] Level 1:colcon.colcon_core.environment:checking '/home/jetson/guali_ws/install/detectabasura/bin'
[25.755s] Level 1:colcon.colcon_core.environment:checking '/home/jetson/guali_ws/install/detectabasura/lib/pkgconfig/detectabasura.pc'
[25.756s] Level 1:colcon.colcon_core.environment:checking '/home/jetson/guali_ws/install/detectabasura/lib/python3.8/site-packages'
[25.757s] Level 1:colcon.colcon_core.environment:checking '/home/jetson/guali_ws/install/detectabasura/bin'
[25.759s] INFO:colcon.colcon_core.shell:Creating package script '/home/jetson/guali_ws/install/detectabasura/share/detectabasura/package.ps1'
[25.761s] INFO:colcon.colcon_core.shell:Creating package descriptor '/home/jetson/guali_ws/install/detectabasura/share/detectabasura/package.dsv'
[25.764s] INFO:colcon.colcon_core.shell:Creating package script '/home/jetson/guali_ws/install/detectabasura/share/detectabasura/package.sh'
[25.767s] INFO:colcon.colcon_core.shell:Creating package script '/home/jetson/guali_ws/install/detectabasura/share/detectabasura/package.bash'
[25.769s] INFO:colcon.colcon_core.shell:Creating package script '/home/jetson/guali_ws/install/detectabasura/share/detectabasura/package.zsh'
[25.771s] Level 1:colcon.colcon_core.environment:create_file_with_runtime_dependencies(/home/jetson/guali_ws/install/detectabasura/share/colcon-core/packages/detectabasura)
[25.773s] DEBUG:colcon.colcon_parallel_executor.executor.parallel:closing loop
[25.774s] DEBUG:colcon.colcon_parallel_executor.executor.parallel:loop closed
[25.775s] DEBUG:colcon.colcon_parallel_executor.executor.parallel:run_until_complete finished with '0'
[25.775s] DEBUG:colcon.colcon_core.event_reactor:joining thread
[25.803s] INFO:colcon.colcon_core.plugin_system:Skipping extension 'colcon_notification.desktop_notification.terminal_notifier': Not used on non-Darwin systems
[25.803s] INFO:colcon.colcon_core.plugin_system:Skipping extension 'colcon_notification.desktop_notification.win32': Not used on non-Windows systems
[25.804s] INFO:colcon.colcon_notification.desktop_notification:Sending desktop notification using 'notify2'
[25.860s] DEBUG:colcon.colcon_core.event_reactor:joined thread
[25.862s] INFO:colcon.colcon_core.shell:Creating prefix script '/home/jetson/guali_ws/install/local_setup.ps1'
[25.872s] INFO:colcon.colcon_core.shell:Creating prefix util module '/home/jetson/guali_ws/install/_local_setup_util_ps1.py'
[25.880s] INFO:colcon.colcon_core.shell:Creating prefix chain script '/home/jetson/guali_ws/install/setup.ps1'
[25.885s] INFO:colcon.colcon_core.shell:Creating prefix script '/home/jetson/guali_ws/install/local_setup.sh'
[25.889s] INFO:colcon.colcon_core.shell:Creating prefix util module '/home/jetson/guali_ws/install/_local_setup_util_sh.py'
[25.892s] INFO:colcon.colcon_core.shell:Creating prefix chain script '/home/jetson/guali_ws/install/setup.sh'
[25.898s] INFO:colcon.colcon_core.shell:Creating prefix script '/home/jetson/guali_ws/install/local_setup.bash'
[25.902s] INFO:colcon.colcon_core.shell:Creating prefix chain script '/home/jetson/guali_ws/install/setup.bash'
[25.907s] INFO:colcon.colcon_core.shell:Creating prefix script '/home/jetson/guali_ws/install/local_setup.zsh'
[25.911s] INFO:colcon.colcon_core.shell:Creating prefix chain script '/home/jetson/guali_ws/install/setup.zsh'
