[0.000000] (-) TimerEvent: {}
[0.000218] (detectabasura) JobQueued: {'identifier': 'detectabasura', 'dependencies': OrderedDict()}
[0.002282] (detectabasura) JobStarted: {'identifier': 'detectabasura'}
[0.063809] (detectabasura) JobProgress: {'identifier': 'detectabasura', 'progress': 'cmake'}
[0.066707] (detectabasura) JobProgress: {'identifier': 'detectabasura', 'progress': 'build'}
[0.069955] (detectabasura) Command: {'cmd': ['/usr/bin/cmake', '--build', '/home/jetson/guali_ws/build/detectabasura', '--', '-j4', '-l4'], 'cwd': '/home/jetson/guali_ws/build/detectabasura', 'env': OrderedDict([('USER', 'jetson'), ('SSH_CLIENT', '192.168.1.168 44564 22'), ('LC_TIME', 'nl_NL.UTF-8'), ('XDG_SESSION_TYPE', 'tty'), ('SHLVL', '1'), ('LD_LIBRARY_PATH', '/home/jetson/guali_ws/install/detectabasura/lib:/opt/ros/foxy/opt/yaml_cpp_vendor/lib:/opt/ros/foxy/opt/rviz_ogre_vendor/lib:/opt/ros/foxy/lib/aarch64-linux-gnu:/opt/ros/foxy/lib'), ('MOTD_SHOWN', 'pam'), ('HOME', '/home/jetson'), ('OLDPWD', '/home/jetson'), ('ROS_PYTHON_VERSION', '3'), ('LC_MONETARY', 'nl_NL.UTF-8'), ('DBUS_SESSION_BUS_ADDRESS', 'unix:path=/run/user/1000/bus'), ('COLCON_PREFIX_PATH', '/home/jetson/guali_ws/install'), ('ROS_DISTRO', 'foxy'), ('LOGNAME', 'jetson'), ('_', '/usr/bin/colcon'), ('ROS_VERSION', '2'), ('XDG_SESSION_CLASS', 'user'), ('TERM', 'xterm'), ('XDG_SESSION_ID', '84'), ('ROS_LOCALHOST_ONLY', '0'), ('PATH', '/opt/ros/foxy/bin:/usr/local/sbin:/usr/local/bin:/usr/sbin:/usr/bin:/sbin:/bin:/usr/games:/usr/local/games:/snap/bin'), ('LC_ADDRESS', 'nl_NL.UTF-8'), ('XDG_RUNTIME_DIR', '/run/user/1000'), ('LANG', 'en_US.UTF-8'), ('LC_TELEPHONE', 'nl_NL.UTF-8'), ('AMENT_PREFIX_PATH', '/home/jetson/guali_ws/install/detectabasura:/opt/ros/foxy'), ('SHELL', '/bin/bash'), ('LC_NAME', 'nl_NL.UTF-8'), ('LC_MEASUREMENT', 'nl_NL.UTF-8'), ('LC_IDENTIFICATION', 'nl_NL.UTF-8'), ('PWD', '/home/jetson/guali_ws/build/detectabasura'), ('LC_ALL', 'en_US.UTF-8'), ('SSH_CONNECTION', '192.168.1.168 44564 192.168.1.208 22'), ('PYTHONPATH', '/home/jetson/guali_ws/install/detectabasura/lib/python3.8/site-packages:/opt/ros/foxy/lib/python3.8/site-packages'), ('LC_NUMERIC', 'nl_NL.UTF-8'), ('LC_PAPER', 'nl_NL.UTF-8'), ('COLCON', '1'), ('CMAKE_PREFIX_PATH', '/home/jetson/guali_ws/install/detectabasura:/opt/ros/foxy')]), 'shell': False}
[0.099149] (-) TimerEvent: {}
[0.212163] (-) TimerEvent: {}
[0.312845] (-) TimerEvent: {}
[0.402520] (detectabasura) StdoutLine: {'line': b'[  8%] Built target detectabasura__rosidl_generator_c\n'}
[0.413112] (-) TimerEvent: {}
[0.466134] (detectabasura) StdoutLine: {'line': b'[ 10%] Built target detectabasura__cpp\n'}
[0.492823] (detectabasura) StdoutLine: {'line': b'[ 16%] Built target video_publisher_cli\n'}
[0.513273] (-) TimerEvent: {}
[0.524707] (detectabasura) StdoutLine: {'line': b'[ 21%] Built target serialMCU\n'}
[0.613831] (-) TimerEvent: {}
[0.644648] (detectabasura) StdoutLine: {'line': b'[ 29%] Built target detectabasura__rosidl_typesupport_cpp\n'}
[0.695461] (detectabasura) StdoutLine: {'line': b'[ 35%] Built target video_publisher_usb\n'}
[0.708246] (detectabasura) StdoutLine: {'line': b'[ 43%] Built target detectabasura__rosidl_typesupport_fastrtps_cpp\n'}
[0.714019] (-) TimerEvent: {}
[0.778766] (detectabasura) StdoutLine: {'line': b'[ 59%] Built target detectabasura__rosidl_typesupport_introspection_cpp\n'}
[0.783610] (detectabasura) StdoutLine: {'line': b'[ 59%] Built target detectabasura__rosidl_typesupport_introspection_c\n'}
[0.814364] (-) TimerEvent: {}
[0.831913] (detectabasura) StdoutLine: {'line': b'[ 67%] Built target detectabasura__rosidl_typesupport_c\n'}
[0.898861] (detectabasura) StdoutLine: {'line': b'[ 75%] Built target detectabasura__rosidl_typesupport_fastrtps_c\n'}
[0.914517] (-) TimerEvent: {}
[0.967852] (detectabasura) StdoutLine: {'line': b'[ 75%] Built target detectabasura\n'}
[1.014751] (-) TimerEvent: {}
[1.048030] (detectabasura) StdoutLine: {'line': b'[ 78%] Built target detectabasura__py\n'}
[1.114898] (-) TimerEvent: {}
[1.153915] (detectabasura) StdoutLine: {'line': b'[ 83%] Built target detectabasura__python\n'}
[1.215046] (-) TimerEvent: {}
[1.265744] (detectabasura) StdoutLine: {'line': b'[ 89%] Built target detectabasura__rosidl_typesupport_introspection_c__pyext\n'}
[1.275817] (detectabasura) StdoutLine: {'line': b'[ 94%] Built target detectabasura__rosidl_typesupport_fastrtps_c__pyext\n'}
[1.305586] (detectabasura) StdoutLine: {'line': b'[100%] Built target detectabasura__rosidl_typesupport_c__pyext\n'}
[1.315203] (-) TimerEvent: {}
[1.361739] (detectabasura) CommandEnded: {'returncode': 0}
[1.415365] (-) TimerEvent: {}
[1.515663] (-) TimerEvent: {}
[1.547115] (detectabasura) JobProgress: {'identifier': 'detectabasura', 'progress': 'install'}
[1.589204] (detectabasura) Command: {'cmd': ['/usr/bin/cmake', '--install', '/home/jetson/guali_ws/build/detectabasura'], 'cwd': '/home/jetson/guali_ws/build/detectabasura', 'env': OrderedDict([('USER', 'jetson'), ('SSH_CLIENT', '192.168.1.168 44564 22'), ('LC_TIME', 'nl_NL.UTF-8'), ('XDG_SESSION_TYPE', 'tty'), ('SHLVL', '1'), ('LD_LIBRARY_PATH', '/home/jetson/guali_ws/install/detectabasura/lib:/opt/ros/foxy/opt/yaml_cpp_vendor/lib:/opt/ros/foxy/opt/rviz_ogre_vendor/lib:/opt/ros/foxy/lib/aarch64-linux-gnu:/opt/ros/foxy/lib'), ('MOTD_SHOWN', 'pam'), ('HOME', '/home/jetson'), ('OLDPWD', '/home/jetson'), ('ROS_PYTHON_VERSION', '3'), ('LC_MONETARY', 'nl_NL.UTF-8'), ('DBUS_SESSION_BUS_ADDRESS', 'unix:path=/run/user/1000/bus'), ('COLCON_PREFIX_PATH', '/home/jetson/guali_ws/install'), ('ROS_DISTRO', 'foxy'), ('LOGNAME', 'jetson'), ('_', '/usr/bin/colcon'), ('ROS_VERSION', '2'), ('XDG_SESSION_CLASS', 'user'), ('TERM', 'xterm'), ('XDG_SESSION_ID', '84'), ('ROS_LOCALHOST_ONLY', '0'), ('PATH', '/opt/ros/foxy/bin:/usr/local/sbin:/usr/local/bin:/usr/sbin:/usr/bin:/sbin:/bin:/usr/games:/usr/local/games:/snap/bin'), ('LC_ADDRESS', 'nl_NL.UTF-8'), ('XDG_RUNTIME_DIR', '/run/user/1000'), ('LANG', 'en_US.UTF-8'), ('LC_TELEPHONE', 'nl_NL.UTF-8'), ('AMENT_PREFIX_PATH', '/home/jetson/guali_ws/install/detectabasura:/opt/ros/foxy'), ('SHELL', '/bin/bash'), ('LC_NAME', 'nl_NL.UTF-8'), ('LC_MEASUREMENT', 'nl_NL.UTF-8'), ('LC_IDENTIFICATION', 'nl_NL.UTF-8'), ('PWD', '/home/jetson/guali_ws/build/detectabasura'), ('LC_ALL', 'en_US.UTF-8'), ('SSH_CONNECTION', '192.168.1.168 44564 192.168.1.208 22'), ('PYTHONPATH', '/home/jetson/guali_ws/install/detectabasura/lib/python3.8/site-packages:/opt/ros/foxy/lib/python3.8/site-packages'), ('LC_NUMERIC', 'nl_NL.UTF-8'), ('LC_PAPER', 'nl_NL.UTF-8'), ('COLCON', '1'), ('CMAKE_PREFIX_PATH', '/home/jetson/guali_ws/install/detectabasura:/opt/ros/foxy')]), 'shell': False}
[1.615945] (-) TimerEvent: {}
[1.638775] (detectabasura) StdoutLine: {'line': b'-- Install configuration: "Release"\n'}
[1.639499] (detectabasura) StdoutLine: {'line': b'-- Up-to-date: /home/jetson/guali_ws/install/detectabasura/share/ament_index/resource_index/rosidl_interfaces/detectabasura\n'}
[1.639927] (detectabasura) StdoutLine: {'line': b'-- Up-to-date: /home/jetson/guali_ws/install/detectabasura/include/detectabasura\n'}
[1.640299] (detectabasura) StdoutLine: {'line': b'-- Up-to-date: /home/jetson/guali_ws/install/detectabasura/include/detectabasura/msg\n'}
[1.640675] (detectabasura) StdoutLine: {'line': b'-- Up-to-date: /home/jetson/guali_ws/install/detectabasura/include/detectabasura/msg/detail\n'}
[1.641089] (detectabasura) StdoutLine: {'line': b'-- Up-to-date: /home/jetson/guali_ws/install/detectabasura/include/detectabasura/msg/detail/six_dof_arm_control__functions.c\n'}
[1.641546] (detectabasura) StdoutLine: {'line': b'-- Up-to-date: /home/jetson/guali_ws/install/detectabasura/include/detectabasura/msg/detail/six_dof_arm_control__struct.h\n'}
[1.642012] (detectabasura) StdoutLine: {'line': b'-- Up-to-date: /home/jetson/guali_ws/install/detectabasura/include/detectabasura/msg/detail/six_dof_arm_control__type_support.h\n'}
[1.642618] (detectabasura) StdoutLine: {'line': b'-- Up-to-date: /home/jetson/guali_ws/install/detectabasura/include/detectabasura/msg/detail/six_dof_arm_control__functions.h\n'}
[1.643042] (detectabasura) StdoutLine: {'line': b'-- Up-to-date: /home/jetson/guali_ws/install/detectabasura/include/detectabasura/msg/rosidl_generator_c__visibility_control.h\n'}
[1.643447] (detectabasura) StdoutLine: {'line': b'-- Up-to-date: /home/jetson/guali_ws/install/detectabasura/include/detectabasura/msg/six_dof_arm_control.h\n'}
[1.643801] (detectabasura) StdoutLine: {'line': b'-- Up-to-date: /home/jetson/guali_ws/install/detectabasura/share/detectabasura/environment/library_path.sh\n'}
[1.644158] (detectabasura) StdoutLine: {'line': b'-- Up-to-date: /home/jetson/guali_ws/install/detectabasura/share/detectabasura/environment/library_path.dsv\n'}
[1.644549] (detectabasura) StdoutLine: {'line': b'-- Up-to-date: /home/jetson/guali_ws/install/detectabasura/lib/libdetectabasura__rosidl_generator_c.so\n'}
[1.644940] (detectabasura) StdoutLine: {'line': b'-- Up-to-date: /home/jetson/guali_ws/install/detectabasura/include/detectabasura\n'}
[1.645304] (detectabasura) StdoutLine: {'line': b'-- Up-to-date: /home/jetson/guali_ws/install/detectabasura/include/detectabasura/msg\n'}
[1.645677] (detectabasura) StdoutLine: {'line': b'-- Up-to-date: /home/jetson/guali_ws/install/detectabasura/include/detectabasura/msg/detail\n'}
[1.646159] (detectabasura) StdoutLine: {'line': b'-- Up-to-date: /home/jetson/guali_ws/install/detectabasura/include/detectabasura/msg/detail/six_dof_arm_control__rosidl_typesupport_fastrtps_c.h\n'}
[1.648662] (detectabasura) StdoutLine: {'line': b'-- Up-to-date: /home/jetson/guali_ws/install/detectabasura/include/detectabasura/msg/rosidl_typesupport_fastrtps_c__visibility_control.h\n'}
[1.649079] (detectabasura) StdoutLine: {'line': b'-- Up-to-date: /home/jetson/guali_ws/install/detectabasura/lib/libdetectabasura__rosidl_typesupport_fastrtps_c.so\n'}
[1.649453] (detectabasura) StdoutLine: {'line': b'-- Up-to-date: /home/jetson/guali_ws/install/detectabasura/include/detectabasura\n'}
[1.649826] (detectabasura) StdoutLine: {'line': b'-- Up-to-date: /home/jetson/guali_ws/install/detectabasura/include/detectabasura/msg\n'}
[1.650943] (detectabasura) StdoutLine: {'line': b'-- Up-to-date: /home/jetson/guali_ws/install/detectabasura/include/detectabasura/msg/detail\n'}
[1.651802] (detectabasura) StdoutLine: {'line': b'-- Up-to-date: /home/jetson/guali_ws/install/detectabasura/include/detectabasura/msg/detail/six_dof_arm_control__rosidl_typesupport_fastrtps_cpp.hpp\n'}
[1.652976] (detectabasura) StdoutLine: {'line': b'-- Up-to-date: /home/jetson/guali_ws/install/detectabasura/include/detectabasura/msg/detail/dds_fastrtps\n'}
[1.653411] (detectabasura) StdoutLine: {'line': b'-- Up-to-date: /home/jetson/guali_ws/install/detectabasura/include/detectabasura/msg/rosidl_typesupport_fastrtps_cpp__visibility_control.h\n'}
[1.653788] (detectabasura) StdoutLine: {'line': b'-- Up-to-date: /home/jetson/guali_ws/install/detectabasura/lib/libdetectabasura__rosidl_typesupport_fastrtps_cpp.so\n'}
[1.654210] (detectabasura) StdoutLine: {'line': b'-- Up-to-date: /home/jetson/guali_ws/install/detectabasura/include/detectabasura\n'}
[1.654638] (detectabasura) StdoutLine: {'line': b'-- Up-to-date: /home/jetson/guali_ws/install/detectabasura/include/detectabasura/msg\n'}
[1.655028] (detectabasura) StdoutLine: {'line': b'-- Up-to-date: /home/jetson/guali_ws/install/detectabasura/include/detectabasura/msg/detail\n'}
[1.655437] (detectabasura) StdoutLine: {'line': b'-- Up-to-date: /home/jetson/guali_ws/install/detectabasura/include/detectabasura/msg/detail/six_dof_arm_control__type_support.c\n'}
[1.655880] (detectabasura) StdoutLine: {'line': b'-- Up-to-date: /home/jetson/guali_ws/install/detectabasura/include/detectabasura/msg/detail/six_dof_arm_control__rosidl_typesupport_introspection_c.h\n'}
[1.656269] (detectabasura) StdoutLine: {'line': b'-- Up-to-date: /home/jetson/guali_ws/install/detectabasura/include/detectabasura/msg/rosidl_typesupport_introspection_c__visibility_control.h\n'}
[1.656640] (detectabasura) StdoutLine: {'line': b'-- Up-to-date: /home/jetson/guali_ws/install/detectabasura/lib/libdetectabasura__rosidl_typesupport_introspection_c.so\n'}
[1.657016] (detectabasura) StdoutLine: {'line': b'-- Up-to-date: /home/jetson/guali_ws/install/detectabasura/lib/libdetectabasura__rosidl_typesupport_c.so\n'}
[1.657427] (detectabasura) StdoutLine: {'line': b'-- Up-to-date: /home/jetson/guali_ws/install/detectabasura/include/detectabasura\n'}
[1.657822] (detectabasura) StdoutLine: {'line': b'-- Up-to-date: /home/jetson/guali_ws/install/detectabasura/include/detectabasura/msg\n'}
[1.658254] (detectabasura) StdoutLine: {'line': b'-- Up-to-date: /home/jetson/guali_ws/install/detectabasura/include/detectabasura/msg/detail\n'}
[1.658642] (detectabasura) StdoutLine: {'line': b'-- Up-to-date: /home/jetson/guali_ws/install/detectabasura/include/detectabasura/msg/detail/six_dof_arm_control__struct.hpp\n'}
[1.659005] (detectabasura) StdoutLine: {'line': b'-- Up-to-date: /home/jetson/guali_ws/install/detectabasura/include/detectabasura/msg/detail/six_dof_arm_control__type_support.hpp\n'}
[1.659370] (detectabasura) StdoutLine: {'line': b'-- Up-to-date: /home/jetson/guali_ws/install/detectabasura/include/detectabasura/msg/detail/six_dof_arm_control__traits.hpp\n'}
[1.659784] (detectabasura) StdoutLine: {'line': b'-- Up-to-date: /home/jetson/guali_ws/install/detectabasura/include/detectabasura/msg/detail/six_dof_arm_control__builder.hpp\n'}
[1.660196] (detectabasura) StdoutLine: {'line': b'-- Up-to-date: /home/jetson/guali_ws/install/detectabasura/include/detectabasura/msg/six_dof_arm_control.hpp\n'}
[1.660581] (detectabasura) StdoutLine: {'line': b'-- Up-to-date: /home/jetson/guali_ws/install/detectabasura/include/detectabasura/msg/rosidl_generator_cpp__visibility_control.hpp\n'}
[1.660964] (detectabasura) StdoutLine: {'line': b'-- Up-to-date: /home/jetson/guali_ws/install/detectabasura/include/detectabasura\n'}
[1.661379] (detectabasura) StdoutLine: {'line': b'-- Up-to-date: /home/jetson/guali_ws/install/detectabasura/include/detectabasura/msg\n'}
[1.661779] (detectabasura) StdoutLine: {'line': b'-- Up-to-date: /home/jetson/guali_ws/install/detectabasura/include/detectabasura/msg/detail\n'}
[1.662207] (detectabasura) StdoutLine: {'line': b'-- Up-to-date: /home/jetson/guali_ws/install/detectabasura/include/detectabasura/msg/detail/six_dof_arm_control__rosidl_typesupport_introspection_cpp.hpp\n'}
[1.662637] (detectabasura) StdoutLine: {'line': b'-- Up-to-date: /home/jetson/guali_ws/install/detectabasura/include/detectabasura/msg/detail/six_dof_arm_control__type_support.cpp\n'}
[1.663001] (detectabasura) StdoutLine: {'line': b'-- Up-to-date: /home/jetson/guali_ws/install/detectabasura/lib/libdetectabasura__rosidl_typesupport_introspection_cpp.so\n'}
[1.663384] (detectabasura) StdoutLine: {'line': b'-- Up-to-date: /home/jetson/guali_ws/install/detectabasura/lib/libdetectabasura__rosidl_typesupport_cpp.so\n'}
[1.663779] (detectabasura) StdoutLine: {'line': b'-- Up-to-date: /home/jetson/guali_ws/install/detectabasura/share/detectabasura/environment/pythonpath.sh\n'}
[1.664163] (detectabasura) StdoutLine: {'line': b'-- Up-to-date: /home/jetson/guali_ws/install/detectabasura/share/detectabasura/environment/pythonpath.dsv\n'}
[1.664518] (detectabasura) StdoutLine: {'line': b'-- Up-to-date: /home/jetson/guali_ws/install/detectabasura/lib/python3.8/site-packages/detectabasura/__init__.py\n'}
[1.716047] (-) TimerEvent: {}
[1.806218] (detectabasura) StdoutLine: {'line': b'-- Up-to-date: /home/jetson/guali_ws/install/detectabasura/lib/python3.8/site-packages/detectabasura/msg\n'}
[1.806862] (detectabasura) StdoutLine: {'line': b'-- Up-to-date: /home/jetson/guali_ws/install/detectabasura/lib/python3.8/site-packages/detectabasura/msg/_six_dof_arm_control_s.c\n'}
[1.807364] (detectabasura) StdoutLine: {'line': b'-- Up-to-date: /home/jetson/guali_ws/install/detectabasura/lib/python3.8/site-packages/detectabasura/msg/_six_dof_arm_control.py\n'}
[1.807775] (detectabasura) StdoutLine: {'line': b'-- Up-to-date: /home/jetson/guali_ws/install/detectabasura/lib/python3.8/site-packages/detectabasura/msg/__init__.py\n'}
[1.814823] (detectabasura) StdoutLine: {'line': b'-- Up-to-date: /home/jetson/guali_ws/install/detectabasura/lib/python3.8/site-packages/detectabasura/detectabasura_s__rosidl_typesupport_fastrtps_c.cpython-38-aarch64-linux-gnu.so\n'}
[1.815385] (detectabasura) StdoutLine: {'line': b'-- Up-to-date: /home/jetson/guali_ws/install/detectabasura/lib/python3.8/site-packages/detectabasura/detectabasura_s__rosidl_typesupport_introspection_c.cpython-38-aarch64-linux-gnu.so\n'}
[1.815777] (detectabasura) StdoutLine: {'line': b'-- Up-to-date: /home/jetson/guali_ws/install/detectabasura/lib/python3.8/site-packages/detectabasura/detectabasura_s__rosidl_typesupport_c.cpython-38-aarch64-linux-gnu.so\n'}
[1.816094] (-) TimerEvent: {}
[1.816178] (detectabasura) StdoutLine: {'line': b'-- Up-to-date: /home/jetson/guali_ws/install/detectabasura/lib/libdetectabasura__python.so\n'}
[1.816546] (detectabasura) StdoutLine: {'line': b'-- Up-to-date: /home/jetson/guali_ws/install/detectabasura/share/detectabasura/msg/SixDOFArmControl.idl\n'}
[1.816942] (detectabasura) StdoutLine: {'line': b'-- Up-to-date: /home/jetson/guali_ws/install/detectabasura/share/detectabasura/msg/SixDOFArmControl.msg\n'}
[1.817736] (detectabasura) StdoutLine: {'line': b'-- Up-to-date: /home/jetson/guali_ws/install/detectabasura/lib/detectabasura/video_publisher_cli\n'}
[1.819335] (detectabasura) StdoutLine: {'line': b'-- Up-to-date: /home/jetson/guali_ws/install/detectabasura/lib/detectabasura/video_publisher_usb\n'}
[1.822195] (detectabasura) StdoutLine: {'line': b'-- Up-to-date: /home/jetson/guali_ws/install/detectabasura/lib/detectabasura/serialMCU\n'}
[1.823362] (detectabasura) StdoutLine: {'line': b'-- Up-to-date: /home/jetson/guali_ws/install/detectabasura/share/ament_index/resource_index/package_run_dependencies/detectabasura\n'}
[1.825612] (detectabasura) StdoutLine: {'line': b'-- Up-to-date: /home/jetson/guali_ws/install/detectabasura/share/ament_index/resource_index/parent_prefix_path/detectabasura\n'}
[1.826465] (detectabasura) StdoutLine: {'line': b'-- Up-to-date: /home/jetson/guali_ws/install/detectabasura/share/detectabasura/environment/ament_prefix_path.sh\n'}
[1.826902] (detectabasura) StdoutLine: {'line': b'-- Up-to-date: /home/jetson/guali_ws/install/detectabasura/share/detectabasura/environment/ament_prefix_path.dsv\n'}
[1.827849] (detectabasura) StdoutLine: {'line': b'-- Up-to-date: /home/jetson/guali_ws/install/detectabasura/share/detectabasura/environment/path.sh\n'}
[1.828828] (detectabasura) StdoutLine: {'line': b'-- Up-to-date: /home/jetson/guali_ws/install/detectabasura/share/detectabasura/environment/path.dsv\n'}
[1.829804] (detectabasura) StdoutLine: {'line': b'-- Up-to-date: /home/jetson/guali_ws/install/detectabasura/share/detectabasura/local_setup.bash\n'}
[1.830663] (detectabasura) StdoutLine: {'line': b'-- Up-to-date: /home/jetson/guali_ws/install/detectabasura/share/detectabasura/local_setup.sh\n'}
[1.831927] (detectabasura) StdoutLine: {'line': b'-- Up-to-date: /home/jetson/guali_ws/install/detectabasura/share/detectabasura/local_setup.zsh\n'}
[1.833539] (detectabasura) StdoutLine: {'line': b'-- Up-to-date: /home/jetson/guali_ws/install/detectabasura/share/detectabasura/local_setup.dsv\n'}
[1.834319] (detectabasura) StdoutLine: {'line': b'-- Installing: /home/jetson/guali_ws/install/detectabasura/share/detectabasura/package.dsv\n'}
[1.835737] (detectabasura) StdoutLine: {'line': b'-- Up-to-date: /home/jetson/guali_ws/install/detectabasura/share/ament_index/resource_index/packages/detectabasura\n'}
[1.836152] (detectabasura) StdoutLine: {'line': b'-- Up-to-date: /home/jetson/guali_ws/install/detectabasura/share/detectabasura/cmake/detectabasura__rosidl_generator_cExport.cmake\n'}
[1.836597] (detectabasura) StdoutLine: {'line': b'-- Up-to-date: /home/jetson/guali_ws/install/detectabasura/share/detectabasura/cmake/detectabasura__rosidl_generator_cExport-release.cmake\n'}
[1.837019] (detectabasura) StdoutLine: {'line': b'-- Up-to-date: /home/jetson/guali_ws/install/detectabasura/share/detectabasura/cmake/detectabasura__rosidl_typesupport_introspection_cExport.cmake\n'}
[1.837421] (detectabasura) StdoutLine: {'line': b'-- Up-to-date: /home/jetson/guali_ws/install/detectabasura/share/detectabasura/cmake/detectabasura__rosidl_typesupport_introspection_cExport-release.cmake\n'}
[1.837855] (detectabasura) StdoutLine: {'line': b'-- Up-to-date: /home/jetson/guali_ws/install/detectabasura/share/detectabasura/cmake/detectabasura__rosidl_typesupport_cExport.cmake\n'}
[1.838323] (detectabasura) StdoutLine: {'line': b'-- Up-to-date: /home/jetson/guali_ws/install/detectabasura/share/detectabasura/cmake/detectabasura__rosidl_typesupport_cExport-release.cmake\n'}
[1.838759] (detectabasura) StdoutLine: {'line': b'-- Up-to-date: /home/jetson/guali_ws/install/detectabasura/share/detectabasura/cmake/detectabasura__rosidl_generator_cppExport.cmake\n'}
[1.839198] (detectabasura) StdoutLine: {'line': b'-- Up-to-date: /home/jetson/guali_ws/install/detectabasura/share/detectabasura/cmake/detectabasura__rosidl_typesupport_introspection_cppExport.cmake\n'}
[1.840201] (detectabasura) StdoutLine: {'line': b'-- Up-to-date: /home/jetson/guali_ws/install/detectabasura/share/detectabasura/cmake/detectabasura__rosidl_typesupport_introspection_cppExport-release.cmake\n'}
[1.844299] (detectabasura) StdoutLine: {'line': b'-- Up-to-date: /home/jetson/guali_ws/install/detectabasura/share/detectabasura/cmake/detectabasura__rosidl_typesupport_cppExport.cmake\n'}
[1.850052] (detectabasura) StdoutLine: {'line': b'-- Up-to-date: /home/jetson/guali_ws/install/detectabasura/share/detectabasura/cmake/detectabasura__rosidl_typesupport_cppExport-release.cmake\n'}
[1.850580] (detectabasura) StdoutLine: {'line': b'-- Up-to-date: /home/jetson/guali_ws/install/detectabasura/share/detectabasura/cmake/rosidl_cmake-extras.cmake\n'}
[1.851220] (detectabasura) StdoutLine: {'line': b'-- Up-to-date: /home/jetson/guali_ws/install/detectabasura/share/detectabasura/cmake/ament_cmake_export_dependencies-extras.cmake\n'}
[1.851682] (detectabasura) StdoutLine: {'line': b'-- Up-to-date: /home/jetson/guali_ws/install/detectabasura/share/detectabasura/cmake/ament_cmake_export_libraries-extras.cmake\n'}
[1.852113] (detectabasura) StdoutLine: {'line': b'-- Up-to-date: /home/jetson/guali_ws/install/detectabasura/share/detectabasura/cmake/ament_cmake_export_targets-extras.cmake\n'}
[1.852502] (detectabasura) StdoutLine: {'line': b'-- Up-to-date: /home/jetson/guali_ws/install/detectabasura/share/detectabasura/cmake/ament_cmake_export_include_directories-extras.cmake\n'}
[1.852895] (detectabasura) StdoutLine: {'line': b'-- Up-to-date: /home/jetson/guali_ws/install/detectabasura/share/detectabasura/cmake/rosidl_cmake_export_typesupport_libraries-extras.cmake\n'}
[1.853302] (detectabasura) StdoutLine: {'line': b'-- Up-to-date: /home/jetson/guali_ws/install/detectabasura/share/detectabasura/cmake/rosidl_cmake_export_typesupport_targets-extras.cmake\n'}
[1.853709] (detectabasura) StdoutLine: {'line': b'-- Up-to-date: /home/jetson/guali_ws/install/detectabasura/share/detectabasura/cmake/detectabasuraConfig.cmake\n'}
[1.854231] (detectabasura) StdoutLine: {'line': b'-- Up-to-date: /home/jetson/guali_ws/install/detectabasura/share/detectabasura/cmake/detectabasuraConfig-version.cmake\n'}
[1.854741] (detectabasura) StdoutLine: {'line': b'-- Up-to-date: /home/jetson/guali_ws/install/detectabasura/share/detectabasura/package.xml\n'}
[1.855143] (detectabasura) CommandEnded: {'returncode': 0}
[1.918442] (-) TimerEvent: {}
[2.018849] (-) TimerEvent: {}
[2.119236] (-) TimerEvent: {}
[2.224984] (-) TimerEvent: {}
[2.284273] (detectabasura) JobEnded: {'identifier': 'detectabasura', 'rc': 0}
[2.286637] (-) EventReactorShutdown: {}
