[1.054s] DEBUG:colcon:Command line arguments: ['/usr/bin/colcon', 'build']
[1.055s] DEBUG:colcon:Parsed command line arguments: Namespace(allow_overriding=[], ament_cmake_args=None, base_paths=['.'], build_base='build', catkin_cmake_args=None, catkin_skip_building_tests=False, cmake_args=None, cmake_clean_cache=False, cmake_clean_first=False, cmake_force_configure=False, cmake_target=None, cmake_target_skip_unavailable=False, continue_on_error=False, event_handlers=None, executor='parallel', ignore_user_meta=False, install_base='install', log_base=None, log_level=None, main=<bound method BuildVerb.main of <colcon_core.verb.build.BuildVerb object at 0x7f8fe38400>>, merge_install=False, metas=['./colcon.meta'], packages_above=None, packages_above_and_dependencies=None, packages_above_depth=None, packages_end=None, packages_ignore=None, packages_ignore_regex=None, packages_select=None, packages_select_build_failed=False, packages_select_by_dep=None, packages_select_regex=None, packages_select_test_failures=False, packages_skip=None, packages_skip_build_finished=False, packages_skip_by_dep=None, packages_skip_regex=None, packages_skip_test_passed=False, packages_skip_up_to=None, packages_start=None, packages_up_to=None, packages_up_to_regex=None, parallel_workers=4, paths=None, symlink_install=False, test_result_base=None, verb_extension=<colcon_core.verb.build.BuildVerb object at 0x7f8fe38400>, verb_name='build', verb_parser=<colcon_defaults.argument_parser.defaults.DefaultArgumentsDecorator object at 0x7f8fda8f40>)
[2.089s] Level 1:colcon.colcon_core.package_discovery:discover_packages(colcon_meta) check parameters
[2.089s] Level 1:colcon.colcon_core.package_discovery:discover_packages(recursive) check parameters
[2.090s] Level 1:colcon.colcon_core.package_discovery:discover_packages(ignore) check parameters
[2.090s] Level 1:colcon.colcon_core.package_discovery:discover_packages(path) check parameters
[2.090s] Level 1:colcon.colcon_core.package_discovery:discover_packages(colcon_meta) discover
[2.090s] Level 1:colcon.colcon_core.package_discovery:discover_packages(recursive) discover
[2.091s] INFO:colcon.colcon_core.package_discovery:Crawling recursively for packages in '/home/jetson/guali_ws/detectabasura'
[2.091s] Level 1:colcon.colcon_core.package_identification:_identify(.) by extensions ['ignore', 'ignore_ament_install']
[2.091s] Level 1:colcon.colcon_core.package_identification:_identify(.) by extension 'ignore'
[2.092s] Level 1:colcon.colcon_core.package_identification:_identify(.) by extension 'ignore_ament_install'
[2.092s] Level 1:colcon.colcon_core.package_identification:_identify(.) by extensions ['colcon_pkg']
[2.093s] Level 1:colcon.colcon_core.package_identification:_identify(.) by extension 'colcon_pkg'
[2.093s] Level 1:colcon.colcon_core.package_identification:_identify(.) by extensions ['colcon_meta']
[2.093s] Level 1:colcon.colcon_core.package_identification:_identify(.) by extension 'colcon_meta'
[2.093s] Level 1:colcon.colcon_core.package_identification:_identify(.) by extensions ['ros']
[2.093s] Level 1:colcon.colcon_core.package_identification:_identify(.) by extension 'ros'
[2.193s] DEBUG:colcon.colcon_core.package_identification:Package '.' with type 'ros.ament_cmake' and name 'detectabasura'
[2.193s] Level 1:colcon.colcon_core.package_discovery:discover_packages(recursive) using defaults
[2.194s] Level 1:colcon.colcon_core.package_discovery:discover_packages(ignore) discover
[2.194s] Level 1:colcon.colcon_core.package_discovery:discover_packages(ignore) using defaults
[2.194s] Level 1:colcon.colcon_core.package_discovery:discover_packages(path) discover
[2.194s] Level 1:colcon.colcon_core.package_discovery:discover_packages(path) using defaults
[2.275s] Level 1:colcon.colcon_core.package_discovery:discover_packages(prefix_path) check parameters
[2.276s] Level 1:colcon.colcon_core.package_discovery:discover_packages(prefix_path) discover
[2.284s] DEBUG:colcon.colcon_installed_package_information.package_discovery:Found 1 installed packages in /home/jetson/guali_ws/install
[2.291s] DEBUG:colcon.colcon_installed_package_information.package_discovery:Found 256 installed packages in /opt/ros/foxy
[2.299s] Level 1:colcon.colcon_core.package_discovery:discover_packages(prefix_path) using defaults
[2.626s] Level 5:colcon.colcon_core.verb:set package 'detectabasura' build argument 'cmake_args' from command line to 'None'
[2.626s] Level 5:colcon.colcon_core.verb:set package 'detectabasura' build argument 'cmake_target' from command line to 'None'
[2.626s] Level 5:colcon.colcon_core.verb:set package 'detectabasura' build argument 'cmake_target_skip_unavailable' from command line to 'False'
[2.626s] Level 5:colcon.colcon_core.verb:set package 'detectabasura' build argument 'cmake_clean_cache' from command line to 'False'
[2.626s] Level 5:colcon.colcon_core.verb:set package 'detectabasura' build argument 'cmake_clean_first' from command line to 'False'
[2.627s] Level 5:colcon.colcon_core.verb:set package 'detectabasura' build argument 'cmake_force_configure' from command line to 'False'
[2.627s] Level 5:colcon.colcon_core.verb:set package 'detectabasura' build argument 'ament_cmake_args' from command line to 'None'
[2.627s] Level 5:colcon.colcon_core.verb:set package 'detectabasura' build argument 'catkin_cmake_args' from command line to 'None'
[2.627s] Level 5:colcon.colcon_core.verb:set package 'detectabasura' build argument 'catkin_skip_building_tests' from command line to 'False'
[2.627s] DEBUG:colcon.colcon_core.verb:Building package 'detectabasura' with the following arguments: {'ament_cmake_args': None, 'build_base': '/home/jetson/guali_ws/detectabasura/build/detectabasura', 'catkin_cmake_args': None, 'catkin_skip_building_tests': False, 'cmake_args': None, 'cmake_clean_cache': False, 'cmake_clean_first': False, 'cmake_force_configure': False, 'cmake_target': None, 'cmake_target_skip_unavailable': False, 'install_base': '/home/jetson/guali_ws/detectabasura/install/detectabasura', 'merge_install': False, 'path': '/home/jetson/guali_ws/detectabasura', 'symlink_install': False, 'test_result_base': None}
[2.628s] INFO:colcon.colcon_core.executor:Executing jobs using 'parallel' executor
[2.632s] DEBUG:colcon.colcon_parallel_executor.executor.parallel:run_until_complete
[2.633s] INFO:colcon.colcon_ros.task.ament_cmake.build:Building ROS package in '/home/jetson/guali_ws/detectabasura' with build type 'ament_cmake'
[2.634s] INFO:colcon.colcon_cmake.task.cmake.build:Building CMake package in '/home/jetson/guali_ws/detectabasura'
[2.643s] INFO:colcon.colcon_core.plugin_system:Skipping extension 'colcon_core.shell.bat': Not used on non-Windows systems
[2.645s] INFO:colcon.colcon_core.shell:Skip shell extension 'powershell' for command environment: Not usable outside of PowerShell
[2.645s] DEBUG:colcon.colcon_core.shell:Skip shell extension 'dsv' for command environment
[2.693s] DEBUG:colcon.colcon_core.event_handler.log_command:Invoking command in '/home/jetson/guali_ws/detectabasura/build/detectabasura': CMAKE_PREFIX_PATH=${CMAKE_PREFIX_PATH}:/opt/ros/foxy /usr/bin/cmake --build /home/jetson/guali_ws/detectabasura/build/detectabasura -- -j4 -l4
[11.710s] DEBUG:colcon.colcon_core.event_handler.log_command:Invoked command in '/home/jetson/guali_ws/detectabasura/build/detectabasura' returned '0': CMAKE_PREFIX_PATH=${CMAKE_PREFIX_PATH}:/opt/ros/foxy /usr/bin/cmake --build /home/jetson/guali_ws/detectabasura/build/detectabasura -- -j4 -l4
[11.841s] DEBUG:colcon.colcon_core.event_handler.log_command:Invoking command in '/home/jetson/guali_ws/detectabasura/build/detectabasura': CMAKE_PREFIX_PATH=${CMAKE_PREFIX_PATH}:/opt/ros/foxy /usr/bin/cmake --install /home/jetson/guali_ws/detectabasura/build/detectabasura
[11.884s] Level 1:colcon.colcon_core.environment:create_environment_scripts_only(detectabasura)
[11.919s] Level 1:colcon.colcon_core.environment:checking '/home/jetson/guali_ws/detectabasura/install/detectabasura' for CMake module files
[11.922s] Level 1:colcon.colcon_core.environment:checking '/home/jetson/guali_ws/detectabasura/install/detectabasura' for CMake config files
[11.923s] Level 1:colcon.colcon_core.shell:create_environment_hook('detectabasura', 'cmake_prefix_path')
[11.925s] INFO:colcon.colcon_core.shell:Creating environment hook '/home/jetson/guali_ws/detectabasura/install/detectabasura/share/detectabasura/hook/cmake_prefix_path.ps1'
[11.926s] DEBUG:colcon.colcon_core.event_handler.log_command:Invoked command in '/home/jetson/guali_ws/detectabasura/build/detectabasura' returned '0': CMAKE_PREFIX_PATH=${CMAKE_PREFIX_PATH}:/opt/ros/foxy /usr/bin/cmake --install /home/jetson/guali_ws/detectabasura/build/detectabasura
[11.940s] INFO:colcon.colcon_core.shell:Creating environment descriptor '/home/jetson/guali_ws/detectabasura/install/detectabasura/share/detectabasura/hook/cmake_prefix_path.dsv'
[11.942s] INFO:colcon.colcon_core.shell:Creating environment hook '/home/jetson/guali_ws/detectabasura/install/detectabasura/share/detectabasura/hook/cmake_prefix_path.sh'
[11.947s] Level 1:colcon.colcon_core.environment:checking '/home/jetson/guali_ws/detectabasura/install/detectabasura/lib'
[11.948s] Level 1:colcon.colcon_core.environment:checking '/home/jetson/guali_ws/detectabasura/install/detectabasura/bin'
[11.949s] Level 1:colcon.colcon_core.environment:checking '/home/jetson/guali_ws/detectabasura/install/detectabasura/lib/pkgconfig/detectabasura.pc'
[11.951s] Level 1:colcon.colcon_core.environment:checking '/home/jetson/guali_ws/detectabasura/install/detectabasura/lib/python3.8/site-packages'
[11.952s] Level 1:colcon.colcon_core.environment:checking '/home/jetson/guali_ws/detectabasura/install/detectabasura/bin'
[11.954s] INFO:colcon.colcon_core.shell:Creating package script '/home/jetson/guali_ws/detectabasura/install/detectabasura/share/detectabasura/package.ps1'
[11.959s] INFO:colcon.colcon_core.shell:Creating package descriptor '/home/jetson/guali_ws/detectabasura/install/detectabasura/share/detectabasura/package.dsv'
[11.962s] INFO:colcon.colcon_core.shell:Creating package script '/home/jetson/guali_ws/detectabasura/install/detectabasura/share/detectabasura/package.sh'
[11.967s] INFO:colcon.colcon_core.shell:Creating package script '/home/jetson/guali_ws/detectabasura/install/detectabasura/share/detectabasura/package.bash'
[11.971s] INFO:colcon.colcon_core.shell:Creating package script '/home/jetson/guali_ws/detectabasura/install/detectabasura/share/detectabasura/package.zsh'
[11.976s] Level 1:colcon.colcon_core.environment:create_file_with_runtime_dependencies(/home/jetson/guali_ws/detectabasura/install/detectabasura/share/colcon-core/packages/detectabasura)
[12.066s] Level 1:colcon.colcon_core.environment:create_environment_scripts_only(detectabasura)
[12.068s] Level 1:colcon.colcon_core.environment:checking '/home/jetson/guali_ws/detectabasura/install/detectabasura' for CMake module files
[12.071s] Level 1:colcon.colcon_core.environment:checking '/home/jetson/guali_ws/detectabasura/install/detectabasura' for CMake config files
[12.072s] Level 1:colcon.colcon_core.shell:create_environment_hook('detectabasura', 'cmake_prefix_path')
[12.074s] INFO:colcon.colcon_core.shell:Creating environment hook '/home/jetson/guali_ws/detectabasura/install/detectabasura/share/detectabasura/hook/cmake_prefix_path.ps1'
[12.077s] INFO:colcon.colcon_core.shell:Creating environment descriptor '/home/jetson/guali_ws/detectabasura/install/detectabasura/share/detectabasura/hook/cmake_prefix_path.dsv'
[12.078s] INFO:colcon.colcon_core.shell:Creating environment hook '/home/jetson/guali_ws/detectabasura/install/detectabasura/share/detectabasura/hook/cmake_prefix_path.sh'
[12.081s] Level 1:colcon.colcon_core.environment:checking '/home/jetson/guali_ws/detectabasura/install/detectabasura/lib'
[12.081s] Level 1:colcon.colcon_core.environment:checking '/home/jetson/guali_ws/detectabasura/install/detectabasura/bin'
[12.082s] Level 1:colcon.colcon_core.environment:checking '/home/jetson/guali_ws/detectabasura/install/detectabasura/lib/pkgconfig/detectabasura.pc'
[12.083s] Level 1:colcon.colcon_core.environment:checking '/home/jetson/guali_ws/detectabasura/install/detectabasura/lib/python3.8/site-packages'
[12.084s] Level 1:colcon.colcon_core.environment:checking '/home/jetson/guali_ws/detectabasura/install/detectabasura/bin'
[12.086s] INFO:colcon.colcon_core.shell:Creating package script '/home/jetson/guali_ws/detectabasura/install/detectabasura/share/detectabasura/package.ps1'
[12.089s] INFO:colcon.colcon_core.shell:Creating package descriptor '/home/jetson/guali_ws/detectabasura/install/detectabasura/share/detectabasura/package.dsv'
[12.091s] INFO:colcon.colcon_core.shell:Creating package script '/home/jetson/guali_ws/detectabasura/install/detectabasura/share/detectabasura/package.sh'
[12.094s] INFO:colcon.colcon_core.shell:Creating package script '/home/jetson/guali_ws/detectabasura/install/detectabasura/share/detectabasura/package.bash'
[12.095s] INFO:colcon.colcon_core.shell:Creating package script '/home/jetson/guali_ws/detectabasura/install/detectabasura/share/detectabasura/package.zsh'
[12.098s] Level 1:colcon.colcon_core.environment:create_file_with_runtime_dependencies(/home/jetson/guali_ws/detectabasura/install/detectabasura/share/colcon-core/packages/detectabasura)
[12.102s] DEBUG:colcon.colcon_parallel_executor.executor.parallel:closing loop
[12.103s] DEBUG:colcon.colcon_parallel_executor.executor.parallel:loop closed
[12.103s] DEBUG:colcon.colcon_parallel_executor.executor.parallel:run_until_complete finished with '0'
[12.103s] DEBUG:colcon.colcon_core.event_reactor:joining thread
[12.130s] INFO:colcon.colcon_core.plugin_system:Skipping extension 'colcon_notification.desktop_notification.terminal_notifier': Not used on non-Darwin systems
[12.131s] INFO:colcon.colcon_core.plugin_system:Skipping extension 'colcon_notification.desktop_notification.win32': Not used on non-Windows systems
[12.131s] INFO:colcon.colcon_notification.desktop_notification:Sending desktop notification using 'notify2'
[12.175s] DEBUG:colcon.colcon_core.event_reactor:joined thread
[12.177s] INFO:colcon.colcon_core.shell:Creating prefix script '/home/jetson/guali_ws/detectabasura/install/local_setup.ps1'
[12.182s] INFO:colcon.colcon_core.shell:Creating prefix util module '/home/jetson/guali_ws/detectabasura/install/_local_setup_util_ps1.py'
[12.189s] INFO:colcon.colcon_core.shell:Creating prefix chain script '/home/jetson/guali_ws/detectabasura/install/setup.ps1'
[12.194s] INFO:colcon.colcon_core.shell:Creating prefix script '/home/jetson/guali_ws/detectabasura/install/local_setup.sh'
[12.197s] INFO:colcon.colcon_core.shell:Creating prefix util module '/home/jetson/guali_ws/detectabasura/install/_local_setup_util_sh.py'
[12.199s] INFO:colcon.colcon_core.shell:Creating prefix chain script '/home/jetson/guali_ws/detectabasura/install/setup.sh'
[12.204s] INFO:colcon.colcon_core.shell:Creating prefix script '/home/jetson/guali_ws/detectabasura/install/local_setup.bash'
[12.207s] INFO:colcon.colcon_core.shell:Creating prefix chain script '/home/jetson/guali_ws/detectabasura/install/setup.bash'
[12.211s] INFO:colcon.colcon_core.shell:Creating prefix script '/home/jetson/guali_ws/detectabasura/install/local_setup.zsh'
[12.214s] INFO:colcon.colcon_core.shell:Creating prefix chain script '/home/jetson/guali_ws/detectabasura/install/setup.zsh'
