[0.000000] (-) TimerEvent: {}
[0.000225] (detectabasura) JobQueued: {'identifier': 'detectabasura', 'dependencies': OrderedDict()}
[0.003441] (detectabasura) JobStarted: {'identifier': 'detectabasura'}
[0.059302] (detectabasura) JobProgress: {'identifier': 'detectabasura', 'progress': 'cmake'}
[0.062356] (detectabasura) JobProgress: {'identifier': 'detectabasura', 'progress': 'build'}
[0.065719] (detectabasura) Command: {'cmd': ['/usr/bin/cmake', '--build', '/home/jetson/guali_ws/build/detectabasura', '--', '-j4', '-l4'], 'cwd': '/home/jetson/guali_ws/build/detectabasura', 'env': OrderedDict([('USER', 'jetson'), ('SSH_CLIENT', '192.168.1.168 52680 22'), ('LC_TIME', 'nl_NL.UTF-8'), ('XDG_SESSION_TYPE', 'tty'), ('SHLVL', '1'), ('LD_LIBRARY_PATH', '/home/jetson/guali_ws/install/detectabasura/lib:/opt/ros/foxy/opt/yaml_cpp_vendor/lib:/opt/ros/foxy/opt/rviz_ogre_vendor/lib:/opt/ros/foxy/lib/aarch64-linux-gnu:/opt/ros/foxy/lib'), ('MOTD_SHOWN', 'pam'), ('HOME', '/home/jetson'), ('OLDPWD', '/home/jetson'), ('ROS_PYTHON_VERSION', '3'), ('LC_MONETARY', 'nl_NL.UTF-8'), ('DBUS_SESSION_BUS_ADDRESS', 'unix:path=/run/user/1000/bus'), ('COLCON_PREFIX_PATH', '/home/jetson/guali_ws/install'), ('ROS_DISTRO', 'foxy'), ('LOGNAME', 'jetson'), ('_', '/usr/bin/colcon'), ('ROS_VERSION', '2'), ('XDG_SESSION_CLASS', 'user'), ('TERM', 'xterm'), ('XDG_SESSION_ID', '104'), ('ROS_LOCALHOST_ONLY', '0'), ('PATH', '/opt/ros/foxy/bin:/usr/local/sbin:/usr/local/bin:/usr/sbin:/usr/bin:/sbin:/bin:/usr/games:/usr/local/games:/snap/bin'), ('LC_ADDRESS', 'nl_NL.UTF-8'), ('XDG_RUNTIME_DIR', '/run/user/1000'), ('LANG', 'en_US.UTF-8'), ('LC_TELEPHONE', 'nl_NL.UTF-8'), ('AMENT_PREFIX_PATH', '/home/jetson/guali_ws/install/detectabasura:/opt/ros/foxy'), ('SHELL', '/bin/bash'), ('LC_NAME', 'nl_NL.UTF-8'), ('LC_MEASUREMENT', 'nl_NL.UTF-8'), ('LC_IDENTIFICATION', 'nl_NL.UTF-8'), ('PWD', '/home/jetson/guali_ws/build/detectabasura'), ('LC_ALL', 'en_US.UTF-8'), ('SSH_CONNECTION', '192.168.1.168 52680 192.168.1.208 22'), ('PYTHONPATH', '/home/jetson/guali_ws/install/detectabasura/lib/python3.8/site-packages:/opt/ros/foxy/lib/python3.8/site-packages'), ('LC_NUMERIC', 'nl_NL.UTF-8'), ('LC_PAPER', 'nl_NL.UTF-8'), ('COLCON', '1'), ('CMAKE_PREFIX_PATH', '/home/jetson/guali_ws/install/detectabasura:/opt/ros/foxy')]), 'shell': False}
[0.099212] (-) TimerEvent: {}
[0.199637] (-) TimerEvent: {}
[0.300033] (-) TimerEvent: {}
[0.319733] (detectabasura) StdoutLine: {'line': b'[ 10%] Built target detectabasura__rosidl_generator_c\n'}
[0.323547] (detectabasura) StdoutLine: {'line': b'[ 10%] Built target detectabasura__cpp\n'}
[0.400213] (-) TimerEvent: {}
[0.452936] (detectabasura) StdoutLine: {'line': b'[ 16%] Built target serialMCU\n'}
[0.500426] (-) TimerEvent: {}
[0.522771] (detectabasura) StdoutLine: {'line': b'[ 21%] Built target video_publisher_cli\n'}
[0.551972] (detectabasura) StdoutLine: {'line': b'[ 29%] Built target detectabasura__rosidl_typesupport_cpp\n'}
[0.604234] (-) TimerEvent: {}
[0.705523] (-) TimerEvent: {}
[0.747379] (detectabasura) StdoutLine: {'line': b'[ 51%] Built target detectabasura__rosidl_typesupport_fastrtps_cpp\n'}
[0.759553] (detectabasura) StdoutLine: {'line': b'[ 51%] Built target video_publisher_usb\n'}
[0.805718] (-) TimerEvent: {}
[0.830793] (detectabasura) StdoutLine: {'line': b'[ 59%] Built target detectabasura__rosidl_typesupport_introspection_cpp\n'}
[0.837674] (detectabasura) StdoutLine: {'line': b'[ 59%] Built target detectabasura__rosidl_typesupport_introspection_c\n'}
[0.877393] (detectabasura) StdoutLine: {'line': b'[ 67%] Built target detectabasura__rosidl_typesupport_c\n'}
[0.905883] (-) TimerEvent: {}
[0.947266] (detectabasura) StdoutLine: {'line': b'[ 75%] Built target detectabasura__rosidl_typesupport_fastrtps_c\n'}
[1.006055] (-) TimerEvent: {}
[1.020708] (detectabasura) StdoutLine: {'line': b'[ 75%] Built target detectabasura\n'}
[1.098975] (detectabasura) StdoutLine: {'line': b'[ 78%] Built target detectabasura__py\n'}
[1.106226] (-) TimerEvent: {}
[1.206635] (-) TimerEvent: {}
[1.218182] (detectabasura) StdoutLine: {'line': b'[ 83%] Built target detectabasura__python\n'}
[1.306820] (-) TimerEvent: {}
[1.383050] (detectabasura) StdoutLine: {'line': b'[ 94%] Built target detectabasura__rosidl_typesupport_c__pyext\n'}
[1.407009] (-) TimerEvent: {}
[1.411305] (detectabasura) StdoutLine: {'line': b'[100%] Built target detectabasura__rosidl_typesupport_introspection_c__pyext\n'}
[1.418299] (detectabasura) StdoutLine: {'line': b'[100%] Built target detectabasura__rosidl_typesupport_fastrtps_c__pyext\n'}
[1.455908] (detectabasura) CommandEnded: {'returncode': 0}
[1.507227] (-) TimerEvent: {}
[1.607647] (-) TimerEvent: {}
[1.624048] (detectabasura) JobProgress: {'identifier': 'detectabasura', 'progress': 'install'}
[1.661425] (detectabasura) Command: {'cmd': ['/usr/bin/cmake', '--install', '/home/jetson/guali_ws/build/detectabasura'], 'cwd': '/home/jetson/guali_ws/build/detectabasura', 'env': OrderedDict([('USER', 'jetson'), ('SSH_CLIENT', '192.168.1.168 52680 22'), ('LC_TIME', 'nl_NL.UTF-8'), ('XDG_SESSION_TYPE', 'tty'), ('SHLVL', '1'), ('LD_LIBRARY_PATH', '/home/jetson/guali_ws/install/detectabasura/lib:/opt/ros/foxy/opt/yaml_cpp_vendor/lib:/opt/ros/foxy/opt/rviz_ogre_vendor/lib:/opt/ros/foxy/lib/aarch64-linux-gnu:/opt/ros/foxy/lib'), ('MOTD_SHOWN', 'pam'), ('HOME', '/home/jetson'), ('OLDPWD', '/home/jetson'), ('ROS_PYTHON_VERSION', '3'), ('LC_MONETARY', 'nl_NL.UTF-8'), ('DBUS_SESSION_BUS_ADDRESS', 'unix:path=/run/user/1000/bus'), ('COLCON_PREFIX_PATH', '/home/jetson/guali_ws/install'), ('ROS_DISTRO', 'foxy'), ('LOGNAME', 'jetson'), ('_', '/usr/bin/colcon'), ('ROS_VERSION', '2'), ('XDG_SESSION_CLASS', 'user'), ('TERM', 'xterm'), ('XDG_SESSION_ID', '104'), ('ROS_LOCALHOST_ONLY', '0'), ('PATH', '/opt/ros/foxy/bin:/usr/local/sbin:/usr/local/bin:/usr/sbin:/usr/bin:/sbin:/bin:/usr/games:/usr/local/games:/snap/bin'), ('LC_ADDRESS', 'nl_NL.UTF-8'), ('XDG_RUNTIME_DIR', '/run/user/1000'), ('LANG', 'en_US.UTF-8'), ('LC_TELEPHONE', 'nl_NL.UTF-8'), ('AMENT_PREFIX_PATH', '/home/jetson/guali_ws/install/detectabasura:/opt/ros/foxy'), ('SHELL', '/bin/bash'), ('LC_NAME', 'nl_NL.UTF-8'), ('LC_MEASUREMENT', 'nl_NL.UTF-8'), ('LC_IDENTIFICATION', 'nl_NL.UTF-8'), ('PWD', '/home/jetson/guali_ws/build/detectabasura'), ('LC_ALL', 'en_US.UTF-8'), ('SSH_CONNECTION', '192.168.1.168 52680 192.168.1.208 22'), ('PYTHONPATH', '/home/jetson/guali_ws/install/detectabasura/lib/python3.8/site-packages:/opt/ros/foxy/lib/python3.8/site-packages'), ('LC_NUMERIC', 'nl_NL.UTF-8'), ('LC_PAPER', 'nl_NL.UTF-8'), ('COLCON', '1'), ('CMAKE_PREFIX_PATH', '/home/jetson/guali_ws/install/detectabasura:/opt/ros/foxy')]), 'shell': False}
[1.699408] (detectabasura) StdoutLine: {'line': b'-- Install configuration: "Release"\n'}
[1.700131] (detectabasura) StdoutLine: {'line': b'-- Up-to-date: /home/jetson/guali_ws/install/detectabasura/share/ament_index/resource_index/rosidl_interfaces/detectabasura\n'}
[1.700633] (detectabasura) StdoutLine: {'line': b'-- Up-to-date: /home/jetson/guali_ws/install/detectabasura/include/detectabasura\n'}
[1.700998] (detectabasura) StdoutLine: {'line': b'-- Up-to-date: /home/jetson/guali_ws/install/detectabasura/include/detectabasura/msg\n'}
[1.701337] (detectabasura) StdoutLine: {'line': b'-- Up-to-date: /home/jetson/guali_ws/install/detectabasura/include/detectabasura/msg/detail\n'}
[1.701665] (detectabasura) StdoutLine: {'line': b'-- Up-to-date: /home/jetson/guali_ws/install/detectabasura/include/detectabasura/msg/detail/six_dof_arm_control__functions.c\n'}
[1.701994] (detectabasura) StdoutLine: {'line': b'-- Up-to-date: /home/jetson/guali_ws/install/detectabasura/include/detectabasura/msg/detail/six_dof_arm_control__struct.h\n'}
[1.702320] (detectabasura) StdoutLine: {'line': b'-- Up-to-date: /home/jetson/guali_ws/install/detectabasura/include/detectabasura/msg/detail/six_dof_arm_control__type_support.h\n'}
[1.702647] (detectabasura) StdoutLine: {'line': b'-- Up-to-date: /home/jetson/guali_ws/install/detectabasura/include/detectabasura/msg/detail/six_dof_arm_control__functions.h\n'}
[1.703100] (detectabasura) StdoutLine: {'line': b'-- Up-to-date: /home/jetson/guali_ws/install/detectabasura/include/detectabasura/msg/rosidl_generator_c__visibility_control.h\n'}
[1.703490] (detectabasura) StdoutLine: {'line': b'-- Up-to-date: /home/jetson/guali_ws/install/detectabasura/include/detectabasura/msg/six_dof_arm_control.h\n'}
[1.704910] (detectabasura) StdoutLine: {'line': b'-- Up-to-date: /home/jetson/guali_ws/install/detectabasura/share/detectabasura/environment/library_path.sh\n'}
[1.705355] (detectabasura) StdoutLine: {'line': b'-- Up-to-date: /home/jetson/guali_ws/install/detectabasura/share/detectabasura/environment/library_path.dsv\n'}
[1.705698] (detectabasura) StdoutLine: {'line': b'-- Up-to-date: /home/jetson/guali_ws/install/detectabasura/lib/libdetectabasura__rosidl_generator_c.so\n'}
[1.706026] (detectabasura) StdoutLine: {'line': b'-- Up-to-date: /home/jetson/guali_ws/install/detectabasura/include/detectabasura\n'}
[1.706344] (detectabasura) StdoutLine: {'line': b'-- Up-to-date: /home/jetson/guali_ws/install/detectabasura/include/detectabasura/msg\n'}
[1.706662] (detectabasura) StdoutLine: {'line': b'-- Up-to-date: /home/jetson/guali_ws/install/detectabasura/include/detectabasura/msg/detail\n'}
[1.706978] (detectabasura) StdoutLine: {'line': b'-- Up-to-date: /home/jetson/guali_ws/install/detectabasura/include/detectabasura/msg/detail/six_dof_arm_control__rosidl_typesupport_fastrtps_c.h\n'}
[1.707294] (detectabasura) StdoutLine: {'line': b'-- Up-to-date: /home/jetson/guali_ws/install/detectabasura/include/detectabasura/msg/rosidl_typesupport_fastrtps_c__visibility_control.h\n'}
[1.707608] (detectabasura) StdoutLine: {'line': b'-- Up-to-date: /home/jetson/guali_ws/install/detectabasura/lib/libdetectabasura__rosidl_typesupport_fastrtps_c.so\n'}
[1.707912] (-) TimerEvent: {}
[1.707996] (detectabasura) StdoutLine: {'line': b'-- Up-to-date: /home/jetson/guali_ws/install/detectabasura/include/detectabasura\n'}
[1.708406] (detectabasura) StdoutLine: {'line': b'-- Up-to-date: /home/jetson/guali_ws/install/detectabasura/include/detectabasura/msg\n'}
[1.710808] (detectabasura) StdoutLine: {'line': b'-- Up-to-date: /home/jetson/guali_ws/install/detectabasura/include/detectabasura/msg/detail\n'}
[1.711972] (detectabasura) StdoutLine: {'line': b'-- Up-to-date: /home/jetson/guali_ws/install/detectabasura/include/detectabasura/msg/detail/six_dof_arm_control__rosidl_typesupport_fastrtps_cpp.hpp\n'}
[1.712706] (detectabasura) StdoutLine: {'line': b'-- Up-to-date: /home/jetson/guali_ws/install/detectabasura/include/detectabasura/msg/detail/dds_fastrtps\n'}
[1.713068] (detectabasura) StdoutLine: {'line': b'-- Up-to-date: /home/jetson/guali_ws/install/detectabasura/include/detectabasura/msg/rosidl_typesupport_fastrtps_cpp__visibility_control.h\n'}
[1.713412] (detectabasura) StdoutLine: {'line': b'-- Up-to-date: /home/jetson/guali_ws/install/detectabasura/lib/libdetectabasura__rosidl_typesupport_fastrtps_cpp.so\n'}
[1.714077] (detectabasura) StdoutLine: {'line': b'-- Up-to-date: /home/jetson/guali_ws/install/detectabasura/include/detectabasura\n'}
[1.715183] (detectabasura) StdoutLine: {'line': b'-- Up-to-date: /home/jetson/guali_ws/install/detectabasura/include/detectabasura/msg\n'}
[1.715602] (detectabasura) StdoutLine: {'line': b'-- Up-to-date: /home/jetson/guali_ws/install/detectabasura/include/detectabasura/msg/detail\n'}
[1.716026] (detectabasura) StdoutLine: {'line': b'-- Up-to-date: /home/jetson/guali_ws/install/detectabasura/include/detectabasura/msg/detail/six_dof_arm_control__type_support.c\n'}
[1.716581] (detectabasura) StdoutLine: {'line': b'-- Up-to-date: /home/jetson/guali_ws/install/detectabasura/include/detectabasura/msg/detail/six_dof_arm_control__rosidl_typesupport_introspection_c.h\n'}
[1.717054] (detectabasura) StdoutLine: {'line': b'-- Up-to-date: /home/jetson/guali_ws/install/detectabasura/include/detectabasura/msg/rosidl_typesupport_introspection_c__visibility_control.h\n'}
[1.717484] (detectabasura) StdoutLine: {'line': b'-- Up-to-date: /home/jetson/guali_ws/install/detectabasura/lib/libdetectabasura__rosidl_typesupport_introspection_c.so\n'}
[1.717905] (detectabasura) StdoutLine: {'line': b'-- Up-to-date: /home/jetson/guali_ws/install/detectabasura/lib/libdetectabasura__rosidl_typesupport_c.so\n'}
[1.718320] (detectabasura) StdoutLine: {'line': b'-- Up-to-date: /home/jetson/guali_ws/install/detectabasura/include/detectabasura\n'}
[1.718688] (detectabasura) StdoutLine: {'line': b'-- Up-to-date: /home/jetson/guali_ws/install/detectabasura/include/detectabasura/msg\n'}
[1.719056] (detectabasura) StdoutLine: {'line': b'-- Up-to-date: /home/jetson/guali_ws/install/detectabasura/include/detectabasura/msg/detail\n'}
[1.719440] (detectabasura) StdoutLine: {'line': b'-- Up-to-date: /home/jetson/guali_ws/install/detectabasura/include/detectabasura/msg/detail/six_dof_arm_control__struct.hpp\n'}
[1.719834] (detectabasura) StdoutLine: {'line': b'-- Up-to-date: /home/jetson/guali_ws/install/detectabasura/include/detectabasura/msg/detail/six_dof_arm_control__type_support.hpp\n'}
[1.720209] (detectabasura) StdoutLine: {'line': b'-- Up-to-date: /home/jetson/guali_ws/install/detectabasura/include/detectabasura/msg/detail/six_dof_arm_control__traits.hpp\n'}
[1.720714] (detectabasura) StdoutLine: {'line': b'-- Up-to-date: /home/jetson/guali_ws/install/detectabasura/include/detectabasura/msg/detail/six_dof_arm_control__builder.hpp\n'}
[1.721093] (detectabasura) StdoutLine: {'line': b'-- Up-to-date: /home/jetson/guali_ws/install/detectabasura/include/detectabasura/msg/six_dof_arm_control.hpp\n'}
[1.721469] (detectabasura) StdoutLine: {'line': b'-- Up-to-date: /home/jetson/guali_ws/install/detectabasura/include/detectabasura/msg/rosidl_generator_cpp__visibility_control.hpp\n'}
[1.721841] (detectabasura) StdoutLine: {'line': b'-- Up-to-date: /home/jetson/guali_ws/install/detectabasura/include/detectabasura\n'}
[1.722214] (detectabasura) StdoutLine: {'line': b'-- Up-to-date: /home/jetson/guali_ws/install/detectabasura/include/detectabasura/msg\n'}
[1.722603] (detectabasura) StdoutLine: {'line': b'-- Up-to-date: /home/jetson/guali_ws/install/detectabasura/include/detectabasura/msg/detail\n'}
[1.723012] (detectabasura) StdoutLine: {'line': b'-- Up-to-date: /home/jetson/guali_ws/install/detectabasura/include/detectabasura/msg/detail/six_dof_arm_control__rosidl_typesupport_introspection_cpp.hpp\n'}
[1.723414] (detectabasura) StdoutLine: {'line': b'-- Up-to-date: /home/jetson/guali_ws/install/detectabasura/include/detectabasura/msg/detail/six_dof_arm_control__type_support.cpp\n'}
[1.723807] (detectabasura) StdoutLine: {'line': b'-- Up-to-date: /home/jetson/guali_ws/install/detectabasura/lib/libdetectabasura__rosidl_typesupport_introspection_cpp.so\n'}
[1.724179] (detectabasura) StdoutLine: {'line': b'-- Up-to-date: /home/jetson/guali_ws/install/detectabasura/lib/libdetectabasura__rosidl_typesupport_cpp.so\n'}
[1.724625] (detectabasura) StdoutLine: {'line': b'-- Up-to-date: /home/jetson/guali_ws/install/detectabasura/share/detectabasura/environment/pythonpath.sh\n'}
[1.725014] (detectabasura) StdoutLine: {'line': b'-- Up-to-date: /home/jetson/guali_ws/install/detectabasura/share/detectabasura/environment/pythonpath.dsv\n'}
[1.725384] (detectabasura) StdoutLine: {'line': b'-- Up-to-date: /home/jetson/guali_ws/install/detectabasura/lib/python3.8/site-packages/detectabasura/__init__.py\n'}
[1.808098] (-) TimerEvent: {}
[1.859328] (detectabasura) StdoutLine: {'line': b'-- Up-to-date: /home/jetson/guali_ws/install/detectabasura/lib/python3.8/site-packages/detectabasura/msg\n'}
[1.859900] (detectabasura) StdoutLine: {'line': b'-- Up-to-date: /home/jetson/guali_ws/install/detectabasura/lib/python3.8/site-packages/detectabasura/msg/_six_dof_arm_control_s.c\n'}
[1.860443] (detectabasura) StdoutLine: {'line': b'-- Up-to-date: /home/jetson/guali_ws/install/detectabasura/lib/python3.8/site-packages/detectabasura/msg/_six_dof_arm_control.py\n'}
[1.860876] (detectabasura) StdoutLine: {'line': b'-- Up-to-date: /home/jetson/guali_ws/install/detectabasura/lib/python3.8/site-packages/detectabasura/msg/__init__.py\n'}
[1.861594] (detectabasura) StdoutLine: {'line': b'-- Up-to-date: /home/jetson/guali_ws/install/detectabasura/lib/python3.8/site-packages/detectabasura/detectabasura_s__rosidl_typesupport_fastrtps_c.cpython-38-aarch64-linux-gnu.so\n'}
[1.864761] (detectabasura) StdoutLine: {'line': b'-- Up-to-date: /home/jetson/guali_ws/install/detectabasura/lib/python3.8/site-packages/detectabasura/detectabasura_s__rosidl_typesupport_introspection_c.cpython-38-aarch64-linux-gnu.so\n'}
[1.871842] (detectabasura) StdoutLine: {'line': b'-- Up-to-date: /home/jetson/guali_ws/install/detectabasura/lib/python3.8/site-packages/detectabasura/detectabasura_s__rosidl_typesupport_c.cpython-38-aarch64-linux-gnu.so\n'}
[1.875776] (detectabasura) StdoutLine: {'line': b'-- Up-to-date: /home/jetson/guali_ws/install/detectabasura/lib/libdetectabasura__python.so\n'}
[1.876365] (detectabasura) StdoutLine: {'line': b'-- Up-to-date: /home/jetson/guali_ws/install/detectabasura/share/detectabasura/msg/SixDOFArmControl.idl\n'}
[1.876771] (detectabasura) StdoutLine: {'line': b'-- Up-to-date: /home/jetson/guali_ws/install/detectabasura/share/detectabasura/msg/SixDOFArmControl.msg\n'}
[1.877122] (detectabasura) StdoutLine: {'line': b'-- Up-to-date: /home/jetson/guali_ws/install/detectabasura/lib/detectabasura/video_publisher_cli\n'}
[1.877854] (detectabasura) StdoutLine: {'line': b'-- Up-to-date: /home/jetson/guali_ws/install/detectabasura/lib/detectabasura/video_publisher_usb\n'}
[1.879108] (detectabasura) StdoutLine: {'line': b'-- Up-to-date: /home/jetson/guali_ws/install/detectabasura/lib/detectabasura/serialMCU\n'}
[1.879984] (detectabasura) StdoutLine: {'line': b'-- Up-to-date: /home/jetson/guali_ws/install/detectabasura/share/ament_index/resource_index/package_run_dependencies/detectabasura\n'}
[1.881178] (detectabasura) StdoutLine: {'line': b'-- Up-to-date: /home/jetson/guali_ws/install/detectabasura/share/ament_index/resource_index/parent_prefix_path/detectabasura\n'}
[1.890794] (detectabasura) StdoutLine: {'line': b'-- Up-to-date: /home/jetson/guali_ws/install/detectabasura/share/detectabasura/environment/ament_prefix_path.sh\n'}
[1.891300] (detectabasura) StdoutLine: {'line': b'-- Up-to-date: /home/jetson/guali_ws/install/detectabasura/share/detectabasura/environment/ament_prefix_path.dsv\n'}
[1.891695] (detectabasura) StdoutLine: {'line': b'-- Up-to-date: /home/jetson/guali_ws/install/detectabasura/share/detectabasura/environment/path.sh\n'}
[1.892058] (detectabasura) StdoutLine: {'line': b'-- Up-to-date: /home/jetson/guali_ws/install/detectabasura/share/detectabasura/environment/path.dsv\n'}
[1.892468] (detectabasura) StdoutLine: {'line': b'-- Up-to-date: /home/jetson/guali_ws/install/detectabasura/share/detectabasura/local_setup.bash\n'}
[1.892832] (detectabasura) StdoutLine: {'line': b'-- Up-to-date: /home/jetson/guali_ws/install/detectabasura/share/detectabasura/local_setup.sh\n'}
[1.893175] (detectabasura) StdoutLine: {'line': b'-- Up-to-date: /home/jetson/guali_ws/install/detectabasura/share/detectabasura/local_setup.zsh\n'}
[1.893521] (detectabasura) StdoutLine: {'line': b'-- Up-to-date: /home/jetson/guali_ws/install/detectabasura/share/detectabasura/local_setup.dsv\n'}
[1.893859] (detectabasura) StdoutLine: {'line': b'-- Up-to-date: /home/jetson/guali_ws/install/detectabasura/share/detectabasura/package.dsv\n'}
[1.894191] (detectabasura) StdoutLine: {'line': b'-- Up-to-date: /home/jetson/guali_ws/install/detectabasura/share/ament_index/resource_index/packages/detectabasura\n'}
[1.894542] (detectabasura) StdoutLine: {'line': b'-- Up-to-date: /home/jetson/guali_ws/install/detectabasura/share/detectabasura/cmake/detectabasura__rosidl_generator_cExport.cmake\n'}
[1.894910] (detectabasura) StdoutLine: {'line': b'-- Up-to-date: /home/jetson/guali_ws/install/detectabasura/share/detectabasura/cmake/detectabasura__rosidl_generator_cExport-release.cmake\n'}
[1.896631] (detectabasura) StdoutLine: {'line': b'-- Up-to-date: /home/jetson/guali_ws/install/detectabasura/share/detectabasura/cmake/detectabasura__rosidl_typesupport_introspection_cExport.cmake\n'}
[1.897101] (detectabasura) StdoutLine: {'line': b'-- Up-to-date: /home/jetson/guali_ws/install/detectabasura/share/detectabasura/cmake/detectabasura__rosidl_typesupport_introspection_cExport-release.cmake\n'}
[1.897707] (detectabasura) StdoutLine: {'line': b'-- Up-to-date: /home/jetson/guali_ws/install/detectabasura/share/detectabasura/cmake/detectabasura__rosidl_typesupport_cExport.cmake\n'}
[1.905761] (detectabasura) StdoutLine: {'line': b'-- Up-to-date: /home/jetson/guali_ws/install/detectabasura/share/detectabasura/cmake/detectabasura__rosidl_typesupport_cExport-release.cmake\n'}
[1.906250] (detectabasura) StdoutLine: {'line': b'-- Up-to-date: /home/jetson/guali_ws/install/detectabasura/share/detectabasura/cmake/detectabasura__rosidl_generator_cppExport.cmake\n'}
[1.906675] (detectabasura) StdoutLine: {'line': b'-- Up-to-date: /home/jetson/guali_ws/install/detectabasura/share/detectabasura/cmake/detectabasura__rosidl_typesupport_introspection_cppExport.cmake\n'}
[1.907079] (detectabasura) StdoutLine: {'line': b'-- Up-to-date: /home/jetson/guali_ws/install/detectabasura/share/detectabasura/cmake/detectabasura__rosidl_typesupport_introspection_cppExport-release.cmake\n'}
[1.907487] (detectabasura) StdoutLine: {'line': b'-- Up-to-date: /home/jetson/guali_ws/install/detectabasura/share/detectabasura/cmake/detectabasura__rosidl_typesupport_cppExport.cmake\n'}
[1.907873] (detectabasura) StdoutLine: {'line': b'-- Up-to-date: /home/jetson/guali_ws/install/detectabasura/share/detectabasura/cmake/detectabasura__rosidl_typesupport_cppExport-release.cmake\n'}
[1.908205] (-) TimerEvent: {}
[1.908343] (detectabasura) StdoutLine: {'line': b'-- Up-to-date: /home/jetson/guali_ws/install/detectabasura/share/detectabasura/cmake/rosidl_cmake-extras.cmake\n'}
[1.908764] (detectabasura) StdoutLine: {'line': b'-- Up-to-date: /home/jetson/guali_ws/install/detectabasura/share/detectabasura/cmake/ament_cmake_export_dependencies-extras.cmake\n'}
[1.909139] (detectabasura) StdoutLine: {'line': b'-- Up-to-date: /home/jetson/guali_ws/install/detectabasura/share/detectabasura/cmake/ament_cmake_export_libraries-extras.cmake\n'}
[1.909493] (detectabasura) StdoutLine: {'line': b'-- Up-to-date: /home/jetson/guali_ws/install/detectabasura/share/detectabasura/cmake/ament_cmake_export_targets-extras.cmake\n'}
[1.909872] (detectabasura) StdoutLine: {'line': b'-- Up-to-date: /home/jetson/guali_ws/install/detectabasura/share/detectabasura/cmake/ament_cmake_export_include_directories-extras.cmake\n'}
[1.910252] (detectabasura) StdoutLine: {'line': b'-- Up-to-date: /home/jetson/guali_ws/install/detectabasura/share/detectabasura/cmake/rosidl_cmake_export_typesupport_libraries-extras.cmake\n'}
[1.910628] (detectabasura) StdoutLine: {'line': b'-- Up-to-date: /home/jetson/guali_ws/install/detectabasura/share/detectabasura/cmake/rosidl_cmake_export_typesupport_targets-extras.cmake\n'}
[1.910980] (detectabasura) StdoutLine: {'line': b'-- Up-to-date: /home/jetson/guali_ws/install/detectabasura/share/detectabasura/cmake/detectabasuraConfig.cmake\n'}
[1.911336] (detectabasura) StdoutLine: {'line': b'-- Up-to-date: /home/jetson/guali_ws/install/detectabasura/share/detectabasura/cmake/detectabasuraConfig-version.cmake\n'}
[1.911767] (detectabasura) StdoutLine: {'line': b'-- Up-to-date: /home/jetson/guali_ws/install/detectabasura/share/detectabasura/package.xml\n'}
[1.912164] (detectabasura) CommandEnded: {'returncode': 0}
[2.013507] (-) TimerEvent: {}
[2.113962] (-) TimerEvent: {}
[2.214410] (-) TimerEvent: {}
[2.316959] (-) TimerEvent: {}
[2.395183] (detectabasura) JobEnded: {'identifier': 'detectabasura', 'rc': 0}
[2.407063] (-) EventReactorShutdown: {}
