[  2%] Built target detectabasura__cpp
[ 10%] Built target detectabasura__rosidl_generator_c
[ 16%] Built target serialMCU
[35m[1mScanning dependencies of target video_publisher_usb[0m
[ 21%] Built target video_publisher_cli
[ 29%] Built target detectabasura__rosidl_typesupport_cpp
[ 37%] Built target detectabasura__rosidl_typesupport_fastrtps_cpp
[ 40%] [32mBuilding CXX object CMakeFiles/video_publisher_usb.dir/src/video_publisher_usb.cpp.o[0m
[ 48%] Built target detectabasura__rosidl_typesupport_introspection_c
[ 56%] Built target detectabasura__rosidl_typesupport_introspection_cpp
[ 64%] Built target detectabasura__rosidl_typesupport_c
[ 72%] Built target detectabasura__rosidl_typesupport_fastrtps_c
[ 72%] Built target detectabasura
[ 75%] Built target detectabasura__py
[ 81%] Built target detectabasura__python
[ 86%] Built target detectabasura__rosidl_typesupport_c__pyext
[ 91%] Built target detectabasura__rosidl_typesupport_introspection_c__pyext
[ 97%] Built target detectabasura__rosidl_typesupport_fastrtps_c__pyext
[01m[K/home/jetson/guali_ws/detectabasura/src/video_publisher_usb.cpp:[m[K In function ‘[01m[Kint main(int, char**)[m[K’:
[01m[K/home/jetson/guali_ws/detectabasura/src/video_publisher_usb.cpp:28:5:[m[K [01;31m[Kerror: [m[K‘[01m[Kcamera0_capture[m[K’ was not declared in this scope
     [01;31m[Kcamera0_capture[m[K = cv::VideoCapture(2);
     [01;31m[K^~~~~~~~~~~~~~~[m[K
[01m[K/home/jetson/guali_ws/detectabasura/src/video_publisher_usb.cpp:29:5:[m[K [01;31m[Kerror: [m[K‘[01m[Kcamera1_capture[m[K’ was not declared in this scope
     [01;31m[Kcamera1_capture[m[K = cv::VideoCapture(3);
     [01;31m[K^~~~~~~~~~~~~~~[m[K
make[2]: *** [CMakeFiles/video_publisher_usb.dir/build.make:63: CMakeFiles/video_publisher_usb.dir/src/video_publisher_usb.cpp.o] Error 1
make[1]: *** [CMakeFiles/Makefile2:583: CMakeFiles/video_publisher_usb.dir/all] Error 2
make: *** [Makefile:141: all] Error 2
