[0.068s] Invoking command in '/home/jetson/guali_ws/detectabasura/build/detectabasura': CMAKE_PREFIX_PATH=${CMAKE_PREFIX_PATH}:/opt/ros/foxy /usr/bin/cmake --build /home/jetson/guali_ws/detectabasura/build/detectabasura -- -j4 -l4
[0.388s] [35m[1mScanning dependencies of target video_publisher[0m
[0.653s] [ 50%] [32mBuilding CXX object CMakeFiles/video_publisher.dir/src/video_publisher.cpp.o[0m
[19.290s] [100%] [32m[1mLinking CXX executable video_publisher[0m
[24.537s] /usr/bin/ld: warning: libopencv_core.so.4.2, needed by /opt/ros/foxy/lib/libcv_bridge.so, may conflict with libopencv_core.so.406
[24.649s] [100%] Built target video_publisher
[24.722s] Invoked command in '/home/jetson/guali_ws/detectabasura/build/detectabasura' returned '0': CMAKE_PREFIX_PATH=${CMAKE_PREFIX_PATH}:/opt/ros/foxy /usr/bin/cmake --build /home/jetson/guali_ws/detectabasura/build/detectabasura -- -j4 -l4
[24.940s] Invoking command in '/home/jetson/guali_ws/detectabasura/build/detectabasura': CMAKE_PREFIX_PATH=${CMAKE_PREFIX_PATH}:/opt/ros/foxy /usr/bin/cmake --install /home/jetson/guali_ws/detectabasura/build/detectabasura
[25.001s] -- Install configuration: ""
[25.003s] -- Installing: /home/jetson/guali_ws/detectabasura/install/detectabasura/lib/detectabasura/video_publisher
[25.010s] -- Set runtime path of "/home/jetson/guali_ws/detectabasura/install/detectabasura/lib/detectabasura/video_publisher" to ""
[25.011s] -- Up-to-date: /home/jetson/guali_ws/detectabasura/install/detectabasura/share/ament_index/resource_index/package_run_dependencies/detectabasura
[25.012s] -- Installing: /home/jetson/guali_ws/detectabasura/install/detectabasura/share/ament_index/resource_index/parent_prefix_path/detectabasura
[25.012s] -- Up-to-date: /home/jetson/guali_ws/detectabasura/install/detectabasura/share/detectabasura/environment/ament_prefix_path.sh
[25.013s] -- Installing: /home/jetson/guali_ws/detectabasura/install/detectabasura/share/detectabasura/environment/ament_prefix_path.dsv
[25.018s] -- Up-to-date: /home/jetson/guali_ws/detectabasura/install/detectabasura/share/detectabasura/environment/path.sh
[25.020s] -- Installing: /home/jetson/guali_ws/detectabasura/install/detectabasura/share/detectabasura/environment/path.dsv
[25.024s] -- Up-to-date: /home/jetson/guali_ws/detectabasura/install/detectabasura/share/detectabasura/local_setup.bash
[25.025s] -- Up-to-date: /home/jetson/guali_ws/detectabasura/install/detectabasura/share/detectabasura/local_setup.sh
[25.026s] -- Up-to-date: /home/jetson/guali_ws/detectabasura/install/detectabasura/share/detectabasura/local_setup.zsh
[25.027s] -- Installing: /home/jetson/guali_ws/detectabasura/install/detectabasura/share/detectabasura/local_setup.dsv
[25.031s] -- Installing: /home/jetson/guali_ws/detectabasura/install/detectabasura/share/detectabasura/package.dsv
[25.033s] -- Up-to-date: /home/jetson/guali_ws/detectabasura/install/detectabasura/share/ament_index/resource_index/packages/detectabasura
[25.035s] -- Up-to-date: /home/jetson/guali_ws/detectabasura/install/detectabasura/share/detectabasura/cmake/detectabasuraConfig.cmake
[25.036s] -- Up-to-date: /home/jetson/guali_ws/detectabasura/install/detectabasura/share/detectabasura/cmake/detectabasuraConfig-version.cmake
[25.037s] -- Up-to-date: /home/jetson/guali_ws/detectabasura/install/detectabasura/share/detectabasura/package.xml
[25.056s] Invoked command in '/home/jetson/guali_ws/detectabasura/build/detectabasura' returned '0': CMAKE_PREFIX_PATH=${CMAKE_PREFIX_PATH}:/opt/ros/foxy /usr/bin/cmake --install /home/jetson/guali_ws/detectabasura/build/detectabasura
