[ 50%] [32mBuilding CXX object CMakeFiles/video_publisher.dir/src/video_publisher.cpp.o[0m
[01m[K/home/jetson/guali_ws/detectabasura/src/video_publisher.cpp:[m[K In function ‘[01m[Kint main(int, char**)[m[K’:
[01m[K/home/jetson/guali_ws/detectabasura/src/video_publisher.cpp:28:9:[m[K [01;31m[Kerror: [m[K‘[01m[KVideoCapture[m[K’ is not a member of ‘[01m[Kcv[m[K’
     cv::[01;31m[KVideoCapture[m[K camera0_capture(pipeline0, cv::CAP_GSTREAMER);
         [01;31m[K^~~~~~~~~~~~[m[K
[01m[K/home/jetson/guali_ws/detectabasura/src/video_publisher.cpp:29:10:[m[K [01;31m[Kerror: [m[K‘[01m[Kcamera0_capture[m[K’ was not declared in this scope
     if (![01;31m[Kcamera0_capture[m[K.isOpened()) {
          [01;31m[K^~~~~~~~~~~~~~~[m[K
[01m[K/home/jetson/guali_ws/detectabasura/src/video_publisher.cpp:38:9:[m[K [01;31m[Kerror: [m[K‘[01m[KVideoCapture[m[K’ is not a member of ‘[01m[Kcv[m[K’
     cv::[01;31m[KVideoCapture[m[K camera1_capture(pipeline1, cv::CAP_GSTREAMER);
         [01;31m[K^~~~~~~~~~~~[m[K
[01m[K/home/jetson/guali_ws/detectabasura/src/video_publisher.cpp:39:10:[m[K [01;31m[Kerror: [m[K‘[01m[Kcamera1_capture[m[K’ was not declared in this scope
     if (![01;31m[Kcamera1_capture[m[K.isOpened()) {
          [01;31m[K^~~~~~~~~~~~~~~[m[K
[01m[K/home/jetson/guali_ws/detectabasura/src/video_publisher.cpp:58:9:[m[K [01;31m[Kerror: [m[K‘[01m[Kcamera0_capture[m[K’ was not declared in this scope
         [01;31m[Kcamera0_capture[m[K.read(camera0_frame);
         [01;31m[K^~~~~~~~~~~~~~~[m[K
[01m[K/home/jetson/guali_ws/detectabasura/src/video_publisher.cpp:58:9:[m[K [01;36m[Knote: [m[Ksuggested alternative: ‘[01m[Kcamera0_frame[m[K’
         [01;36m[Kcamera0_capture[m[K.read(camera0_frame);
         [01;36m[K^~~~~~~~~~~~~~~[m[K
         [32m[Kcamera0_frame[m[K
[01m[K/home/jetson/guali_ws/detectabasura/src/video_publisher.cpp:59:9:[m[K [01;31m[Kerror: [m[K‘[01m[Kcamera1_capture[m[K’ was not declared in this scope
         [01;31m[Kcamera1_capture[m[K.read(camera1_frame);
         [01;31m[K^~~~~~~~~~~~~~~[m[K
[01m[K/home/jetson/guali_ws/detectabasura/src/video_publisher.cpp:59:9:[m[K [01;36m[Knote: [m[Ksuggested alternative: ‘[01m[Kcamera1_frame[m[K’
         [01;36m[Kcamera1_capture[m[K.read(camera1_frame);
         [01;36m[K^~~~~~~~~~~~~~~[m[K
         [32m[Kcamera1_frame[m[K
make[2]: *** [CMakeFiles/video_publisher.dir/build.make:63: CMakeFiles/video_publisher.dir/src/video_publisher.cpp.o] Error 1
make[1]: *** [CMakeFiles/Makefile2:78: CMakeFiles/video_publisher.dir/all] Error 2
make: *** [Makefile:141: all] Error 2
