[0.051s] Invoking command in '/home/jetson/guali_ws/build/detectabasura': CMAKE_PREFIX_PATH=${CMAKE_PREFIX_PATH}:/opt/ros/foxy /usr/local/bin/cmake --build /home/jetson/guali_ws/build/detectabasura -- -j4 -l4
[0.270s] [  3%] Built target detectabasura__cpp
[0.277s] [ 12%] Built target detectabasura__rosidl_generator_c
[0.314s] [ 15%] [32mBuilding CXX object CMakeFiles/video_publisher.dir/src/video_publisher.cpp.o[0m
[0.379s] [ 24%] Built target detectabasura__rosidl_typesupport_introspection_cpp
[0.400s] [ 33%] Built target detectabasura__rosidl_typesupport_cpp
[0.455s] [ 42%] Built target detectabasura__rosidl_typesupport_fastrtps_cpp
[0.470s] [ 51%] Built target detectabasura__rosidl_typesupport_c
[0.514s] [ 60%] Built target detectabasura__rosidl_typesupport_introspection_c
[0.587s] [ 69%] Built target detectabasura__rosidl_typesupport_fastrtps_c
[0.661s] [ 69%] Built target detectabasura
[0.737s] [ 72%] Built target detectabasura__py
[0.849s] [ 78%] Built target detectabasura__python
[0.980s] [ 84%] Built target detectabasura__rosidl_typesupport_introspection_c__pyext
[0.984s] [ 90%] Built target detectabasura__rosidl_typesupport_c__pyext
[1.008s] [ 96%] Built target detectabasura__rosidl_typesupport_fastrtps_c__pyext
[22.572s] [100%] [32m[1mLinking CXX executable detectabasura/video_publisher[0m
[25.785s] /usr/bin/ld: warning: libopencv_core.so.4.2, needed by /opt/ros/foxy/lib/libcv_bridge.so, may conflict with libopencv_core.so.406
[25.820s] [100%] Built target video_publisher
[25.859s] Invoked command in '/home/jetson/guali_ws/build/detectabasura' returned '0': CMAKE_PREFIX_PATH=${CMAKE_PREFIX_PATH}:/opt/ros/foxy /usr/local/bin/cmake --build /home/jetson/guali_ws/build/detectabasura -- -j4 -l4
[26.040s] Invoking command in '/home/jetson/guali_ws/build/detectabasura': CMAKE_PREFIX_PATH=${CMAKE_PREFIX_PATH}:/opt/ros/foxy /usr/local/bin/cmake --install /home/jetson/guali_ws/build/detectabasura
[26.054s] -- Install configuration: "Release"
[26.054s] -- Up-to-date: /home/jetson/guali_ws/install/detectabasura/share/ament_index/resource_index/rosidl_interfaces/detectabasura
[26.055s] -- Up-to-date: /home/jetson/guali_ws/install/detectabasura/include/detectabasura
[26.058s] -- Up-to-date: /home/jetson/guali_ws/install/detectabasura/include/detectabasura/msg
[26.059s] -- Up-to-date: /home/jetson/guali_ws/install/detectabasura/include/detectabasura/msg/detail
[26.059s] -- Up-to-date: /home/jetson/guali_ws/install/detectabasura/include/detectabasura/msg/detail/six_dof_arm_control__functions.c
[26.060s] -- Up-to-date: /home/jetson/guali_ws/install/detectabasura/include/detectabasura/msg/detail/six_dof_arm_control__struct.h
[26.060s] -- Up-to-date: /home/jetson/guali_ws/install/detectabasura/include/detectabasura/msg/detail/six_dof_arm_control__type_support.h
[26.061s] -- Up-to-date: /home/jetson/guali_ws/install/detectabasura/include/detectabasura/msg/detail/six_dof_arm_control__functions.h
[26.061s] -- Up-to-date: /home/jetson/guali_ws/install/detectabasura/include/detectabasura/msg/rosidl_generator_c__visibility_control.h
[26.062s] -- Up-to-date: /home/jetson/guali_ws/install/detectabasura/include/detectabasura/msg/six_dof_arm_control.h
[26.062s] -- Up-to-date: /home/jetson/guali_ws/install/detectabasura/share/detectabasura/environment/library_path.sh
[26.063s] -- Up-to-date: /home/jetson/guali_ws/install/detectabasura/share/detectabasura/environment/library_path.dsv
[26.064s] -- Up-to-date: /home/jetson/guali_ws/install/detectabasura/lib/libdetectabasura__rosidl_generator_c.so
[26.064s] -- Up-to-date: /home/jetson/guali_ws/install/detectabasura/include/detectabasura
[26.065s] -- Up-to-date: /home/jetson/guali_ws/install/detectabasura/include/detectabasura/msg
[26.065s] -- Up-to-date: /home/jetson/guali_ws/install/detectabasura/include/detectabasura/msg/detail
[26.066s] -- Up-to-date: /home/jetson/guali_ws/install/detectabasura/include/detectabasura/msg/detail/six_dof_arm_control__rosidl_typesupport_fastrtps_c.h
[26.067s] -- Up-to-date: /home/jetson/guali_ws/install/detectabasura/include/detectabasura/msg/rosidl_typesupport_fastrtps_c__visibility_control.h
[26.068s] -- Up-to-date: /home/jetson/guali_ws/install/detectabasura/lib/libdetectabasura__rosidl_typesupport_fastrtps_c.so
[26.068s] -- Up-to-date: /home/jetson/guali_ws/install/detectabasura/include/detectabasura
[26.069s] -- Up-to-date: /home/jetson/guali_ws/install/detectabasura/include/detectabasura/msg
[26.069s] -- Up-to-date: /home/jetson/guali_ws/install/detectabasura/include/detectabasura/msg/detail
[26.069s] -- Up-to-date: /home/jetson/guali_ws/install/detectabasura/include/detectabasura/msg/detail/six_dof_arm_control__rosidl_typesupport_fastrtps_cpp.hpp
[26.070s] -- Up-to-date: /home/jetson/guali_ws/install/detectabasura/include/detectabasura/msg/detail/dds_fastrtps
[26.070s] -- Up-to-date: /home/jetson/guali_ws/install/detectabasura/include/detectabasura/msg/rosidl_typesupport_fastrtps_cpp__visibility_control.h
[26.071s] -- Up-to-date: /home/jetson/guali_ws/install/detectabasura/lib/libdetectabasura__rosidl_typesupport_fastrtps_cpp.so
[26.071s] -- Up-to-date: /home/jetson/guali_ws/install/detectabasura/include/detectabasura
[26.072s] -- Up-to-date: /home/jetson/guali_ws/install/detectabasura/include/detectabasura/msg
[26.072s] -- Up-to-date: /home/jetson/guali_ws/install/detectabasura/include/detectabasura/msg/detail
[26.073s] -- Up-to-date: /home/jetson/guali_ws/install/detectabasura/include/detectabasura/msg/detail/six_dof_arm_control__type_support.c
[26.073s] -- Up-to-date: /home/jetson/guali_ws/install/detectabasura/include/detectabasura/msg/detail/six_dof_arm_control__rosidl_typesupport_introspection_c.h
[26.073s] -- Up-to-date: /home/jetson/guali_ws/install/detectabasura/include/detectabasura/msg/rosidl_typesupport_introspection_c__visibility_control.h
[26.074s] -- Up-to-date: /home/jetson/guali_ws/install/detectabasura/lib/libdetectabasura__rosidl_typesupport_introspection_c.so
[26.074s] -- Up-to-date: /home/jetson/guali_ws/install/detectabasura/lib/libdetectabasura__rosidl_typesupport_c.so
[26.075s] -- Up-to-date: /home/jetson/guali_ws/install/detectabasura/include/detectabasura
[26.075s] -- Up-to-date: /home/jetson/guali_ws/install/detectabasura/include/detectabasura/msg
[26.075s] -- Up-to-date: /home/jetson/guali_ws/install/detectabasura/include/detectabasura/msg/detail
[26.076s] -- Up-to-date: /home/jetson/guali_ws/install/detectabasura/include/detectabasura/msg/detail/six_dof_arm_control__struct.hpp
[26.076s] -- Up-to-date: /home/jetson/guali_ws/install/detectabasura/include/detectabasura/msg/detail/six_dof_arm_control__type_support.hpp
[26.077s] -- Up-to-date: /home/jetson/guali_ws/install/detectabasura/include/detectabasura/msg/detail/six_dof_arm_control__traits.hpp
[26.077s] -- Up-to-date: /home/jetson/guali_ws/install/detectabasura/include/detectabasura/msg/detail/six_dof_arm_control__builder.hpp
[26.077s] -- Up-to-date: /home/jetson/guali_ws/install/detectabasura/include/detectabasura/msg/six_dof_arm_control.hpp
[26.078s] -- Up-to-date: /home/jetson/guali_ws/install/detectabasura/include/detectabasura/msg/rosidl_generator_cpp__visibility_control.hpp
[26.078s] -- Up-to-date: /home/jetson/guali_ws/install/detectabasura/include/detectabasura
[26.078s] -- Up-to-date: /home/jetson/guali_ws/install/detectabasura/include/detectabasura/msg
[26.079s] -- Up-to-date: /home/jetson/guali_ws/install/detectabasura/include/detectabasura/msg/detail
[26.079s] -- Up-to-date: /home/jetson/guali_ws/install/detectabasura/include/detectabasura/msg/detail/six_dof_arm_control__rosidl_typesupport_introspection_cpp.hpp
[26.079s] -- Up-to-date: /home/jetson/guali_ws/install/detectabasura/include/detectabasura/msg/detail/six_dof_arm_control__type_support.cpp
[26.080s] -- Up-to-date: /home/jetson/guali_ws/install/detectabasura/lib/libdetectabasura__rosidl_typesupport_introspection_cpp.so
[26.080s] -- Up-to-date: /home/jetson/guali_ws/install/detectabasura/lib/libdetectabasura__rosidl_typesupport_cpp.so
[26.080s] -- Up-to-date: /home/jetson/guali_ws/install/detectabasura/share/detectabasura/environment/pythonpath.sh
[26.081s] -- Up-to-date: /home/jetson/guali_ws/install/detectabasura/share/detectabasura/environment/pythonpath.dsv
[26.081s] -- Up-to-date: /home/jetson/guali_ws/install/detectabasura/lib/python3.8/site-packages/detectabasura/__init__.py
[26.217s] -- Up-to-date: /home/jetson/guali_ws/install/detectabasura/lib/python3.8/site-packages/detectabasura/msg
[26.218s] -- Up-to-date: /home/jetson/guali_ws/install/detectabasura/lib/python3.8/site-packages/detectabasura/msg/_six_dof_arm_control_s.c
[26.219s] -- Up-to-date: /home/jetson/guali_ws/install/detectabasura/lib/python3.8/site-packages/detectabasura/msg/_six_dof_arm_control.py
[26.219s] -- Up-to-date: /home/jetson/guali_ws/install/detectabasura/lib/python3.8/site-packages/detectabasura/msg/__init__.py
[26.223s] -- Up-to-date: /home/jetson/guali_ws/install/detectabasura/lib/python3.8/site-packages/detectabasura/detectabasura_s__rosidl_typesupport_fastrtps_c.cpython-38-aarch64-linux-gnu.so
[26.228s] -- Up-to-date: /home/jetson/guali_ws/install/detectabasura/lib/python3.8/site-packages/detectabasura/detectabasura_s__rosidl_typesupport_introspection_c.cpython-38-aarch64-linux-gnu.so
[26.231s] -- Up-to-date: /home/jetson/guali_ws/install/detectabasura/lib/python3.8/site-packages/detectabasura/detectabasura_s__rosidl_typesupport_c.cpython-38-aarch64-linux-gnu.so
[26.231s] -- Up-to-date: /home/jetson/guali_ws/install/detectabasura/lib/libdetectabasura__python.so
[26.232s] -- Up-to-date: /home/jetson/guali_ws/install/detectabasura/share/detectabasura/msg/SixDOFArmControl.idl
[26.233s] -- Up-to-date: /home/jetson/guali_ws/install/detectabasura/share/detectabasura/msg/SixDOFArmControl.msg
[26.233s] -- Installing: /home/jetson/guali_ws/install/detectabasura/lib/detectabasura/video_publisher
[26.236s] -- Set runtime path of "/home/jetson/guali_ws/install/detectabasura/lib/detectabasura/video_publisher" to ""
[26.237s] -- Up-to-date: /home/jetson/guali_ws/install/detectabasura/share/ament_index/resource_index/package_run_dependencies/detectabasura
[26.237s] -- Up-to-date: /home/jetson/guali_ws/install/detectabasura/share/ament_index/resource_index/parent_prefix_path/detectabasura
[26.238s] -- Up-to-date: /home/jetson/guali_ws/install/detectabasura/share/detectabasura/environment/ament_prefix_path.sh
[26.238s] -- Up-to-date: /home/jetson/guali_ws/install/detectabasura/share/detectabasura/environment/ament_prefix_path.dsv
[26.239s] -- Up-to-date: /home/jetson/guali_ws/install/detectabasura/share/detectabasura/environment/path.sh
[26.239s] -- Up-to-date: /home/jetson/guali_ws/install/detectabasura/share/detectabasura/environment/path.dsv
[26.240s] -- Up-to-date: /home/jetson/guali_ws/install/detectabasura/share/detectabasura/local_setup.bash
[26.241s] -- Up-to-date: /home/jetson/guali_ws/install/detectabasura/share/detectabasura/local_setup.sh
[26.241s] -- Up-to-date: /home/jetson/guali_ws/install/detectabasura/share/detectabasura/local_setup.zsh
[26.242s] -- Up-to-date: /home/jetson/guali_ws/install/detectabasura/share/detectabasura/local_setup.dsv
[26.242s] -- Installing: /home/jetson/guali_ws/install/detectabasura/share/detectabasura/package.dsv
[26.243s] -- Up-to-date: /home/jetson/guali_ws/install/detectabasura/share/ament_index/resource_index/packages/detectabasura
[26.243s] -- Up-to-date: /home/jetson/guali_ws/install/detectabasura/share/detectabasura/cmake/detectabasura__rosidl_generator_cExport.cmake
[26.244s] -- Up-to-date: /home/jetson/guali_ws/install/detectabasura/share/detectabasura/cmake/detectabasura__rosidl_generator_cExport-release.cmake
[26.244s] -- Up-to-date: /home/jetson/guali_ws/install/detectabasura/share/detectabasura/cmake/detectabasura__rosidl_typesupport_introspection_cExport.cmake
[26.245s] -- Up-to-date: /home/jetson/guali_ws/install/detectabasura/share/detectabasura/cmake/detectabasura__rosidl_typesupport_introspection_cExport-release.cmake
[26.245s] -- Up-to-date: /home/jetson/guali_ws/install/detectabasura/share/detectabasura/cmake/detectabasura__rosidl_typesupport_cExport.cmake
[26.246s] -- Up-to-date: /home/jetson/guali_ws/install/detectabasura/share/detectabasura/cmake/detectabasura__rosidl_typesupport_cExport-release.cmake
[26.246s] -- Up-to-date: /home/jetson/guali_ws/install/detectabasura/share/detectabasura/cmake/detectabasura__rosidl_generator_cppExport.cmake
[26.247s] -- Up-to-date: /home/jetson/guali_ws/install/detectabasura/share/detectabasura/cmake/detectabasura__rosidl_typesupport_introspection_cppExport.cmake
[26.247s] -- Up-to-date: /home/jetson/guali_ws/install/detectabasura/share/detectabasura/cmake/detectabasura__rosidl_typesupport_introspection_cppExport-release.cmake
[26.248s] -- Up-to-date: /home/jetson/guali_ws/install/detectabasura/share/detectabasura/cmake/detectabasura__rosidl_typesupport_cppExport.cmake
[26.249s] -- Up-to-date: /home/jetson/guali_ws/install/detectabasura/share/detectabasura/cmake/detectabasura__rosidl_typesupport_cppExport-release.cmake
[26.249s] -- Up-to-date: /home/jetson/guali_ws/install/detectabasura/share/detectabasura/cmake/rosidl_cmake-extras.cmake
[26.250s] -- Up-to-date: /home/jetson/guali_ws/install/detectabasura/share/detectabasura/cmake/ament_cmake_export_dependencies-extras.cmake
[26.250s] -- Up-to-date: /home/jetson/guali_ws/install/detectabasura/share/detectabasura/cmake/ament_cmake_export_libraries-extras.cmake
[26.251s] -- Up-to-date: /home/jetson/guali_ws/install/detectabasura/share/detectabasura/cmake/ament_cmake_export_targets-extras.cmake
[26.251s] -- Up-to-date: /home/jetson/guali_ws/install/detectabasura/share/detectabasura/cmake/ament_cmake_export_include_directories-extras.cmake
[26.251s] -- Up-to-date: /home/jetson/guali_ws/install/detectabasura/share/detectabasura/cmake/rosidl_cmake_export_typesupport_libraries-extras.cmake
[26.252s] -- Up-to-date: /home/jetson/guali_ws/install/detectabasura/share/detectabasura/cmake/rosidl_cmake_export_typesupport_targets-extras.cmake
[26.252s] -- Up-to-date: /home/jetson/guali_ws/install/detectabasura/share/detectabasura/cmake/detectabasuraConfig.cmake
[26.253s] -- Up-to-date: /home/jetson/guali_ws/install/detectabasura/share/detectabasura/cmake/detectabasuraConfig-version.cmake
[26.253s] -- Up-to-date: /home/jetson/guali_ws/install/detectabasura/share/detectabasura/package.xml
[26.257s] Invoked command in '/home/jetson/guali_ws/build/detectabasura' returned '0': CMAKE_PREFIX_PATH=${CMAKE_PREFIX_PATH}:/opt/ros/foxy /usr/local/bin/cmake --install /home/jetson/guali_ws/build/detectabasura
