[  2%] Built target detectabasura__cpp
[ 10%] Built target detectabasura__rosidl_generator_c
[ 16%] Built target serialMCU
[ 24%] Built target detectabasura__rosidl_typesupport_cpp
[35m[1mScanning dependencies of target video_publisher_usb[0m
[ 29%] Built target video_publisher_cli
[ 37%] Built target detectabasura__rosidl_typesupport_introspection_c
[ 40%] [32mBuilding CXX object CMakeFiles/video_publisher_usb.dir/src/video_publisher_usb.cpp.o[0m
[ 48%] Built target detectabasura__rosidl_typesupport_fastrtps_cpp
[ 56%] Built target detectabasura__rosidl_typesupport_introspection_cpp
[ 64%] Built target detectabasura__rosidl_typesupport_c
[ 72%] Built target detectabasura__rosidl_typesupport_fastrtps_c
[ 72%] Built target detectabasura
[ 75%] Built target detectabasura__py
[ 81%] Built target detectabasura__python
[ 86%] Built target detectabasura__rosidl_typesupport_fastrtps_c__pyext
[ 91%] Built target detectabasura__rosidl_typesupport_introspection_c__pyext
[ 97%] Built target detectabasura__rosidl_typesupport_c__pyext
[01m[K/home/jetson/guali_ws/detectabasura/src/video_publisher_usb.cpp:[m[K In function ‘[01m[Kint main(int, char**)[m[K’:
[01m[K/home/jetson/guali_ws/detectabasura/src/video_publisher_usb.cpp:83:37:[m[K [01;31m[Kerror: [m[Kredeclaration of ‘[01m[Kcv::VideoCapture camera0_capture[m[K’
     cv::VideoCapture camera0_capture[01;31m[K([m[K2);
                                     [01;31m[K^[m[K
[01m[K/home/jetson/guali_ws/detectabasura/src/video_publisher_usb.cpp:58:22:[m[K [01;36m[Knote: [m[K‘[01m[Kcv::VideoCapture camera0_capture[m[K’ previously declared here
     cv::VideoCapture [01;36m[Kcamera0_capture[m[K;
                      [01;36m[K^~~~~~~~~~~~~~~[m[K
[01m[K/home/jetson/guali_ws/detectabasura/src/video_publisher_usb.cpp:84:37:[m[K [01;31m[Kerror: [m[Kredeclaration of ‘[01m[Kcv::VideoCapture camera1_capture[m[K’
     cv::VideoCapture camera1_capture[01;31m[K([m[K3);
                                     [01;31m[K^[m[K
[01m[K/home/jetson/guali_ws/detectabasura/src/video_publisher_usb.cpp:59:22:[m[K [01;36m[Knote: [m[K‘[01m[Kcv::VideoCapture camera1_capture[m[K’ previously declared here
     cv::VideoCapture [01;36m[Kcamera1_capture[m[K;
                      [01;36m[K^~~~~~~~~~~~~~~[m[K
make[2]: *** [CMakeFiles/video_publisher_usb.dir/build.make:63: CMakeFiles/video_publisher_usb.dir/src/video_publisher_usb.cpp.o] Error 1
make[1]: *** [CMakeFiles/Makefile2:583: CMakeFiles/video_publisher_usb.dir/all] Error 2
make: *** [Makefile:141: all] Error 2
