[0.086s] Invoking command in '/home/jetson/guali_ws/detectabasura/build/detectabasura': CMAKE_PREFIX_PATH=${CMAKE_PREFIX_PATH}:/opt/ros/foxy /usr/bin/cmake --build /home/jetson/guali_ws/detectabasura/build/detectabasura -- -j4 -l4
[0.854s] [35m[1mScanning dependencies of target video_publisher[0m
[1.492s] [ 50%] [32mBuilding CXX object CMakeFiles/video_publisher.dir/src/video_publisher.cpp.o[0m
[28.418s] [100%] [32m[1mLinking CXX executable video_publisher[0m
[34.007s] /usr/bin/ld: warning: libopencv_core.so.4.2, needed by /opt/ros/foxy/lib/libcv_bridge.so, may conflict with libopencv_core.so.406
[34.053s] [100%] Built target video_publisher
[34.144s] Invoked command in '/home/jetson/guali_ws/detectabasura/build/detectabasura' returned '0': CMAKE_PREFIX_PATH=${CMAKE_PREFIX_PATH}:/opt/ros/foxy /usr/bin/cmake --build /home/jetson/guali_ws/detectabasura/build/detectabasura -- -j4 -l4
[34.331s] Invoking command in '/home/jetson/guali_ws/detectabasura/build/detectabasura': CMAKE_PREFIX_PATH=${CMAKE_PREFIX_PATH}:/opt/ros/foxy /usr/bin/cmake --install /home/jetson/guali_ws/detectabasura/build/detectabasura
[34.405s] -- Install configuration: ""
[34.414s] -- Installing: /home/jetson/guali_ws/detectabasura/install/detectabasura/lib/detectabasura/video_publisher
[34.414s] -- Set runtime path of "/home/jetson/guali_ws/detectabasura/install/detectabasura/lib/detectabasura/video_publisher" to ""
[34.414s] -- Up-to-date: /home/jetson/guali_ws/detectabasura/install/detectabasura/share/ament_index/resource_index/package_run_dependencies/detectabasura
[34.415s] -- Up-to-date: /home/jetson/guali_ws/detectabasura/install/detectabasura/share/ament_index/resource_index/parent_prefix_path/detectabasura
[34.415s] -- Up-to-date: /home/jetson/guali_ws/detectabasura/install/detectabasura/share/detectabasura/environment/ament_prefix_path.sh
[34.416s] -- Up-to-date: /home/jetson/guali_ws/detectabasura/install/detectabasura/share/detectabasura/environment/ament_prefix_path.dsv
[34.418s] -- Up-to-date: /home/jetson/guali_ws/detectabasura/install/detectabasura/share/detectabasura/environment/path.sh
[34.420s] -- Up-to-date: /home/jetson/guali_ws/detectabasura/install/detectabasura/share/detectabasura/environment/path.dsv
[34.420s] -- Up-to-date: /home/jetson/guali_ws/detectabasura/install/detectabasura/share/detectabasura/local_setup.bash
[34.426s] -- Up-to-date: /home/jetson/guali_ws/detectabasura/install/detectabasura/share/detectabasura/local_setup.sh
[34.426s] -- Up-to-date: /home/jetson/guali_ws/detectabasura/install/detectabasura/share/detectabasura/local_setup.zsh
[34.427s] -- Up-to-date: /home/jetson/guali_ws/detectabasura/install/detectabasura/share/detectabasura/local_setup.dsv
[34.427s] -- Installing: /home/jetson/guali_ws/detectabasura/install/detectabasura/share/detectabasura/package.dsv
[34.429s] -- Up-to-date: /home/jetson/guali_ws/detectabasura/install/detectabasura/share/ament_index/resource_index/packages/detectabasura
[34.433s] -- Up-to-date: /home/jetson/guali_ws/detectabasura/install/detectabasura/share/detectabasura/cmake/detectabasuraConfig.cmake
[34.434s] -- Up-to-date: /home/jetson/guali_ws/detectabasura/install/detectabasura/share/detectabasura/cmake/detectabasuraConfig-version.cmake
[34.438s] -- Up-to-date: /home/jetson/guali_ws/detectabasura/install/detectabasura/share/detectabasura/package.xml
[34.440s] Invoked command in '/home/jetson/guali_ws/detectabasura/build/detectabasura' returned '0': CMAKE_PREFIX_PATH=${CMAKE_PREFIX_PATH}:/opt/ros/foxy /usr/bin/cmake --install /home/jetson/guali_ws/detectabasura/build/detectabasura
