[0.000000] (-) TimerEvent: {}
[0.000284] (detectabasura) JobQueued: {'identifier': 'detectabasura', 'dependencies': OrderedDict()}
[0.000433] (detectabasura) JobStarted: {'identifier': 'detectabasura'}
[0.057185] (detectabasura) JobProgress: {'identifier': 'detectabasura', 'progress': 'cmake'}
[0.059112] (detectabasura) JobProgress: {'identifier': 'detectabasura', 'progress': 'build'}
[0.066395] (detectabasura) Command: {'cmd': ['/usr/bin/cmake', '--build', '/home/jetson/guali_ws/build/detectabasura', '--', '-j4', '-l4'], 'cwd': '/home/jetson/guali_ws/build/detectabasura', 'env': OrderedDict([('USER', 'jetson'), ('SSH_CLIENT', '192.168.1.168 32812 22'), ('LC_TIME', 'nl_NL.UTF-8'), ('XDG_SESSION_TYPE', 'tty'), ('SHLVL', '1'), ('LD_LIBRARY_PATH', '/home/jetson/guali_ws/install/detectabasura/lib:/opt/ros/foxy/opt/yaml_cpp_vendor/lib:/opt/ros/foxy/opt/rviz_ogre_vendor/lib:/opt/ros/foxy/lib/aarch64-linux-gnu:/opt/ros/foxy/lib'), ('MOTD_SHOWN', 'pam'), ('HOME', '/home/jetson'), ('OLDPWD', '/home/jetson'), ('ROS_PYTHON_VERSION', '3'), ('LC_MONETARY', 'nl_NL.UTF-8'), ('DBUS_SESSION_BUS_ADDRESS', 'unix:path=/run/user/1000/bus'), ('COLCON_PREFIX_PATH', '/home/jetson/guali_ws/install'), ('ROS_DISTRO', 'foxy'), ('LOGNAME', 'jetson'), ('_', '/usr/bin/colcon'), ('ROS_VERSION', '2'), ('XDG_SESSION_CLASS', 'user'), ('TERM', 'xterm'), ('XDG_SESSION_ID', '32'), ('ROS_LOCALHOST_ONLY', '0'), ('PATH', '/opt/ros/foxy/bin:/usr/local/sbin:/usr/local/bin:/usr/sbin:/usr/bin:/sbin:/bin:/usr/games:/usr/local/games:/snap/bin'), ('LC_ADDRESS', 'nl_NL.UTF-8'), ('XDG_RUNTIME_DIR', '/run/user/1000'), ('LANG', 'en_US.UTF-8'), ('LC_TELEPHONE', 'nl_NL.UTF-8'), ('AMENT_PREFIX_PATH', '/home/jetson/guali_ws/install/detectabasura:/opt/ros/foxy'), ('SHELL', '/bin/bash'), ('LC_NAME', 'nl_NL.UTF-8'), ('LC_MEASUREMENT', 'nl_NL.UTF-8'), ('LC_IDENTIFICATION', 'nl_NL.UTF-8'), ('PWD', '/home/jetson/guali_ws/build/detectabasura'), ('LC_ALL', 'en_US.UTF-8'), ('SSH_CONNECTION', '192.168.1.168 32812 192.168.1.208 22'), ('PYTHONPATH', '/home/jetson/guali_ws/install/detectabasura/lib/python3.8/site-packages:/opt/ros/foxy/lib/python3.8/site-packages'), ('LC_NUMERIC', 'nl_NL.UTF-8'), ('LC_PAPER', 'nl_NL.UTF-8'), ('COLCON', '1'), ('CMAKE_PREFIX_PATH', '/home/jetson/guali_ws/install/detectabasura:/opt/ros/foxy')]), 'shell': False}
[0.091174] (-) TimerEvent: {}
[0.191546] (-) TimerEvent: {}
[0.292077] (-) TimerEvent: {}
[0.392450] (-) TimerEvent: {}
[0.481284] (detectabasura) StdoutLine: {'line': b'[  8%] Built target serialMCU\n'}
[0.492630] (-) TimerEvent: {}
[0.496641] (detectabasura) StdoutLine: {'line': b'[ 16%] Built target detectabasura__rosidl_generator_c\n'}
[0.546218] (detectabasura) StdoutLine: {'line': b'[ 16%] Built target detectabasura__cpp\n'}
[0.592809] (-) TimerEvent: {}
[0.676703] (detectabasura) StdoutLine: {'line': b'[ 21%] Built target video_publisher_cli\n'}
[0.693346] (-) TimerEvent: {}
[0.793764] (-) TimerEvent: {}
[0.815606] (detectabasura) StdoutLine: {'line': b'[ 45%] Built target detectabasura__rosidl_typesupport_c\n'}
[0.830428] (detectabasura) StdoutLine: {'line': b'[ 54%] Built target detectabasura__rosidl_typesupport_introspection_c\n'}
[0.894325] (-) TimerEvent: {}
[0.909466] (detectabasura) StdoutLine: {'line': b'[ 54%] Built target detectabasura__rosidl_typesupport_cpp\n'}
[0.994515] (-) TimerEvent: {}
[1.032040] (detectabasura) StdoutLine: {'line': b'[ 67%] Built target video_publisher_usb\n'}
[1.035917] (detectabasura) StdoutLine: {'line': b'[ 67%] Built target detectabasura__rosidl_typesupport_fastrtps_cpp\n'}
[1.094737] (-) TimerEvent: {}
[1.106893] (detectabasura) StdoutLine: {'line': b'[ 67%] Built target detectabasura__rosidl_typesupport_introspection_cpp\n'}
[1.190722] (detectabasura) StdoutLine: {'line': b'[ 75%] Built target detectabasura__rosidl_typesupport_fastrtps_c\n'}
[1.194886] (-) TimerEvent: {}
[1.272800] (detectabasura) StdoutLine: {'line': b'[ 75%] Built target detectabasura\n'}
[1.295057] (-) TimerEvent: {}
[1.361643] (detectabasura) StdoutLine: {'line': b'[ 78%] Built target detectabasura__py\n'}
[1.395222] (-) TimerEvent: {}
[1.485985] (detectabasura) StdoutLine: {'line': b'[ 83%] Built target detectabasura__python\n'}
[1.495400] (-) TimerEvent: {}
[1.595797] (-) TimerEvent: {}
[1.683525] (detectabasura) StdoutLine: {'line': b'[ 89%] Built target detectabasura__rosidl_typesupport_introspection_c__pyext\n'}
[1.695986] (-) TimerEvent: {}
[1.757729] (detectabasura) StdoutLine: {'line': b'[100%] Built target detectabasura__rosidl_typesupport_c__pyext\n'}
[1.770686] (detectabasura) StdoutLine: {'line': b'[100%] Built target detectabasura__rosidl_typesupport_fastrtps_c__pyext\n'}
[1.797356] (-) TimerEvent: {}
[1.821423] (detectabasura) CommandEnded: {'returncode': 0}
[1.898167] (-) TimerEvent: {}
[1.998591] (-) TimerEvent: {}
[2.099000] (-) TimerEvent: {}
[2.104759] (detectabasura) JobProgress: {'identifier': 'detectabasura', 'progress': 'install'}
[2.156730] (detectabasura) Command: {'cmd': ['/usr/bin/cmake', '--install', '/home/jetson/guali_ws/build/detectabasura'], 'cwd': '/home/jetson/guali_ws/build/detectabasura', 'env': OrderedDict([('USER', 'jetson'), ('SSH_CLIENT', '192.168.1.168 32812 22'), ('LC_TIME', 'nl_NL.UTF-8'), ('XDG_SESSION_TYPE', 'tty'), ('SHLVL', '1'), ('LD_LIBRARY_PATH', '/home/jetson/guali_ws/install/detectabasura/lib:/opt/ros/foxy/opt/yaml_cpp_vendor/lib:/opt/ros/foxy/opt/rviz_ogre_vendor/lib:/opt/ros/foxy/lib/aarch64-linux-gnu:/opt/ros/foxy/lib'), ('MOTD_SHOWN', 'pam'), ('HOME', '/home/jetson'), ('OLDPWD', '/home/jetson'), ('ROS_PYTHON_VERSION', '3'), ('LC_MONETARY', 'nl_NL.UTF-8'), ('DBUS_SESSION_BUS_ADDRESS', 'unix:path=/run/user/1000/bus'), ('COLCON_PREFIX_PATH', '/home/jetson/guali_ws/install'), ('ROS_DISTRO', 'foxy'), ('LOGNAME', 'jetson'), ('_', '/usr/bin/colcon'), ('ROS_VERSION', '2'), ('XDG_SESSION_CLASS', 'user'), ('TERM', 'xterm'), ('XDG_SESSION_ID', '32'), ('ROS_LOCALHOST_ONLY', '0'), ('PATH', '/opt/ros/foxy/bin:/usr/local/sbin:/usr/local/bin:/usr/sbin:/usr/bin:/sbin:/bin:/usr/games:/usr/local/games:/snap/bin'), ('LC_ADDRESS', 'nl_NL.UTF-8'), ('XDG_RUNTIME_DIR', '/run/user/1000'), ('LANG', 'en_US.UTF-8'), ('LC_TELEPHONE', 'nl_NL.UTF-8'), ('AMENT_PREFIX_PATH', '/home/jetson/guali_ws/install/detectabasura:/opt/ros/foxy'), ('SHELL', '/bin/bash'), ('LC_NAME', 'nl_NL.UTF-8'), ('LC_MEASUREMENT', 'nl_NL.UTF-8'), ('LC_IDENTIFICATION', 'nl_NL.UTF-8'), ('PWD', '/home/jetson/guali_ws/build/detectabasura'), ('LC_ALL', 'en_US.UTF-8'), ('SSH_CONNECTION', '192.168.1.168 32812 192.168.1.208 22'), ('PYTHONPATH', '/home/jetson/guali_ws/install/detectabasura/lib/python3.8/site-packages:/opt/ros/foxy/lib/python3.8/site-packages'), ('LC_NUMERIC', 'nl_NL.UTF-8'), ('LC_PAPER', 'nl_NL.UTF-8'), ('COLCON', '1'), ('CMAKE_PREFIX_PATH', '/home/jetson/guali_ws/install/detectabasura:/opt/ros/foxy')]), 'shell': False}
[2.199251] (-) TimerEvent: {}
[2.226955] (detectabasura) StdoutLine: {'line': b'-- Install configuration: "Release"\n'}
[2.227645] (detectabasura) StdoutLine: {'line': b'-- Up-to-date: /home/jetson/guali_ws/install/detectabasura/share/ament_index/resource_index/rosidl_interfaces/detectabasura\n'}
[2.228643] (detectabasura) StdoutLine: {'line': b'-- Up-to-date: /home/jetson/guali_ws/install/detectabasura/include/detectabasura\n'}
[2.229155] (detectabasura) StdoutLine: {'line': b'-- Up-to-date: /home/jetson/guali_ws/install/detectabasura/include/detectabasura/msg\n'}
[2.229689] (detectabasura) StdoutLine: {'line': b'-- Up-to-date: /home/jetson/guali_ws/install/detectabasura/include/detectabasura/msg/detail\n'}
[2.230104] (detectabasura) StdoutLine: {'line': b'-- Up-to-date: /home/jetson/guali_ws/install/detectabasura/include/detectabasura/msg/detail/six_dof_arm_control__functions.c\n'}
[2.233010] (detectabasura) StdoutLine: {'line': b'-- Up-to-date: /home/jetson/guali_ws/install/detectabasura/include/detectabasura/msg/detail/six_dof_arm_control__struct.h\n'}
[2.233794] (detectabasura) StdoutLine: {'line': b'-- Up-to-date: /home/jetson/guali_ws/install/detectabasura/include/detectabasura/msg/detail/six_dof_arm_control__type_support.h\n'}
[2.234360] (detectabasura) StdoutLine: {'line': b'-- Up-to-date: /home/jetson/guali_ws/install/detectabasura/include/detectabasura/msg/detail/six_dof_arm_control__functions.h\n'}
[2.235339] (detectabasura) StdoutLine: {'line': b'-- Up-to-date: /home/jetson/guali_ws/install/detectabasura/include/detectabasura/msg/rosidl_generator_c__visibility_control.h\n'}
[2.236293] (detectabasura) StdoutLine: {'line': b'-- Up-to-date: /home/jetson/guali_ws/install/detectabasura/include/detectabasura/msg/six_dof_arm_control.h\n'}
[2.242160] (detectabasura) StdoutLine: {'line': b'-- Up-to-date: /home/jetson/guali_ws/install/detectabasura/share/detectabasura/environment/library_path.sh\n'}
[2.246622] (detectabasura) StdoutLine: {'line': b'-- Up-to-date: /home/jetson/guali_ws/install/detectabasura/share/detectabasura/environment/library_path.dsv\n'}
[2.250147] (detectabasura) StdoutLine: {'line': b'-- Up-to-date: /home/jetson/guali_ws/install/detectabasura/lib/libdetectabasura__rosidl_generator_c.so\n'}
[2.251160] (detectabasura) StdoutLine: {'line': b'-- Up-to-date: /home/jetson/guali_ws/install/detectabasura/include/detectabasura\n'}
[2.252754] (detectabasura) StdoutLine: {'line': b'-- Up-to-date: /home/jetson/guali_ws/install/detectabasura/include/detectabasura/msg\n'}
[2.253390] (detectabasura) StdoutLine: {'line': b'-- Up-to-date: /home/jetson/guali_ws/install/detectabasura/include/detectabasura/msg/detail\n'}
[2.253863] (detectabasura) StdoutLine: {'line': b'-- Up-to-date: /home/jetson/guali_ws/install/detectabasura/include/detectabasura/msg/detail/six_dof_arm_control__rosidl_typesupport_fastrtps_c.h\n'}
[2.254264] (detectabasura) StdoutLine: {'line': b'-- Up-to-date: /home/jetson/guali_ws/install/detectabasura/include/detectabasura/msg/rosidl_typesupport_fastrtps_c__visibility_control.h\n'}
[2.273279] (detectabasura) StdoutLine: {'line': b'-- Up-to-date: /home/jetson/guali_ws/install/detectabasura/lib/libdetectabasura__rosidl_typesupport_fastrtps_c.so\n'}
[2.274244] (detectabasura) StdoutLine: {'line': b'-- Up-to-date: /home/jetson/guali_ws/install/detectabasura/include/detectabasura\n'}
[2.274813] (detectabasura) StdoutLine: {'line': b'-- Up-to-date: /home/jetson/guali_ws/install/detectabasura/include/detectabasura/msg\n'}
[2.275337] (detectabasura) StdoutLine: {'line': b'-- Up-to-date: /home/jetson/guali_ws/install/detectabasura/include/detectabasura/msg/detail\n'}
[2.275796] (detectabasura) StdoutLine: {'line': b'-- Up-to-date: /home/jetson/guali_ws/install/detectabasura/include/detectabasura/msg/detail/six_dof_arm_control__rosidl_typesupport_fastrtps_cpp.hpp\n'}
[2.276251] (detectabasura) StdoutLine: {'line': b'-- Up-to-date: /home/jetson/guali_ws/install/detectabasura/include/detectabasura/msg/detail/dds_fastrtps\n'}
[2.276663] (detectabasura) StdoutLine: {'line': b'-- Up-to-date: /home/jetson/guali_ws/install/detectabasura/include/detectabasura/msg/rosidl_typesupport_fastrtps_cpp__visibility_control.h\n'}
[2.281704] (detectabasura) StdoutLine: {'line': b'-- Up-to-date: /home/jetson/guali_ws/install/detectabasura/lib/libdetectabasura__rosidl_typesupport_fastrtps_cpp.so\n'}
[2.282461] (detectabasura) StdoutLine: {'line': b'-- Up-to-date: /home/jetson/guali_ws/install/detectabasura/include/detectabasura\n'}
[2.283097] (detectabasura) StdoutLine: {'line': b'-- Up-to-date: /home/jetson/guali_ws/install/detectabasura/include/detectabasura/msg\n'}
[2.283550] (detectabasura) StdoutLine: {'line': b'-- Up-to-date: /home/jetson/guali_ws/install/detectabasura/include/detectabasura/msg/detail\n'}
[2.284133] (detectabasura) StdoutLine: {'line': b'-- Up-to-date: /home/jetson/guali_ws/install/detectabasura/include/detectabasura/msg/detail/six_dof_arm_control__type_support.c\n'}
[2.284857] (detectabasura) StdoutLine: {'line': b'-- Up-to-date: /home/jetson/guali_ws/install/detectabasura/include/detectabasura/msg/detail/six_dof_arm_control__rosidl_typesupport_introspection_c.h\n'}
[2.306615] (-) TimerEvent: {}
[2.306816] (detectabasura) StdoutLine: {'line': b'-- Up-to-date: /home/jetson/guali_ws/install/detectabasura/include/detectabasura/msg/rosidl_typesupport_introspection_c__visibility_control.h\n'}
[2.309199] (detectabasura) StdoutLine: {'line': b'-- Up-to-date: /home/jetson/guali_ws/install/detectabasura/lib/libdetectabasura__rosidl_typesupport_introspection_c.so\n'}
[2.309769] (detectabasura) StdoutLine: {'line': b'-- Up-to-date: /home/jetson/guali_ws/install/detectabasura/lib/libdetectabasura__rosidl_typesupport_c.so\n'}
[2.310221] (detectabasura) StdoutLine: {'line': b'-- Up-to-date: /home/jetson/guali_ws/install/detectabasura/include/detectabasura\n'}
[2.310661] (detectabasura) StdoutLine: {'line': b'-- Up-to-date: /home/jetson/guali_ws/install/detectabasura/include/detectabasura/msg\n'}
[2.311139] (detectabasura) StdoutLine: {'line': b'-- Up-to-date: /home/jetson/guali_ws/install/detectabasura/include/detectabasura/msg/detail\n'}
[2.311577] (detectabasura) StdoutLine: {'line': b'-- Up-to-date: /home/jetson/guali_ws/install/detectabasura/include/detectabasura/msg/detail/six_dof_arm_control__struct.hpp\n'}
[2.319431] (detectabasura) StdoutLine: {'line': b'-- Up-to-date: /home/jetson/guali_ws/install/detectabasura/include/detectabasura/msg/detail/six_dof_arm_control__type_support.hpp\n'}
[2.320091] (detectabasura) StdoutLine: {'line': b'-- Up-to-date: /home/jetson/guali_ws/install/detectabasura/include/detectabasura/msg/detail/six_dof_arm_control__traits.hpp\n'}
[2.320601] (detectabasura) StdoutLine: {'line': b'-- Up-to-date: /home/jetson/guali_ws/install/detectabasura/include/detectabasura/msg/detail/six_dof_arm_control__builder.hpp\n'}
[2.321071] (detectabasura) StdoutLine: {'line': b'-- Up-to-date: /home/jetson/guali_ws/install/detectabasura/include/detectabasura/msg/six_dof_arm_control.hpp\n'}
[2.321572] (detectabasura) StdoutLine: {'line': b'-- Up-to-date: /home/jetson/guali_ws/install/detectabasura/include/detectabasura/msg/rosidl_generator_cpp__visibility_control.hpp\n'}
[2.323317] (detectabasura) StdoutLine: {'line': b'-- Up-to-date: /home/jetson/guali_ws/install/detectabasura/include/detectabasura\n'}
[2.329401] (detectabasura) StdoutLine: {'line': b'-- Up-to-date: /home/jetson/guali_ws/install/detectabasura/include/detectabasura/msg\n'}
[2.329924] (detectabasura) StdoutLine: {'line': b'-- Up-to-date: /home/jetson/guali_ws/install/detectabasura/include/detectabasura/msg/detail\n'}
[2.331805] (detectabasura) StdoutLine: {'line': b'-- Up-to-date: /home/jetson/guali_ws/install/detectabasura/include/detectabasura/msg/detail/six_dof_arm_control__rosidl_typesupport_introspection_cpp.hpp\n'}
[2.333553] (detectabasura) StdoutLine: {'line': b'-- Up-to-date: /home/jetson/guali_ws/install/detectabasura/include/detectabasura/msg/detail/six_dof_arm_control__type_support.cpp\n'}
[2.334129] (detectabasura) StdoutLine: {'line': b'-- Up-to-date: /home/jetson/guali_ws/install/detectabasura/lib/libdetectabasura__rosidl_typesupport_introspection_cpp.so\n'}
[2.334631] (detectabasura) StdoutLine: {'line': b'-- Up-to-date: /home/jetson/guali_ws/install/detectabasura/lib/libdetectabasura__rosidl_typesupport_cpp.so\n'}
[2.335109] (detectabasura) StdoutLine: {'line': b'-- Up-to-date: /home/jetson/guali_ws/install/detectabasura/share/detectabasura/environment/pythonpath.sh\n'}
[2.335610] (detectabasura) StdoutLine: {'line': b'-- Up-to-date: /home/jetson/guali_ws/install/detectabasura/share/detectabasura/environment/pythonpath.dsv\n'}
[2.336173] (detectabasura) StdoutLine: {'line': b'-- Up-to-date: /home/jetson/guali_ws/install/detectabasura/lib/python3.8/site-packages/detectabasura/__init__.py\n'}
[2.406797] (-) TimerEvent: {}
[2.423406] (detectabasura) StdoutLine: {'line': b'-- Up-to-date: /home/jetson/guali_ws/install/detectabasura/lib/python3.8/site-packages/detectabasura/msg\n'}
[2.424412] (detectabasura) StdoutLine: {'line': b'-- Up-to-date: /home/jetson/guali_ws/install/detectabasura/lib/python3.8/site-packages/detectabasura/msg/_six_dof_arm_control_s.c\n'}
[2.425347] (detectabasura) StdoutLine: {'line': b'-- Up-to-date: /home/jetson/guali_ws/install/detectabasura/lib/python3.8/site-packages/detectabasura/msg/_six_dof_arm_control.py\n'}
[2.425791] (detectabasura) StdoutLine: {'line': b'-- Up-to-date: /home/jetson/guali_ws/install/detectabasura/lib/python3.8/site-packages/detectabasura/msg/__init__.py\n'}
[2.426175] (detectabasura) StdoutLine: {'line': b'-- Up-to-date: /home/jetson/guali_ws/install/detectabasura/lib/python3.8/site-packages/detectabasura/detectabasura_s__rosidl_typesupport_fastrtps_c.cpython-38-aarch64-linux-gnu.so\n'}
[2.427467] (detectabasura) StdoutLine: {'line': b'-- Up-to-date: /home/jetson/guali_ws/install/detectabasura/lib/python3.8/site-packages/detectabasura/detectabasura_s__rosidl_typesupport_introspection_c.cpython-38-aarch64-linux-gnu.so\n'}
[2.429715] (detectabasura) StdoutLine: {'line': b'-- Up-to-date: /home/jetson/guali_ws/install/detectabasura/lib/python3.8/site-packages/detectabasura/detectabasura_s__rosidl_typesupport_c.cpython-38-aarch64-linux-gnu.so\n'}
[2.431451] (detectabasura) StdoutLine: {'line': b'-- Up-to-date: /home/jetson/guali_ws/install/detectabasura/lib/libdetectabasura__python.so\n'}
[2.432849] (detectabasura) StdoutLine: {'line': b'-- Up-to-date: /home/jetson/guali_ws/install/detectabasura/share/detectabasura/msg/SixDOFArmControl.idl\n'}
[2.438511] (detectabasura) StdoutLine: {'line': b'-- Up-to-date: /home/jetson/guali_ws/install/detectabasura/share/detectabasura/msg/SixDOFArmControl.msg\n'}
[2.440343] (detectabasura) StdoutLine: {'line': b'-- Up-to-date: /home/jetson/guali_ws/install/detectabasura/lib/detectabasura/video_publisher_cli\n'}
[2.442205] (detectabasura) StdoutLine: {'line': b'-- Up-to-date: /home/jetson/guali_ws/install/detectabasura/lib/detectabasura/video_publisher_usb\n'}
[2.444193] (detectabasura) StdoutLine: {'line': b'-- Up-to-date: /home/jetson/guali_ws/install/detectabasura/lib/detectabasura/serialMCU\n'}
[2.449032] (detectabasura) StdoutLine: {'line': b'-- Up-to-date: /home/jetson/guali_ws/install/detectabasura/share/ament_index/resource_index/package_run_dependencies/detectabasura\n'}
[2.451594] (detectabasura) StdoutLine: {'line': b'-- Up-to-date: /home/jetson/guali_ws/install/detectabasura/share/ament_index/resource_index/parent_prefix_path/detectabasura\n'}
[2.453222] (detectabasura) StdoutLine: {'line': b'-- Up-to-date: /home/jetson/guali_ws/install/detectabasura/share/detectabasura/environment/ament_prefix_path.sh\n'}
[2.453677] (detectabasura) StdoutLine: {'line': b'-- Up-to-date: /home/jetson/guali_ws/install/detectabasura/share/detectabasura/environment/ament_prefix_path.dsv\n'}
[2.454078] (detectabasura) StdoutLine: {'line': b'-- Up-to-date: /home/jetson/guali_ws/install/detectabasura/share/detectabasura/environment/path.sh\n'}
[2.454454] (detectabasura) StdoutLine: {'line': b'-- Up-to-date: /home/jetson/guali_ws/install/detectabasura/share/detectabasura/environment/path.dsv\n'}
[2.454867] (detectabasura) StdoutLine: {'line': b'-- Up-to-date: /home/jetson/guali_ws/install/detectabasura/share/detectabasura/local_setup.bash\n'}
[2.464600] (detectabasura) StdoutLine: {'line': b'-- Up-to-date: /home/jetson/guali_ws/install/detectabasura/share/detectabasura/local_setup.sh\n'}
[2.465876] (detectabasura) StdoutLine: {'line': b'-- Up-to-date: /home/jetson/guali_ws/install/detectabasura/share/detectabasura/local_setup.zsh\n'}
[2.466307] (detectabasura) StdoutLine: {'line': b'-- Up-to-date: /home/jetson/guali_ws/install/detectabasura/share/detectabasura/local_setup.dsv\n'}
[2.466690] (detectabasura) StdoutLine: {'line': b'-- Up-to-date: /home/jetson/guali_ws/install/detectabasura/share/detectabasura/package.dsv\n'}
[2.467045] (detectabasura) StdoutLine: {'line': b'-- Up-to-date: /home/jetson/guali_ws/install/detectabasura/share/ament_index/resource_index/packages/detectabasura\n'}
[2.467400] (detectabasura) StdoutLine: {'line': b'-- Up-to-date: /home/jetson/guali_ws/install/detectabasura/share/detectabasura/cmake/detectabasura__rosidl_generator_cExport.cmake\n'}
[2.467756] (detectabasura) StdoutLine: {'line': b'-- Up-to-date: /home/jetson/guali_ws/install/detectabasura/share/detectabasura/cmake/detectabasura__rosidl_generator_cExport-release.cmake\n'}
[2.468189] (detectabasura) StdoutLine: {'line': b'-- Up-to-date: /home/jetson/guali_ws/install/detectabasura/share/detectabasura/cmake/detectabasura__rosidl_typesupport_introspection_cExport.cmake\n'}
[2.468622] (detectabasura) StdoutLine: {'line': b'-- Up-to-date: /home/jetson/guali_ws/install/detectabasura/share/detectabasura/cmake/detectabasura__rosidl_typesupport_introspection_cExport-release.cmake\n'}
[2.469035] (detectabasura) StdoutLine: {'line': b'-- Up-to-date: /home/jetson/guali_ws/install/detectabasura/share/detectabasura/cmake/detectabasura__rosidl_typesupport_cExport.cmake\n'}
[2.469425] (detectabasura) StdoutLine: {'line': b'-- Up-to-date: /home/jetson/guali_ws/install/detectabasura/share/detectabasura/cmake/detectabasura__rosidl_typesupport_cExport-release.cmake\n'}
[2.469796] (detectabasura) StdoutLine: {'line': b'-- Up-to-date: /home/jetson/guali_ws/install/detectabasura/share/detectabasura/cmake/detectabasura__rosidl_generator_cppExport.cmake\n'}
[2.470152] (detectabasura) StdoutLine: {'line': b'-- Up-to-date: /home/jetson/guali_ws/install/detectabasura/share/detectabasura/cmake/detectabasura__rosidl_typesupport_introspection_cppExport.cmake\n'}
[2.470567] (detectabasura) StdoutLine: {'line': b'-- Up-to-date: /home/jetson/guali_ws/install/detectabasura/share/detectabasura/cmake/detectabasura__rosidl_typesupport_introspection_cppExport-release.cmake\n'}
[2.471660] (detectabasura) StdoutLine: {'line': b'-- Up-to-date: /home/jetson/guali_ws/install/detectabasura/share/detectabasura/cmake/detectabasura__rosidl_typesupport_cppExport.cmake\n'}
[2.472194] (detectabasura) StdoutLine: {'line': b'-- Up-to-date: /home/jetson/guali_ws/install/detectabasura/share/detectabasura/cmake/detectabasura__rosidl_typesupport_cppExport-release.cmake\n'}
[2.472603] (detectabasura) StdoutLine: {'line': b'-- Up-to-date: /home/jetson/guali_ws/install/detectabasura/share/detectabasura/cmake/rosidl_cmake-extras.cmake\n'}
[2.473029] (detectabasura) StdoutLine: {'line': b'-- Up-to-date: /home/jetson/guali_ws/install/detectabasura/share/detectabasura/cmake/ament_cmake_export_dependencies-extras.cmake\n'}
[2.473440] (detectabasura) StdoutLine: {'line': b'-- Up-to-date: /home/jetson/guali_ws/install/detectabasura/share/detectabasura/cmake/ament_cmake_export_libraries-extras.cmake\n'}
[2.473848] (detectabasura) StdoutLine: {'line': b'-- Up-to-date: /home/jetson/guali_ws/install/detectabasura/share/detectabasura/cmake/ament_cmake_export_targets-extras.cmake\n'}
[2.474225] (detectabasura) StdoutLine: {'line': b'-- Up-to-date: /home/jetson/guali_ws/install/detectabasura/share/detectabasura/cmake/ament_cmake_export_include_directories-extras.cmake\n'}
[2.474608] (detectabasura) StdoutLine: {'line': b'-- Up-to-date: /home/jetson/guali_ws/install/detectabasura/share/detectabasura/cmake/rosidl_cmake_export_typesupport_libraries-extras.cmake\n'}
[2.475051] (detectabasura) StdoutLine: {'line': b'-- Up-to-date: /home/jetson/guali_ws/install/detectabasura/share/detectabasura/cmake/rosidl_cmake_export_typesupport_targets-extras.cmake\n'}
[2.475446] (detectabasura) StdoutLine: {'line': b'-- Up-to-date: /home/jetson/guali_ws/install/detectabasura/share/detectabasura/cmake/detectabasuraConfig.cmake\n'}
[2.475913] (detectabasura) StdoutLine: {'line': b'-- Up-to-date: /home/jetson/guali_ws/install/detectabasura/share/detectabasura/cmake/detectabasuraConfig-version.cmake\n'}
[2.476471] (detectabasura) StdoutLine: {'line': b'-- Up-to-date: /home/jetson/guali_ws/install/detectabasura/share/detectabasura/package.xml\n'}
[2.496163] (detectabasura) CommandEnded: {'returncode': 0}
[2.525534] (-) TimerEvent: {}
[2.633651] (-) TimerEvent: {}
[2.734071] (-) TimerEvent: {}
[2.835298] (-) TimerEvent: {}
[2.936107] (-) TimerEvent: {}
[3.039285] (-) TimerEvent: {}
[3.091989] (detectabasura) JobEnded: {'identifier': 'detectabasura', 'rc': 0}
[3.095670] (-) EventReactorShutdown: {}
