[0.894s] DEBUG:colcon:Command line arguments: ['/usr/bin/colcon', 'build']
[0.894s] DEBUG:colcon:Parsed command line arguments: Namespace(allow_overriding=[], ament_cmake_args=None, base_paths=['.'], build_base='build', catkin_cmake_args=None, catkin_skip_building_tests=False, cmake_args=None, cmake_clean_cache=False, cmake_clean_first=False, cmake_force_configure=False, cmake_target=None, cmake_target_skip_unavailable=False, continue_on_error=False, event_handlers=None, executor='parallel', ignore_user_meta=False, install_base='install', log_base=None, log_level=None, main=<bound method BuildVerb.main of <colcon_core.verb.build.BuildVerb object at 0x7f9079c310>>, merge_install=False, metas=['./colcon.meta'], packages_above=None, packages_above_and_dependencies=None, packages_above_depth=None, packages_end=None, packages_ignore=None, packages_ignore_regex=None, packages_select=None, packages_select_build_failed=False, packages_select_by_dep=None, packages_select_regex=None, packages_select_test_failures=False, packages_skip=None, packages_skip_build_finished=False, packages_skip_by_dep=None, packages_skip_regex=None, packages_skip_test_passed=False, packages_skip_up_to=None, packages_start=None, packages_up_to=None, packages_up_to_regex=None, parallel_workers=4, paths=None, symlink_install=False, test_result_base=None, verb_extension=<colcon_core.verb.build.BuildVerb object at 0x7f9079c310>, verb_name='build', verb_parser=<colcon_defaults.argument_parser.defaults.DefaultArgumentsDecorator object at 0x7f9070de50>)
[1.859s] Level 1:colcon.colcon_core.package_discovery:discover_packages(colcon_meta) check parameters
[1.860s] Level 1:colcon.colcon_core.package_discovery:discover_packages(recursive) check parameters
[1.860s] Level 1:colcon.colcon_core.package_discovery:discover_packages(ignore) check parameters
[1.860s] Level 1:colcon.colcon_core.package_discovery:discover_packages(path) check parameters
[1.860s] Level 1:colcon.colcon_core.package_discovery:discover_packages(colcon_meta) discover
[1.861s] Level 1:colcon.colcon_core.package_discovery:discover_packages(recursive) discover
[1.861s] INFO:colcon.colcon_core.package_discovery:Crawling recursively for packages in '/home/jetson/guali_ws'
[1.861s] Level 1:colcon.colcon_core.package_identification:_identify(.) by extensions ['ignore', 'ignore_ament_install']
[1.862s] Level 1:colcon.colcon_core.package_identification:_identify(.) by extension 'ignore'
[1.862s] Level 1:colcon.colcon_core.package_identification:_identify(.) by extension 'ignore_ament_install'
[1.862s] Level 1:colcon.colcon_core.package_identification:_identify(.) by extensions ['colcon_pkg']
[1.862s] Level 1:colcon.colcon_core.package_identification:_identify(.) by extension 'colcon_pkg'
[1.862s] Level 1:colcon.colcon_core.package_identification:_identify(.) by extensions ['colcon_meta']
[1.863s] Level 1:colcon.colcon_core.package_identification:_identify(.) by extension 'colcon_meta'
[1.863s] Level 1:colcon.colcon_core.package_identification:_identify(.) by extensions ['ros']
[1.863s] Level 1:colcon.colcon_core.package_identification:_identify(.) by extension 'ros'
[1.947s] Level 1:colcon.colcon_core.package_identification:_identify(.) by extensions ['cmake', 'python']
[1.948s] Level 1:colcon.colcon_core.package_identification:_identify(.) by extension 'cmake'
[1.948s] Level 1:colcon.colcon_core.package_identification:_identify(.) by extension 'python'
[1.948s] Level 1:colcon.colcon_core.package_identification:_identify(.) by extensions ['python_setup_py']
[1.948s] Level 1:colcon.colcon_core.package_identification:_identify(.) by extension 'python_setup_py'
[1.949s] Level 1:colcon.colcon_core.package_identification:_identify(build) by extensions ['ignore', 'ignore_ament_install']
[1.949s] Level 1:colcon.colcon_core.package_identification:_identify(build) by extension 'ignore'
[1.949s] Level 1:colcon.colcon_core.package_identification:_identify(build) ignored
[1.950s] Level 1:colcon.colcon_core.package_identification:_identify(calibrationdata) by extensions ['ignore', 'ignore_ament_install']
[1.951s] Level 1:colcon.colcon_core.package_identification:_identify(calibrationdata) by extension 'ignore'
[1.951s] Level 1:colcon.colcon_core.package_identification:_identify(calibrationdata) by extension 'ignore_ament_install'
[1.951s] Level 1:colcon.colcon_core.package_identification:_identify(calibrationdata) by extensions ['colcon_pkg']
[1.951s] Level 1:colcon.colcon_core.package_identification:_identify(calibrationdata) by extension 'colcon_pkg'
[1.951s] Level 1:colcon.colcon_core.package_identification:_identify(calibrationdata) by extensions ['colcon_meta']
[1.952s] Level 1:colcon.colcon_core.package_identification:_identify(calibrationdata) by extension 'colcon_meta'
[1.952s] Level 1:colcon.colcon_core.package_identification:_identify(calibrationdata) by extensions ['ros']
[1.952s] Level 1:colcon.colcon_core.package_identification:_identify(calibrationdata) by extension 'ros'
[1.952s] Level 1:colcon.colcon_core.package_identification:_identify(calibrationdata) by extensions ['cmake', 'python']
[1.952s] Level 1:colcon.colcon_core.package_identification:_identify(calibrationdata) by extension 'cmake'
[1.953s] Level 1:colcon.colcon_core.package_identification:_identify(calibrationdata) by extension 'python'
[1.953s] Level 1:colcon.colcon_core.package_identification:_identify(calibrationdata) by extensions ['python_setup_py']
[1.953s] Level 1:colcon.colcon_core.package_identification:_identify(calibrationdata) by extension 'python_setup_py'
[1.953s] Level 1:colcon.colcon_core.package_identification:_identify(detectabasura) by extensions ['ignore', 'ignore_ament_install']
[1.954s] Level 1:colcon.colcon_core.package_identification:_identify(detectabasura) by extension 'ignore'
[1.954s] Level 1:colcon.colcon_core.package_identification:_identify(detectabasura) by extension 'ignore_ament_install'
[1.954s] Level 1:colcon.colcon_core.package_identification:_identify(detectabasura) by extensions ['colcon_pkg']
[1.954s] Level 1:colcon.colcon_core.package_identification:_identify(detectabasura) by extension 'colcon_pkg'
[1.954s] Level 1:colcon.colcon_core.package_identification:_identify(detectabasura) by extensions ['colcon_meta']
[1.955s] Level 1:colcon.colcon_core.package_identification:_identify(detectabasura) by extension 'colcon_meta'
[1.955s] Level 1:colcon.colcon_core.package_identification:_identify(detectabasura) by extensions ['ros']
[1.955s] Level 1:colcon.colcon_core.package_identification:_identify(detectabasura) by extension 'ros'
[1.965s] DEBUG:colcon.colcon_core.package_identification:Package 'detectabasura' with type 'ros.ament_cmake' and name 'detectabasura'
[1.965s] Level 1:colcon.colcon_core.package_identification:_identify(install) by extensions ['ignore', 'ignore_ament_install']
[1.966s] Level 1:colcon.colcon_core.package_identification:_identify(install) by extension 'ignore'
[1.966s] Level 1:colcon.colcon_core.package_identification:_identify(install) ignored
[1.966s] Level 1:colcon.colcon_core.package_identification:_identify(log) by extensions ['ignore', 'ignore_ament_install']
[1.967s] Level 1:colcon.colcon_core.package_identification:_identify(log) by extension 'ignore'
[1.967s] Level 1:colcon.colcon_core.package_identification:_identify(log) ignored
[1.967s] Level 1:colcon.colcon_core.package_discovery:discover_packages(recursive) using defaults
[1.967s] Level 1:colcon.colcon_core.package_discovery:discover_packages(ignore) discover
[1.967s] Level 1:colcon.colcon_core.package_discovery:discover_packages(ignore) using defaults
[1.968s] Level 1:colcon.colcon_core.package_discovery:discover_packages(path) discover
[1.968s] Level 1:colcon.colcon_core.package_discovery:discover_packages(path) using defaults
[2.042s] Level 1:colcon.colcon_core.package_discovery:discover_packages(prefix_path) check parameters
[2.042s] Level 1:colcon.colcon_core.package_discovery:discover_packages(prefix_path) discover
[2.049s] DEBUG:colcon.colcon_installed_package_information.package_discovery:Found 1 installed packages in /home/jetson/guali_ws/install
[2.056s] DEBUG:colcon.colcon_installed_package_information.package_discovery:Found 259 installed packages in /opt/ros/foxy
[2.068s] Level 1:colcon.colcon_core.package_discovery:discover_packages(prefix_path) using defaults
[2.361s] Level 5:colcon.colcon_core.verb:set package 'detectabasura' build argument 'cmake_args' from command line to 'None'
[2.361s] Level 5:colcon.colcon_core.verb:set package 'detectabasura' build argument 'cmake_target' from command line to 'None'
[2.361s] Level 5:colcon.colcon_core.verb:set package 'detectabasura' build argument 'cmake_target_skip_unavailable' from command line to 'False'
[2.361s] Level 5:colcon.colcon_core.verb:set package 'detectabasura' build argument 'cmake_clean_cache' from command line to 'False'
[2.362s] Level 5:colcon.colcon_core.verb:set package 'detectabasura' build argument 'cmake_clean_first' from command line to 'False'
[2.362s] Level 5:colcon.colcon_core.verb:set package 'detectabasura' build argument 'cmake_force_configure' from command line to 'False'
[2.362s] Level 5:colcon.colcon_core.verb:set package 'detectabasura' build argument 'ament_cmake_args' from command line to 'None'
[2.362s] Level 5:colcon.colcon_core.verb:set package 'detectabasura' build argument 'catkin_cmake_args' from command line to 'None'
[2.362s] Level 5:colcon.colcon_core.verb:set package 'detectabasura' build argument 'catkin_skip_building_tests' from command line to 'False'
[2.362s] DEBUG:colcon.colcon_core.verb:Building package 'detectabasura' with the following arguments: {'ament_cmake_args': None, 'build_base': '/home/jetson/guali_ws/build/detectabasura', 'catkin_cmake_args': None, 'catkin_skip_building_tests': False, 'cmake_args': None, 'cmake_clean_cache': False, 'cmake_clean_first': False, 'cmake_force_configure': False, 'cmake_target': None, 'cmake_target_skip_unavailable': False, 'install_base': '/home/jetson/guali_ws/install/detectabasura', 'merge_install': False, 'path': '/home/jetson/guali_ws/detectabasura', 'symlink_install': False, 'test_result_base': None}
[2.363s] INFO:colcon.colcon_core.executor:Executing jobs using 'parallel' executor
[2.366s] DEBUG:colcon.colcon_parallel_executor.executor.parallel:run_until_complete
[2.367s] INFO:colcon.colcon_ros.task.ament_cmake.build:Building ROS package in '/home/jetson/guali_ws/detectabasura' with build type 'ament_cmake'
[2.368s] INFO:colcon.colcon_cmake.task.cmake.build:Building CMake package in '/home/jetson/guali_ws/detectabasura'
[2.376s] INFO:colcon.colcon_core.plugin_system:Skipping extension 'colcon_core.shell.bat': Not used on non-Windows systems
[2.377s] INFO:colcon.colcon_core.shell:Skip shell extension 'powershell' for command environment: Not usable outside of PowerShell
[2.377s] DEBUG:colcon.colcon_core.shell:Skip shell extension 'dsv' for command environment
[2.413s] DEBUG:colcon.colcon_core.event_handler.log_command:Invoking command in '/home/jetson/guali_ws/build/detectabasura': CMAKE_PREFIX_PATH=${CMAKE_PREFIX_PATH}:/opt/ros/foxy /usr/local/bin/cmake --build /home/jetson/guali_ws/build/detectabasura -- -j4 -l4
[3.341s] DEBUG:colcon.colcon_core.event_handler.log_command:Invoked command in '/home/jetson/guali_ws/build/detectabasura' returned '0': CMAKE_PREFIX_PATH=${CMAKE_PREFIX_PATH}:/opt/ros/foxy /usr/local/bin/cmake --build /home/jetson/guali_ws/build/detectabasura -- -j4 -l4
[3.523s] DEBUG:colcon.colcon_core.event_handler.log_command:Invoking command in '/home/jetson/guali_ws/build/detectabasura': CMAKE_PREFIX_PATH=${CMAKE_PREFIX_PATH}:/opt/ros/foxy /usr/local/bin/cmake --install /home/jetson/guali_ws/build/detectabasura
[3.704s] Level 1:colcon.colcon_core.environment:create_environment_scripts_only(detectabasura)
[3.710s] DEBUG:colcon.colcon_core.event_handler.log_command:Invoked command in '/home/jetson/guali_ws/build/detectabasura' returned '0': CMAKE_PREFIX_PATH=${CMAKE_PREFIX_PATH}:/opt/ros/foxy /usr/local/bin/cmake --install /home/jetson/guali_ws/build/detectabasura
[3.718s] Level 1:colcon.colcon_core.environment:checking '/home/jetson/guali_ws/install/detectabasura' for CMake module files
[3.721s] Level 1:colcon.colcon_core.environment:checking '/home/jetson/guali_ws/install/detectabasura' for CMake config files
[3.723s] Level 1:colcon.colcon_core.shell:create_environment_hook('detectabasura', 'cmake_prefix_path')
[3.724s] INFO:colcon.colcon_core.shell:Creating environment hook '/home/jetson/guali_ws/install/detectabasura/share/detectabasura/hook/cmake_prefix_path.ps1'
[3.727s] INFO:colcon.colcon_core.shell:Creating environment descriptor '/home/jetson/guali_ws/install/detectabasura/share/detectabasura/hook/cmake_prefix_path.dsv'
[3.729s] INFO:colcon.colcon_core.shell:Creating environment hook '/home/jetson/guali_ws/install/detectabasura/share/detectabasura/hook/cmake_prefix_path.sh'
[3.732s] Level 1:colcon.colcon_core.environment:checking '/home/jetson/guali_ws/install/detectabasura/lib'
[3.733s] Level 1:colcon.colcon_core.shell:create_environment_hook('detectabasura', 'ld_library_path_lib')
[3.734s] INFO:colcon.colcon_core.shell:Creating environment hook '/home/jetson/guali_ws/install/detectabasura/share/detectabasura/hook/ld_library_path_lib.ps1'
[3.736s] INFO:colcon.colcon_core.shell:Creating environment descriptor '/home/jetson/guali_ws/install/detectabasura/share/detectabasura/hook/ld_library_path_lib.dsv'
[3.737s] INFO:colcon.colcon_core.shell:Creating environment hook '/home/jetson/guali_ws/install/detectabasura/share/detectabasura/hook/ld_library_path_lib.sh'
[3.738s] Level 1:colcon.colcon_core.environment:checking '/home/jetson/guali_ws/install/detectabasura/bin'
[3.738s] Level 1:colcon.colcon_core.environment:checking '/home/jetson/guali_ws/install/detectabasura/lib/pkgconfig/detectabasura.pc'
[3.739s] Level 1:colcon.colcon_core.environment:checking '/home/jetson/guali_ws/install/detectabasura/lib/python3.8/site-packages'
[3.739s] Level 1:colcon.colcon_core.shell:create_environment_hook('detectabasura', 'pythonpath')
[3.741s] INFO:colcon.colcon_core.shell:Creating environment hook '/home/jetson/guali_ws/install/detectabasura/share/detectabasura/hook/pythonpath.ps1'
[3.742s] INFO:colcon.colcon_core.shell:Creating environment descriptor '/home/jetson/guali_ws/install/detectabasura/share/detectabasura/hook/pythonpath.dsv'
[3.743s] INFO:colcon.colcon_core.shell:Creating environment hook '/home/jetson/guali_ws/install/detectabasura/share/detectabasura/hook/pythonpath.sh'
[3.745s] Level 1:colcon.colcon_core.environment:checking '/home/jetson/guali_ws/install/detectabasura/bin'
[3.746s] INFO:colcon.colcon_core.shell:Creating package script '/home/jetson/guali_ws/install/detectabasura/share/detectabasura/package.ps1'
[3.750s] INFO:colcon.colcon_core.shell:Creating package descriptor '/home/jetson/guali_ws/install/detectabasura/share/detectabasura/package.dsv'
[3.752s] INFO:colcon.colcon_core.shell:Creating package script '/home/jetson/guali_ws/install/detectabasura/share/detectabasura/package.sh'
[3.755s] INFO:colcon.colcon_core.shell:Creating package script '/home/jetson/guali_ws/install/detectabasura/share/detectabasura/package.bash'
[3.758s] INFO:colcon.colcon_core.shell:Creating package script '/home/jetson/guali_ws/install/detectabasura/share/detectabasura/package.zsh'
[3.761s] Level 1:colcon.colcon_core.environment:create_file_with_runtime_dependencies(/home/jetson/guali_ws/install/detectabasura/share/colcon-core/packages/detectabasura)
[3.916s] Level 1:colcon.colcon_core.environment:create_environment_scripts_only(detectabasura)
[3.918s] Level 1:colcon.colcon_core.environment:checking '/home/jetson/guali_ws/install/detectabasura' for CMake module files
[3.921s] Level 1:colcon.colcon_core.environment:checking '/home/jetson/guali_ws/install/detectabasura' for CMake config files
[3.923s] Level 1:colcon.colcon_core.shell:create_environment_hook('detectabasura', 'cmake_prefix_path')
[3.924s] INFO:colcon.colcon_core.shell:Creating environment hook '/home/jetson/guali_ws/install/detectabasura/share/detectabasura/hook/cmake_prefix_path.ps1'
[3.926s] INFO:colcon.colcon_core.shell:Creating environment descriptor '/home/jetson/guali_ws/install/detectabasura/share/detectabasura/hook/cmake_prefix_path.dsv'
[3.927s] INFO:colcon.colcon_core.shell:Creating environment hook '/home/jetson/guali_ws/install/detectabasura/share/detectabasura/hook/cmake_prefix_path.sh'
[3.929s] Level 1:colcon.colcon_core.environment:checking '/home/jetson/guali_ws/install/detectabasura/lib'
[3.930s] Level 1:colcon.colcon_core.shell:create_environment_hook('detectabasura', 'ld_library_path_lib')
[3.931s] INFO:colcon.colcon_core.shell:Creating environment hook '/home/jetson/guali_ws/install/detectabasura/share/detectabasura/hook/ld_library_path_lib.ps1'
[3.932s] INFO:colcon.colcon_core.shell:Creating environment descriptor '/home/jetson/guali_ws/install/detectabasura/share/detectabasura/hook/ld_library_path_lib.dsv'
[3.933s] INFO:colcon.colcon_core.shell:Creating environment hook '/home/jetson/guali_ws/install/detectabasura/share/detectabasura/hook/ld_library_path_lib.sh'
[3.935s] Level 1:colcon.colcon_core.environment:checking '/home/jetson/guali_ws/install/detectabasura/bin'
[3.935s] Level 1:colcon.colcon_core.environment:checking '/home/jetson/guali_ws/install/detectabasura/lib/pkgconfig/detectabasura.pc'
[3.936s] Level 1:colcon.colcon_core.environment:checking '/home/jetson/guali_ws/install/detectabasura/lib/python3.8/site-packages'
[3.936s] Level 1:colcon.colcon_core.shell:create_environment_hook('detectabasura', 'pythonpath')
[3.937s] INFO:colcon.colcon_core.shell:Creating environment hook '/home/jetson/guali_ws/install/detectabasura/share/detectabasura/hook/pythonpath.ps1'
[3.938s] INFO:colcon.colcon_core.shell:Creating environment descriptor '/home/jetson/guali_ws/install/detectabasura/share/detectabasura/hook/pythonpath.dsv'
[3.940s] INFO:colcon.colcon_core.shell:Creating environment hook '/home/jetson/guali_ws/install/detectabasura/share/detectabasura/hook/pythonpath.sh'
[3.941s] Level 1:colcon.colcon_core.environment:checking '/home/jetson/guali_ws/install/detectabasura/bin'
[3.943s] INFO:colcon.colcon_core.shell:Creating package script '/home/jetson/guali_ws/install/detectabasura/share/detectabasura/package.ps1'
[3.945s] INFO:colcon.colcon_core.shell:Creating package descriptor '/home/jetson/guali_ws/install/detectabasura/share/detectabasura/package.dsv'
[3.948s] INFO:colcon.colcon_core.shell:Creating package script '/home/jetson/guali_ws/install/detectabasura/share/detectabasura/package.sh'
[3.950s] INFO:colcon.colcon_core.shell:Creating package script '/home/jetson/guali_ws/install/detectabasura/share/detectabasura/package.bash'
[3.952s] INFO:colcon.colcon_core.shell:Creating package script '/home/jetson/guali_ws/install/detectabasura/share/detectabasura/package.zsh'
[3.953s] Level 1:colcon.colcon_core.environment:create_file_with_runtime_dependencies(/home/jetson/guali_ws/install/detectabasura/share/colcon-core/packages/detectabasura)
[3.954s] DEBUG:colcon.colcon_parallel_executor.executor.parallel:closing loop
[3.955s] DEBUG:colcon.colcon_parallel_executor.executor.parallel:loop closed
[3.955s] DEBUG:colcon.colcon_parallel_executor.executor.parallel:run_until_complete finished with '0'
[3.956s] DEBUG:colcon.colcon_core.event_reactor:joining thread
[3.977s] INFO:colcon.colcon_core.plugin_system:Skipping extension 'colcon_notification.desktop_notification.terminal_notifier': Not used on non-Darwin systems
[3.977s] INFO:colcon.colcon_core.plugin_system:Skipping extension 'colcon_notification.desktop_notification.win32': Not used on non-Windows systems
[3.978s] INFO:colcon.colcon_notification.desktop_notification:Sending desktop notification using 'notify2'
[4.018s] DEBUG:colcon.colcon_core.event_reactor:joined thread
[4.019s] INFO:colcon.colcon_core.shell:Creating prefix script '/home/jetson/guali_ws/install/local_setup.ps1'
[4.024s] INFO:colcon.colcon_core.shell:Creating prefix util module '/home/jetson/guali_ws/install/_local_setup_util_ps1.py'
[4.029s] INFO:colcon.colcon_core.shell:Creating prefix chain script '/home/jetson/guali_ws/install/setup.ps1'
[4.033s] INFO:colcon.colcon_core.shell:Creating prefix script '/home/jetson/guali_ws/install/local_setup.sh'
[4.035s] INFO:colcon.colcon_core.shell:Creating prefix util module '/home/jetson/guali_ws/install/_local_setup_util_sh.py'
[4.037s] INFO:colcon.colcon_core.shell:Creating prefix chain script '/home/jetson/guali_ws/install/setup.sh'
[4.042s] INFO:colcon.colcon_core.shell:Creating prefix script '/home/jetson/guali_ws/install/local_setup.bash'
[4.045s] INFO:colcon.colcon_core.shell:Creating prefix chain script '/home/jetson/guali_ws/install/setup.bash'
[4.049s] INFO:colcon.colcon_core.shell:Creating prefix script '/home/jetson/guali_ws/install/local_setup.zsh'
[4.050s] INFO:colcon.colcon_core.shell:Creating prefix chain script '/home/jetson/guali_ws/install/setup.zsh'
